<?xml version="1.0" encoding="UTF-8"?>
<testsuite name="CodeSharingPlatformTest" tests="1" skipped="0" failures="0" errors="0" timestamp="2023-03-02T22:31:59" hostname="ZYLED-DESK" time="37.827">
  <properties/>
  <testcase name="start" classname="CodeSharingPlatformTest" time="37.827"/>
  <system-out><![CDATA[?[1;31m
Start test 1?[0m
?[0;34m
?[0m?[0;34m  .   ____          _            __ _ _
?[0m?[0;34m /\\ / ___'_ __ _ _(_)_ __  __ _ \ \ \ \
?[0m?[0;34m( ( )\___ | '_ | '_| | '_ \/ _` | \ \ \ \
?[0m?[0;34m \\/  ___)| |_)| | | | | || (_| |  ) ) ) )
?[0m?[0;34m  '  |____| .__|_| |_|_| |_\__, | / / / /
?[0m?[0;34m =========|_|==============|___/=/_/_/_/
?[0m?[0;34m :: Spring Boot ::                (v2.5.6)
?[0m?[0;34m
?[0m?[0;34m2023-03-03 00:32:00.114  INFO 11836 --- [    Test worker] platform.CodeSharingPlatform             : Starting CodeSharingPlatform using Java 17.0.5 on Zyled-Desk with PID 11836 (started by Admin in C:\Users\Admin\Documents\GitHub\CSP\Office\Code Sharing Platform\task)
?[0m?[0;34m2023-03-03 00:32:00.117  INFO 11836 --- [    Test worker] platform.CodeSharingPlatform             : No active profile set, falling back to default profiles: default
?[0m?[0;34m2023-03-03 00:32:00.118 DEBUG 11836 --- [    Test worker] o.s.boot.SpringApplication               : Loading source class platform.CodeSharingPlatform
?[0m?[0;34m2023-03-03 00:32:00.172 DEBUG 11836 --- [    Test worker] ConfigServletWebServerApplicationContext : Refreshing org.springframework.boot.web.servlet.context.AnnotationConfigServletWebServerApplicationContext@26f3d90c
?[0m?[0;34m2023-03-03 00:32:01.303  INFO 11836 --- [    Test worker] .s.d.r.c.RepositoryConfigurationDelegate : Bootstrapping Spring Data JPA repositories in DEFAULT mode.
?[0m?[0;34m2023-03-03 00:32:01.325 DEBUG 11836 --- [    Test worker] o.s.b.a.AutoConfigurationPackages        : @EnableAutoConfiguration was declared on a class in the package 'platform'. Automatic @Repository and @Entity scanning is enabled.
?[0m?[0;34m2023-03-03 00:32:01.375  INFO 11836 --- [    Test worker] .s.d.r.c.RepositoryConfigurationDelegate : Finished Spring Data repository scanning in 55 ms. Found 1 JPA repository interfaces.
?[0m?[0;34m2023-03-03 00:32:02.172 DEBUG 11836 --- [    Test worker] .s.b.w.e.t.TomcatServletWebServerFactory : Code archive: C:\Users\Admin\.gradle\caches\modules-2\files-2.1\org.springframework.boot\spring-boot\2.5.6\d8c6b97fd3182fb6d7d06ebf710cd9ccabc83b89\spring-boot-2.5.6.jar
?[0m?[0;34m2023-03-03 00:32:02.173 DEBUG 11836 --- [    Test worker] .s.b.w.e.t.TomcatServletWebServerFactory : Code archive: C:\Users\Admin\.gradle\caches\modules-2\files-2.1\org.springframework.boot\spring-boot\2.5.6\d8c6b97fd3182fb6d7d06ebf710cd9ccabc83b89\spring-boot-2.5.6.jar
?[0m?[0;34m2023-03-03 00:32:02.174 DEBUG 11836 --- [    Test worker] .s.b.w.e.t.TomcatServletWebServerFactory : None of the document roots [src/main/webapp, public, static] point to a directory and will be ignored.
?[0m?[0;34m2023-03-03 00:32:02.216  INFO 11836 --- [    Test worker] o.s.b.w.embedded.tomcat.TomcatWebServer  : Tomcat initialized with port(s): 8889 (http)
?[0m?[0;34m2023-03-03 00:32:02.235  INFO 11836 --- [    Test worker] o.apache.catalina.core.StandardService   : Starting service [Tomcat]
?[0m?[0;34m2023-03-03 00:32:02.235  INFO 11836 --- [    Test worker] org.apache.catalina.core.StandardEngine  : Starting Servlet engine: [Apache Tomcat/9.0.54]
?[0m?[0;34m2023-03-03 00:32:02.440  INFO 11836 --- [    Test worker] o.a.c.c.C.[Tomcat].[localhost].[/]       : Initializing Spring embedded WebApplicationContext
?[0m?[0;34m2023-03-03 00:32:02.440 DEBUG 11836 --- [    Test worker] w.s.c.ServletWebServerApplicationContext : Published root WebApplicationContext as ServletContext attribute with name [org.springframework.web.context.WebApplicationContext.ROOT]
?[0m?[0;34m2023-03-03 00:32:02.440  INFO 11836 --- [    Test worker] w.s.c.ServletWebServerApplicationContext : Root WebApplicationContext: initialization completed in 2268 ms
?[0m?[0;34m2023-03-03 00:32:02.615  INFO 11836 --- [    Test worker] com.zaxxer.hikari.HikariDataSource       : HikariPool-1 - Starting...
?[0m?[0;34m2023-03-03 00:32:02.919  INFO 11836 --- [    Test worker] com.zaxxer.hikari.HikariDataSource       : HikariPool-1 - Start completed.
?[0m?[0;34m2023-03-03 00:32:02.935  INFO 11836 --- [    Test worker] o.s.b.a.h2.H2ConsoleAutoConfiguration    : H2 console available at '/h2-console'. Database available at 'jdbc:h2:file:../snippets'
?[0m?[0;34m2023-03-03 00:32:03.010 DEBUG 11836 --- [    Test worker] o.s.b.w.s.ServletContextInitializerBeans : Mapping filters: filterRegistrationBean urls=[/*] order=-2147483647, characterEncodingFilter urls=[/*] order=-2147483648, formContentFilter urls=[/*] order=-9900, requestContextFilter urls=[/*] order=-105
?[0m?[0;34m2023-03-03 00:32:03.010 DEBUG 11836 --- [    Test worker] o.s.b.w.s.ServletContextInitializerBeans : Mapping servlets: dispatcherServlet urls=[/], webServlet urls=[/h2-console/*]
?[0m?[0;34m2023-03-03 00:32:03.049 DEBUG 11836 --- [    Test worker] o.s.b.a.m.w.servlet.WebMvcMetricsFilter  : Filter 'webMvcMetricsFilter' configured for use
?[0m?[0;34m2023-03-03 00:32:03.050 DEBUG 11836 --- [    Test worker] o.s.b.w.s.f.OrderedRequestContextFilter  : Filter 'requestContextFilter' configured for use
?[0m?[0;34m2023-03-03 00:32:03.050 DEBUG 11836 --- [    Test worker] s.b.w.s.f.OrderedCharacterEncodingFilter : Filter 'characterEncodingFilter' configured for use
?[0m?[0;34m2023-03-03 00:32:03.051 DEBUG 11836 --- [    Test worker] o.s.b.w.s.f.OrderedFormContentFilter     : Filter 'formContentFilter' configured for use
?[0m?[0;34m2023-03-03 00:32:03.231  INFO 11836 --- [    Test worker] o.hibernate.jpa.internal.util.LogHelper  : HHH000204: Processing PersistenceUnitInfo [name: default]
?[0m?[0;34m2023-03-03 00:32:03.349  INFO 11836 --- [    Test worker] org.hibernate.Version                    : HHH000412: Hibernate ORM core version 5.4.32.Final
?[0m?[0;34m2023-03-03 00:32:03.604  INFO 11836 --- [    Test worker] o.hibernate.annotations.common.Version   : HCANN000001: Hibernate Commons Annotations {5.1.2.Final}
?[0m?[0;34m2023-03-03 00:32:03.792  INFO 11836 --- [    Test worker] org.hibernate.dialect.Dialect            : HHH000400: Using dialect: org.hibernate.dialect.H2Dialect
?[0m?[0;34m2023-03-03 00:32:04.593 DEBUG 11836 --- [    Test worker] org.hibernate.SQL                        : create table codes (id_code integer generated by default as identity, code varchar(255), codeuuid varchar(255), formated_date_time varchar(255), date timestamp not null, remaining_time bigint, remaining_views integer, restriction_by_date_is_accessible boolean, restriction_by_views_is_accessible boolean, primary key (id_code))
?[0m?[0;34m2023-03-03 00:32:04.607  INFO 11836 --- [    Test worker] o.h.e.t.j.p.i.JtaPlatformInitiator       : HHH000490: Using JtaPlatform implementation: [org.hibernate.engine.transaction.jta.platform.internal.NoJtaPlatform]
?[0m?[0;34m2023-03-03 00:32:04.627  INFO 11836 --- [    Test worker] j.LocalContainerEntityManagerFactoryBean : Initialized JPA EntityManagerFactory for persistence unit 'default'
?[0m?[0;34m2023-03-03 00:32:05.116  WARN 11836 --- [    Test worker] JpaBaseConfiguration$JpaWebConfiguration : spring.jpa.open-in-view is enabled by default. Therefore, database queries may be performed during view rendering. Explicitly configure spring.jpa.open-in-view to disable this warning
?[0m?[0;34m2023-03-03 00:32:05.274 DEBUG 11836 --- [    Test worker] s.w.s.m.m.a.RequestMappingHandlerAdapter : ControllerAdvice beans: 0 @ModelAttribute, 0 @InitBinder, 1 RequestBodyAdvice, 1 ResponseBodyAdvice
?[0m?[0;34m2023-03-03 00:32:05.372 DEBUG 11836 --- [    Test worker] s.w.s.m.m.a.RequestMappingHandlerMapping : 8 mappings in 'requestMappingHandlerMapping'
?[0m?[0;34m2023-03-03 00:32:05.419 DEBUG 11836 --- [    Test worker] o.s.w.s.handler.SimpleUrlHandlerMapping  : Patterns [/webjars/**, /**] in 'resourceHandlerMapping'
?[0m?[0;34m2023-03-03 00:32:05.432 DEBUG 11836 --- [    Test worker] .m.m.a.ExceptionHandlerExceptionResolver : ControllerAdvice beans: 0 @ExceptionHandler, 1 ResponseBodyAdvice
?[0m?[0;34m2023-03-03 00:32:05.855 DEBUG 11836 --- [    Test worker] o.s.w.s.v.f.FreeMarkerConfigurer         : File system access not preferred: using SpringTemplateLoader
?[0m?[0;34m2023-03-03 00:32:05.907  INFO 11836 --- [    Test worker] o.s.b.a.e.web.EndpointLinksResolver      : Exposing 14 endpoint(s) beneath base path '/actuator'
?[0m?[0;34m2023-03-03 00:32:05.951  INFO 11836 --- [    Test worker] o.s.b.w.embedded.tomcat.TomcatWebServer  : Tomcat started on port(s): 8889 (http) with context path ''
?[0m?[0;34m2023-03-03 00:32:05.974 DEBUG 11836 --- [    Test worker] ConditionEvaluationReportLoggingListener : 
?[0m?[0;34m
?[0m?[0;34m
?[0m?[0;34m============================
?[0m?[0;34mCONDITIONS EVALUATION REPORT
?[0m?[0;34m============================
?[0m?[0;34m
?[0m?[0;34m
?[0m?[0;34mPositive matches:
?[0m?[0;34m-----------------
?[0m?[0;34m
?[0m?[0;34m   AopAutoConfiguration matched:
?[0m?[0;34m      - @ConditionalOnProperty (spring.aop.auto=true) matched (OnPropertyCondition)
?[0m?[0;34m
?[0m?[0;34m   AopAutoConfiguration.AspectJAutoProxyingConfiguration matched:
?[0m?[0;34m      - @ConditionalOnClass found required class 'org.aspectj.weaver.Advice' (OnClassCondition)
?[0m?[0;34m
?[0m?[0;34m   AopAutoConfiguration.AspectJAutoProxyingConfiguration.CglibAutoProxyConfiguration matched:
?[0m?[0;34m      - @ConditionalOnProperty (spring.aop.proxy-target-class=true) matched (OnPropertyCondition)
?[0m?[0;34m
?[0m?[0;34m   AuditEventsEndpointAutoConfiguration matched:
?[0m?[0;34m      - @ConditionalOnAvailableEndpoint no property management.endpoint.auditevents.enabled found so using endpoint default; @ConditionalOnAvailableEndpoint marked as exposed by a 'management.endpoints.web.exposure' property (OnAvailableEndpointCondition)
?[0m?[0;34m
?[0m?[0;34m   BeansEndpointAutoConfiguration matched:
?[0m?[0;34m      - @ConditionalOnAvailableEndpoint no property management.endpoint.beans.enabled found so using endpoint default; @ConditionalOnAvailableEndpoint marked as exposed by a 'management.endpoints.web.exposure' property (OnAvailableEndpointCondition)
?[0m?[0;34m
?[0m?[0;34m   BeansEndpointAutoConfiguration#beansEndpoint matched:
?[0m?[0;34m      - @ConditionalOnMissingBean (types: org.springframework.boot.actuate.beans.BeansEndpoint; SearchStrategy: all) did not find any beans (OnBeanCondition)
?[0m?[0;34m
?[0m?[0;34m   CacheMeterBinderProvidersConfiguration matched:
?[0m?[0;34m      - @ConditionalOnClass found required class 'io.micrometer.core.instrument.binder.MeterBinder' (OnClassCondition)
?[0m?[0;34m
?[0m?[0;34m   CachesEndpointAutoConfiguration matched:
?[0m?[0;34m      - @ConditionalOnClass found required class 'org.springframework.cache.CacheManager' (OnClassCondition)
?[0m?[0;34m      - @ConditionalOnAvailableEndpoint no property management.endpoint.caches.enabled found so using endpoint default; @ConditionalOnAvailableEndpoint marked as exposed by a 'management.endpoints.web.exposure' property (OnAvailableEndpointCondition)
?[0m?[0;34m
?[0m?[0;34m   CachesEndpointAutoConfiguration#cachesEndpoint matched:
?[0m?[0;34m      - @ConditionalOnMissingBean (types: org.springframework.boot.actuate.cache.CachesEndpoint; SearchStrategy: all) did not find any beans (OnBeanCondition)
?[0m?[0;34m
?[0m?[0;34m   CachesEndpointAutoConfiguration#cachesEndpointWebExtension matched:
?[0m?[0;34m      - @ConditionalOnBean (types: org.springframework.boot.actuate.cache.CachesEndpoint; SearchStrategy: all) found bean 'cachesEndpoint'; @ConditionalOnMissingBean (types: org.springframework.boot.actuate.cache.CachesEndpointWebExtension; SearchStrategy: all) did not find any beans (OnBeanCondition)
?[0m?[0;34m
?[0m?[0;34m   CompositeMeterRegistryAutoConfiguration matched:
?[0m?[0;34m      - @ConditionalOnClass found required class 'io.micrometer.core.instrument.composite.CompositeMeterRegistry' (OnClassCondition)
?[0m?[0;34m
?[0m?[0;34m   ConditionsReportEndpointAutoConfiguration matched:
?[0m?[0;34m      - @ConditionalOnAvailableEndpoint no property management.endpoint.conditions.enabled found so using endpoint default; @ConditionalOnAvailableEndpoint marked as exposed by a 'management.endpoints.web.exposure' property (OnAvailableEndpointCondition)
?[0m?[0;34m
?[0m?[0;34m   ConditionsReportEndpointAutoConfiguration#conditionsReportEndpoint matched:
?[0m?[0;34m      - @ConditionalOnMissingBean (types: org.springframework.boot.actuate.autoconfigure.condition.ConditionsReportEndpoint; SearchStrategy: current) did not find any beans (OnBeanCondition)
?[0m?[0;34m
?[0m?[0;34m   ConfigurationPropertiesReportEndpointAutoConfiguration matched:
?[0m?[0;34m      - @ConditionalOnAvailableEndpoint no property management.endpoint.configprops.enabled found so using endpoint default; @ConditionalOnAvailableEndpoint marked as exposed by a 'management.endpoints.web.exposure' property (OnAvailableEndpointCondition)
?[0m?[0;34m
?[0m?[0;34m   ConfigurationPropertiesReportEndpointAutoConfiguration#configurationPropertiesReportEndpoint matched:
?[0m?[0;34m      - @ConditionalOnMissingBean (types: org.springframework.boot.actuate.context.properties.ConfigurationPropertiesReportEndpoint; SearchStrategy: all) did not find any beans (OnBeanCondition)
?[0m?[0;34m
?[0m?[0;34m   ConfigurationPropertiesReportEndpointAutoConfiguration#configurationPropertiesReportEndpointWebExtension matched:
?[0m?[0;34m      - @ConditionalOnBean (types: org.springframework.boot.actuate.context.properties.ConfigurationPropertiesReportEndpoint; SearchStrategy: all) found bean 'configurationPropertiesReportEndpoint'; @ConditionalOnMissingBean (types: org.springframework.boot.actuate.context.properties.ConfigurationPropertiesReportEndpointWebExtension; SearchStrategy: all) did not find any beans (OnBeanCondition)
?[0m?[0;34m
?[0m?[0;34m   DataSourceAutoConfiguration matched:
?[0m?[0;34m      - @ConditionalOnClass found required classes 'javax.sql.DataSource', 'org.springframework.jdbc.datasource.embedded.EmbeddedDatabaseType' (OnClassCondition)
?[0m?[0;34m      - @ConditionalOnMissingBean (types: io.r2dbc.spi.ConnectionFactory; SearchStrategy: all) did not find any beans (OnBeanCondition)
?[0m?[0;34m
?[0m?[0;34m   DataSourceAutoConfiguration.PooledDataSourceConfiguration matched:
?[0m?[0;34m      - AnyNestedCondition 1 matched 1 did not; NestedCondition on DataSourceAutoConfiguration.PooledDataSourceCondition.PooledDataSourceAvailable PooledDataSource found supported DataSource; NestedCondition on DataSourceAutoConfiguration.PooledDataSourceCondition.ExplicitType @ConditionalOnProperty (spring.datasource.type) did not find property 'type' (DataSourceAutoConfiguration.PooledDataSourceCondition)
?[0m?[0;34m      - @ConditionalOnMissingBean (types: javax.sql.DataSource,javax.sql.XADataSource; SearchStrategy: all) did not find any beans (OnBeanCondition)
?[0m?[0;34m
?[0m?[0;34m   DataSourceConfiguration.Hikari matched:
?[0m?[0;34m      - @ConditionalOnClass found required class 'com.zaxxer.hikari.HikariDataSource' (OnClassCondition)
?[0m?[0;34m      - @ConditionalOnProperty (spring.datasource.type=com.zaxxer.hikari.HikariDataSource) matched (OnPropertyCondition)
?[0m?[0;34m      - @ConditionalOnMissingBean (types: javax.sql.DataSource; SearchStrategy: all) did not find any beans (OnBeanCondition)
?[0m?[0;34m
?[0m?[0;34m   DataSourceHealthContributorAutoConfiguration matched:
?[0m?[0;34m      - @ConditionalOnClass found required classes 'org.springframework.jdbc.core.JdbcTemplate', 'org.springframework.jdbc.datasource.lookup.AbstractRoutingDataSource' (OnClassCondition)
?[0m?[0;34m      - @ConditionalOnEnabledHealthIndicator management.health.defaults.enabled is considered true (OnEnabledHealthIndicatorCondition)
?[0m?[0;34m      - @ConditionalOnBean (types: javax.sql.DataSource; SearchStrategy: all) found bean 'dataSource' (OnBeanCondition)
?[0m?[0;34m
?[0m?[0;34m   DataSourceHealthContributorAutoConfiguration#dbHealthContributor matched:
?[0m?[0;34m      - @ConditionalOnMissingBean (names: dbHealthIndicator,dbHealthContributor; SearchStrategy: all) did not find any beans (OnBeanCondition)
?[0m?[0;34m
?[0m?[0;34m   DataSourceInitializationConfiguration matched:
?[0m?[0;34m      - @ConditionalOnClass found required class 'org.springframework.jdbc.datasource.init.DatabasePopulator' (OnClassCondition)
?[0m?[0;34m      - @ConditionalOnSingleCandidate (types: javax.sql.DataSource; SearchStrategy: all) found a primary bean from beans 'dataSource'; @ConditionalOnMissingBean (types: org.springframework.boot.sql.init.AbstractScriptDatabaseInitializer; SearchStrategy: all) did not find any beans (OnBeanCondition)
?[0m?[0;34m
?[0m?[0;34m   DataSourceJmxConfiguration matched:
?[0m?[0;34m      - @ConditionalOnProperty (spring.jmx.enabled=true) matched (OnPropertyCondition)
?[0m?[0;34m
?[0m?[0;34m   DataSourceJmxConfiguration.Hikari matched:
?[0m?[0;34m      - @ConditionalOnClass found required class 'com.zaxxer.hikari.HikariDataSource' (OnClassCondition)
?[0m?[0;34m      - @ConditionalOnSingleCandidate (types: javax.sql.DataSource; SearchStrategy: all) found a primary bean from beans 'dataSource' (OnBeanCondition)
?[0m?[0;34m
?[0m?[0;34m   DataSourcePoolMetadataProvidersConfiguration.HikariPoolDataSourceMetadataProviderConfiguration matched:
?[0m?[0;34m      - @ConditionalOnClass found required class 'com.zaxxer.hikari.HikariDataSource' (OnClassCondition)
?[0m?[0;34m
?[0m?[0;34m   DataSourcePoolMetricsAutoConfiguration matched:
?[0m?[0;34m      - @ConditionalOnClass found required classes 'javax.sql.DataSource', 'io.micrometer.core.instrument.MeterRegistry' (OnClassCondition)
?[0m?[0;34m      - @ConditionalOnBean (types: javax.sql.DataSource,io.micrometer.core.instrument.MeterRegistry; SearchStrategy: all) found beans 'simpleMeterRegistry', 'dataSource' (OnBeanCondition)
?[0m?[0;34m
?[0m?[0;34m   DataSourcePoolMetricsAutoConfiguration.DataSourcePoolMetadataMetricsConfiguration matched:
?[0m?[0;34m      - @ConditionalOnBean (types: org.springframework.boot.jdbc.metadata.DataSourcePoolMetadataProvider; SearchStrategy: all) found bean 'hikariPoolDataSourceMetadataProvider' (OnBeanCondition)
?[0m?[0;34m
?[0m?[0;34m   DataSourcePoolMetricsAutoConfiguration.HikariDataSourceMetricsConfiguration matched:
?[0m?[0;34m      - @ConditionalOnClass found required class 'com.zaxxer.hikari.HikariDataSource' (OnClassCondition)
?[0m?[0;34m
?[0m?[0;34m   DataSourceTransactionManagerAutoConfiguration matched:
?[0m?[0;34m      - @ConditionalOnClass found required classes 'org.springframework.jdbc.core.JdbcTemplate', 'org.springframework.transaction.TransactionManager' (OnClassCondition)
?[0m?[0;34m
?[0m?[0;34m   DataSourceTransactionManagerAutoConfiguration.JdbcTransactionManagerConfiguration matched:
?[0m?[0;34m      - @ConditionalOnSingleCandidate (types: javax.sql.DataSource; SearchStrategy: all) found a primary bean from beans 'dataSource' (OnBeanCondition)
?[0m?[0;34m
?[0m?[0;34m   DiskSpaceHealthContributorAutoConfiguration matched:
?[0m?[0;34m      - @ConditionalOnEnabledHealthIndicator management.health.defaults.enabled is considered true (OnEnabledHealthIndicatorCondition)
?[0m?[0;34m
?[0m?[0;34m   DiskSpaceHealthContributorAutoConfiguration#diskSpaceHealthIndicator matched:
?[0m?[0;34m      - @ConditionalOnMissingBean (names: diskSpaceHealthIndicator; SearchStrategy: all) did not find any beans (OnBeanCondition)
?[0m?[0;34m
?[0m?[0;34m   DispatcherServletAutoConfiguration matched:
?[0m?[0;34m      - @ConditionalOnClass found required class 'org.springframework.web.servlet.DispatcherServlet' (OnClassCondition)
?[0m?[0;34m      - found 'session' scope (OnWebApplicationCondition)
?[0m?[0;34m
?[0m?[0;34m   DispatcherServletAutoConfiguration.DispatcherServletConfiguration matched:
?[0m?[0;34m      - @ConditionalOnClass found required class 'javax.servlet.ServletRegistration' (OnClassCondition)
?[0m?[0;34m      - Default DispatcherServlet did not find dispatcher servlet beans (DispatcherServletAutoConfiguration.DefaultDispatcherServletCondition)
?[0m?[0;34m
?[0m?[0;34m   DispatcherServletAutoConfiguration.DispatcherServletRegistrationConfiguration matched:
?[0m?[0;34m      - @ConditionalOnClass found required class 'javax.servlet.ServletRegistration' (OnClassCondition)
?[0m?[0;34m      - DispatcherServlet Registration did not find servlet registration bean (DispatcherServletAutoConfiguration.DispatcherServletRegistrationCondition)
?[0m?[0;34m
?[0m?[0;34m   DispatcherServletAutoConfiguration.DispatcherServletRegistrationConfiguration#dispatcherServletRegistration matched:
?[0m?[0;34m      - @ConditionalOnBean (names: dispatcherServlet types: org.springframework.web.servlet.DispatcherServlet; SearchStrategy: all) found bean 'dispatcherServlet' (OnBeanCondition)
?[0m?[0;34m
?[0m?[0;34m   EmbeddedWebServerFactoryCustomizerAutoConfiguration matched:
?[0m?[0;34m      - @ConditionalOnWebApplication (required) found 'session' scope (OnWebApplicationCondition)
?[0m?[0;34m
?[0m?[0;34m   EmbeddedWebServerFactoryCustomizerAutoConfiguration.TomcatWebServerFactoryCustomizerConfiguration matched:
?[0m?[0;34m      - @ConditionalOnClass found required classes 'org.apache.catalina.startup.Tomcat', 'org.apache.coyote.UpgradeProtocol' (OnClassCondition)
?[0m?[0;34m
?[0m?[0;34m   EndpointAutoConfiguration#endpointCachingOperationInvokerAdvisor matched:
?[0m?[0;34m      - @ConditionalOnMissingBean (types: org.springframework.boot.actuate.endpoint.invoker.cache.CachingOperationInvokerAdvisor; SearchStrategy: all) did not find any beans (OnBeanCondition)
?[0m?[0;34m
?[0m?[0;34m   EndpointAutoConfiguration#endpointOperationParameterMapper matched:
?[0m?[0;34m      - @ConditionalOnMissingBean (types: org.springframework.boot.actuate.endpoint.invoke.ParameterValueMapper; SearchStrategy: all) did not find any beans (OnBeanCondition)
?[0m?[0;34m
?[0m?[0;34m   EnvironmentEndpointAutoConfiguration matched:
?[0m?[0;34m      - @ConditionalOnAvailableEndpoint no property management.endpoint.env.enabled found so using endpoint default; @ConditionalOnAvailableEndpoint marked as exposed by a 'management.endpoints.web.exposure' property (OnAvailableEndpointCondition)
?[0m?[0;34m
?[0m?[0;34m   EnvironmentEndpointAutoConfiguration#environmentEndpoint matched:
?[0m?[0;34m      - @ConditionalOnMissingBean (types: org.springframework.boot.actuate.env.EnvironmentEndpoint; SearchStrategy: all) did not find any beans (OnBeanCondition)
?[0m?[0;34m
?[0m?[0;34m   EnvironmentEndpointAutoConfiguration#environmentEndpointWebExtension matched:
?[0m?[0;34m      - @ConditionalOnBean (types: org.springframework.boot.actuate.env.EnvironmentEndpoint; SearchStrategy: all) found bean 'environmentEndpoint'; @ConditionalOnMissingBean (types: org.springframework.boot.actuate.env.EnvironmentEndpointWebExtension; SearchStrategy: all) did not find any beans (OnBeanCondition)
?[0m?[0;34m
?[0m?[0;34m   ErrorMvcAutoConfiguration matched:
?[0m?[0;34m      - @ConditionalOnClass found required classes 'javax.servlet.Servlet', 'org.springframework.web.servlet.DispatcherServlet' (OnClassCondition)
?[0m?[0;34m      - found 'session' scope (OnWebApplicationCondition)
?[0m?[0;34m
?[0m?[0;34m   ErrorMvcAutoConfiguration#basicErrorController matched:
?[0m?[0;34m      - @ConditionalOnMissingBean (types: org.springframework.boot.web.servlet.error.ErrorController; SearchStrategy: current) did not find any beans (OnBeanCondition)
?[0m?[0;34m
?[0m?[0;34m   ErrorMvcAutoConfiguration#errorAttributes matched:
?[0m?[0;34m      - @ConditionalOnMissingBean (types: org.springframework.boot.web.servlet.error.ErrorAttributes; SearchStrategy: current) did not find any beans (OnBeanCondition)
?[0m?[0;34m
?[0m?[0;34m   ErrorMvcAutoConfiguration.DefaultErrorViewResolverConfiguration#conventionErrorViewResolver matched:
?[0m?[0;34m      - @ConditionalOnBean (types: org.springframework.web.servlet.DispatcherServlet; SearchStrategy: all) found bean 'dispatcherServlet'; @ConditionalOnMissingBean (types: org.springframework.boot.autoconfigure.web.servlet.error.ErrorViewResolver; SearchStrategy: all) did not find any beans (OnBeanCondition)
?[0m?[0;34m
?[0m?[0;34m   ErrorMvcAutoConfiguration.WhitelabelErrorViewConfiguration matched:
?[0m?[0;34m      - @ConditionalOnProperty (server.error.whitelabel.enabled) matched (OnPropertyCondition)
?[0m?[0;34m      - ErrorTemplate Missing did not find error template view (ErrorMvcAutoConfiguration.ErrorTemplateMissingCondition)
?[0m?[0;34m
?[0m?[0;34m   ErrorMvcAutoConfiguration.WhitelabelErrorViewConfiguration#beanNameViewResolver matched:
?[0m?[0;34m      - @ConditionalOnMissingBean (types: org.springframework.web.servlet.view.BeanNameViewResolver; SearchStrategy: all) did not find any beans (OnBeanCondition)
?[0m?[0;34m
?[0m?[0;34m   ErrorMvcAutoConfiguration.WhitelabelErrorViewConfiguration#defaultErrorView matched:
?[0m?[0;34m      - @ConditionalOnMissingBean (names: error; SearchStrategy: all) did not find any beans (OnBeanCondition)
?[0m?[0;34m
?[0m?[0;34m   FreeMarkerAutoConfiguration matched:
?[0m?[0;34m      - @ConditionalOnClass found required classes 'freemarker.template.Configuration', 'org.springframework.ui.freemarker.FreeMarkerConfigurationFactory' (OnClassCondition)
?[0m?[0;34m
?[0m?[0;34m   FreeMarkerServletWebConfiguration matched:
?[0m?[0;34m      - @ConditionalOnClass found required classes 'javax.servlet.Servlet', 'org.springframework.web.servlet.view.freemarker.FreeMarkerConfigurer' (OnClassCondition)
?[0m?[0;34m      - found 'session' scope (OnWebApplicationCondition)
?[0m?[0;34m
?[0m?[0;34m   FreeMarkerServletWebConfiguration#freeMarkerConfigurer matched:
?[0m?[0;34m      - @ConditionalOnMissingBean (types: org.springframework.web.servlet.view.freemarker.FreeMarkerConfig; SearchStrategy: all) did not find any beans (OnBeanCondition)
?[0m?[0;34m
?[0m?[0;34m   FreeMarkerServletWebConfiguration#freeMarkerViewResolver matched:
?[0m?[0;34m      - @ConditionalOnProperty (spring.freemarker.enabled) matched (OnPropertyCondition)
?[0m?[0;34m      - @ConditionalOnMissingBean (names: freeMarkerViewResolver; SearchStrategy: all) did not find any beans (OnBeanCondition)
?[0m?[0;34m
?[0m?[0;34m   GenericCacheConfiguration matched:
?[0m?[0;34m      - Cache org.springframework.boot.autoconfigure.cache.GenericCacheConfiguration automatic cache type (CacheCondition)
?[0m?[0;34m
?[0m?[0;34m   GsonAutoConfiguration matched:
?[0m?[0;34m      - @ConditionalOnClass found required class 'com.google.gson.Gson' (OnClassCondition)
?[0m?[0;34m
?[0m?[0;34m   GsonAutoConfiguration#gson matched:
?[0m?[0;34m      - @ConditionalOnMissingBean (types: com.google.gson.Gson; SearchStrategy: all) did not find any beans (OnBeanCondition)
?[0m?[0;34m
?[0m?[0;34m   GsonAutoConfiguration#gsonBuilder matched:
?[0m?[0;34m      - @ConditionalOnMissingBean (types: com.google.gson.GsonBuilder; SearchStrategy: all) did not find any beans (OnBeanCondition)
?[0m?[0;34m
?[0m?[0;34m   GsonHttpMessageConvertersConfiguration matched:
?[0m?[0;34m      - @ConditionalOnClass found required class 'com.google.gson.Gson' (OnClassCondition)
?[0m?[0;34m
?[0m?[0;34m   H2ConsoleAutoConfiguration matched:
?[0m?[0;34m      - @ConditionalOnClass found required class 'org.h2.server.web.WebServlet' (OnClassCondition)
?[0m?[0;34m      - found 'session' scope (OnWebApplicationCondition)
?[0m?[0;34m      - @ConditionalOnProperty (spring.h2.console.enabled=true) matched (OnPropertyCondition)
?[0m?[0;34m
?[0m?[0;34m   HealthContributorAutoConfiguration#pingHealthContributor matched:
?[0m?[0;34m      - @ConditionalOnEnabledHealthIndicator management.health.defaults.enabled is considered true (OnEnabledHealthIndicatorCondition)
?[0m?[0;34m
?[0m?[0;34m   HealthEndpointAutoConfiguration matched:
?[0m?[0;34m      - @ConditionalOnAvailableEndpoint no property management.endpoint.health.enabled found so using endpoint default; @ConditionalOnAvailableEndpoint marked as exposed by a 'management.endpoints.web.exposure' property (OnAvailableEndpointCondition)
?[0m?[0;34m
?[0m?[0;34m   HealthEndpointConfiguration#healthContributorRegistry matched:
?[0m?[0;34m      - @ConditionalOnMissingBean (types: org.springframework.boot.actuate.health.HealthContributorRegistry; SearchStrategy: all) did not find any beans (OnBeanCondition)
?[0m?[0;34m
?[0m?[0;34m   HealthEndpointConfiguration#healthEndpoint matched:
?[0m?[0;34m      - @ConditionalOnMissingBean (types: org.springframework.boot.actuate.health.HealthEndpoint; SearchStrategy: all) did not find any beans (OnBeanCondition)
?[0m?[0;34m
?[0m?[0;34m   HealthEndpointConfiguration#healthEndpointGroups matched:
?[0m?[0;34m      - @ConditionalOnMissingBean (types: org.springframework.boot.actuate.health.HealthEndpointGroups; SearchStrategy: all) did not find any beans (OnBeanCondition)
?[0m?[0;34m
?[0m?[0;34m   HealthEndpointConfiguration#healthHttpCodeStatusMapper matched:
?[0m?[0;34m      - @ConditionalOnMissingBean (types: org.springframework.boot.actuate.health.HttpCodeStatusMapper; SearchStrategy: all) did not find any beans (OnBeanCondition)
?[0m?[0;34m
?[0m?[0;34m   HealthEndpointConfiguration#healthStatusAggregator matched:
?[0m?[0;34m      - @ConditionalOnMissingBean (types: org.springframework.boot.actuate.health.StatusAggregator; SearchStrategy: all) did not find any beans (OnBeanCondition)
?[0m?[0;34m
?[0m?[0;34m   HealthEndpointWebExtensionConfiguration matched:
?[0m?[0;34m      - found 'session' scope (OnWebApplicationCondition)
?[0m?[0;34m      - @ConditionalOnBean (types: org.springframework.boot.actuate.health.HealthEndpoint; SearchStrategy: all) found bean 'healthEndpoint' (OnBeanCondition)
?[0m?[0;34m
?[0m?[0;34m   HealthEndpointWebExtensionConfiguration#healthEndpointWebExtension matched:
?[0m?[0;34m      - @ConditionalOnBean (types: org.springframework.boot.actuate.health.HealthEndpoint; SearchStrategy: all) found bean 'healthEndpoint'; @ConditionalOnMissingBean (types: org.springframework.boot.actuate.health.HealthEndpointWebExtension; SearchStrategy: all) did not find any beans (OnBeanCondition)
?[0m?[0;34m
?[0m?[0;34m   HeapDumpWebEndpointAutoConfiguration matched:
?[0m?[0;34m      - @ConditionalOnAvailableEndpoint no property management.endpoint.heapdump.enabled found so using endpoint default; @ConditionalOnAvailableEndpoint marked as exposed by a 'management.endpoints.web.exposure' property (OnAvailableEndpointCondition)
?[0m?[0;34m
?[0m?[0;34m   HeapDumpWebEndpointAutoConfiguration#heapDumpWebEndpoint matched:
?[0m?[0;34m      - @ConditionalOnMissingBean (types: org.springframework.boot.actuate.management.HeapDumpWebEndpoint; SearchStrategy: all) did not find any beans (OnBeanCondition)
?[0m?[0;34m
?[0m?[0;34m   HibernateJpaAutoConfiguration matched:
?[0m?[0;34m      - @ConditionalOnClass found required classes 'org.springframework.orm.jpa.LocalContainerEntityManagerFactoryBean', 'javax.persistence.EntityManager', 'org.hibernate.engine.spi.SessionImplementor' (OnClassCondition)
?[0m?[0;34m
?[0m?[0;34m   HibernateJpaConfiguration matched:
?[0m?[0;34m      - @ConditionalOnSingleCandidate (types: javax.sql.DataSource; SearchStrategy: all) found a primary bean from beans 'dataSource' (OnBeanCondition)
?[0m?[0;34m
?[0m?[0;34m   HttpClientMetricsAutoConfiguration matched:
?[0m?[0;34m      - @ConditionalOnClass found required class 'io.micrometer.core.instrument.MeterRegistry' (OnClassCondition)
?[0m?[0;34m      - @ConditionalOnBean (types: io.micrometer.core.instrument.MeterRegistry; SearchStrategy: all) found bean 'simpleMeterRegistry' (OnBeanCondition)
?[0m?[0;34m
?[0m?[0;34m   HttpEncodingAutoConfiguration matched:
?[0m?[0;34m      - @ConditionalOnClass found required class 'org.springframework.web.filter.CharacterEncodingFilter' (OnClassCondition)
?[0m?[0;34m      - found 'session' scope (OnWebApplicationCondition)
?[0m?[0;34m      - @ConditionalOnProperty (server.servlet.encoding.enabled) matched (OnPropertyCondition)
?[0m?[0;34m
?[0m?[0;34m   HttpEncodingAutoConfiguration#characterEncodingFilter matched:
?[0m?[0;34m      - @ConditionalOnMissingBean (types: org.springframework.web.filter.CharacterEncodingFilter; SearchStrategy: all) did not find any beans (OnBeanCondition)
?[0m?[0;34m
?[0m?[0;34m   HttpMessageConvertersAutoConfiguration matched:
?[0m?[0;34m      - @ConditionalOnClass found required class 'org.springframework.http.converter.HttpMessageConverter' (OnClassCondition)
?[0m?[0;34m      - NoneNestedConditions 0 matched 1 did not; NestedCondition on HttpMessageConvertersAutoConfiguration.NotReactiveWebApplicationCondition.ReactiveWebApplication did not find reactive web application classes (HttpMessageConvertersAutoConfiguration.NotReactiveWebApplicationCondition)
?[0m?[0;34m
?[0m?[0;34m   HttpMessageConvertersAutoConfiguration#messageConverters matched:
?[0m?[0;34m      - @ConditionalOnMissingBean (types: org.springframework.boot.autoconfigure.http.HttpMessageConverters; SearchStrategy: all) did not find any beans (OnBeanCondition)
?[0m?[0;34m
?[0m?[0;34m   HttpMessageConvertersAutoConfiguration.StringHttpMessageConverterConfiguration matched:
?[0m?[0;34m      - @ConditionalOnClass found required class 'org.springframework.http.converter.StringHttpMessageConverter' (OnClassCondition)
?[0m?[0;34m
?[0m?[0;34m   HttpMessageConvertersAutoConfiguration.StringHttpMessageConverterConfiguration#stringHttpMessageConverter matched:
?[0m?[0;34m      - @ConditionalOnMissingBean (types: org.springframework.http.converter.StringHttpMessageConverter; SearchStrategy: all) did not find any beans (OnBeanCondition)
?[0m?[0;34m
?[0m?[0;34m   HttpTraceEndpointAutoConfiguration matched:
?[0m?[0;34m      - @ConditionalOnAvailableEndpoint no property management.endpoint.httptrace.enabled found so using endpoint default; @ConditionalOnAvailableEndpoint marked as exposed by a 'management.endpoints.web.exposure' property (OnAvailableEndpointCondition)
?[0m?[0;34m
?[0m?[0;34m   InfoContributorAutoConfiguration#envInfoContributor matched:
?[0m?[0;34m      - @ConditionalOnEnabledInfoContributor management.info.defaults.enabled is considered true (OnEnabledInfoContributorCondition)
?[0m?[0;34m
?[0m?[0;34m   InfoEndpointAutoConfiguration matched:
?[0m?[0;34m      - @ConditionalOnAvailableEndpoint no property management.endpoint.info.enabled found so using endpoint default; @ConditionalOnAvailableEndpoint marked as exposed by a 'management.endpoints.web.exposure' property (OnAvailableEndpointCondition)
?[0m?[0;34m
?[0m?[0;34m   InfoEndpointAutoConfiguration#infoEndpoint matched:
?[0m?[0;34m      - @ConditionalOnMissingBean (types: org.springframework.boot.actuate.info.InfoEndpoint; SearchStrategy: all) did not find any beans (OnBeanCondition)
?[0m?[0;34m
?[0m?[0;34m   JacksonAutoConfiguration matched:
?[0m?[0;34m      - @ConditionalOnClass found required class 'com.fasterxml.jackson.databind.ObjectMapper' (OnClassCondition)
?[0m?[0;34m
?[0m?[0;34m   JacksonAutoConfiguration.Jackson2ObjectMapperBuilderCustomizerConfiguration matched:
?[0m?[0;34m      - @ConditionalOnClass found required class 'org.springframework.http.converter.json.Jackson2ObjectMapperBuilder' (OnClassCondition)
?[0m?[0;34m
?[0m?[0;34m   JacksonAutoConfiguration.JacksonObjectMapperBuilderConfiguration matched:
?[0m?[0;34m      - @ConditionalOnClass found required class 'org.springframework.http.converter.json.Jackson2ObjectMapperBuilder' (OnClassCondition)
?[0m?[0;34m
?[0m?[0;34m   JacksonAutoConfiguration.JacksonObjectMapperBuilderConfiguration#jacksonObjectMapperBuilder matched:
?[0m?[0;34m      - @ConditionalOnMissingBean (types: org.springframework.http.converter.json.Jackson2ObjectMapperBuilder; SearchStrategy: all) did not find any beans (OnBeanCondition)
?[0m?[0;34m
?[0m?[0;34m   JacksonAutoConfiguration.JacksonObjectMapperConfiguration matched:
?[0m?[0;34m      - @ConditionalOnClass found required class 'org.springframework.http.converter.json.Jackson2ObjectMapperBuilder' (OnClassCondition)
?[0m?[0;34m
?[0m?[0;34m   JacksonAutoConfiguration.JacksonObjectMapperConfiguration#jacksonObjectMapper matched:
?[0m?[0;34m      - @ConditionalOnMissingBean (types: com.fasterxml.jackson.databind.ObjectMapper; SearchStrategy: all) did not find any beans (OnBeanCondition)
?[0m?[0;34m
?[0m?[0;34m   JacksonAutoConfiguration.ParameterNamesModuleConfiguration matched:
?[0m?[0;34m      - @ConditionalOnClass found required class 'com.fasterxml.jackson.module.paramnames.ParameterNamesModule' (OnClassCondition)
?[0m?[0;34m
?[0m?[0;34m   JacksonAutoConfiguration.ParameterNamesModuleConfiguration#parameterNamesModule matched:
?[0m?[0;34m      - @ConditionalOnMissingBean (types: com.fasterxml.jackson.module.paramnames.ParameterNamesModule; SearchStrategy: all) did not find any beans (OnBeanCondition)
?[0m?[0;34m
?[0m?[0;34m   JacksonHttpMessageConvertersConfiguration.MappingJackson2HttpMessageConverterConfiguration matched:
?[0m?[0;34m      - @ConditionalOnClass found required class 'com.fasterxml.jackson.databind.ObjectMapper' (OnClassCondition)
?[0m?[0;34m      - @ConditionalOnProperty (spring.mvc.converters.preferred-json-mapper=jackson) matched (OnPropertyCondition)
?[0m?[0;34m      - @ConditionalOnBean (types: com.fasterxml.jackson.databind.ObjectMapper; SearchStrategy: all) found bean 'jacksonObjectMapper' (OnBeanCondition)
?[0m?[0;34m
?[0m?[0;34m   JacksonHttpMessageConvertersConfiguration.MappingJackson2HttpMessageConverterConfiguration#mappingJackson2HttpMessageConverter matched:
?[0m?[0;34m      - @ConditionalOnMissingBean (types: org.springframework.http.converter.json.MappingJackson2HttpMessageConverter ignored: org.springframework.hateoas.server.mvc.TypeConstrainedMappingJackson2HttpMessageConverter,org.springframework.data.rest.webmvc.alps.AlpsJsonHttpMessageConverter; SearchStrategy: all) did not find any beans (OnBeanCondition)
?[0m?[0;34m
?[0m?[0;34m   JdbcTemplateAutoConfiguration matched:
?[0m?[0;34m      - @ConditionalOnClass found required classes 'javax.sql.DataSource', 'org.springframework.jdbc.core.JdbcTemplate' (OnClassCondition)
?[0m?[0;34m      - @ConditionalOnSingleCandidate (types: javax.sql.DataSource; SearchStrategy: all) found a primary bean from beans 'dataSource' (OnBeanCondition)
?[0m?[0;34m
?[0m?[0;34m   JdbcTemplateConfiguration matched:
?[0m?[0;34m      - @ConditionalOnMissingBean (types: org.springframework.jdbc.core.JdbcOperations; SearchStrategy: all) did not find any beans (OnBeanCondition)
?[0m?[0;34m
?[0m?[0;34m   JpaBaseConfiguration#entityManagerFactory matched:
?[0m?[0;34m      - @ConditionalOnMissingBean (types: org.springframework.orm.jpa.LocalContainerEntityManagerFactoryBean,javax.persistence.EntityManagerFactory; SearchStrategy: all) did not find any beans (OnBeanCondition)
?[0m?[0;34m
?[0m?[0;34m   JpaBaseConfiguration#entityManagerFactoryBuilder matched:
?[0m?[0;34m      - @ConditionalOnMissingBean (types: org.springframework.boot.orm.jpa.EntityManagerFactoryBuilder; SearchStrategy: all) did not find any beans (OnBeanCondition)
?[0m?[0;34m
?[0m?[0;34m   JpaBaseConfiguration#jpaVendorAdapter matched:
?[0m?[0;34m      - @ConditionalOnMissingBean (types: org.springframework.orm.jpa.JpaVendorAdapter; SearchStrategy: all) did not find any beans (OnBeanCondition)
?[0m?[0;34m
?[0m?[0;34m   JpaBaseConfiguration#transactionManager matched:
?[0m?[0;34m      - @ConditionalOnMissingBean (types: org.springframework.transaction.TransactionManager; SearchStrategy: all) did not find any beans (OnBeanCondition)
?[0m?[0;34m
?[0m?[0;34m   JpaBaseConfiguration.JpaWebConfiguration matched:
?[0m?[0;34m      - @ConditionalOnClass found required class 'org.springframework.web.servlet.config.annotation.WebMvcConfigurer' (OnClassCondition)
?[0m?[0;34m      - found 'session' scope (OnWebApplicationCondition)
?[0m?[0;34m      - @ConditionalOnProperty (spring.jpa.open-in-view=true) matched (OnPropertyCondition)
?[0m?[0;34m      - @ConditionalOnMissingBean (types: org.springframework.orm.jpa.support.OpenEntityManagerInViewInterceptor,org.springframework.orm.jpa.support.OpenEntityManagerInViewFilter; SearchStrategy: all) did not find any beans (OnBeanCondition)
?[0m?[0;34m
?[0m?[0;34m   JpaRepositoriesAutoConfiguration matched:
?[0m?[0;34m      - @ConditionalOnClass found required class 'org.springframework.data.jpa.repository.JpaRepository' (OnClassCondition)
?[0m?[0;34m      - @ConditionalOnProperty (spring.data.jpa.repositories.enabled=true) matched (OnPropertyCondition)
?[0m?[0;34m      - @ConditionalOnBean (types: javax.sql.DataSource; SearchStrategy: all) found bean 'dataSource'; @ConditionalOnMissingBean (types: org.springframework.data.jpa.repository.support.JpaRepositoryFactoryBean,org.springframework.data.jpa.repository.config.JpaRepositoryConfigExtension; SearchStrategy: all) did not find any beans (OnBeanCondition)
?[0m?[0;34m
?[0m?[0;34m   JtaAutoConfiguration matched:
?[0m?[0;34m      - @ConditionalOnClass found required class 'javax.transaction.Transaction' (OnClassCondition)
?[0m?[0;34m      - @ConditionalOnProperty (spring.jta.enabled) matched (OnPropertyCondition)
?[0m?[0;34m
?[0m?[0;34m   JvmMetricsAutoConfiguration matched:
?[0m?[0;34m      - @ConditionalOnClass found required class 'io.micrometer.core.instrument.MeterRegistry' (OnClassCondition)
?[0m?[0;34m      - @ConditionalOnBean (types: io.micrometer.core.instrument.MeterRegistry; SearchStrategy: all) found bean 'simpleMeterRegistry' (OnBeanCondition)
?[0m?[0;34m
?[0m?[0;34m   JvmMetricsAutoConfiguration#classLoaderMetrics matched:
?[0m?[0;34m      - @ConditionalOnMissingBean (types: io.micrometer.core.instrument.binder.jvm.ClassLoaderMetrics; SearchStrategy: all) did not find any beans (OnBeanCondition)
?[0m?[0;34m
?[0m?[0;34m   JvmMetricsAutoConfiguration#jvmGcMetrics matched:
?[0m?[0;34m      - @ConditionalOnMissingBean (types: io.micrometer.core.instrument.binder.jvm.JvmGcMetrics; SearchStrategy: all) did not find any beans (OnBeanCondition)
?[0m?[0;34m
?[0m?[0;34m   JvmMetricsAutoConfiguration#jvmMemoryMetrics matched:
?[0m?[0;34m      - @ConditionalOnMissingBean (types: io.micrometer.core.instrument.binder.jvm.JvmMemoryMetrics; SearchStrategy: all) did not find any beans (OnBeanCondition)
?[0m?[0;34m
?[0m?[0;34m   JvmMetricsAutoConfiguration#jvmThreadMetrics matched:
?[0m?[0;34m      - @ConditionalOnMissingBean (types: io.micrometer.core.instrument.binder.jvm.JvmThreadMetrics; SearchStrategy: all) did not find any beans (OnBeanCondition)
?[0m?[0;34m
?[0m?[0;34m   LifecycleAutoConfiguration#defaultLifecycleProcessor matched:
?[0m?[0;34m      - @ConditionalOnMissingBean (names: lifecycleProcessor; SearchStrategy: current) did not find any beans (OnBeanCondition)
?[0m?[0;34m
?[0m?[0;34m   LogFileWebEndpointAutoConfiguration matched:
?[0m?[0;34m      - @ConditionalOnAvailableEndpoint no property management.endpoint.logfile.enabled found so using endpoint default; @ConditionalOnAvailableEndpoint marked as exposed by a 'management.endpoints.web.exposure' property (OnAvailableEndpointCondition)
?[0m?[0;34m
?[0m?[0;34m   LogbackMetricsAutoConfiguration matched:
?[0m?[0;34m      - @ConditionalOnClass found required classes 'io.micrometer.core.instrument.MeterRegistry', 'ch.qos.logback.classic.LoggerContext', 'org.slf4j.LoggerFactory' (OnClassCondition)
?[0m?[0;34m      - LogbackLoggingCondition ILoggerFactory is a Logback LoggerContext (LogbackMetricsAutoConfiguration.LogbackLoggingCondition)
?[0m?[0;34m      - @ConditionalOnBean (types: io.micrometer.core.instrument.MeterRegistry; SearchStrategy: all) found bean 'simpleMeterRegistry' (OnBeanCondition)
?[0m?[0;34m
?[0m?[0;34m   LogbackMetricsAutoConfiguration#logbackMetrics matched:
?[0m?[0;34m      - @ConditionalOnMissingBean (types: io.micrometer.core.instrument.binder.logging.LogbackMetrics; SearchStrategy: all) did not find any beans (OnBeanCondition)
?[0m?[0;34m
?[0m?[0;34m   LoggersEndpointAutoConfiguration matched:
?[0m?[0;34m      - @ConditionalOnAvailableEndpoint no property management.endpoint.loggers.enabled found so using endpoint default; @ConditionalOnAvailableEndpoint marked as exposed by a 'management.endpoints.web.exposure' property (OnAvailableEndpointCondition)
?[0m?[0;34m
?[0m?[0;34m   LoggersEndpointAutoConfiguration#loggersEndpoint matched:
?[0m?[0;34m      - Logging System enabled (LoggersEndpointAutoConfiguration.OnEnabledLoggingSystemCondition)
?[0m?[0;34m      - @ConditionalOnBean (types: org.springframework.boot.logging.LoggingSystem; SearchStrategy: all) found bean 'springBootLoggingSystem'; @ConditionalOnMissingBean (types: org.springframework.boot.actuate.logging.LoggersEndpoint; SearchStrategy: all) did not find any beans (OnBeanCondition)
?[0m?[0;34m
?[0m?[0;34m   ManagementContextAutoConfiguration.SameManagementContextConfiguration matched:
?[0m?[0;34m      - Management Port actual port type (SAME) matched required type (OnManagementPortCondition)
?[0m?[0;34m
?[0m?[0;34m   MappingsEndpointAutoConfiguration matched:
?[0m?[0;34m      - @ConditionalOnAvailableEndpoint no property management.endpoint.mappings.enabled found so using endpoint default; @ConditionalOnAvailableEndpoint marked as exposed by a 'management.endpoints.web.exposure' property (OnAvailableEndpointCondition)
?[0m?[0;34m
?[0m?[0;34m   MappingsEndpointAutoConfiguration.ServletWebConfiguration matched:
?[0m?[0;34m      - found 'session' scope (OnWebApplicationCondition)
?[0m?[0;34m
?[0m?[0;34m   MappingsEndpointAutoConfiguration.ServletWebConfiguration.SpringMvcConfiguration matched:
?[0m?[0;34m      - @ConditionalOnClass found required class 'org.springframework.web.servlet.DispatcherServlet' (OnClassCondition)
?[0m?[0;34m      - @ConditionalOnBean (types: org.springframework.web.servlet.DispatcherServlet; SearchStrategy: all) found bean 'dispatcherServlet' (OnBeanCondition)
?[0m?[0;34m
?[0m?[0;34m   MetricsAutoConfiguration matched:
?[0m?[0;34m      - @ConditionalOnClass found required class 'io.micrometer.core.annotation.Timed' (OnClassCondition)
?[0m?[0;34m
?[0m?[0;34m   MetricsAutoConfiguration#micrometerClock matched:
?[0m?[0;34m      - @ConditionalOnMissingBean (types: io.micrometer.core.instrument.Clock; SearchStrategy: all) did not find any beans (OnBeanCondition)
?[0m?[0;34m
?[0m?[0;34m   MetricsEndpointAutoConfiguration matched:
?[0m?[0;34m      - @ConditionalOnClass found required class 'io.micrometer.core.annotation.Timed' (OnClassCondition)
?[0m?[0;34m      - @ConditionalOnAvailableEndpoint no property management.endpoint.metrics.enabled found so using endpoint default; @ConditionalOnAvailableEndpoint marked as exposed by a 'management.endpoints.web.exposure' property (OnAvailableEndpointCondition)
?[0m?[0;34m
?[0m?[0;34m   MetricsEndpointAutoConfiguration#metricsEndpoint matched:
?[0m?[0;34m      - @ConditionalOnBean (types: io.micrometer.core.instrument.MeterRegistry; SearchStrategy: all) found bean 'simpleMeterRegistry'; @ConditionalOnMissingBean (types: org.springframework.boot.actuate.metrics.MetricsEndpoint; SearchStrategy: all) did not find any beans (OnBeanCondition)
?[0m?[0;34m
?[0m?[0;34m   MultipartAutoConfiguration matched:
?[0m?[0;34m      - @ConditionalOnClass found required classes 'javax.servlet.Servlet', 'org.springframework.web.multipart.support.StandardServletMultipartResolver', 'javax.servlet.MultipartConfigElement' (OnClassCondition)
?[0m?[0;34m      - found 'session' scope (OnWebApplicationCondition)
?[0m?[0;34m      - @ConditionalOnProperty (spring.servlet.multipart.enabled) matched (OnPropertyCondition)
?[0m?[0;34m
?[0m?[0;34m   MultipartAutoConfiguration#multipartConfigElement matched:
?[0m?[0;34m      - @ConditionalOnMissingBean (types: javax.servlet.MultipartConfigElement,org.springframework.web.multipart.commons.CommonsMultipartResolver; SearchStrategy: all) did not find any beans (OnBeanCondition)
?[0m?[0;34m
?[0m?[0;34m   MultipartAutoConfiguration#multipartResolver matched:
?[0m?[0;34m      - @ConditionalOnMissingBean (types: org.springframework.web.multipart.MultipartResolver; SearchStrategy: all) did not find any beans (OnBeanCondition)
?[0m?[0;34m
?[0m?[0;34m   NamedParameterJdbcTemplateConfiguration matched:
?[0m?[0;34m      - @ConditionalOnSingleCandidate (types: org.springframework.jdbc.core.JdbcTemplate; SearchStrategy: all) found a primary bean from beans 'jdbcTemplate'; @ConditionalOnMissingBean (types: org.springframework.jdbc.core.namedparam.NamedParameterJdbcOperations; SearchStrategy: all) did not find any beans (OnBeanCondition)
?[0m?[0;34m
?[0m?[0;34m   NoOpCacheConfiguration matched:
?[0m?[0;34m      - Cache org.springframework.boot.autoconfigure.cache.NoOpCacheConfiguration automatic cache type (CacheCondition)
?[0m?[0;34m
?[0m?[0;34m   PersistenceExceptionTranslationAutoConfiguration matched:
?[0m?[0;34m      - @ConditionalOnClass found required class 'org.springframework.dao.annotation.PersistenceExceptionTranslationPostProcessor' (OnClassCondition)
?[0m?[0;34m
?[0m?[0;34m   PersistenceExceptionTranslationAutoConfiguration#persistenceExceptionTranslationPostProcessor matched:
?[0m?[0;34m      - @ConditionalOnProperty (spring.dao.exceptiontranslation.enabled) matched (OnPropertyCondition)
?[0m?[0;34m      - @ConditionalOnMissingBean (types: org.springframework.dao.annotation.PersistenceExceptionTranslationPostProcessor; SearchStrategy: all) did not find any beans (OnBeanCondition)
?[0m?[0;34m
?[0m?[0;34m   PropertyPlaceholderAutoConfiguration#propertySourcesPlaceholderConfigurer matched:
?[0m?[0;34m      - @ConditionalOnMissingBean (types: org.springframework.context.support.PropertySourcesPlaceholderConfigurer; SearchStrategy: current) did not find any beans (OnBeanCondition)
?[0m?[0;34m
?[0m?[0;34m   RepositoryMetricsAutoConfiguration matched:
?[0m?[0;34m      - @ConditionalOnClass found required class 'org.springframework.data.repository.Repository' (OnClassCondition)
?[0m?[0;34m      - @ConditionalOnBean (types: io.micrometer.core.instrument.MeterRegistry; SearchStrategy: all) found bean 'simpleMeterRegistry' (OnBeanCondition)
?[0m?[0;34m
?[0m?[0;34m   RepositoryMetricsAutoConfiguration#metricsRepositoryMethodInvocationListener matched:
?[0m?[0;34m      - @ConditionalOnMissingBean (types: org.springframework.boot.actuate.metrics.data.MetricsRepositoryMethodInvocationListener; SearchStrategy: all) did not find any beans (OnBeanCondition)
?[0m?[0;34m
?[0m?[0;34m   RepositoryMetricsAutoConfiguration#repositoryTagsProvider matched:
?[0m?[0;34m      - @ConditionalOnMissingBean (types: org.springframework.boot.actuate.metrics.data.RepositoryTagsProvider; SearchStrategy: all) did not find any beans (OnBeanCondition)
?[0m?[0;34m
?[0m?[0;34m   RestTemplateAutoConfiguration matched:
?[0m?[0;34m      - @ConditionalOnClass found required class 'org.springframework.web.client.RestTemplate' (OnClassCondition)
?[0m?[0;34m      - NoneNestedConditions 0 matched 1 did not; NestedCondition on RestTemplateAutoConfiguration.NotReactiveWebApplicationCondition.ReactiveWebApplication did not find reactive web application classes (RestTemplateAutoConfiguration.NotReactiveWebApplicationCondition)
?[0m?[0;34m
?[0m?[0;34m   RestTemplateAutoConfiguration#restTemplateBuilder matched:
?[0m?[0;34m      - @ConditionalOnMissingBean (types: org.springframework.boot.web.client.RestTemplateBuilder; SearchStrategy: all) did not find any beans (OnBeanCondition)
?[0m?[0;34m
?[0m?[0;34m   RestTemplateAutoConfiguration#restTemplateBuilderConfigurer matched:
?[0m?[0;34m      - @ConditionalOnMissingBean (types: org.springframework.boot.autoconfigure.web.client.RestTemplateBuilderConfigurer; SearchStrategy: all) did not find any beans (OnBeanCondition)
?[0m?[0;34m
?[0m?[0;34m   RestTemplateMetricsConfiguration matched:
?[0m?[0;34m      - @ConditionalOnClass found required class 'org.springframework.web.client.RestTemplate' (OnClassCondition)
?[0m?[0;34m      - @ConditionalOnBean (types: org.springframework.boot.web.client.RestTemplateBuilder; SearchStrategy: all) found bean 'restTemplateBuilder' (OnBeanCondition)
?[0m?[0;34m
?[0m?[0;34m   RestTemplateMetricsConfiguration#restTemplateExchangeTagsProvider matched:
?[0m?[0;34m      - @ConditionalOnMissingBean (types: org.springframework.boot.actuate.metrics.web.client.RestTemplateExchangeTagsProvider; SearchStrategy: all) did not find any beans (OnBeanCondition)
?[0m?[0;34m
?[0m?[0;34m   ScheduledTasksEndpointAutoConfiguration matched:
?[0m?[0;34m      - @ConditionalOnAvailableEndpoint no property management.endpoint.scheduledtasks.enabled found so using endpoint default; @ConditionalOnAvailableEndpoint marked as exposed by a 'management.endpoints.web.exposure' property (OnAvailableEndpointCondition)
?[0m?[0;34m
?[0m?[0;34m   ScheduledTasksEndpointAutoConfiguration#scheduledTasksEndpoint matched:
?[0m?[0;34m      - @ConditionalOnMissingBean (types: org.springframework.boot.actuate.scheduling.ScheduledTasksEndpoint; SearchStrategy: all) did not find any beans (OnBeanCondition)
?[0m?[0;34m
?[0m?[0;34m   ServletEndpointManagementContextConfiguration matched:
?[0m?[0;34m      - found 'session' scope (OnWebApplicationCondition)
?[0m?[0;34m
?[0m?[0;34m   ServletEndpointManagementContextConfiguration.WebMvcServletEndpointManagementContextConfiguration matched:
?[0m?[0;34m      - @ConditionalOnClass found required class 'org.springframework.web.servlet.DispatcherServlet' (OnClassCondition)
?[0m?[0;34m
?[0m?[0;34m   ServletManagementContextAutoConfiguration matched:
?[0m?[0;34m      - @ConditionalOnClass found required class 'javax.servlet.Servlet' (OnClassCondition)
?[0m?[0;34m      - found 'session' scope (OnWebApplicationCondition)
?[0m?[0;34m
?[0m?[0;34m   ServletWebServerFactoryAutoConfiguration matched:
?[0m?[0;34m      - @ConditionalOnClass found required class 'javax.servlet.ServletRequest' (OnClassCondition)
?[0m?[0;34m      - found 'session' scope (OnWebApplicationCondition)
?[0m?[0;34m
?[0m?[0;34m   ServletWebServerFactoryAutoConfiguration#tomcatServletWebServerFactoryCustomizer matched:
?[0m?[0;34m      - @ConditionalOnClass found required class 'org.apache.catalina.startup.Tomcat' (OnClassCondition)
?[0m?[0;34m
?[0m?[0;34m   ServletWebServerFactoryConfiguration.EmbeddedTomcat matched:
?[0m?[0;34m      - @ConditionalOnClass found required classes 'javax.servlet.Servlet', 'org.apache.catalina.startup.Tomcat', 'org.apache.coyote.UpgradeProtocol' (OnClassCondition)
?[0m?[0;34m      - @ConditionalOnMissingBean (types: org.springframework.boot.web.servlet.server.ServletWebServerFactory; SearchStrategy: current) did not find any beans (OnBeanCondition)
?[0m?[0;34m
?[0m?[0;34m   ShutdownEndpointAutoConfiguration matched:
?[0m?[0;34m      - @ConditionalOnAvailableEndpoint found property management.endpoint.shutdown.enabled with value true; @ConditionalOnAvailableEndpoint marked as exposed by a 'management.endpoints.web.exposure' property (OnAvailableEndpointCondition)
?[0m?[0;34m
?[0m?[0;34m   ShutdownEndpointAutoConfiguration#shutdownEndpoint matched:
?[0m?[0;34m      - @ConditionalOnMissingBean (types: org.springframework.boot.actuate.context.ShutdownEndpoint; SearchStrategy: all) did not find any beans (OnBeanCondition)
?[0m?[0;34m
?[0m?[0;34m   SimpleCacheConfiguration matched:
?[0m?[0;34m      - Cache org.springframework.boot.autoconfigure.cache.SimpleCacheConfiguration automatic cache type (CacheCondition)
?[0m?[0;34m
?[0m?[0;34m   SimpleMetricsExportAutoConfiguration matched:
?[0m?[0;34m      - @ConditionalOnEnabledMetricsExport management.metrics.export.defaults.enabled is considered true (OnMetricsExportEnabledCondition)
?[0m?[0;34m      - @ConditionalOnBean (types: io.micrometer.core.instrument.Clock; SearchStrategy: all) found bean 'micrometerClock'; @ConditionalOnMissingBean (types: io.micrometer.core.instrument.MeterRegistry; SearchStrategy: all) did not find any beans (OnBeanCondition)
?[0m?[0;34m
?[0m?[0;34m   SimpleMetricsExportAutoConfiguration#simpleConfig matched:
?[0m?[0;34m      - @ConditionalOnMissingBean (types: io.micrometer.core.instrument.simple.SimpleConfig; SearchStrategy: all) did not find any beans (OnBeanCondition)
?[0m?[0;34m
?[0m?[0;34m   SpringDataWebAutoConfiguration matched:
?[0m?[0;34m      - @ConditionalOnClass found required classes 'org.springframework.data.web.PageableHandlerMethodArgumentResolver', 'org.springframework.web.servlet.config.annotation.WebMvcConfigurer' (OnClassCondition)
?[0m?[0;34m      - found 'session' scope (OnWebApplicationCondition)
?[0m?[0;34m      - @ConditionalOnMissingBean (types: org.springframework.data.web.PageableHandlerMethodArgumentResolver; SearchStrategy: all) did not find any beans (OnBeanCondition)
?[0m?[0;34m
?[0m?[0;34m   SpringDataWebAutoConfiguration#pageableCustomizer matched:
?[0m?[0;34m      - @ConditionalOnMissingBean (types: org.springframework.data.web.config.PageableHandlerMethodArgumentResolverCustomizer; SearchStrategy: all) did not find any beans (OnBeanCondition)
?[0m?[0;34m
?[0m?[0;34m   SpringDataWebAutoConfiguration#sortCustomizer matched:
?[0m?[0;34m      - @ConditionalOnMissingBean (types: org.springframework.data.web.config.SortHandlerMethodArgumentResolverCustomizer; SearchStrategy: all) did not find any beans (OnBeanCondition)
?[0m?[0;34m
?[0m?[0;34m   SqlInitializationAutoConfiguration matched:
?[0m?[0;34m      - @ConditionalOnProperty (spring.sql.init.enabled) matched (OnPropertyCondition)
?[0m?[0;34m      - NoneNestedConditions 0 matched 1 did not; NestedCondition on SqlInitializationAutoConfiguration.SqlInitializationModeCondition.ModeIsNever @ConditionalOnProperty (spring.sql.init.mode=never) did not find property 'mode' (SqlInitializationAutoConfiguration.SqlInitializationModeCondition)
?[0m?[0;34m      - @ConditionalOnMissingBean (types: org.springframework.boot.sql.init.AbstractScriptDatabaseInitializer; SearchStrategy: all) did not find any beans (OnBeanCondition)
?[0m?[0;34m
?[0m?[0;34m   SystemMetricsAutoConfiguration matched:
?[0m?[0;34m      - @ConditionalOnClass found required class 'io.micrometer.core.instrument.MeterRegistry' (OnClassCondition)
?[0m?[0;34m      - @ConditionalOnBean (types: io.micrometer.core.instrument.MeterRegistry; SearchStrategy: all) found bean 'simpleMeterRegistry' (OnBeanCondition)
?[0m?[0;34m
?[0m?[0;34m   SystemMetricsAutoConfiguration#fileDescriptorMetrics matched:
?[0m?[0;34m      - @ConditionalOnMissingBean (types: io.micrometer.core.instrument.binder.system.FileDescriptorMetrics; SearchStrategy: all) did not find any beans (OnBeanCondition)
?[0m?[0;34m
?[0m?[0;34m   SystemMetricsAutoConfiguration#processorMetrics matched:
?[0m?[0;34m      - @ConditionalOnMissingBean (types: io.micrometer.core.instrument.binder.system.ProcessorMetrics; SearchStrategy: all) did not find any beans (OnBeanCondition)
?[0m?[0;34m
?[0m?[0;34m   SystemMetricsAutoConfiguration#uptimeMetrics matched:
?[0m?[0;34m      - @ConditionalOnMissingBean (types: io.micrometer.core.instrument.binder.system.UptimeMetrics; SearchStrategy: all) did not find any beans (OnBeanCondition)
?[0m?[0;34m
?[0m?[0;34m   TaskExecutionAutoConfiguration matched:
?[0m?[0;34m      - @ConditionalOnClass found required class 'org.springframework.scheduling.concurrent.ThreadPoolTaskExecutor' (OnClassCondition)
?[0m?[0;34m
?[0m?[0;34m   TaskExecutionAutoConfiguration#applicationTaskExecutor matched:
?[0m?[0;34m      - @ConditionalOnMissingBean (types: java.util.concurrent.Executor; SearchStrategy: all) did not find any beans (OnBeanCondition)
?[0m?[0;34m
?[0m?[0;34m   TaskExecutionAutoConfiguration#taskExecutorBuilder matched:
?[0m?[0;34m      - @ConditionalOnMissingBean (types: org.springframework.boot.task.TaskExecutorBuilder; SearchStrategy: all) did not find any beans (OnBeanCondition)
?[0m?[0;34m
?[0m?[0;34m   TaskSchedulingAutoConfiguration matched:
?[0m?[0;34m      - @ConditionalOnClass found required class 'org.springframework.scheduling.concurrent.ThreadPoolTaskScheduler' (OnClassCondition)
?[0m?[0;34m
?[0m?[0;34m   TaskSchedulingAutoConfiguration#taskSchedulerBuilder matched:
?[0m?[0;34m      - @ConditionalOnMissingBean (types: org.springframework.boot.task.TaskSchedulerBuilder; SearchStrategy: all) did not find any beans (OnBeanCondition)
?[0m?[0;34m
?[0m?[0;34m   ThreadDumpEndpointAutoConfiguration matched:
?[0m?[0;34m      - @ConditionalOnAvailableEndpoint no property management.endpoint.threaddump.enabled found so using endpoint default; @ConditionalOnAvailableEndpoint marked as exposed by a 'management.endpoints.web.exposure' property (OnAvailableEndpointCondition)
?[0m?[0;34m
?[0m?[0;34m   ThreadDumpEndpointAutoConfiguration#dumpEndpoint matched:
?[0m?[0;34m      - @ConditionalOnMissingBean (types: org.springframework.boot.actuate.management.ThreadDumpEndpoint; SearchStrategy: all) did not find any beans (OnBeanCondition)
?[0m?[0;34m
?[0m?[0;34m   TomcatMetricsAutoConfiguration matched:
?[0m?[0;34m      - @ConditionalOnClass found required classes 'io.micrometer.core.instrument.binder.tomcat.TomcatMetrics', 'org.apache.catalina.Manager' (OnClassCondition)
?[0m?[0;34m      - @ConditionalOnWebApplication (required) found 'session' scope (OnWebApplicationCondition)
?[0m?[0;34m
?[0m?[0;34m   TomcatMetricsAutoConfiguration#tomcatMetricsBinder matched:
?[0m?[0;34m      - @ConditionalOnBean (types: io.micrometer.core.instrument.MeterRegistry; SearchStrategy: all) found bean 'simpleMeterRegistry'; @ConditionalOnMissingBean (types: io.micrometer.core.instrument.binder.tomcat.TomcatMetrics,org.springframework.boot.actuate.metrics.web.tomcat.TomcatMetricsBinder; SearchStrategy: all) did not find any beans (OnBeanCondition)
?[0m?[0;34m
?[0m?[0;34m   TransactionAutoConfiguration matched:
?[0m?[0;34m      - @ConditionalOnClass found required class 'org.springframework.transaction.PlatformTransactionManager' (OnClassCondition)
?[0m?[0;34m
?[0m?[0;34m   TransactionAutoConfiguration#platformTransactionManagerCustomizers matched:
?[0m?[0;34m      - @ConditionalOnMissingBean (types: org.springframework.boot.autoconfigure.transaction.TransactionManagerCustomizers; SearchStrategy: all) did not find any beans (OnBeanCondition)
?[0m?[0;34m
?[0m?[0;34m   TransactionAutoConfiguration.EnableTransactionManagementConfiguration matched:
?[0m?[0;34m      - @ConditionalOnBean (types: org.springframework.transaction.TransactionManager; SearchStrategy: all) found bean 'transactionManager'; @ConditionalOnMissingBean (types: org.springframework.transaction.annotation.AbstractTransactionManagementConfiguration; SearchStrategy: all) did not find any beans (OnBeanCondition)
?[0m?[0;34m
?[0m?[0;34m   TransactionAutoConfiguration.EnableTransactionManagementConfiguration.CglibAutoProxyConfiguration matched:
?[0m?[0;34m      - @ConditionalOnProperty (spring.aop.proxy-target-class=true) matched (OnPropertyCondition)
?[0m?[0;34m
?[0m?[0;34m   TransactionAutoConfiguration.TransactionTemplateConfiguration matched:
?[0m?[0;34m      - @ConditionalOnSingleCandidate (types: org.springframework.transaction.PlatformTransactionManager; SearchStrategy: all) found a primary bean from beans 'transactionManager' (OnBeanCondition)
?[0m?[0;34m
?[0m?[0;34m   TransactionAutoConfiguration.TransactionTemplateConfiguration#transactionTemplate matched:
?[0m?[0;34m      - @ConditionalOnMissingBean (types: org.springframework.transaction.support.TransactionOperations; SearchStrategy: all) did not find any beans (OnBeanCondition)
?[0m?[0;34m
?[0m?[0;34m   WebEndpointAutoConfiguration matched:
?[0m?[0;34m      - @ConditionalOnWebApplication (required) found 'session' scope (OnWebApplicationCondition)
?[0m?[0;34m
?[0m?[0;34m   WebEndpointAutoConfiguration#controllerEndpointDiscoverer matched:
?[0m?[0;34m      - @ConditionalOnMissingBean (types: org.springframework.boot.actuate.endpoint.web.annotation.ControllerEndpointsSupplier; SearchStrategy: all) did not find any beans (OnBeanCondition)
?[0m?[0;34m
?[0m?[0;34m   WebEndpointAutoConfiguration#endpointMediaTypes matched:
?[0m?[0;34m      - @ConditionalOnMissingBean (types: org.springframework.boot.actuate.endpoint.web.EndpointMediaTypes; SearchStrategy: all) did not find any beans (OnBeanCondition)
?[0m?[0;34m
?[0m?[0;34m   WebEndpointAutoConfiguration#pathMappedEndpoints matched:
?[0m?[0;34m      - @ConditionalOnMissingBean (types: org.springframework.boot.actuate.endpoint.web.PathMappedEndpoints; SearchStrategy: all) did not find any beans (OnBeanCondition)
?[0m?[0;34m
?[0m?[0;34m   WebEndpointAutoConfiguration#webEndpointDiscoverer matched:
?[0m?[0;34m      - @ConditionalOnMissingBean (types: org.springframework.boot.actuate.endpoint.web.WebEndpointsSupplier; SearchStrategy: all) did not find any beans (OnBeanCondition)
?[0m?[0;34m
?[0m?[0;34m   WebEndpointAutoConfiguration.WebEndpointServletConfiguration matched:
?[0m?[0;34m      - found 'session' scope (OnWebApplicationCondition)
?[0m?[0;34m
?[0m?[0;34m   WebEndpointAutoConfiguration.WebEndpointServletConfiguration#servletEndpointDiscoverer matched:
?[0m?[0;34m      - @ConditionalOnMissingBean (types: org.springframework.boot.actuate.endpoint.web.annotation.ServletEndpointsSupplier; SearchStrategy: all) did not find any beans (OnBeanCondition)
?[0m?[0;34m
?[0m?[0;34m   WebMvcAutoConfiguration matched:
?[0m?[0;34m      - @ConditionalOnClass found required classes 'javax.servlet.Servlet', 'org.springframework.web.servlet.DispatcherServlet', 'org.springframework.web.servlet.config.annotation.WebMvcConfigurer' (OnClassCondition)
?[0m?[0;34m      - found 'session' scope (OnWebApplicationCondition)
?[0m?[0;34m      - @ConditionalOnMissingBean (types: org.springframework.web.servlet.config.annotation.WebMvcConfigurationSupport; SearchStrategy: all) did not find any beans (OnBeanCondition)
?[0m?[0;34m
?[0m?[0;34m   WebMvcAutoConfiguration#formContentFilter matched:
?[0m?[0;34m      - @ConditionalOnProperty (spring.mvc.formcontent.filter.enabled) matched (OnPropertyCondition)
?[0m?[0;34m      - @ConditionalOnMissingBean (types: org.springframework.web.filter.FormContentFilter; SearchStrategy: all) did not find any beans (OnBeanCondition)
?[0m?[0;34m
?[0m?[0;34m   WebMvcAutoConfiguration.EnableWebMvcConfiguration#flashMapManager matched:
?[0m?[0;34m      - @ConditionalOnMissingBean (names: flashMapManager; SearchStrategy: all) did not find any beans (OnBeanCondition)
?[0m?[0;34m
?[0m?[0;34m   WebMvcAutoConfiguration.EnableWebMvcConfiguration#localeResolver matched:
?[0m?[0;34m      - @ConditionalOnMissingBean (names: localeResolver; SearchStrategy: all) did not find any beans (OnBeanCondition)
?[0m?[0;34m
?[0m?[0;34m   WebMvcAutoConfiguration.EnableWebMvcConfiguration#themeResolver matched:
?[0m?[0;34m      - @ConditionalOnMissingBean (names: themeResolver; SearchStrategy: all) did not find any beans (OnBeanCondition)
?[0m?[0;34m
?[0m?[0;34m   WebMvcAutoConfiguration.WebMvcAutoConfigurationAdapter#defaultViewResolver matched:
?[0m?[0;34m      - @ConditionalOnMissingBean (types: org.springframework.web.servlet.view.InternalResourceViewResolver; SearchStrategy: all) did not find any beans (OnBeanCondition)
?[0m?[0;34m
?[0m?[0;34m   WebMvcAutoConfiguration.WebMvcAutoConfigurationAdapter#requestContextFilter matched:
?[0m?[0;34m      - @ConditionalOnMissingBean (types: org.springframework.web.context.request.RequestContextListener,org.springframework.web.filter.RequestContextFilter; SearchStrategy: all) did not find any beans (OnBeanCondition)
?[0m?[0;34m
?[0m?[0;34m   WebMvcAutoConfiguration.WebMvcAutoConfigurationAdapter#viewResolver matched:
?[0m?[0;34m      - @ConditionalOnBean (types: org.springframework.web.servlet.ViewResolver; SearchStrategy: all) found beans 'defaultViewResolver', 'beanNameViewResolver', 'mvcViewResolver'; @ConditionalOnMissingBean (names: viewResolver types: org.springframework.web.servlet.view.ContentNegotiatingViewResolver; SearchStrategy: all) did not find any beans (OnBeanCondition)
?[0m?[0;34m
?[0m?[0;34m   WebMvcEndpointManagementContextConfiguration matched:
?[0m?[0;34m      - @ConditionalOnClass found required class 'org.springframework.web.servlet.DispatcherServlet' (OnClassCondition)
?[0m?[0;34m      - found 'session' scope (OnWebApplicationCondition)
?[0m?[0;34m      - @ConditionalOnBean (types: org.springframework.web.servlet.DispatcherServlet,org.springframework.boot.actuate.endpoint.web.WebEndpointsSupplier; SearchStrategy: all) found beans 'webEndpointDiscoverer', 'dispatcherServlet' (OnBeanCondition)
?[0m?[0;34m
?[0m?[0;34m   WebMvcEndpointManagementContextConfiguration#controllerEndpointHandlerMapping matched:
?[0m?[0;34m      - @ConditionalOnMissingBean (types: org.springframework.boot.actuate.endpoint.web.servlet.ControllerEndpointHandlerMapping; SearchStrategy: all) did not find any beans (OnBeanCondition)
?[0m?[0;34m
?[0m?[0;34m   WebMvcEndpointManagementContextConfiguration#webEndpointServletHandlerMapping matched:
?[0m?[0;34m      - @ConditionalOnMissingBean (types: org.springframework.boot.actuate.endpoint.web.servlet.WebMvcEndpointHandlerMapping; SearchStrategy: all) did not find any beans (OnBeanCondition)
?[0m?[0;34m
?[0m?[0;34m   WebMvcMetricsAutoConfiguration matched:
?[0m?[0;34m      - @ConditionalOnClass found required class 'org.springframework.web.servlet.DispatcherServlet' (OnClassCondition)
?[0m?[0;34m      - found 'session' scope (OnWebApplicationCondition)
?[0m?[0;34m      - @ConditionalOnBean (types: io.micrometer.core.instrument.MeterRegistry; SearchStrategy: all) found bean 'simpleMeterRegistry' (OnBeanCondition)
?[0m?[0;34m
?[0m?[0;34m   WebMvcMetricsAutoConfiguration#webMvcTagsProvider matched:
?[0m?[0;34m      - @ConditionalOnMissingBean (types: org.springframework.boot.actuate.metrics.web.servlet.WebMvcTagsProvider; SearchStrategy: all) did not find any beans (OnBeanCondition)
?[0m?[0;34m
?[0m?[0;34m   WebSocketServletAutoConfiguration matched:
?[0m?[0;34m      - @ConditionalOnClass found required classes 'javax.servlet.Servlet', 'javax.websocket.server.ServerContainer' (OnClassCondition)
?[0m?[0;34m      - found 'session' scope (OnWebApplicationCondition)
?[0m?[0;34m
?[0m?[0;34m   WebSocketServletAutoConfiguration.TomcatWebSocketConfiguration matched:
?[0m?[0;34m      - @ConditionalOnClass found required classes 'org.apache.catalina.startup.Tomcat', 'org.apache.tomcat.websocket.server.WsSci' (OnClassCondition)
?[0m?[0;34m
?[0m?[0;34m   WebSocketServletAutoConfiguration.TomcatWebSocketConfiguration#websocketServletWebServerCustomizer matched:
?[0m?[0;34m      - @ConditionalOnMissingBean (names: websocketServletWebServerCustomizer; SearchStrategy: all) did not find any beans (OnBeanCondition)
?[0m?[0;34m
?[0m?[0;34m
?[0m?[0;34mNegative matches:
?[0m?[0;34m-----------------
?[0m?[0;34m
?[0m?[0;34m   ActiveMQAutoConfiguration:
?[0m?[0;34m      Did not match:
?[0m?[0;34m         - @ConditionalOnClass did not find required class 'javax.jms.ConnectionFactory' (OnClassCondition)
?[0m?[0;34m
?[0m?[0;34m   AopAutoConfiguration.AspectJAutoProxyingConfiguration.JdkDynamicAutoProxyConfiguration:
?[0m?[0;34m      Did not match:
?[0m?[0;34m         - @ConditionalOnProperty (spring.aop.proxy-target-class=false) did not find property 'proxy-target-class' (OnPropertyCondition)
?[0m?[0;34m
?[0m?[0;34m   AopAutoConfiguration.ClassProxyingConfiguration:
?[0m?[0;34m      Did not match:
?[0m?[0;34m         - @ConditionalOnMissingClass found unwanted class 'org.aspectj.weaver.Advice' (OnClassCondition)
?[0m?[0;34m
?[0m?[0;34m   AppOpticsMetricsExportAutoConfiguration:
?[0m?[0;34m      Did not match:
?[0m?[0;34m         - @ConditionalOnClass did not find required class 'io.micrometer.appoptics.AppOpticsMeterRegistry' (OnClassCondition)
?[0m?[0;34m
?[0m?[0;34m   ArtemisAutoConfiguration:
?[0m?[0;34m      Did not match:
?[0m?[0;34m         - @ConditionalOnClass did not find required class 'javax.jms.ConnectionFactory' (OnClassCondition)
?[0m?[0;34m
?[0m?[0;34m   AtlasMetricsExportAutoConfiguration:
?[0m?[0;34m      Did not match:
?[0m?[0;34m         - @ConditionalOnClass did not find required class 'io.micrometer.atlas.AtlasMeterRegistry' (OnClassCondition)
?[0m?[0;34m
?[0m?[0;34m   AtomikosJtaConfiguration:
?[0m?[0;34m      Did not match:
?[0m?[0;34m         - @ConditionalOnClass did not find required class 'com.atomikos.icatch.jta.UserTransactionManager' (OnClassCondition)
?[0m?[0;34m
?[0m?[0;34m   AuditAutoConfiguration:
?[0m?[0;34m      Did not match:
?[0m?[0;34m         - @ConditionalOnBean (types: org.springframework.boot.actuate.audit.AuditEventRepository; SearchStrategy: all) did not find any beans of type org.springframework.boot.actuate.audit.AuditEventRepository (OnBeanCondition)
?[0m?[0;34m      Matched:
?[0m?[0;34m         - @ConditionalOnProperty (management.auditevents.enabled) matched (OnPropertyCondition)
?[0m?[0;34m
?[0m?[0;34m   AuditEventsEndpointAutoConfiguration#auditEventsEndpoint:
?[0m?[0;34m      Did not match:
?[0m?[0;34m         - @ConditionalOnBean (types: org.springframework.boot.actuate.audit.AuditEventRepository; SearchStrategy: all) did not find any beans of type org.springframework.boot.actuate.audit.AuditEventRepository (OnBeanCondition)
?[0m?[0;34m
?[0m?[0;34m   AvailabilityHealthContributorAutoConfiguration#livenessStateHealthIndicator:
?[0m?[0;34m      Did not match:
?[0m?[0;34m         - @ConditionalOnProperty (management.health.livenessstate.enabled=true) did not find property 'enabled' (OnPropertyCondition)
?[0m?[0;34m
?[0m?[0;34m   AvailabilityHealthContributorAutoConfiguration#readinessStateHealthIndicator:
?[0m?[0;34m      Did not match:
?[0m?[0;34m         - @ConditionalOnProperty (management.health.readinessstate.enabled=true) did not find property 'enabled' (OnPropertyCondition)
?[0m?[0;34m
?[0m?[0;34m   AvailabilityProbesAutoConfiguration:
?[0m?[0;34m      Did not match:
?[0m?[0;34m         - Probes availability not running on a supported cloud platform (AvailabilityProbesAutoConfiguration.ProbesCondition)
?[0m?[0;34m
?[0m?[0;34m   BatchAutoConfiguration:
?[0m?[0;34m      Did not match:
?[0m?[0;34m         - @ConditionalOnClass did not find required class 'org.springframework.batch.core.launch.JobLauncher' (OnClassCondition)
?[0m?[0;34m
?[0m?[0;34m   CacheAutoConfiguration:
?[0m?[0;34m      Did not match:
?[0m?[0;34m         - @ConditionalOnBean (types: org.springframework.cache.interceptor.CacheAspectSupport; SearchStrategy: all) did not find any beans of type org.springframework.cache.interceptor.CacheAspectSupport (OnBeanCondition)
?[0m?[0;34m      Matched:
?[0m?[0;34m         - @ConditionalOnClass found required class 'org.springframework.cache.CacheManager' (OnClassCondition)
?[0m?[0;34m
?[0m?[0;34m   CacheAutoConfiguration.CacheManagerEntityManagerFactoryDependsOnPostProcessor:
?[0m?[0;34m      Did not match:
?[0m?[0;34m         - Ancestor org.springframework.boot.autoconfigure.cache.CacheAutoConfiguration did not match (ConditionEvaluationReport.AncestorsMatchedCondition)
?[0m?[0;34m      Matched:
?[0m?[0;34m         - @ConditionalOnClass found required class 'org.springframework.orm.jpa.LocalContainerEntityManagerFactoryBean' (OnClassCondition)
?[0m?[0;34m
?[0m?[0;34m   CacheMeterBinderProvidersConfiguration.CaffeineCacheMeterBinderProviderConfiguration:
?[0m?[0;34m      Did not match:
?[0m?[0;34m         - @ConditionalOnClass did not find required class 'com.github.benmanes.caffeine.cache.Cache' (OnClassCondition)
?[0m?[0;34m
?[0m?[0;34m   CacheMeterBinderProvidersConfiguration.EhCache2CacheMeterBinderProviderConfiguration:
?[0m?[0;34m      Did not match:
?[0m?[0;34m         - @ConditionalOnClass did not find required class 'net.sf.ehcache.Ehcache' (OnClassCondition)
?[0m?[0;34m
?[0m?[0;34m   CacheMeterBinderProvidersConfiguration.HazelcastCacheMeterBinderProviderConfiguration:
?[0m?[0;34m      Did not match:
?[0m?[0;34m         - @ConditionalOnClass did not find required classes 'com.hazelcast.spring.cache.HazelcastCache', 'com.hazelcast.core.Hazelcast' (OnClassCondition)
?[0m?[0;34m
?[0m?[0;34m   CacheMeterBinderProvidersConfiguration.JCacheCacheMeterBinderProviderConfiguration:
?[0m?[0;34m      Did not match:
?[0m?[0;34m         - @ConditionalOnClass did not find required class 'javax.cache.CacheManager' (OnClassCondition)
?[0m?[0;34m
?[0m?[0;34m   CacheMeterBinderProvidersConfiguration.RedisCacheMeterBinderProviderConfiguration:
?[0m?[0;34m      Did not match:
?[0m?[0;34m         - @ConditionalOnClass did not find required class 'org.springframework.data.redis.cache.RedisCache' (OnClassCondition)
?[0m?[0;34m
?[0m?[0;34m   CacheMetricsAutoConfiguration:
?[0m?[0;34m      Did not match:
?[0m?[0;34m         - @ConditionalOnBean (types: org.springframework.cache.CacheManager; SearchStrategy: all) did not find any beans of type org.springframework.cache.CacheManager (OnBeanCondition)
?[0m?[0;34m
?[0m?[0;34m   CaffeineCacheConfiguration:
?[0m?[0;34m      Did not match:
?[0m?[0;34m         - @ConditionalOnClass did not find required class 'com.github.benmanes.caffeine.cache.Caffeine' (OnClassCondition)
?[0m?[0;34m
?[0m?[0;34m   CassandraAutoConfiguration:
?[0m?[0;34m      Did not match:
?[0m?[0;34m         - @ConditionalOnClass did not find required class 'com.datastax.oss.driver.api.core.CqlSession' (OnClassCondition)
?[0m?[0;34m
?[0m?[0;34m   CassandraDataAutoConfiguration:
?[0m?[0;34m      Did not match:
?[0m?[0;34m         - @ConditionalOnClass did not find required class 'com.datastax.oss.driver.api.core.CqlSession' (OnClassCondition)
?[0m?[0;34m
?[0m?[0;34m   CassandraHealthContributorAutoConfiguration:
?[0m?[0;34m      Did not match:
?[0m?[0;34m         - @ConditionalOnClass did not find required class 'com.datastax.oss.driver.api.core.CqlSession' (OnClassCondition)
?[0m?[0;34m
?[0m?[0;34m   CassandraReactiveDataAutoConfiguration:
?[0m?[0;34m      Did not match:
?[0m?[0;34m         - @ConditionalOnClass did not find required class 'com.datastax.oss.driver.api.core.CqlSession' (OnClassCondition)
?[0m?[0;34m
?[0m?[0;34m   CassandraReactiveHealthContributorAutoConfiguration:
?[0m?[0;34m      Did not match:
?[0m?[0;34m         - @ConditionalOnClass did not find required class 'com.datastax.oss.driver.api.core.CqlSession' (OnClassCondition)
?[0m?[0;34m
?[0m?[0;34m   CassandraReactiveRepositoriesAutoConfiguration:
?[0m?[0;34m      Did not match:
?[0m?[0;34m         - @ConditionalOnClass did not find required class 'org.springframework.data.cassandra.ReactiveSession' (OnClassCondition)
?[0m?[0;34m
?[0m?[0;34m   CassandraRepositoriesAutoConfiguration:
?[0m?[0;34m      Did not match:
?[0m?[0;34m         - @ConditionalOnClass did not find required class 'com.datastax.oss.driver.api.core.CqlSession' (OnClassCondition)
?[0m?[0;34m
?[0m?[0;34m   ClientHttpConnectorAutoConfiguration:
?[0m?[0;34m      Did not match:
?[0m?[0;34m         - @ConditionalOnClass did not find required class 'org.springframework.web.reactive.function.client.WebClient' (OnClassCondition)
?[0m?[0;34m
?[0m?[0;34m   CloudFoundryActuatorAutoConfiguration:
?[0m?[0;34m      Did not match:
?[0m?[0;34m         - @ConditionalOnCloudPlatform did not find CLOUD_FOUNDRY (OnCloudPlatformCondition)
?[0m?[0;34m      Matched:
?[0m?[0;34m         - @ConditionalOnClass found required class 'org.springframework.web.servlet.DispatcherServlet' (OnClassCondition)
?[0m?[0;34m         - found 'session' scope (OnWebApplicationCondition)
?[0m?[0;34m         - @ConditionalOnProperty (management.cloudfoundry.enabled) matched (OnPropertyCondition)
?[0m?[0;34m
?[0m?[0;34m   CodecsAutoConfiguration:
?[0m?[0;34m      Did not match:
?[0m?[0;34m         - @ConditionalOnClass did not find required class 'org.springframework.web.reactive.function.client.WebClient' (OnClassCondition)
?[0m?[0;34m
?[0m?[0;34m   CompositeMeterRegistryConfiguration:
?[0m?[0;34m      Did not match:
?[0m?[0;34m         - NoneNestedConditions 1 matched 1 did not; NestedCondition on CompositeMeterRegistryConfiguration.MultipleNonPrimaryMeterRegistriesCondition.SingleInjectableMeterRegistry @ConditionalOnSingleCandidate (types: io.micrometer.core.instrument.MeterRegistry; SearchStrategy: all) found a primary bean from beans 'simpleMeterRegistry'; NestedCondition on CompositeMeterRegistryConfiguration.MultipleNonPrimaryMeterRegistriesCondition.NoMeterRegistryCondition @ConditionalOnMissingBean (types: io.micrometer.core.instrument.MeterRegistry; SearchStrategy: all) found beans of type 'io.micrometer.core.instrument.MeterRegistry' simpleMeterRegistry (CompositeMeterRegistryConfiguration.MultipleNonPrimaryMeterRegistriesCondition)
?[0m?[0;34m
?[0m?[0;34m   ConnectionFactoryHealthContributorAutoConfiguration:
?[0m?[0;34m      Did not match:
?[0m?[0;34m         - @ConditionalOnClass did not find required class 'io.r2dbc.spi.ConnectionFactory' (OnClassCondition)
?[0m?[0;34m
?[0m?[0;34m   ConnectionPoolMetricsAutoConfiguration:
?[0m?[0;34m      Did not match:
?[0m?[0;34m         - @ConditionalOnClass did not find required class 'io.r2dbc.pool.ConnectionPool' (OnClassCondition)
?[0m?[0;34m
?[0m?[0;34m   CouchbaseAutoConfiguration:
?[0m?[0;34m      Did not match:
?[0m?[0;34m         - @ConditionalOnClass did not find required class 'com.couchbase.client.java.Cluster' (OnClassCondition)
?[0m?[0;34m
?[0m?[0;34m   CouchbaseCacheConfiguration:
?[0m?[0;34m      Did not match:
?[0m?[0;34m         - @ConditionalOnClass did not find required class 'com.couchbase.client.java.Cluster' (OnClassCondition)
?[0m?[0;34m
?[0m?[0;34m   CouchbaseDataAutoConfiguration:
?[0m?[0;34m      Did not match:
?[0m?[0;34m         - @ConditionalOnClass did not find required class 'com.couchbase.client.java.Bucket' (OnClassCondition)
?[0m?[0;34m
?[0m?[0;34m   CouchbaseHealthContributorAutoConfiguration:
?[0m?[0;34m      Did not match:
?[0m?[0;34m         - @ConditionalOnClass did not find required class 'com.couchbase.client.java.Cluster' (OnClassCondition)
?[0m?[0;34m
?[0m?[0;34m   CouchbaseReactiveDataAutoConfiguration:
?[0m?[0;34m      Did not match:
?[0m?[0;34m         - @ConditionalOnClass did not find required class 'com.couchbase.client.java.Cluster' (OnClassCondition)
?[0m?[0;34m
?[0m?[0;34m   CouchbaseReactiveHealthContributorAutoConfiguration:
?[0m?[0;34m      Did not match:
?[0m?[0;34m         - @ConditionalOnClass did not find required class 'com.couchbase.client.java.Cluster' (OnClassCondition)
?[0m?[0;34m
?[0m?[0;34m   CouchbaseReactiveRepositoriesAutoConfiguration:
?[0m?[0;34m      Did not match:
?[0m?[0;34m         - @ConditionalOnClass did not find required class 'com.couchbase.client.java.Cluster' (OnClassCondition)
?[0m?[0;34m
?[0m?[0;34m   CouchbaseRepositoriesAutoConfiguration:
?[0m?[0;34m      Did not match:
?[0m?[0;34m         - @ConditionalOnClass did not find required class 'com.couchbase.client.java.Bucket' (OnClassCondition)
?[0m?[0;34m
?[0m?[0;34m   DataSourceAutoConfiguration.EmbeddedDatabaseConfiguration:
?[0m?[0;34m      Did not match:
?[0m?[0;34m         - EmbeddedDataSource spring.datasource.url is set (DataSourceAutoConfiguration.EmbeddedDatabaseCondition)
?[0m?[0;34m
?[0m?[0;34m   DataSourceConfiguration.Dbcp2:
?[0m?[0;34m      Did not match:
?[0m?[0;34m         - @ConditionalOnClass did not find required class 'org.apache.commons.dbcp2.BasicDataSource' (OnClassCondition)
?[0m?[0;34m
?[0m?[0;34m   DataSourceConfiguration.Generic:
?[0m?[0;34m      Did not match:
?[0m?[0;34m         - @ConditionalOnProperty (spring.datasource.type) did not find property 'spring.datasource.type' (OnPropertyCondition)
?[0m?[0;34m
?[0m?[0;34m   DataSourceConfiguration.OracleUcp:
?[0m?[0;34m      Did not match:
?[0m?[0;34m         - @ConditionalOnClass did not find required classes 'oracle.ucp.jdbc.PoolDataSourceImpl', 'oracle.jdbc.OracleConnection' (OnClassCondition)
?[0m?[0;34m
?[0m?[0;34m   DataSourceConfiguration.Tomcat:
?[0m?[0;34m      Did not match:
?[0m?[0;34m         - @ConditionalOnClass did not find required class 'org.apache.tomcat.jdbc.pool.DataSource' (OnClassCondition)
?[0m?[0;34m
?[0m?[0;34m   DataSourceInitializationConfiguration.InitializationSpecificCredentialsDataSourceInitializationConfiguration:
?[0m?[0;34m      Did not match:
?[0m?[0;34m         - AnyNestedCondition 0 matched 2 did not; NestedCondition on DataSourceInitializationConfiguration.InitializationSpecificCredentialsDataSourceInitializationConfiguration.DifferentCredentialsCondition.DataCredentials @ConditionalOnProperty (spring.datasource.data-username) did not find property 'data-username'; NestedCondition on DataSourceInitializationConfiguration.InitializationSpecificCredentialsDataSourceInitializationConfiguration.DifferentCredentialsCondition.SchemaCredentials @ConditionalOnProperty (spring.datasource.schema-username) did not find property 'schema-username' (DataSourceInitializationConfiguration.InitializationSpecificCredentialsDataSourceInitializationConfiguration.DifferentCredentialsCondition)
?[0m?[0;34m
?[0m?[0;34m   DataSourceInitializationConfiguration.SharedCredentialsDataSourceInitializationConfiguration:
?[0m?[0;34m      Did not match:
?[0m?[0;34m         - DataSource Initialization did not find configured properties spring.datasource.data-username, spring.datasource.schema-password, spring.datasource.schema[0], spring.datasource.data[0], spring.datasource.data, spring.datasource.schema-username, spring.datasource.data-password, spring.datasource.initialization-mode, spring.datasource.schema, spring.datasource.sql-script-encoding, spring.datasource.separator, spring.datasource.platform, spring.datasource.continue-on-error (DataSourceInitializationConfiguration.SharedCredentialsDataSourceInitializationConfiguration.DataSourceInitializationCondition)
?[0m?[0;34m
?[0m?[0;34m   DataSourceJmxConfiguration.TomcatDataSourceJmxConfiguration:
?[0m?[0;34m      Did not match:
?[0m?[0;34m         - @ConditionalOnClass did not find required class 'org.apache.tomcat.jdbc.pool.DataSourceProxy' (OnClassCondition)
?[0m?[0;34m
?[0m?[0;34m   DataSourcePoolMetadataProvidersConfiguration.CommonsDbcp2PoolDataSourceMetadataProviderConfiguration:
?[0m?[0;34m      Did not match:
?[0m?[0;34m         - @ConditionalOnClass did not find required class 'org.apache.commons.dbcp2.BasicDataSource' (OnClassCondition)
?[0m?[0;34m
?[0m?[0;34m   DataSourcePoolMetadataProvidersConfiguration.OracleUcpPoolDataSourceMetadataProviderConfiguration:
?[0m?[0;34m      Did not match:
?[0m?[0;34m         - @ConditionalOnClass did not find required classes 'oracle.ucp.jdbc.PoolDataSource', 'oracle.jdbc.OracleConnection' (OnClassCondition)
?[0m?[0;34m
?[0m?[0;34m   DataSourcePoolMetadataProvidersConfiguration.TomcatDataSourcePoolMetadataProviderConfiguration:
?[0m?[0;34m      Did not match:
?[0m?[0;34m         - @ConditionalOnClass did not find required class 'org.apache.tomcat.jdbc.pool.DataSource' (OnClassCondition)
?[0m?[0;34m
?[0m?[0;34m   DataSourceTransactionManagerAutoConfiguration.JdbcTransactionManagerConfiguration#transactionManager:
?[0m?[0;34m      Did not match:
?[0m?[0;34m         - @ConditionalOnMissingBean (types: org.springframework.transaction.TransactionManager; SearchStrategy: all) found beans of type 'org.springframework.transaction.TransactionManager' transactionManager (OnBeanCondition)
?[0m?[0;34m
?[0m?[0;34m   DatadogMetricsExportAutoConfiguration:
?[0m?[0;34m      Did not match:
?[0m?[0;34m         - @ConditionalOnClass did not find required class 'io.micrometer.datadog.DatadogMeterRegistry' (OnClassCondition)
?[0m?[0;34m
?[0m?[0;34m   DispatcherServletAutoConfiguration.DispatcherServletConfiguration#multipartResolver:
?[0m?[0;34m      Did not match:
?[0m?[0;34m         - @ConditionalOnBean (types: org.springframework.web.multipart.MultipartResolver; SearchStrategy: all) did not find any beans of type org.springframework.web.multipart.MultipartResolver (OnBeanCondition)
?[0m?[0;34m
?[0m?[0;34m   DynatraceMetricsExportAutoConfiguration:
?[0m?[0;34m      Did not match:
?[0m?[0;34m         - @ConditionalOnClass did not find required class 'io.micrometer.dynatrace.DynatraceMeterRegistry' (OnClassCondition)
?[0m?[0;34m
?[0m?[0;34m   EhCacheCacheConfiguration:
?[0m?[0;34m      Did not match:
?[0m?[0;34m         - @ConditionalOnClass did not find required class 'net.sf.ehcache.Cache' (OnClassCondition)
?[0m?[0;34m
?[0m?[0;34m   ElasticMetricsExportAutoConfiguration:
?[0m?[0;34m      Did not match:
?[0m?[0;34m         - @ConditionalOnClass did not find required class 'io.micrometer.elastic.ElasticMeterRegistry' (OnClassCondition)
?[0m?[0;34m
?[0m?[0;34m   ElasticSearchReactiveHealthContributorAutoConfiguration:
?[0m?[0;34m      Did not match:
?[0m?[0;34m         - @ConditionalOnClass did not find required class 'reactor.core.publisher.Flux' (OnClassCondition)
?[0m?[0;34m
?[0m?[0;34m   ElasticSearchRestHealthContributorAutoConfiguration:
?[0m?[0;34m      Did not match:
?[0m?[0;34m         - @ConditionalOnClass did not find required class 'org.elasticsearch.client.RestHighLevelClient' (OnClassCondition)
?[0m?[0;34m
?[0m?[0;34m   ElasticsearchDataAutoConfiguration:
?[0m?[0;34m      Did not match:
?[0m?[0;34m         - @ConditionalOnClass did not find required class 'org.springframework.data.elasticsearch.core.ElasticsearchRestTemplate' (OnClassCondition)
?[0m?[0;34m
?[0m?[0;34m   ElasticsearchRepositoriesAutoConfiguration:
?[0m?[0;34m      Did not match:
?[0m?[0;34m         - @ConditionalOnClass did not find required class 'org.elasticsearch.client.Client' (OnClassCondition)
?[0m?[0;34m
?[0m?[0;34m   ElasticsearchRestClientAutoConfiguration:
?[0m?[0;34m      Did not match:
?[0m?[0;34m         - @ConditionalOnClass did not find required class 'org.elasticsearch.client.RestHighLevelClient' (OnClassCondition)
?[0m?[0;34m
?[0m?[0;34m   EmbeddedLdapAutoConfiguration:
?[0m?[0;34m      Did not match:
?[0m?[0;34m         - @ConditionalOnClass did not find required class 'com.unboundid.ldap.listener.InMemoryDirectoryServer' (OnClassCondition)
?[0m?[0;34m
?[0m?[0;34m   EmbeddedMongoAutoConfiguration:
?[0m?[0;34m      Did not match:
?[0m?[0;34m         - @ConditionalOnClass did not find required class 'com.mongodb.MongoClientSettings' (OnClassCondition)
?[0m?[0;34m
?[0m?[0;34m   EmbeddedWebServerFactoryCustomizerAutoConfiguration.JettyWebServerFactoryCustomizerConfiguration:
?[0m?[0;34m      Did not match:
?[0m?[0;34m         - @ConditionalOnClass did not find required classes 'org.eclipse.jetty.server.Server', 'org.eclipse.jetty.util.Loader', 'org.eclipse.jetty.webapp.WebAppContext' (OnClassCondition)
?[0m?[0;34m
?[0m?[0;34m   EmbeddedWebServerFactoryCustomizerAutoConfiguration.NettyWebServerFactoryCustomizerConfiguration:
?[0m?[0;34m      Did not match:
?[0m?[0;34m         - @ConditionalOnClass did not find required class 'reactor.netty.http.server.HttpServer' (OnClassCondition)
?[0m?[0;34m
?[0m?[0;34m   EmbeddedWebServerFactoryCustomizerAutoConfiguration.UndertowWebServerFactoryCustomizerConfiguration:
?[0m?[0;34m      Did not match:
?[0m?[0;34m         - @ConditionalOnClass did not find required classes 'io.undertow.Undertow', 'org.xnio.SslClientAuthMode' (OnClassCondition)
?[0m?[0;34m
?[0m?[0;34m   ErrorWebFluxAutoConfiguration:
?[0m?[0;34m      Did not match:
?[0m?[0;34m         - @ConditionalOnClass did not find required class 'org.springframework.web.reactive.config.WebFluxConfigurer' (OnClassCondition)
?[0m?[0;34m
?[0m?[0;34m   FlywayAutoConfiguration:
?[0m?[0;34m      Did not match:
?[0m?[0;34m         - @ConditionalOnClass did not find required class 'org.flywaydb.core.Flyway' (OnClassCondition)
?[0m?[0;34m
?[0m?[0;34m   FlywayEndpointAutoConfiguration:
?[0m?[0;34m      Did not match:
?[0m?[0;34m         - @ConditionalOnClass did not find required class 'org.flywaydb.core.Flyway' (OnClassCondition)
?[0m?[0;34m
?[0m?[0;34m   FreeMarkerNonWebConfiguration:
?[0m?[0;34m      Did not match:
?[0m?[0;34m         - @ConditionalOnWebApplication found 'session' scope and did not find reactive web application classes (OnWebApplicationCondition)
?[0m?[0;34m
?[0m?[0;34m   FreeMarkerReactiveWebConfiguration:
?[0m?[0;34m      Did not match:
?[0m?[0;34m         - did not find reactive web application classes (OnWebApplicationCondition)
?[0m?[0;34m
?[0m?[0;34m   FreeMarkerServletWebConfiguration#resourceUrlEncodingFilter:
?[0m?[0;34m      Did not match:
?[0m?[0;34m         - @ConditionalOnEnabledResourceChain did not find class org.webjars.WebJarAssetLocator (OnEnabledResourceChainCondition)
?[0m?[0;34m
?[0m?[0;34m   GangliaMetricsExportAutoConfiguration:
?[0m?[0;34m      Did not match:
?[0m?[0;34m         - @ConditionalOnClass did not find required class 'io.micrometer.ganglia.GangliaMeterRegistry' (OnClassCondition)
?[0m?[0;34m
?[0m?[0;34m   GraphiteMetricsExportAutoConfiguration:
?[0m?[0;34m      Did not match:
?[0m?[0;34m         - @ConditionalOnClass did not find required class 'io.micrometer.graphite.GraphiteMeterRegistry' (OnClassCondition)
?[0m?[0;34m
?[0m?[0;34m   GroovyTemplateAutoConfiguration:
?[0m?[0;34m      Did not match:
?[0m?[0;34m         - @ConditionalOnClass did not find required class 'groovy.text.markup.MarkupTemplateEngine' (OnClassCondition)
?[0m?[0;34m
?[0m?[0;34m   GsonHttpMessageConvertersConfiguration.GsonHttpMessageConverterConfiguration:
?[0m?[0;34m      Did not match:
?[0m?[0;34m         - AnyNestedCondition 0 matched 2 did not; NestedCondition on GsonHttpMessageConvertersConfiguration.PreferGsonOrJacksonAndJsonbUnavailableCondition.JacksonJsonbUnavailable NoneNestedConditions 1 matched 1 did not; NestedCondition on GsonHttpMessageConvertersConfiguration.JacksonAndJsonbUnavailableCondition.JsonbPreferred @ConditionalOnProperty (spring.mvc.converters.preferred-json-mapper=jsonb) did not find property 'spring.mvc.converters.preferred-json-mapper'; NestedCondition on GsonHttpMessageConvertersConfiguration.JacksonAndJsonbUnavailableCondition.JacksonAvailable @ConditionalOnBean (types: org.springframework.http.converter.json.MappingJackson2HttpMessageConverter; SearchStrategy: all) found bean 'mappingJackson2HttpMessageConverter'; NestedCondition on GsonHttpMessageConvertersConfiguration.PreferGsonOrJacksonAndJsonbUnavailableCondition.GsonPreferred @ConditionalOnProperty (spring.mvc.converters.preferred-json-mapper=gson) did not find property 'spring.mvc.converters.preferred-json-mapper' (GsonHttpMessageConvertersConfiguration.PreferGsonOrJacksonAndJsonbUnavailableCondition)
?[0m?[0;34m
?[0m?[0;34m   HazelcastAutoConfiguration:
?[0m?[0;34m      Did not match:
?[0m?[0;34m         - @ConditionalOnClass did not find required class 'com.hazelcast.core.HazelcastInstance' (OnClassCondition)
?[0m?[0;34m
?[0m?[0;34m   HazelcastCacheConfiguration:
?[0m?[0;34m      Did not match:
?[0m?[0;34m         - @ConditionalOnClass did not find required class 'com.hazelcast.core.HazelcastInstance' (OnClassCondition)
?[0m?[0;34m
?[0m?[0;34m   HazelcastHealthContributorAutoConfiguration:
?[0m?[0;34m      Did not match:
?[0m?[0;34m         - @ConditionalOnClass did not find required class 'com.hazelcast.core.HazelcastInstance' (OnClassCondition)
?[0m?[0;34m
?[0m?[0;34m   HazelcastJpaDependencyAutoConfiguration:
?[0m?[0;34m      Did not match:
?[0m?[0;34m         - @ConditionalOnClass did not find required class 'com.hazelcast.core.HazelcastInstance' (OnClassCondition)
?[0m?[0;34m
?[0m?[0;34m   HealthEndpointReactiveWebExtensionConfiguration:
?[0m?[0;34m      Did not match:
?[0m?[0;34m         - did not find reactive web application classes (OnWebApplicationCondition)
?[0m?[0;34m
?[0m?[0;34m   HibernateMetricsAutoConfiguration:
?[0m?[0;34m      Did not match:
?[0m?[0;34m         - @ConditionalOnClass did not find required class 'org.hibernate.stat.HibernateMetrics' (OnClassCondition)
?[0m?[0;34m
?[0m?[0;34m   HttpHandlerAutoConfiguration:
?[0m?[0;34m      Did not match:
?[0m?[0;34m         - @ConditionalOnClass did not find required class 'org.springframework.web.reactive.DispatcherHandler' (OnClassCondition)
?[0m?[0;34m
?[0m?[0;34m   HttpTraceAutoConfiguration:
?[0m?[0;34m      Did not match:
?[0m?[0;34m         - @ConditionalOnBean (types: org.springframework.boot.actuate.trace.http.HttpTraceRepository; SearchStrategy: all) did not find any beans of type org.springframework.boot.actuate.trace.http.HttpTraceRepository (OnBeanCondition)
?[0m?[0;34m      Matched:
?[0m?[0;34m         - @ConditionalOnWebApplication (required) found 'session' scope (OnWebApplicationCondition)
?[0m?[0;34m         - @ConditionalOnProperty (management.trace.http.enabled) matched (OnPropertyCondition)
?[0m?[0;34m
?[0m?[0;34m   HttpTraceAutoConfiguration.ReactiveTraceFilterConfiguration:
?[0m?[0;34m      Did not match:
?[0m?[0;34m         - did not find reactive web application classes (OnWebApplicationCondition)
?[0m?[0;34m         - Ancestor org.springframework.boot.actuate.autoconfigure.trace.http.HttpTraceAutoConfiguration did not match (ConditionEvaluationReport.AncestorsMatchedCondition)
?[0m?[0;34m
?[0m?[0;34m   HttpTraceAutoConfiguration.ServletTraceFilterConfiguration:
?[0m?[0;34m      Did not match:
?[0m?[0;34m         - Ancestor org.springframework.boot.actuate.autoconfigure.trace.http.HttpTraceAutoConfiguration did not match (ConditionEvaluationReport.AncestorsMatchedCondition)
?[0m?[0;34m      Matched:
?[0m?[0;34m         - found 'session' scope (OnWebApplicationCondition)
?[0m?[0;34m
?[0m?[0;34m   HttpTraceEndpointAutoConfiguration#httpTraceEndpoint:
?[0m?[0;34m      Did not match:
?[0m?[0;34m         - @ConditionalOnBean (types: org.springframework.boot.actuate.trace.http.HttpTraceRepository; SearchStrategy: all) did not find any beans of type org.springframework.boot.actuate.trace.http.HttpTraceRepository (OnBeanCondition)
?[0m?[0;34m
?[0m?[0;34m   HumioMetricsExportAutoConfiguration:
?[0m?[0;34m      Did not match:
?[0m?[0;34m         - @ConditionalOnClass did not find required class 'io.micrometer.humio.HumioMeterRegistry' (OnClassCondition)
?[0m?[0;34m
?[0m?[0;34m   HypermediaAutoConfiguration:
?[0m?[0;34m      Did not match:
?[0m?[0;34m         - @ConditionalOnClass did not find required class 'org.springframework.hateoas.EntityModel' (OnClassCondition)
?[0m?[0;34m
?[0m?[0;34m   InfinispanCacheConfiguration:
?[0m?[0;34m      Did not match:
?[0m?[0;34m         - @ConditionalOnClass did not find required class 'org.infinispan.spring.embedded.provider.SpringEmbeddedCacheManager' (OnClassCondition)
?[0m?[0;34m
?[0m?[0;34m   InfluxDbAutoConfiguration:
?[0m?[0;34m      Did not match:
?[0m?[0;34m         - @ConditionalOnClass did not find required class 'org.influxdb.InfluxDB' (OnClassCondition)
?[0m?[0;34m
?[0m?[0;34m   InfluxDbHealthContributorAutoConfiguration:
?[0m?[0;34m      Did not match:
?[0m?[0;34m         - @ConditionalOnClass did not find required class 'org.influxdb.InfluxDB' (OnClassCondition)
?[0m?[0;34m
?[0m?[0;34m   InfluxMetricsExportAutoConfiguration:
?[0m?[0;34m      Did not match:
?[0m?[0;34m         - @ConditionalOnClass did not find required class 'io.micrometer.influx.InfluxMeterRegistry' (OnClassCondition)
?[0m?[0;34m
?[0m?[0;34m   InfoContributorAutoConfiguration#buildInfoContributor:
?[0m?[0;34m      Did not match:
?[0m?[0;34m         - @ConditionalOnSingleCandidate (types: org.springframework.boot.info.BuildProperties; SearchStrategy: all) did not find any beans (OnBeanCondition)
?[0m?[0;34m      Matched:
?[0m?[0;34m         - @ConditionalOnEnabledInfoContributor management.info.defaults.enabled is considered true (OnEnabledInfoContributorCondition)
?[0m?[0;34m
?[0m?[0;34m   InfoContributorAutoConfiguration#gitInfoContributor:
?[0m?[0;34m      Did not match:
?[0m?[0;34m         - @ConditionalOnSingleCandidate (types: org.springframework.boot.info.GitProperties; SearchStrategy: all) did not find any beans (OnBeanCondition)
?[0m?[0;34m      Matched:
?[0m?[0;34m         - @ConditionalOnEnabledInfoContributor management.info.defaults.enabled is considered true (OnEnabledInfoContributorCondition)
?[0m?[0;34m
?[0m?[0;34m   IntegrationAutoConfiguration:
?[0m?[0;34m      Did not match:
?[0m?[0;34m         - @ConditionalOnClass did not find required class 'org.springframework.integration.config.EnableIntegration' (OnClassCondition)
?[0m?[0;34m
?[0m?[0;34m   IntegrationGraphEndpointAutoConfiguration:
?[0m?[0;34m      Did not match:
?[0m?[0;34m         - @ConditionalOnClass did not find required class 'org.springframework.integration.graph.IntegrationGraphServer' (OnClassCondition)
?[0m?[0;34m
?[0m?[0;34m   JCacheCacheConfiguration:
?[0m?[0;34m      Did not match:
?[0m?[0;34m         - @ConditionalOnClass did not find required class 'javax.cache.Caching' (OnClassCondition)
?[0m?[0;34m
?[0m?[0;34m   JacksonHttpMessageConvertersConfiguration.MappingJackson2XmlHttpMessageConverterConfiguration:
?[0m?[0;34m      Did not match:
?[0m?[0;34m         - @ConditionalOnClass did not find required class 'com.fasterxml.jackson.dataformat.xml.XmlMapper' (OnClassCondition)
?[0m?[0;34m
?[0m?[0;34m   JdbcRepositoriesAutoConfiguration:
?[0m?[0;34m      Did not match:
?[0m?[0;34m         - @ConditionalOnClass did not find required class 'org.springframework.data.jdbc.repository.config.AbstractJdbcConfiguration' (OnClassCondition)
?[0m?[0;34m
?[0m?[0;34m   JerseyAutoConfiguration:
?[0m?[0;34m      Did not match:
?[0m?[0;34m         - @ConditionalOnClass did not find required class 'org.glassfish.jersey.server.spring.SpringComponentProvider' (OnClassCondition)
?[0m?[0;34m
?[0m?[0;34m   JerseySameManagementContextConfiguration:
?[0m?[0;34m      Did not match:
?[0m?[0;34m         - @ConditionalOnClass did not find required class 'org.glassfish.jersey.server.ResourceConfig' (OnClassCondition)
?[0m?[0;34m
?[0m?[0;34m   JerseyServerMetricsAutoConfiguration:
?[0m?[0;34m      Did not match:
?[0m?[0;34m         - @ConditionalOnClass did not find required class 'io.micrometer.jersey2.server.MetricsApplicationEventListener' (OnClassCondition)
?[0m?[0;34m
?[0m?[0;34m   JerseyWebEndpointManagementContextConfiguration:
?[0m?[0;34m      Did not match:
?[0m?[0;34m         - @ConditionalOnClass did not find required class 'org.glassfish.jersey.server.ResourceConfig' (OnClassCondition)
?[0m?[0;34m
?[0m?[0;34m   JettyMetricsAutoConfiguration:
?[0m?[0;34m      Did not match:
?[0m?[0;34m         - @ConditionalOnClass did not find required class 'org.eclipse.jetty.server.Server' (OnClassCondition)
?[0m?[0;34m
?[0m?[0;34m   JmsAutoConfiguration:
?[0m?[0;34m      Did not match:
?[0m?[0;34m         - @ConditionalOnClass did not find required class 'javax.jms.Message' (OnClassCondition)
?[0m?[0;34m
?[0m?[0;34m   JmsHealthContributorAutoConfiguration:
?[0m?[0;34m      Did not match:
?[0m?[0;34m         - @ConditionalOnClass did not find required class 'javax.jms.ConnectionFactory' (OnClassCondition)
?[0m?[0;34m
?[0m?[0;34m   JmxAutoConfiguration:
?[0m?[0;34m      Did not match:
?[0m?[0;34m         - @ConditionalOnProperty (spring.jmx.enabled=true) did not find property 'enabled' (OnPropertyCondition)
?[0m?[0;34m      Matched:
?[0m?[0;34m         - @ConditionalOnClass found required class 'org.springframework.jmx.export.MBeanExporter' (OnClassCondition)
?[0m?[0;34m
?[0m?[0;34m   JmxEndpointAutoConfiguration:
?[0m?[0;34m      Did not match:
?[0m?[0;34m         - @ConditionalOnProperty (spring.jmx.enabled=true) did not find property 'enabled' (OnPropertyCondition)
?[0m?[0;34m
?[0m?[0;34m   JmxMetricsExportAutoConfiguration:
?[0m?[0;34m      Did not match:
?[0m?[0;34m         - @ConditionalOnClass did not find required class 'io.micrometer.jmx.JmxMeterRegistry' (OnClassCondition)
?[0m?[0;34m
?[0m?[0;34m   JndiConnectionFactoryAutoConfiguration:
?[0m?[0;34m      Did not match:
?[0m?[0;34m         - @ConditionalOnClass did not find required class 'org.springframework.jms.core.JmsTemplate' (OnClassCondition)
?[0m?[0;34m
?[0m?[0;34m   JndiDataSourceAutoConfiguration:
?[0m?[0;34m      Did not match:
?[0m?[0;34m         - @ConditionalOnProperty (spring.datasource.jndi-name) did not find property 'jndi-name' (OnPropertyCondition)
?[0m?[0;34m      Matched:
?[0m?[0;34m         - @ConditionalOnClass found required classes 'javax.sql.DataSource', 'org.springframework.jdbc.datasource.embedded.EmbeddedDatabaseType' (OnClassCondition)
?[0m?[0;34m
?[0m?[0;34m   JndiJtaConfiguration:
?[0m?[0;34m      Did not match:
?[0m?[0;34m         - @ConditionalOnJndi JNDI environment is not available (OnJndiCondition)
?[0m?[0;34m      Matched:
?[0m?[0;34m         - @ConditionalOnClass found required class 'org.springframework.transaction.jta.JtaTransactionManager' (OnClassCondition)
?[0m?[0;34m
?[0m?[0;34m   JolokiaEndpointAutoConfiguration:
?[0m?[0;34m      Did not match:
?[0m?[0;34m         - @ConditionalOnClass did not find required class 'org.jolokia.http.AgentServlet' (OnClassCondition)
?[0m?[0;34m
?[0m?[0;34m   JooqAutoConfiguration:
?[0m?[0;34m      Did not match:
?[0m?[0;34m         - @ConditionalOnClass did not find required class 'org.jooq.DSLContext' (OnClassCondition)
?[0m?[0;34m
?[0m?[0;34m   JpaRepositoriesAutoConfiguration#entityManagerFactoryBootstrapExecutorCustomizer:
?[0m?[0;34m      Did not match:
?[0m?[0;34m         - AnyNestedCondition 0 matched 2 did not; NestedCondition on JpaRepositoriesAutoConfiguration.BootstrapExecutorCondition.LazyBootstrapMode @ConditionalOnProperty (spring.data.jpa.repositories.bootstrap-mode=lazy) did not find property 'bootstrap-mode'; NestedCondition on JpaRepositoriesAutoConfiguration.BootstrapExecutorCondition.DeferredBootstrapMode @ConditionalOnProperty (spring.data.jpa.repositories.bootstrap-mode=deferred) did not find property 'bootstrap-mode' (JpaRepositoriesAutoConfiguration.BootstrapExecutorCondition)
?[0m?[0;34m
?[0m?[0;34m   JsonbAutoConfiguration:
?[0m?[0;34m      Did not match:
?[0m?[0;34m         - @ConditionalOnClass did not find required class 'javax.json.bind.Jsonb' (OnClassCondition)
?[0m?[0;34m
?[0m?[0;34m   JsonbHttpMessageConvertersConfiguration:
?[0m?[0;34m      Did not match:
?[0m?[0;34m         - @ConditionalOnClass did not find required class 'javax.json.bind.Jsonb' (OnClassCondition)
?[0m?[0;34m
?[0m?[0;34m   KafkaAutoConfiguration:
?[0m?[0;34m      Did not match:
?[0m?[0;34m         - @ConditionalOnClass did not find required class 'org.springframework.kafka.core.KafkaTemplate' (OnClassCondition)
?[0m?[0;34m
?[0m?[0;34m   KafkaMetricsAutoConfiguration:
?[0m?[0;34m      Did not match:
?[0m?[0;34m         - @ConditionalOnClass did not find required class 'org.springframework.kafka.core.ProducerFactory' (OnClassCondition)
?[0m?[0;34m
?[0m?[0;34m   KairosMetricsExportAutoConfiguration:
?[0m?[0;34m      Did not match:
?[0m?[0;34m         - @ConditionalOnClass did not find required class 'io.micrometer.kairos.KairosMeterRegistry' (OnClassCondition)
?[0m?[0;34m
?[0m?[0;34m   LdapAutoConfiguration:
?[0m?[0;34m      Did not match:
?[0m?[0;34m         - @ConditionalOnClass did not find required class 'org.springframework.ldap.core.ContextSource' (OnClassCondition)
?[0m?[0;34m
?[0m?[0;34m   LdapHealthContributorAutoConfiguration:
?[0m?[0;34m      Did not match:
?[0m?[0;34m         - @ConditionalOnClass did not find required class 'org.springframework.ldap.core.LdapOperations' (OnClassCondition)
?[0m?[0;34m
?[0m?[0;34m   LdapRepositoriesAutoConfiguration:
?[0m?[0;34m      Did not match:
?[0m?[0;34m         - @ConditionalOnClass did not find required class 'org.springframework.data.ldap.repository.LdapRepository' (OnClassCondition)
?[0m?[0;34m
?[0m?[0;34m   LiquibaseAutoConfiguration:
?[0m?[0;34m      Did not match:
?[0m?[0;34m         - @ConditionalOnClass did not find required class 'liquibase.change.DatabaseChange' (OnClassCondition)
?[0m?[0;34m
?[0m?[0;34m   LiquibaseEndpointAutoConfiguration:
?[0m?[0;34m      Did not match:
?[0m?[0;34m         - @ConditionalOnClass did not find required class 'liquibase.integration.spring.SpringLiquibase' (OnClassCondition)
?[0m?[0;34m
?[0m?[0;34m   Log4J2MetricsAutoConfiguration:
?[0m?[0;34m      Did not match:
?[0m?[0;34m         - @ConditionalOnClass did not find required class 'org.apache.logging.log4j.core.LoggerContext' (OnClassCondition)
?[0m?[0;34m
?[0m?[0;34m   LogFileWebEndpointAutoConfiguration#logFileWebEndpoint:
?[0m?[0;34m      Did not match:
?[0m?[0;34m         - Log File did not find logging file (LogFileWebEndpointAutoConfiguration.LogFileCondition)
?[0m?[0;34m
?[0m?[0;34m   MailHealthContributorAutoConfiguration:
?[0m?[0;34m      Did not match:
?[0m?[0;34m         - @ConditionalOnBean (types: org.springframework.mail.javamail.JavaMailSenderImpl; SearchStrategy: all) did not find any beans of type org.springframework.mail.javamail.JavaMailSenderImpl (OnBeanCondition)
?[0m?[0;34m      Matched:
?[0m?[0;34m         - @ConditionalOnClass found required class 'org.springframework.mail.javamail.JavaMailSenderImpl' (OnClassCondition)
?[0m?[0;34m         - @ConditionalOnEnabledHealthIndicator management.health.defaults.enabled is considered true (OnEnabledHealthIndicatorCondition)
?[0m?[0;34m
?[0m?[0;34m   MailSenderAutoConfiguration:
?[0m?[0;34m      Did not match:
?[0m?[0;34m         - @ConditionalOnClass did not find required class 'javax.mail.internet.MimeMessage' (OnClassCondition)
?[0m?[0;34m
?[0m?[0;34m   MailSenderValidatorAutoConfiguration:
?[0m?[0;34m      Did not match:
?[0m?[0;34m         - @ConditionalOnProperty (spring.mail.test-connection) did not find property 'test-connection' (OnPropertyCondition)
?[0m?[0;34m
?[0m?[0;34m   ManagementContextAutoConfiguration.DifferentManagementContextConfiguration:
?[0m?[0;34m      Did not match:
?[0m?[0;34m         - Management Port actual port type (SAME) did not match required type (DIFFERENT) (OnManagementPortCondition)
?[0m?[0;34m
?[0m?[0;34m   ManagementWebSecurityAutoConfiguration:
?[0m?[0;34m      Did not match:
?[0m?[0;34m         - AllNestedConditions 1 matched 1 did not; NestedCondition on DefaultWebSecurityCondition.Beans @ConditionalOnMissingBean (types: org.springframework.security.config.annotation.web.configuration.WebSecurityConfigurerAdapter,org.springframework.security.web.SecurityFilterChain; SearchStrategy: all) did not find any beans; NestedCondition on DefaultWebSecurityCondition.Classes @ConditionalOnClass did not find required classes 'org.springframework.security.web.SecurityFilterChain', 'org.springframework.security.config.annotation.web.builders.HttpSecurity' (DefaultWebSecurityCondition)
?[0m?[0;34m      Matched:
?[0m?[0;34m         - found 'session' scope (OnWebApplicationCondition)
?[0m?[0;34m
?[0m?[0;34m   MappingsEndpointAutoConfiguration.ReactiveWebConfiguration:
?[0m?[0;34m      Did not match:
?[0m?[0;34m         - @ConditionalOnClass did not find required class 'org.springframework.web.reactive.DispatcherHandler' (OnClassCondition)
?[0m?[0;34m
?[0m?[0;34m   MessageSourceAutoConfiguration:
?[0m?[0;34m      Did not match:
?[0m?[0;34m         - ResourceBundle did not find bundle with basename messages (MessageSourceAutoConfiguration.ResourceBundleCondition)
?[0m?[0;34m
?[0m?[0;34m   MongoAutoConfiguration:
?[0m?[0;34m      Did not match:
?[0m?[0;34m         - @ConditionalOnClass did not find required class 'com.mongodb.client.MongoClient' (OnClassCondition)
?[0m?[0;34m
?[0m?[0;34m   MongoDataAutoConfiguration:
?[0m?[0;34m      Did not match:
?[0m?[0;34m         - @ConditionalOnClass did not find required class 'com.mongodb.client.MongoClient' (OnClassCondition)
?[0m?[0;34m
?[0m?[0;34m   MongoHealthContributorAutoConfiguration:
?[0m?[0;34m      Did not match:
?[0m?[0;34m         - @ConditionalOnClass did not find required class 'org.springframework.data.mongodb.core.MongoTemplate' (OnClassCondition)
?[0m?[0;34m
?[0m?[0;34m   MongoMetricsAutoConfiguration:
?[0m?[0;34m      Did not match:
?[0m?[0;34m         - @ConditionalOnClass did not find required class 'com.mongodb.MongoClientSettings' (OnClassCondition)
?[0m?[0;34m
?[0m?[0;34m   MongoReactiveAutoConfiguration:
?[0m?[0;34m      Did not match:
?[0m?[0;34m         - @ConditionalOnClass did not find required class 'com.mongodb.reactivestreams.client.MongoClient' (OnClassCondition)
?[0m?[0;34m
?[0m?[0;34m   MongoReactiveDataAutoConfiguration:
?[0m?[0;34m      Did not match:
?[0m?[0;34m         - @ConditionalOnClass did not find required class 'com.mongodb.reactivestreams.client.MongoClient' (OnClassCondition)
?[0m?[0;34m
?[0m?[0;34m   MongoReactiveHealthContributorAutoConfiguration:
?[0m?[0;34m      Did not match:
?[0m?[0;34m         - @ConditionalOnClass did not find required class 'reactor.core.publisher.Flux' (OnClassCondition)
?[0m?[0;34m
?[0m?[0;34m   MongoReactiveRepositoriesAutoConfiguration:
?[0m?[0;34m      Did not match:
?[0m?[0;34m         - @ConditionalOnClass did not find required class 'com.mongodb.reactivestreams.client.MongoClient' (OnClassCondition)
?[0m?[0;34m
?[0m?[0;34m   MongoRepositoriesAutoConfiguration:
?[0m?[0;34m      Did not match:
?[0m?[0;34m         - @ConditionalOnClass did not find required class 'com.mongodb.client.MongoClient' (OnClassCondition)
?[0m?[0;34m
?[0m?[0;34m   MustacheAutoConfiguration:
?[0m?[0;34m      Did not match:
?[0m?[0;34m         - @ConditionalOnClass did not find required class 'com.samskivert.mustache.Mustache' (OnClassCondition)
?[0m?[0;34m
?[0m?[0;34m   Neo4jAutoConfiguration:
?[0m?[0;34m      Did not match:
?[0m?[0;34m         - @ConditionalOnClass did not find required class 'org.neo4j.driver.Driver' (OnClassCondition)
?[0m?[0;34m
?[0m?[0;34m   Neo4jDataAutoConfiguration:
?[0m?[0;34m      Did not match:
?[0m?[0;34m         - @ConditionalOnClass did not find required class 'org.neo4j.driver.Driver' (OnClassCondition)
?[0m?[0;34m
?[0m?[0;34m   Neo4jHealthContributorAutoConfiguration:
?[0m?[0;34m      Did not match:
?[0m?[0;34m         - @ConditionalOnClass did not find required class 'org.neo4j.driver.Driver' (OnClassCondition)
?[0m?[0;34m
?[0m?[0;34m   Neo4jReactiveDataAutoConfiguration:
?[0m?[0;34m      Did not match:
?[0m?[0;34m         - @ConditionalOnClass did not find required class 'org.neo4j.driver.Driver' (OnClassCondition)
?[0m?[0;34m
?[0m?[0;34m   Neo4jReactiveRepositoriesAutoConfiguration:
?[0m?[0;34m      Did not match:
?[0m?[0;34m         - @ConditionalOnClass did not find required class 'org.neo4j.driver.Driver' (OnClassCondition)
?[0m?[0;34m
?[0m?[0;34m   Neo4jRepositoriesAutoConfiguration:
?[0m?[0;34m      Did not match:
?[0m?[0;34m         - @ConditionalOnClass did not find required class 'org.neo4j.driver.Driver' (OnClassCondition)
?[0m?[0;34m
?[0m?[0;34m   NettyAutoConfiguration:
?[0m?[0;34m      Did not match:
?[0m?[0;34m         - @ConditionalOnClass did not find required class 'io.netty.util.NettyRuntime' (OnClassCondition)
?[0m?[0;34m
?[0m?[0;34m   NewRelicMetricsExportAutoConfiguration:
?[0m?[0;34m      Did not match:
?[0m?[0;34m         - @ConditionalOnClass did not find required class 'io.micrometer.newrelic.NewRelicMeterRegistry' (OnClassCondition)
?[0m?[0;34m
?[0m?[0;34m   NoOpMeterRegistryConfiguration:
?[0m?[0;34m      Did not match:
?[0m?[0;34m         - @ConditionalOnMissingBean (types: io.micrometer.core.instrument.MeterRegistry; SearchStrategy: all) found beans of type 'io.micrometer.core.instrument.MeterRegistry' simpleMeterRegistry (OnBeanCondition)
?[0m?[0;34m
?[0m?[0;34m   OAuth2ClientAutoConfiguration:
?[0m?[0;34m      Did not match:
?[0m?[0;34m         - @ConditionalOnClass did not find required class 'org.springframework.security.config.annotation.web.configuration.EnableWebSecurity' (OnClassCondition)
?[0m?[0;34m
?[0m?[0;34m   OAuth2ResourceServerAutoConfiguration:
?[0m?[0;34m      Did not match:
?[0m?[0;34m         - @ConditionalOnClass did not find required class 'org.springframework.security.oauth2.server.resource.BearerTokenAuthenticationToken' (OnClassCondition)
?[0m?[0;34m
?[0m?[0;34m   ProjectInfoAutoConfiguration#buildProperties:
?[0m?[0;34m      Did not match:
?[0m?[0;34m         - @ConditionalOnResource did not find resource '${spring.info.build.location:classpath:META-INF/build-info.properties}' (OnResourceCondition)
?[0m?[0;34m
?[0m?[0;34m   ProjectInfoAutoConfiguration#gitProperties:
?[0m?[0;34m      Did not match:
?[0m?[0;34m         - GitResource did not find git info at classpath:git.properties (ProjectInfoAutoConfiguration.GitResourceAvailableCondition)
?[0m?[0;34m
?[0m?[0;34m   PrometheusMetricsExportAutoConfiguration:
?[0m?[0;34m      Did not match:
?[0m?[0;34m         - @ConditionalOnClass did not find required class 'io.micrometer.prometheus.PrometheusMeterRegistry' (OnClassCondition)
?[0m?[0;34m
?[0m?[0;34m   QuartzAutoConfiguration:
?[0m?[0;34m      Did not match:
?[0m?[0;34m         - @ConditionalOnClass did not find required class 'org.quartz.Scheduler' (OnClassCondition)
?[0m?[0;34m
?[0m?[0;34m   QuartzEndpointAutoConfiguration:
?[0m?[0;34m      Did not match:
?[0m?[0;34m         - @ConditionalOnClass did not find required class 'org.quartz.Scheduler' (OnClassCondition)
?[0m?[0;34m
?[0m?[0;34m   R2dbcAutoConfiguration:
?[0m?[0;34m      Did not match:
?[0m?[0;34m         - @ConditionalOnClass did not find required class 'io.r2dbc.spi.ConnectionFactory' (OnClassCondition)
?[0m?[0;34m
?[0m?[0;34m   R2dbcDataAutoConfiguration:
?[0m?[0;34m      Did not match:
?[0m?[0;34m         - @ConditionalOnClass did not find required class 'org.springframework.data.r2dbc.core.R2dbcEntityTemplate' (OnClassCondition)
?[0m?[0;34m
?[0m?[0;34m   R2dbcInitializationConfiguration:
?[0m?[0;34m      Did not match:
?[0m?[0;34m         - @ConditionalOnClass did not find required classes 'io.r2dbc.spi.ConnectionFactory', 'org.springframework.r2dbc.connection.init.DatabasePopulator' (OnClassCondition)
?[0m?[0;34m
?[0m?[0;34m   R2dbcRepositoriesAutoConfiguration:
?[0m?[0;34m      Did not match:
?[0m?[0;34m         - @ConditionalOnClass did not find required class 'io.r2dbc.spi.ConnectionFactory' (OnClassCondition)
?[0m?[0;34m
?[0m?[0;34m   R2dbcTransactionManagerAutoConfiguration:
?[0m?[0;34m      Did not match:
?[0m?[0;34m         - @ConditionalOnClass did not find required class 'org.springframework.r2dbc.connection.R2dbcTransactionManager' (OnClassCondition)
?[0m?[0;34m
?[0m?[0;34m   RSocketMessagingAutoConfiguration:
?[0m?[0;34m      Did not match:
?[0m?[0;34m         - @ConditionalOnClass did not find required class 'io.rsocket.RSocket' (OnClassCondition)
?[0m?[0;34m
?[0m?[0;34m   RSocketRequesterAutoConfiguration:
?[0m?[0;34m      Did not match:
?[0m?[0;34m         - @ConditionalOnClass did not find required class 'io.rsocket.RSocket' (OnClassCondition)
?[0m?[0;34m
?[0m?[0;34m   RSocketSecurityAutoConfiguration:
?[0m?[0;34m      Did not match:
?[0m?[0;34m         - @ConditionalOnClass did not find required class 'org.springframework.security.rsocket.core.SecuritySocketAcceptorInterceptor' (OnClassCondition)
?[0m?[0;34m
?[0m?[0;34m   RSocketServerAutoConfiguration:
?[0m?[0;34m      Did not match:
?[0m?[0;34m         - @ConditionalOnClass did not find required class 'io.rsocket.core.RSocketServer' (OnClassCondition)
?[0m?[0;34m
?[0m?[0;34m   RSocketStrategiesAutoConfiguration:
?[0m?[0;34m      Did not match:
?[0m?[0;34m         - @ConditionalOnClass did not find required class 'io.netty.buffer.PooledByteBufAllocator' (OnClassCondition)
?[0m?[0;34m
?[0m?[0;34m   RabbitAutoConfiguration:
?[0m?[0;34m      Did not match:
?[0m?[0;34m         - @ConditionalOnClass did not find required class 'com.rabbitmq.client.Channel' (OnClassCondition)
?[0m?[0;34m
?[0m?[0;34m   RabbitHealthContributorAutoConfiguration:
?[0m?[0;34m      Did not match:
?[0m?[0;34m         - @ConditionalOnClass did not find required class 'org.springframework.amqp.rabbit.core.RabbitTemplate' (OnClassCondition)
?[0m?[0;34m
?[0m?[0;34m   RabbitMetricsAutoConfiguration:
?[0m?[0;34m      Did not match:
?[0m?[0;34m         - @ConditionalOnClass did not find required class 'com.rabbitmq.client.ConnectionFactory' (OnClassCondition)
?[0m?[0;34m
?[0m?[0;34m   ReactiveCloudFoundryActuatorAutoConfiguration:
?[0m?[0;34m      Did not match:
?[0m?[0;34m         - @ConditionalOnWebApplication did not find reactive web application classes (OnWebApplicationCondition)
?[0m?[0;34m
?[0m?[0;34m   ReactiveElasticsearchRepositoriesAutoConfiguration:
?[0m?[0;34m      Did not match:
?[0m?[0;34m         - @ConditionalOnClass did not find required class 'org.springframework.data.elasticsearch.client.reactive.ReactiveElasticsearchClient' (OnClassCondition)
?[0m?[0;34m
?[0m?[0;34m   ReactiveElasticsearchRestClientAutoConfiguration:
?[0m?[0;34m      Did not match:
?[0m?[0;34m         - @ConditionalOnClass did not find required class 'reactor.netty.http.client.HttpClient' (OnClassCondition)
?[0m?[0;34m
?[0m?[0;34m   ReactiveHealthEndpointConfiguration:
?[0m?[0;34m      Did not match:
?[0m?[0;34m         - @ConditionalOnClass did not find required class 'reactor.core.publisher.Flux' (OnClassCondition)
?[0m?[0;34m
?[0m?[0;34m   ReactiveManagementContextAutoConfiguration:
?[0m?[0;34m      Did not match:
?[0m?[0;34m         - @ConditionalOnClass did not find required class 'reactor.core.publisher.Flux' (OnClassCondition)
?[0m?[0;34m
?[0m?[0;34m   ReactiveManagementWebSecurityAutoConfiguration:
?[0m?[0;34m      Did not match:
?[0m?[0;34m         - @ConditionalOnClass did not find required class 'org.springframework.security.config.annotation.web.reactive.EnableWebFluxSecurity' (OnClassCondition)
?[0m?[0;34m
?[0m?[0;34m   ReactiveOAuth2ClientAutoConfiguration:
?[0m?[0;34m      Did not match:
?[0m?[0;34m         - @ConditionalOnClass did not find required class 'reactor.core.publisher.Flux' (OnClassCondition)
?[0m?[0;34m
?[0m?[0;34m   ReactiveOAuth2ResourceServerAutoConfiguration:
?[0m?[0;34m      Did not match:
?[0m?[0;34m         - @ConditionalOnClass did not find required class 'org.springframework.security.config.annotation.web.reactive.EnableWebFluxSecurity' (OnClassCondition)
?[0m?[0;34m
?[0m?[0;34m   ReactiveSecurityAutoConfiguration:
?[0m?[0;34m      Did not match:
?[0m?[0;34m         - @ConditionalOnClass did not find required class 'reactor.core.publisher.Flux' (OnClassCondition)
?[0m?[0;34m
?[0m?[0;34m   ReactiveUserDetailsServiceAutoConfiguration:
?[0m?[0;34m      Did not match:
?[0m?[0;34m         - @ConditionalOnClass did not find required class 'org.springframework.security.authentication.ReactiveAuthenticationManager' (OnClassCondition)
?[0m?[0;34m
?[0m?[0;34m   ReactiveWebServerFactoryAutoConfiguration:
?[0m?[0;34m      Did not match:
?[0m?[0;34m         - @ConditionalOnWebApplication did not find reactive web application classes (OnWebApplicationCondition)
?[0m?[0;34m
?[0m?[0;34m   RedisAutoConfiguration:
?[0m?[0;34m      Did not match:
?[0m?[0;34m         - @ConditionalOnClass did not find required class 'org.springframework.data.redis.core.RedisOperations' (OnClassCondition)
?[0m?[0;34m
?[0m?[0;34m   RedisCacheConfiguration:
?[0m?[0;34m      Did not match:
?[0m?[0;34m         - @ConditionalOnClass did not find required class 'org.springframework.data.redis.connection.RedisConnectionFactory' (OnClassCondition)
?[0m?[0;34m
?[0m?[0;34m   RedisHealthContributorAutoConfiguration:
?[0m?[0;34m      Did not match:
?[0m?[0;34m         - @ConditionalOnClass did not find required class 'org.springframework.data.redis.connection.RedisConnectionFactory' (OnClassCondition)
?[0m?[0;34m
?[0m?[0;34m   RedisReactiveAutoConfiguration:
?[0m?[0;34m      Did not match:
?[0m?[0;34m         - @ConditionalOnClass did not find required class 'reactor.core.publisher.Flux' (OnClassCondition)
?[0m?[0;34m
?[0m?[0;34m   RedisReactiveHealthContributorAutoConfiguration:
?[0m?[0;34m      Did not match:
?[0m?[0;34m         - @ConditionalOnClass did not find required class 'reactor.core.publisher.Flux' (OnClassCondition)
?[0m?[0;34m
?[0m?[0;34m   RedisRepositoriesAutoConfiguration:
?[0m?[0;34m      Did not match:
?[0m?[0;34m         - @ConditionalOnClass did not find required class 'org.springframework.data.redis.repository.configuration.EnableRedisRepositories' (OnClassCondition)
?[0m?[0;34m
?[0m?[0;34m   RepositoryRestMvcAutoConfiguration:
?[0m?[0;34m      Did not match:
?[0m?[0;34m         - @ConditionalOnClass did not find required class 'org.springframework.data.rest.webmvc.config.RepositoryRestMvcConfiguration' (OnClassCondition)
?[0m?[0;34m
?[0m?[0;34m   Saml2RelyingPartyAutoConfiguration:
?[0m?[0;34m      Did not match:
?[0m?[0;34m         - @ConditionalOnClass did not find required class 'org.springframework.security.saml2.provider.service.registration.RelyingPartyRegistrationRepository' (OnClassCondition)
?[0m?[0;34m
?[0m?[0;34m   SecurityAutoConfiguration:
?[0m?[0;34m      Did not match:
?[0m?[0;34m         - @ConditionalOnClass did not find required class 'org.springframework.security.authentication.DefaultAuthenticationEventPublisher' (OnClassCondition)
?[0m?[0;34m
?[0m?[0;34m   SecurityFilterAutoConfiguration:
?[0m?[0;34m      Did not match:
?[0m?[0;34m         - @ConditionalOnClass did not find required class 'org.springframework.security.config.http.SessionCreationPolicy' (OnClassCondition)
?[0m?[0;34m
?[0m?[0;34m   SecurityRequestMatchersManagementContextConfiguration:
?[0m?[0;34m      Did not match:
?[0m?[0;34m         - @ConditionalOnClass did not find required class 'org.springframework.security.web.util.matcher.RequestMatcher' (OnClassCondition)
?[0m?[0;34m
?[0m?[0;34m   SendGridAutoConfiguration:
?[0m?[0;34m      Did not match:
?[0m?[0;34m         - @ConditionalOnClass did not find required class 'com.sendgrid.SendGrid' (OnClassCondition)
?[0m?[0;34m
?[0m?[0;34m   ServletEndpointManagementContextConfiguration.JerseyServletEndpointManagementContextConfiguration:
?[0m?[0;34m      Did not match:
?[0m?[0;34m         - @ConditionalOnClass did not find required class 'org.glassfish.jersey.server.ResourceConfig' (OnClassCondition)
?[0m?[0;34m
?[0m?[0;34m   ServletManagementContextAutoConfiguration.ApplicationContextFilterConfiguration:
?[0m?[0;34m      Did not match:
?[0m?[0;34m         - @ConditionalOnProperty (management.server.add-application-context-header=true) did not find property 'add-application-context-header' (OnPropertyCondition)
?[0m?[0;34m
?[0m?[0;34m   ServletWebServerFactoryAutoConfiguration#forwardedHeaderFilter:
?[0m?[0;34m      Did not match:
?[0m?[0;34m         - @ConditionalOnProperty (server.forward-headers-strategy=framework) did not find property 'server.forward-headers-strategy' (OnPropertyCondition)
?[0m?[0;34m
?[0m?[0;34m   ServletWebServerFactoryConfiguration.EmbeddedJetty:
?[0m?[0;34m      Did not match:
?[0m?[0;34m         - @ConditionalOnClass did not find required classes 'org.eclipse.jetty.server.Server', 'org.eclipse.jetty.util.Loader', 'org.eclipse.jetty.webapp.WebAppContext' (OnClassCondition)
?[0m?[0;34m
?[0m?[0;34m   ServletWebServerFactoryConfiguration.EmbeddedUndertow:
?[0m?[0;34m      Did not match:
?[0m?[0;34m         - @ConditionalOnClass did not find required classes 'io.undertow.Undertow', 'org.xnio.SslClientAuthMode' (OnClassCondition)
?[0m?[0;34m
?[0m?[0;34m   SessionAutoConfiguration:
?[0m?[0;34m      Did not match:
?[0m?[0;34m         - @ConditionalOnClass did not find required class 'org.springframework.session.Session' (OnClassCondition)
?[0m?[0;34m
?[0m?[0;34m   SessionsEndpointAutoConfiguration:
?[0m?[0;34m      Did not match:
?[0m?[0;34m         - @ConditionalOnClass did not find required class 'org.springframework.session.FindByIndexNameSessionRepository' (OnClassCondition)
?[0m?[0;34m
?[0m?[0;34m   SignalFxMetricsExportAutoConfiguration:
?[0m?[0;34m      Did not match:
?[0m?[0;34m         - @ConditionalOnClass did not find required class 'io.micrometer.signalfx.SignalFxMeterRegistry' (OnClassCondition)
?[0m?[0;34m
?[0m?[0;34m   SolrAutoConfiguration:
?[0m?[0;34m      Did not match:
?[0m?[0;34m         - @ConditionalOnClass did not find required class 'org.apache.solr.client.solrj.impl.CloudSolrClient' (OnClassCondition)
?[0m?[0;34m
?[0m?[0;34m   SolrHealthContributorAutoConfiguration:
?[0m?[0;34m      Did not match:
?[0m?[0;34m         - @ConditionalOnClass did not find required class 'org.apache.solr.client.solrj.SolrClient' (OnClassCondition)
?[0m?[0;34m
?[0m?[0;34m   SpringApplicationAdminJmxAutoConfiguration:
?[0m?[0;34m      Did not match:
?[0m?[0;34m         - @ConditionalOnProperty (spring.application.admin.enabled=true) did not find property 'enabled' (OnPropertyCondition)
?[0m?[0;34m
?[0m?[0;34m   StackdriverMetricsExportAutoConfiguration:
?[0m?[0;34m      Did not match:
?[0m?[0;34m         - @ConditionalOnClass did not find required class 'io.micrometer.stackdriver.StackdriverMeterRegistry' (OnClassCondition)
?[0m?[0;34m
?[0m?[0;34m   StartupEndpointAutoConfiguration:
?[0m?[0;34m      Did not match:
?[0m?[0;34m         - ApplicationStartup configured applicationStartup is of type class org.springframework.core.metrics.DefaultApplicationStartup, expected BufferingApplicationStartup. (StartupEndpointAutoConfiguration.ApplicationStartupCondition)
?[0m?[0;34m
?[0m?[0;34m   StatsdMetricsExportAutoConfiguration:
?[0m?[0;34m      Did not match:
?[0m?[0;34m         - @ConditionalOnClass did not find required class 'io.micrometer.statsd.StatsdMeterRegistry' (OnClassCondition)
?[0m?[0;34m
?[0m?[0;34m   TaskSchedulingAutoConfiguration#taskScheduler:
?[0m?[0;34m      Did not match:
?[0m?[0;34m         - @ConditionalOnBean (names: org.springframework.context.annotation.internalScheduledAnnotationProcessor; SearchStrategy: all) did not find any beans named org.springframework.context.annotation.internalScheduledAnnotationProcessor (OnBeanCondition)
?[0m?[0;34m
?[0m?[0;34m   ThymeleafAutoConfiguration:
?[0m?[0;34m      Did not match:
?[0m?[0;34m         - @ConditionalOnClass did not find required class 'org.thymeleaf.spring5.SpringTemplateEngine' (OnClassCondition)
?[0m?[0;34m
?[0m?[0;34m   TransactionAutoConfiguration#transactionalOperator:
?[0m?[0;34m      Did not match:
?[0m?[0;34m         - @ConditionalOnSingleCandidate (types: org.springframework.transaction.ReactiveTransactionManager; SearchStrategy: all) did not find any beans (OnBeanCondition)
?[0m?[0;34m
?[0m?[0;34m   TransactionAutoConfiguration.EnableTransactionManagementConfiguration.JdkDynamicAutoProxyConfiguration:
?[0m?[0;34m      Did not match:
?[0m?[0;34m         - @ConditionalOnProperty (spring.aop.proxy-target-class=false) did not find property 'proxy-target-class' (OnPropertyCondition)
?[0m?[0;34m
?[0m?[0;34m   UserDetailsServiceAutoConfiguration:
?[0m?[0;34m      Did not match:
?[0m?[0;34m         - @ConditionalOnClass did not find required class 'org.springframework.security.authentication.AuthenticationManager' (OnClassCondition)
?[0m?[0;34m
?[0m?[0;34m   ValidationAutoConfiguration:
?[0m?[0;34m      Did not match:
?[0m?[0;34m         - @ConditionalOnClass did not find required class 'javax.validation.executable.ExecutableValidator' (OnClassCondition)
?[0m?[0;34m
?[0m?[0;34m   WavefrontMetricsExportAutoConfiguration:
?[0m?[0;34m      Did not match:
?[0m?[0;34m         - @ConditionalOnClass did not find required class 'com.wavefront.sdk.common.WavefrontSender' (OnClassCondition)
?[0m?[0;34m
?[0m?[0;34m   WebClientAutoConfiguration:
?[0m?[0;34m      Did not match:
?[0m?[0;34m         - @ConditionalOnClass did not find required class 'org.springframework.web.reactive.function.client.WebClient' (OnClassCondition)
?[0m?[0;34m
?[0m?[0;34m   WebClientMetricsConfiguration:
?[0m?[0;34m      Did not match:
?[0m?[0;34m         - @ConditionalOnClass did not find required class 'org.springframework.web.reactive.function.client.WebClient' (OnClassCondition)
?[0m?[0;34m
?[0m?[0;34m   WebFluxAutoConfiguration:
?[0m?[0;34m      Did not match:
?[0m?[0;34m         - @ConditionalOnClass did not find required class 'org.springframework.web.reactive.config.WebFluxConfigurer' (OnClassCondition)
?[0m?[0;34m
?[0m?[0;34m   WebFluxEndpointManagementContextConfiguration:
?[0m?[0;34m      Did not match:
?[0m?[0;34m         - @ConditionalOnClass did not find required class 'org.springframework.web.reactive.DispatcherHandler' (OnClassCondition)
?[0m?[0;34m
?[0m?[0;34m   WebFluxMetricsAutoConfiguration:
?[0m?[0;34m      Did not match:
?[0m?[0;34m         - @ConditionalOnWebApplication did not find reactive web application classes (OnWebApplicationCondition)
?[0m?[0;34m
?[0m?[0;34m   WebMvcAutoConfiguration#hiddenHttpMethodFilter:
?[0m?[0;34m      Did not match:
?[0m?[0;34m         - @ConditionalOnProperty (spring.mvc.hiddenmethod.filter.enabled) did not find property 'enabled' (OnPropertyCondition)
?[0m?[0;34m
?[0m?[0;34m   WebMvcAutoConfiguration.ResourceChainCustomizerConfiguration:
?[0m?[0;34m      Did not match:
?[0m?[0;34m         - @ConditionalOnEnabledResourceChain did not find class org.webjars.WebJarAssetLocator (OnEnabledResourceChainCondition)
?[0m?[0;34m
?[0m?[0;34m   WebMvcAutoConfiguration.WebMvcAutoConfigurationAdapter#beanNameViewResolver:
?[0m?[0;34m      Did not match:
?[0m?[0;34m         - @ConditionalOnMissingBean (types: org.springframework.web.servlet.view.BeanNameViewResolver; SearchStrategy: all) found beans of type 'org.springframework.web.servlet.view.BeanNameViewResolver' beanNameViewResolver (OnBeanCondition)
?[0m?[0;34m
?[0m?[0;34m   WebServiceTemplateAutoConfiguration:
?[0m?[0;34m      Did not match:
?[0m?[0;34m         - @ConditionalOnClass did not find required class 'org.springframework.oxm.Marshaller' (OnClassCondition)
?[0m?[0;34m
?[0m?[0;34m   WebServicesAutoConfiguration:
?[0m?[0;34m      Did not match:
?[0m?[0;34m         - @ConditionalOnClass did not find required class 'org.springframework.ws.transport.http.MessageDispatcherServlet' (OnClassCondition)
?[0m?[0;34m
?[0m?[0;34m   WebSocketMessagingAutoConfiguration:
?[0m?[0;34m      Did not match:
?[0m?[0;34m         - @ConditionalOnClass did not find required class 'org.springframework.web.socket.config.annotation.WebSocketMessageBrokerConfigurer' (OnClassCondition)
?[0m?[0;34m
?[0m?[0;34m   WebSocketReactiveAutoConfiguration:
?[0m?[0;34m      Did not match:
?[0m?[0;34m         - @ConditionalOnWebApplication did not find reactive web application classes (OnWebApplicationCondition)
?[0m?[0;34m
?[0m?[0;34m   WebSocketServletAutoConfiguration.Jetty10WebSocketConfiguration:
?[0m?[0;34m      Did not match:
?[0m?[0;34m         - @ConditionalOnClass did not find required classes 'org.eclipse.jetty.websocket.javax.server.internal.JavaxWebSocketServerContainer', 'org.eclipse.jetty.websocket.server.JettyWebSocketServerContainer' (OnClassCondition)
?[0m?[0;34m
?[0m?[0;34m   WebSocketServletAutoConfiguration.JettyWebSocketConfiguration:
?[0m?[0;34m      Did not match:
?[0m?[0;34m         - @ConditionalOnClass did not find required class 'org.eclipse.jetty.websocket.jsr356.server.deploy.WebSocketServerContainerInitializer' (OnClassCondition)
?[0m?[0;34m
?[0m?[0;34m   WebSocketServletAutoConfiguration.UndertowWebSocketConfiguration:
?[0m?[0;34m      Did not match:
?[0m?[0;34m         - @ConditionalOnClass did not find required class 'io.undertow.websockets.jsr.Bootstrap' (OnClassCondition)
?[0m?[0;34m
?[0m?[0;34m   XADataSourceAutoConfiguration:
?[0m?[0;34m      Did not match:
?[0m?[0;34m         - @ConditionalOnBean (types: org.springframework.boot.jdbc.XADataSourceWrapper; SearchStrategy: all) did not find any beans of type org.springframework.boot.jdbc.XADataSourceWrapper (OnBeanCondition)
?[0m?[0;34m      Matched:
?[0m?[0;34m         - @ConditionalOnClass found required classes 'javax.sql.DataSource', 'javax.transaction.TransactionManager', 'org.springframework.jdbc.datasource.embedded.EmbeddedDatabaseType' (OnClassCondition)
?[0m?[0;34m
?[0m?[0;34m
?[0m?[0;34mExclusions:
?[0m?[0;34m-----------
?[0m?[0;34m
?[0m?[0;34m    None
?[0m?[0;34m
?[0m?[0;34m
?[0m?[0;34mUnconditional classes:
?[0m?[0;34m----------------------
?[0m?[0;34m
?[0m?[0;34m    org.springframework.boot.autoconfigure.context.ConfigurationPropertiesAutoConfiguration
?[0m?[0;34m
?[0m?[0;34m    org.springframework.boot.actuate.autoconfigure.availability.AvailabilityHealthContributorAutoConfiguration
?[0m?[0;34m
?[0m?[0;34m    org.springframework.boot.actuate.autoconfigure.info.InfoContributorAutoConfiguration
?[0m?[0;34m
?[0m?[0;34m    org.springframework.boot.autoconfigure.context.PropertyPlaceholderAutoConfiguration
?[0m?[0;34m
?[0m?[0;34m    org.springframework.boot.autoconfigure.context.LifecycleAutoConfiguration
?[0m?[0;34m
?[0m?[0;34m    org.springframework.boot.actuate.autoconfigure.health.HealthContributorAutoConfiguration
?[0m?[0;34m
?[0m?[0;34m    org.springframework.boot.actuate.autoconfigure.metrics.integration.IntegrationMetricsAutoConfiguration
?[0m?[0;34m
?[0m?[0;34m    org.springframework.boot.actuate.autoconfigure.endpoint.EndpointAutoConfiguration
?[0m?[0;34m
?[0m?[0;34m    org.springframework.boot.autoconfigure.availability.ApplicationAvailabilityAutoConfiguration
?[0m?[0;34m
?[0m?[0;34m    org.springframework.boot.autoconfigure.info.ProjectInfoAutoConfiguration
?[0m?[0;34m
?[0m?[0;34m    org.springframework.boot.actuate.autoconfigure.web.server.ManagementContextAutoConfiguration
?[0m?[0;34m
?[0m?[0;34m
?[0m?[0;34m
?[0m?[0;34m2023-03-03 00:32:06.022  INFO 11836 --- [    Test worker] platform.CodeSharingPlatform             : Started CodeSharingPlatform in 6.427 seconds (JVM running for 7.559)
?[0m?[0;34m2023-03-03 00:32:06.085 DEBUG 11836 --- [    Test worker] o.s.b.a.ApplicationAvailabilityBean      : Application availability state LivenessState changed to CORRECT
?[0m?[0;34m2023-03-03 00:32:06.088 DEBUG 11836 --- [    Test worker] o.s.b.a.ApplicationAvailabilityBean      : Application availability state ReadinessState changed to ACCEPTING_TRAFFIC
?[0;34m2023-03-03 00:32:06.407  INFO 11836 --- [nio-8889-exec-1] o.a.c.c.C.[Tomcat].[localhost].[/]       : Initializing Spring DispatcherServlet 'dispatcherServlet'
?[0m?[0;34m2023-03-03 00:32:06.407  INFO 11836 --- [nio-8889-exec-1] o.s.web.servlet.DispatcherServlet        : Initializing Servlet 'dispatcherServlet'
?[0m?[0;34m2023-03-03 00:32:06.408 DEBUG 11836 --- [nio-8889-exec-1] o.s.web.servlet.DispatcherServlet        : Detected StandardServletMultipartResolver
?[0m?[0;34m2023-03-03 00:32:06.408 DEBUG 11836 --- [nio-8889-exec-1] o.s.web.servlet.DispatcherServlet        : Detected AcceptHeaderLocaleResolver
?[0m?[0;34m2023-03-03 00:32:06.408 DEBUG 11836 --- [nio-8889-exec-1] o.s.web.servlet.DispatcherServlet        : Detected FixedThemeResolver
?[0m?[0;34m2023-03-03 00:32:06.409 DEBUG 11836 --- [nio-8889-exec-1] o.s.web.servlet.DispatcherServlet        : Detected org.springframework.web.servlet.view.DefaultRequestToViewNameTranslator@1dbfbd94
?[0m?[0;34m2023-03-03 00:32:06.410 DEBUG 11836 --- [nio-8889-exec-1] o.s.web.servlet.DispatcherServlet        : Detected org.springframework.web.servlet.support.SessionFlashMapManager@761f1a28
?[0m?[0;34m2023-03-03 00:32:06.410 DEBUG 11836 --- [nio-8889-exec-1] o.s.web.servlet.DispatcherServlet        : enableLoggingRequestDetails='false': request parameters and headers will be masked to prevent unsafe logging of potentially sensitive data
?[0m?[0;34m2023-03-03 00:32:06.411  INFO 11836 --- [nio-8889-exec-1] o.s.web.servlet.DispatcherServlet        : Completed initialization in 4 ms
?[0m?[0;34m2023-03-03 00:32:06.432 DEBUG 11836 --- [nio-8889-exec-1] o.s.web.servlet.DispatcherServlet        : GET "/code/new", parameters={}
?[0m?[0;34m2023-03-03 00:32:06.443 DEBUG 11836 --- [nio-8889-exec-1] s.w.s.m.m.a.RequestMappingHandlerMapping : Mapped to platform.presentationlayer.WEBcpsController#getCodeNewCreationEndPointTest(Model)
?[0m?[0;34m2023-03-03 00:32:06.523 DEBUG 11836 --- [nio-8889-exec-1] o.s.w.s.v.ContentNegotiatingViewResolver : Selected '*/*' given [*/*]
?[0m?[0;34m2023-03-03 00:32:06.523 DEBUG 11836 --- [nio-8889-exec-1] o.s.w.s.view.freemarker.FreeMarkerView   : View name 'codeNew', model {}
?[0m?[0;34m2023-03-03 00:32:06.525 DEBUG 11836 --- [nio-8889-exec-1] o.s.w.s.view.freemarker.FreeMarkerView   : Rendering [codeNew.ftlh]
?[0m?[0;34m2023-03-03 00:32:06.541 DEBUG 11836 --- [nio-8889-exec-1] o.s.web.servlet.DispatcherServlet        : Completed 200 OK
?[0m?[1;31m
Start test 2?[0m
?[0;34m2023-03-03 00:32:06.633 DEBUG 11836 --- [nio-8889-exec-2] o.s.web.servlet.DispatcherServlet        : POST "/api/code/new", parameters={}
?[0m?[0;34m2023-03-03 00:32:06.634 DEBUG 11836 --- [nio-8889-exec-2] s.w.s.m.m.a.RequestMappingHandlerMapping : Mapped to platform.presentationlayer.APIcspController#postApiEndoint(Code)
?[0m?[0;34m2023-03-03 00:32:06.725 DEBUG 11836 --- [nio-8889-exec-2] m.m.a.RequestResponseBodyMethodProcessor : Read "application/json;charset=UTF-8" to [platform.businesslayer.Code@76e10fde]
?[0m?[0;34m2023-03-03 00:32:06.778 DEBUG 11836 --- [nio-8889-exec-2] org.hibernate.SQL                        : insert into codes (id_code, code, codeuuid, formated_date_time, date, remaining_time, remaining_views, restriction_by_date_is_accessible, restriction_by_views_is_accessible) values (null, ?, ?, ?, ?, ?, ?, ?, ?)
?[0m?[0;34me84ae7e1-673c-40bb-babd-787dd18196d2
?[0m?[0;34m2023-03-03 00:32:06.817 DEBUG 11836 --- [nio-8889-exec-2] o.s.w.s.m.m.a.HttpEntityMethodProcessor  : Using 'application/json', given [*/*] and supported [application/json, application/*+json, application/json, application/*+json]
?[0m?[0;34m2023-03-03 00:32:06.818 DEBUG 11836 --- [nio-8889-exec-2] o.s.w.s.m.m.a.HttpEntityMethodProcessor  : Writing [{id=e84ae7e1-673c-40bb-babd-787dd18196d2}]
?[0m?[0;34m2023-03-03 00:32:06.831 DEBUG 11836 --- [nio-8889-exec-2] o.s.web.servlet.DispatcherServlet        : Completed 200 OK
?[1;31m
Start test 3?[0m
?[0;34m2023-03-03 00:32:06.850 DEBUG 11836 --- [nio-8889-exec-3] o.s.web.servlet.DispatcherServlet        : GET "/api/code/e84ae7e1-673c-40bb-babd-787dd18196d2", parameters={}
?[0m?[0;34m2023-03-03 00:32:06.851 DEBUG 11836 --- [nio-8889-exec-3] s.w.s.m.m.a.RequestMappingHandlerMapping : Mapped to platform.presentationlayer.APIcspController#getApiEnpoint(String)
?[0m?[0;34m2023-03-03 00:32:06.976 DEBUG 11836 --- [nio-8889-exec-3] org.hibernate.SQL                        : select code0_.id_code as id_code1_0_, code0_.code as code2_0_, code0_.codeuuid as codeuuid3_0_, code0_.formated_date_time as formated4_0_, code0_.date as date5_0_, code0_.remaining_time as remainin6_0_, code0_.remaining_views as remainin7_0_, code0_.restriction_by_date_is_accessible as restrict8_0_, code0_.restriction_by_views_is_accessible as restrict9_0_ from codes code0_ where code0_.codeuuid=?
?[0m?[0;34m2023-03-03 00:32:06.995 DEBUG 11836 --- [nio-8889-exec-3] m.m.a.RequestResponseBodyMethodProcessor : Using 'application/json', given [*/*] and supported [application/json, application/*+json, application/json, application/*+json]
?[0m?[0;34m2023-03-03 00:32:06.996 DEBUG 11836 --- [nio-8889-exec-3] m.m.a.RequestResponseBodyMethodProcessor : Writing [platform.businesslayer.Code@428dfe75]
?[0m?[0;34m2023-03-03 00:32:06.998 DEBUG 11836 --- [nio-8889-exec-3] o.s.web.servlet.DispatcherServlet        : Completed 200 OK
?[1;31m
Start test 4?[0m
?[0;34m2023-03-03 00:32:07.010 DEBUG 11836 --- [nio-8889-exec-5] o.s.web.servlet.DispatcherServlet        : GET "/code/e84ae7e1-673c-40bb-babd-787dd18196d2", parameters={}
?[0m?[0;34m2023-03-03 00:32:07.012 DEBUG 11836 --- [nio-8889-exec-5] s.w.s.m.m.a.RequestMappingHandlerMapping : Mapped to platform.presentationlayer.WEBcpsController#getCodeNewCreationEndPoint2(Model, String)
?[0m?[0;34m2023-03-03 00:32:07.014 DEBUG 11836 --- [nio-8889-exec-5] org.hibernate.SQL                        : select code0_.id_code as id_code1_0_, code0_.code as code2_0_, code0_.codeuuid as codeuuid3_0_, code0_.formated_date_time as formated4_0_, code0_.date as date5_0_, code0_.remaining_time as remainin6_0_, code0_.remaining_views as remainin7_0_, code0_.restriction_by_date_is_accessible as restrict8_0_, code0_.restriction_by_views_is_accessible as restrict9_0_ from codes code0_ where code0_.codeuuid=?
?[0m?[0;34m2023-03-03 00:32:07.016 DEBUG 11836 --- [nio-8889-exec-5] o.s.w.servlet.view.BeanNameViewResolver  : Found bean named 'code' but it does not implement View
?[0m?[0;34m2023-03-03 00:32:07.028 DEBUG 11836 --- [nio-8889-exec-5] o.s.w.s.v.ContentNegotiatingViewResolver : Selected 'text/html' given [text/html]
?[0m?[0;34m2023-03-03 00:32:07.029 DEBUG 11836 --- [nio-8889-exec-5] o.s.w.s.view.freemarker.FreeMarkerView   : View name 'code', model {code=platform.businesslayer.Code@4647a6b1, date=03-03-2023 00:32:06, org.springframework.validation.BindingResult.code=org.springframework.validation.BeanPropertyBindingResult: 0 errors}
?[0m?[0;34m2023-03-03 00:32:07.029 DEBUG 11836 --- [nio-8889-exec-5] o.s.w.s.view.freemarker.FreeMarkerView   : Rendering [code.ftlh]
?[0m?[0;34m2023-03-03 00:32:07.057 DEBUG 11836 --- [nio-8889-exec-5] o.s.web.servlet.DispatcherServlet        : Completed 200 OK
?[1;31m
Start test 5?[0m
?[0;34m2023-03-03 00:32:07.063 DEBUG 11836 --- [nio-8889-exec-7] o.s.web.servlet.DispatcherServlet        : GET "/api/code/latest", parameters={}
?[0m?[0;34m2023-03-03 00:32:07.064 DEBUG 11836 --- [nio-8889-exec-7] s.w.s.m.m.a.RequestMappingHandlerMapping : Mapped to platform.presentationlayer.APIcspController#getApiEnpoint2()
?[0m?[0;34m2023-03-03 00:32:07.096 DEBUG 11836 --- [nio-8889-exec-7] org.hibernate.SQL                        : SELECT * FROM CODES WHERE REMAINING_TIME = 0 AND REMAINING_VIEWS = 0 ORDER BY DATE DESC LIMIT 10
?[0m?[0;34m2023-03-03 00:32:07.099 DEBUG 11836 --- [nio-8889-exec-7] m.m.a.RequestResponseBodyMethodProcessor : Using 'application/json', given [*/*] and supported [application/json, application/*+json, application/json, application/*+json]
?[0m?[0;34m2023-03-03 00:32:07.100 DEBUG 11836 --- [nio-8889-exec-7] m.m.a.RequestResponseBodyMethodProcessor : Writing [[platform.businesslayer.Code@17a6d4a0]]
?[0m?[0;34m2023-03-03 00:32:07.103 DEBUG 11836 --- [nio-8889-exec-7] o.s.web.servlet.DispatcherServlet        : Completed 200 OK
?[1;31m
Start test 6?[0m
?[0;34m2023-03-03 00:32:07.112 DEBUG 11836 --- [nio-8889-exec-8] o.s.web.servlet.DispatcherServlet        : GET "/code/latest", parameters={}
?[0m?[0;34m2023-03-03 00:32:07.113 DEBUG 11836 --- [nio-8889-exec-8] s.w.s.m.m.a.RequestMappingHandlerMapping : Mapped to platform.presentationlayer.WEBcpsController#getWebLastTen(Model)
?[0m?[0;34m2023-03-03 00:32:07.114 DEBUG 11836 --- [nio-8889-exec-8] org.hibernate.SQL                        : SELECT * FROM CODES WHERE REMAINING_TIME = 0 AND REMAINING_VIEWS = 0 ORDER BY DATE DESC LIMIT 10
?[0m?[0;34m2023-03-03 00:32:07.119 DEBUG 11836 --- [nio-8889-exec-8] o.s.w.s.v.ContentNegotiatingViewResolver : Selected '*/*' given [*/*]
?[0m?[0;34m2023-03-03 00:32:07.119 DEBUG 11836 --- [nio-8889-exec-8] o.s.w.s.view.freemarker.FreeMarkerView   : View name 'returnLastTen', model {snippets=[platform.businesslayer.Code@1b95a896]}
?[0m?[0;34m2023-03-03 00:32:07.120 DEBUG 11836 --- [nio-8889-exec-8] o.s.w.s.view.freemarker.FreeMarkerView   : Rendering [returnLastTen.ftlh]
?[0m?[0;34m2023-03-03 00:32:07.125 DEBUG 11836 --- [nio-8889-exec-8] o.s.web.servlet.DispatcherServlet        : Completed 200 OK
?[1;31m
Start test 7?[0m
?[0;34m2023-03-03 00:32:07.132 DEBUG 11836 --- [nio-8889-exec-9] o.s.web.servlet.DispatcherServlet        : POST "/api/code/new", parameters={}
?[0m?[0;34m2023-03-03 00:32:07.132 DEBUG 11836 --- [nio-8889-exec-9] s.w.s.m.m.a.RequestMappingHandlerMapping : Mapped to platform.presentationlayer.APIcspController#postApiEndoint(Code)
?[0m?[0;34m2023-03-03 00:32:07.133 DEBUG 11836 --- [nio-8889-exec-9] m.m.a.RequestResponseBodyMethodProcessor : Read "application/json;charset=UTF-8" to [platform.businesslayer.Code@f5e0ee1]
?[0m?[0;34m2023-03-03 00:32:07.134 DEBUG 11836 --- [nio-8889-exec-9] org.hibernate.SQL                        : insert into codes (id_code, code, codeuuid, formated_date_time, date, remaining_time, remaining_views, restriction_by_date_is_accessible, restriction_by_views_is_accessible) values (null, ?, ?, ?, ?, ?, ?, ?, ?)
?[0m?[0;34m8eacac71-1468-493e-b6c0-691d97711d1f
?[0m?[0;34m2023-03-03 00:32:07.136 DEBUG 11836 --- [nio-8889-exec-9] o.s.w.s.m.m.a.HttpEntityMethodProcessor  : Using 'application/json', given [*/*] and supported [application/json, application/*+json, application/json, application/*+json]
?[0m?[0;34m2023-03-03 00:32:07.136 DEBUG 11836 --- [nio-8889-exec-9] o.s.w.s.m.m.a.HttpEntityMethodProcessor  : Writing [{id=8eacac71-1468-493e-b6c0-691d97711d1f}]
?[0m?[0;34m2023-03-03 00:32:07.137 DEBUG 11836 --- [nio-8889-exec-9] o.s.web.servlet.DispatcherServlet        : Completed 200 OK
?[1;31m
Start test 8?[0m
?[0;34m2023-03-03 00:32:07.143 DEBUG 11836 --- [io-8889-exec-10] o.s.web.servlet.DispatcherServlet        : GET "/api/code/e84ae7e1-673c-40bb-babd-787dd18196d2", parameters={}
?[0m?[0;34m2023-03-03 00:32:07.144 DEBUG 11836 --- [io-8889-exec-10] s.w.s.m.m.a.RequestMappingHandlerMapping : Mapped to platform.presentationlayer.APIcspController#getApiEnpoint(String)
?[0m?[0;34m2023-03-03 00:32:07.145 DEBUG 11836 --- [io-8889-exec-10] org.hibernate.SQL                        : select code0_.id_code as id_code1_0_, code0_.code as code2_0_, code0_.codeuuid as codeuuid3_0_, code0_.formated_date_time as formated4_0_, code0_.date as date5_0_, code0_.remaining_time as remainin6_0_, code0_.remaining_views as remainin7_0_, code0_.restriction_by_date_is_accessible as restrict8_0_, code0_.restriction_by_views_is_accessible as restrict9_0_ from codes code0_ where code0_.codeuuid=?
?[0m?[0;34m2023-03-03 00:32:07.146 DEBUG 11836 --- [io-8889-exec-10] m.m.a.RequestResponseBodyMethodProcessor : Using 'application/json', given [*/*] and supported [application/json, application/*+json, application/json, application/*+json]
?[0m?[0;34m2023-03-03 00:32:07.146 DEBUG 11836 --- [io-8889-exec-10] m.m.a.RequestResponseBodyMethodProcessor : Writing [platform.businesslayer.Code@72a2fe93]
?[0m?[0;34m2023-03-03 00:32:07.147 DEBUG 11836 --- [io-8889-exec-10] o.s.web.servlet.DispatcherServlet        : Completed 200 OK
?[1;31m
Start test 9?[0m
?[0m?[0;34m2023-03-03 00:32:07.152 DEBUG 11836 --- [nio-8889-exec-1] o.s.web.servlet.DispatcherServlet        : GET "/code/e84ae7e1-673c-40bb-babd-787dd18196d2", parameters={}
?[0m?[0;34m2023-03-03 00:32:07.153 DEBUG 11836 --- [nio-8889-exec-1] s.w.s.m.m.a.RequestMappingHandlerMapping : Mapped to platform.presentationlayer.WEBcpsController#getCodeNewCreationEndPoint2(Model, String)
?[0m?[0;34m2023-03-03 00:32:07.154 DEBUG 11836 --- [nio-8889-exec-1] org.hibernate.SQL                        : select code0_.id_code as id_code1_0_, code0_.code as code2_0_, code0_.codeuuid as codeuuid3_0_, code0_.formated_date_time as formated4_0_, code0_.date as date5_0_, code0_.remaining_time as remainin6_0_, code0_.remaining_views as remainin7_0_, code0_.restriction_by_date_is_accessible as restrict8_0_, code0_.restriction_by_views_is_accessible as restrict9_0_ from codes code0_ where code0_.codeuuid=?
?[0m?[0;34m2023-03-03 00:32:07.155 DEBUG 11836 --- [nio-8889-exec-1] o.s.w.servlet.view.BeanNameViewResolver  : Found bean named 'code' but it does not implement View
?[0m?[0;34m2023-03-03 00:32:07.156 DEBUG 11836 --- [nio-8889-exec-1] o.s.w.s.v.ContentNegotiatingViewResolver : Selected 'text/html' given [text/html]
?[0m?[0;34m2023-03-03 00:32:07.156 DEBUG 11836 --- [nio-8889-exec-1] o.s.w.s.view.freemarker.FreeMarkerView   : View name 'code', model {code=platform.businesslayer.Code@6f94a1a, date=03-03-2023 00:32:06, org.springframework.validation.BindingResult.code=org.springframework.validation.BeanPropertyBindingResult: 0 errors}
?[0m?[0;34m2023-03-03 00:32:07.156 DEBUG 11836 --- [nio-8889-exec-1] o.s.w.s.view.freemarker.FreeMarkerView   : Rendering [code.ftlh]
?[0m?[0;34m2023-03-03 00:32:07.157 DEBUG 11836 --- [nio-8889-exec-1] o.s.web.servlet.DispatcherServlet        : Completed 200 OK
?[1;31m
Start test 10?[0m
?[0m?[0;34m2023-03-03 00:32:07.162 DEBUG 11836 --- [nio-8889-exec-2] o.s.web.servlet.DispatcherServlet        : GET "/api/code/8eacac71-1468-493e-b6c0-691d97711d1f", parameters={}
?[0m?[0;34m2023-03-03 00:32:07.163 DEBUG 11836 --- [nio-8889-exec-2] s.w.s.m.m.a.RequestMappingHandlerMapping : Mapped to platform.presentationlayer.APIcspController#getApiEnpoint(String)
?[0m?[0;34m2023-03-03 00:32:07.164 DEBUG 11836 --- [nio-8889-exec-2] org.hibernate.SQL                        : select code0_.id_code as id_code1_0_, code0_.code as code2_0_, code0_.codeuuid as codeuuid3_0_, code0_.formated_date_time as formated4_0_, code0_.date as date5_0_, code0_.remaining_time as remainin6_0_, code0_.remaining_views as remainin7_0_, code0_.restriction_by_date_is_accessible as restrict8_0_, code0_.restriction_by_views_is_accessible as restrict9_0_ from codes code0_ where code0_.codeuuid=?
?[0m?[0;34m2023-03-03 00:32:07.165 DEBUG 11836 --- [nio-8889-exec-2] m.m.a.RequestResponseBodyMethodProcessor : Using 'application/json', given [*/*] and supported [application/json, application/*+json, application/json, application/*+json]
?[0m?[0;34m2023-03-03 00:32:07.165 DEBUG 11836 --- [nio-8889-exec-2] m.m.a.RequestResponseBodyMethodProcessor : Writing [platform.businesslayer.Code@fff0b57]
?[0m?[0;34m2023-03-03 00:32:07.166 DEBUG 11836 --- [nio-8889-exec-2] o.s.web.servlet.DispatcherServlet        : Completed 200 OK
?[1;31m
Start test 11?[0m
?[0m?[0;34m2023-03-03 00:32:07.172 DEBUG 11836 --- [nio-8889-exec-3] o.s.web.servlet.DispatcherServlet        : GET "/code/8eacac71-1468-493e-b6c0-691d97711d1f", parameters={}
?[0m?[0;34m2023-03-03 00:32:07.173 DEBUG 11836 --- [nio-8889-exec-3] s.w.s.m.m.a.RequestMappingHandlerMapping : Mapped to platform.presentationlayer.WEBcpsController#getCodeNewCreationEndPoint2(Model, String)
?[0m?[0;34m2023-03-03 00:32:07.174 DEBUG 11836 --- [nio-8889-exec-3] org.hibernate.SQL                        : select code0_.id_code as id_code1_0_, code0_.code as code2_0_, code0_.codeuuid as codeuuid3_0_, code0_.formated_date_time as formated4_0_, code0_.date as date5_0_, code0_.remaining_time as remainin6_0_, code0_.remaining_views as remainin7_0_, code0_.restriction_by_date_is_accessible as restrict8_0_, code0_.restriction_by_views_is_accessible as restrict9_0_ from codes code0_ where code0_.codeuuid=?
?[0m?[0;34m2023-03-03 00:32:07.175 DEBUG 11836 --- [nio-8889-exec-3] o.s.w.servlet.view.BeanNameViewResolver  : Found bean named 'code' but it does not implement View
?[0m?[0;34m2023-03-03 00:32:07.176 DEBUG 11836 --- [nio-8889-exec-3] o.s.w.s.v.ContentNegotiatingViewResolver : Selected 'text/html' given [text/html]
?[0m?[0;34m2023-03-03 00:32:07.176 DEBUG 11836 --- [nio-8889-exec-3] o.s.w.s.view.freemarker.FreeMarkerView   : View name 'code', model {code=platform.businesslayer.Code@381874a4, date=03-03-2023 00:32:07, org.springframework.validation.BindingResult.code=org.springframework.validation.BeanPropertyBindingResult: 0 errors}
?[0m?[0;34m2023-03-03 00:32:07.176 DEBUG 11836 --- [nio-8889-exec-3] o.s.w.s.view.freemarker.FreeMarkerView   : Rendering [code.ftlh]
?[0m?[0;34m2023-03-03 00:32:07.177 DEBUG 11836 --- [nio-8889-exec-3] o.s.web.servlet.DispatcherServlet        : Completed 200 OK
?[1;31m
Start test 12?[0m
?[0;34m2023-03-03 00:32:07.183 DEBUG 11836 --- [nio-8889-exec-4] o.s.web.servlet.DispatcherServlet        : GET "/api/code/latest", parameters={}
?[0m?[0;34m2023-03-03 00:32:07.184 DEBUG 11836 --- [nio-8889-exec-4] s.w.s.m.m.a.RequestMappingHandlerMapping : Mapped to platform.presentationlayer.APIcspController#getApiEnpoint2()
?[0m?[0;34m2023-03-03 00:32:07.185 DEBUG 11836 --- [nio-8889-exec-4] org.hibernate.SQL                        : SELECT * FROM CODES WHERE REMAINING_TIME = 0 AND REMAINING_VIEWS = 0 ORDER BY DATE DESC LIMIT 10
?[0m?[0;34m2023-03-03 00:32:07.187 DEBUG 11836 --- [nio-8889-exec-4] m.m.a.RequestResponseBodyMethodProcessor : Using 'application/json', given [*/*] and supported [application/json, application/*+json, application/json, application/*+json]
?[0m?[0;34m2023-03-03 00:32:07.187 DEBUG 11836 --- [nio-8889-exec-4] m.m.a.RequestResponseBodyMethodProcessor : Writing [[platform.businesslayer.Code@3b888f3, platform.businesslayer.Code@5c0c8641]]
?[0m?[0;34m2023-03-03 00:32:07.188 DEBUG 11836 --- [nio-8889-exec-4] o.s.web.servlet.DispatcherServlet        : Completed 200 OK
?[1;31m
Start test 13?[0m
?[0;34m2023-03-03 00:32:07.193 DEBUG 11836 --- [nio-8889-exec-6] o.s.web.servlet.DispatcherServlet        : GET "/code/latest", parameters={}
?[0m?[0;34m2023-03-03 00:32:07.193 DEBUG 11836 --- [nio-8889-exec-6] s.w.s.m.m.a.RequestMappingHandlerMapping : Mapped to platform.presentationlayer.WEBcpsController#getWebLastTen(Model)
?[0m?[0;34m2023-03-03 00:32:07.194 DEBUG 11836 --- [nio-8889-exec-6] org.hibernate.SQL                        : SELECT * FROM CODES WHERE REMAINING_TIME = 0 AND REMAINING_VIEWS = 0 ORDER BY DATE DESC LIMIT 10
?[0m?[0;34m2023-03-03 00:32:07.196 DEBUG 11836 --- [nio-8889-exec-6] o.s.w.s.v.ContentNegotiatingViewResolver : Selected '*/*' given [*/*]
?[0m?[0;34m2023-03-03 00:32:07.196 DEBUG 11836 --- [nio-8889-exec-6] o.s.w.s.view.freemarker.FreeMarkerView   : View name 'returnLastTen', model {snippets=[platform.businesslayer.Code@233f3d0d, platform.businesslayer.Code@57119391]}
?[0m?[0;34m2023-03-03 00:32:07.197 DEBUG 11836 --- [nio-8889-exec-6] o.s.w.s.view.freemarker.FreeMarkerView   : Rendering [returnLastTen.ftlh]
?[0m?[0;34m2023-03-03 00:32:07.197 DEBUG 11836 --- [nio-8889-exec-6] o.s.web.servlet.DispatcherServlet        : Completed 200 OK
?[1;31m
Start test 14?[0m
?[0m?[0;34m2023-03-03 00:32:07.203 DEBUG 11836 --- [nio-8889-exec-5] o.s.web.servlet.DispatcherServlet        : POST "/api/code/new", parameters={}
?[0m?[0;34m2023-03-03 00:32:07.204 DEBUG 11836 --- [nio-8889-exec-5] s.w.s.m.m.a.RequestMappingHandlerMapping : Mapped to platform.presentationlayer.APIcspController#postApiEndoint(Code)
?[0m?[0;34m2023-03-03 00:32:07.205 DEBUG 11836 --- [nio-8889-exec-5] m.m.a.RequestResponseBodyMethodProcessor : Read "application/json;charset=UTF-8" to [platform.businesslayer.Code@2e5ee965]
?[0m?[0;34m2023-03-03 00:32:07.205 DEBUG 11836 --- [nio-8889-exec-5] org.hibernate.SQL                        : insert into codes (id_code, code, codeuuid, formated_date_time, date, remaining_time, remaining_views, restriction_by_date_is_accessible, restriction_by_views_is_accessible) values (null, ?, ?, ?, ?, ?, ?, ?, ?)
?[0m?[0;34m215fc52e-4f5c-49d1-a413-85ed240c1b31
?[0m?[0;34m2023-03-03 00:32:07.207 DEBUG 11836 --- [nio-8889-exec-5] o.s.w.s.m.m.a.HttpEntityMethodProcessor  : Using 'application/json', given [*/*] and supported [application/json, application/*+json, application/json, application/*+json]
?[0m?[0;34m2023-03-03 00:32:07.207 DEBUG 11836 --- [nio-8889-exec-5] o.s.w.s.m.m.a.HttpEntityMethodProcessor  : Writing [{id=215fc52e-4f5c-49d1-a413-85ed240c1b31}]
?[0m?[0;34m2023-03-03 00:32:07.208 DEBUG 11836 --- [nio-8889-exec-5] o.s.web.servlet.DispatcherServlet        : Completed 200 OK
?[1;31m
Start test 15?[0m
?[0m?[0;34m2023-03-03 00:32:07.213 DEBUG 11836 --- [nio-8889-exec-7] o.s.web.servlet.DispatcherServlet        : POST "/api/code/new", parameters={}
?[0m?[0;34m2023-03-03 00:32:07.214 DEBUG 11836 --- [nio-8889-exec-7] s.w.s.m.m.a.RequestMappingHandlerMapping : Mapped to platform.presentationlayer.APIcspController#postApiEndoint(Code)
?[0m?[0;34m2023-03-03 00:32:07.214 DEBUG 11836 --- [nio-8889-exec-7] m.m.a.RequestResponseBodyMethodProcessor : Read "application/json;charset=UTF-8" to [platform.businesslayer.Code@771d4db2]
?[0m?[0;34m2023-03-03 00:32:07.215 DEBUG 11836 --- [nio-8889-exec-7] org.hibernate.SQL                        : insert into codes (id_code, code, codeuuid, formated_date_time, date, remaining_time, remaining_views, restriction_by_date_is_accessible, restriction_by_views_is_accessible) values (null, ?, ?, ?, ?, ?, ?, ?, ?)
?[0m?[0;34m40fb8f6d-7ea7-41e6-aa78-41e50f33dc20
?[0m?[0;34m2023-03-03 00:32:07.217 DEBUG 11836 --- [nio-8889-exec-7] o.s.w.s.m.m.a.HttpEntityMethodProcessor  : Using 'application/json', given [*/*] and supported [application/json, application/*+json, application/json, application/*+json]
?[0m?[0;34m2023-03-03 00:32:07.217 DEBUG 11836 --- [nio-8889-exec-7] o.s.w.s.m.m.a.HttpEntityMethodProcessor  : Writing [{id=40fb8f6d-7ea7-41e6-aa78-41e50f33dc20}]
?[0m?[0;34m2023-03-03 00:32:07.217 DEBUG 11836 --- [nio-8889-exec-7] o.s.web.servlet.DispatcherServlet        : Completed 200 OK
?[1;31m
Start test 16?[0m
?[0m?[0;34m2023-03-03 00:32:07.223 DEBUG 11836 --- [nio-8889-exec-8] o.s.web.servlet.DispatcherServlet        : POST "/api/code/new", parameters={}
?[0m?[0;34m2023-03-03 00:32:07.223 DEBUG 11836 --- [nio-8889-exec-8] s.w.s.m.m.a.RequestMappingHandlerMapping : Mapped to platform.presentationlayer.APIcspController#postApiEndoint(Code)
?[0m?[0;34m2023-03-03 00:32:07.224 DEBUG 11836 --- [nio-8889-exec-8] m.m.a.RequestResponseBodyMethodProcessor : Read "application/json;charset=UTF-8" to [platform.businesslayer.Code@6f62dc04]
?[0m?[0;34m2023-03-03 00:32:07.225 DEBUG 11836 --- [nio-8889-exec-8] org.hibernate.SQL                        : insert into codes (id_code, code, codeuuid, formated_date_time, date, remaining_time, remaining_views, restriction_by_date_is_accessible, restriction_by_views_is_accessible) values (null, ?, ?, ?, ?, ?, ?, ?, ?)
?[0m?[0;34m42318c46-0cf8-461a-be0d-a14bf2387c8f
?[0m?[0;34m2023-03-03 00:32:07.226 DEBUG 11836 --- [nio-8889-exec-8] o.s.w.s.m.m.a.HttpEntityMethodProcessor  : Using 'application/json', given [*/*] and supported [application/json, application/*+json, application/json, application/*+json]
?[0m?[0;34m2023-03-03 00:32:07.226 DEBUG 11836 --- [nio-8889-exec-8] o.s.w.s.m.m.a.HttpEntityMethodProcessor  : Writing [{id=42318c46-0cf8-461a-be0d-a14bf2387c8f}]
?[0m?[0;34m2023-03-03 00:32:07.227 DEBUG 11836 --- [nio-8889-exec-8] o.s.web.servlet.DispatcherServlet        : Completed 200 OK
?[1;31m
Start test 17?[0m
?[0m?[0;34m2023-03-03 00:32:07.231 DEBUG 11836 --- [nio-8889-exec-9] o.s.web.servlet.DispatcherServlet        : POST "/api/code/new", parameters={}
?[0m?[0;34m2023-03-03 00:32:07.232 DEBUG 11836 --- [nio-8889-exec-9] s.w.s.m.m.a.RequestMappingHandlerMapping : Mapped to platform.presentationlayer.APIcspController#postApiEndoint(Code)
?[0m?[0;34m2023-03-03 00:32:07.233 DEBUG 11836 --- [nio-8889-exec-9] m.m.a.RequestResponseBodyMethodProcessor : Read "application/json;charset=UTF-8" to [platform.businesslayer.Code@40a4eb41]
?[0m?[0;34m2023-03-03 00:32:07.233 DEBUG 11836 --- [nio-8889-exec-9] org.hibernate.SQL                        : insert into codes (id_code, code, codeuuid, formated_date_time, date, remaining_time, remaining_views, restriction_by_date_is_accessible, restriction_by_views_is_accessible) values (null, ?, ?, ?, ?, ?, ?, ?, ?)
?[0m?[0;34m5298efb0-16b7-46c3-8f5a-2830bbb8ac25
?[0m?[0;34m2023-03-03 00:32:07.235 DEBUG 11836 --- [nio-8889-exec-9] o.s.w.s.m.m.a.HttpEntityMethodProcessor  : Using 'application/json', given [*/*] and supported [application/json, application/*+json, application/json, application/*+json]
?[0m?[0;34m2023-03-03 00:32:07.235 DEBUG 11836 --- [nio-8889-exec-9] o.s.w.s.m.m.a.HttpEntityMethodProcessor  : Writing [{id=5298efb0-16b7-46c3-8f5a-2830bbb8ac25}]
?[0m?[0;34m2023-03-03 00:32:07.235 DEBUG 11836 --- [nio-8889-exec-9] o.s.web.servlet.DispatcherServlet        : Completed 200 OK
?[1;31m
Start test 18?[0m
?[0m?[0;34m2023-03-03 00:32:07.241 DEBUG 11836 --- [io-8889-exec-10] o.s.web.servlet.DispatcherServlet        : POST "/api/code/new", parameters={}
?[0m?[0;34m2023-03-03 00:32:07.241 DEBUG 11836 --- [io-8889-exec-10] s.w.s.m.m.a.RequestMappingHandlerMapping : Mapped to platform.presentationlayer.APIcspController#postApiEndoint(Code)
?[0m?[0;34m2023-03-03 00:32:07.242 DEBUG 11836 --- [io-8889-exec-10] m.m.a.RequestResponseBodyMethodProcessor : Read "application/json;charset=UTF-8" to [platform.businesslayer.Code@65d1e7a]
?[0m?[0;34m2023-03-03 00:32:07.242 DEBUG 11836 --- [io-8889-exec-10] org.hibernate.SQL                        : insert into codes (id_code, code, codeuuid, formated_date_time, date, remaining_time, remaining_views, restriction_by_date_is_accessible, restriction_by_views_is_accessible) values (null, ?, ?, ?, ?, ?, ?, ?, ?)
?[0m?[0;34m42798786-b792-4411-ae1b-8381c1bc3cc1
?[0m?[0;34m2023-03-03 00:32:07.244 DEBUG 11836 --- [io-8889-exec-10] o.s.w.s.m.m.a.HttpEntityMethodProcessor  : Using 'application/json', given [*/*] and supported [application/json, application/*+json, application/json, application/*+json]
?[0m?[0;34m2023-03-03 00:32:07.244 DEBUG 11836 --- [io-8889-exec-10] o.s.w.s.m.m.a.HttpEntityMethodProcessor  : Writing [{id=42798786-b792-4411-ae1b-8381c1bc3cc1}]
?[0m?[0;34m2023-03-03 00:32:07.244 DEBUG 11836 --- [io-8889-exec-10] o.s.web.servlet.DispatcherServlet        : Completed 200 OK
?[1;31m
Start test 19?[0m
?[0m?[0;34m2023-03-03 00:32:07.249 DEBUG 11836 --- [nio-8889-exec-1] o.s.web.servlet.DispatcherServlet        : POST "/api/code/new", parameters={}
?[0m?[0;34m2023-03-03 00:32:07.250 DEBUG 11836 --- [nio-8889-exec-1] s.w.s.m.m.a.RequestMappingHandlerMapping : Mapped to platform.presentationlayer.APIcspController#postApiEndoint(Code)
?[0m?[0;34m2023-03-03 00:32:07.251 DEBUG 11836 --- [nio-8889-exec-1] m.m.a.RequestResponseBodyMethodProcessor : Read "application/json;charset=UTF-8" to [platform.businesslayer.Code@5a986031]
?[0m?[0;34m2023-03-03 00:32:07.252 DEBUG 11836 --- [nio-8889-exec-1] org.hibernate.SQL                        : insert into codes (id_code, code, codeuuid, formated_date_time, date, remaining_time, remaining_views, restriction_by_date_is_accessible, restriction_by_views_is_accessible) values (null, ?, ?, ?, ?, ?, ?, ?, ?)
?[0m?[0;34m175f5b74-cbb8-47a9-9c04-e6d21fcd399d
?[0m?[0;34m2023-03-03 00:32:07.253 DEBUG 11836 --- [nio-8889-exec-1] o.s.w.s.m.m.a.HttpEntityMethodProcessor  : Using 'application/json', given [*/*] and supported [application/json, application/*+json, application/json, application/*+json]
?[0m?[0;34m2023-03-03 00:32:07.253 DEBUG 11836 --- [nio-8889-exec-1] o.s.w.s.m.m.a.HttpEntityMethodProcessor  : Writing [{id=175f5b74-cbb8-47a9-9c04-e6d21fcd399d}]
?[0m?[0;34m2023-03-03 00:32:07.254 DEBUG 11836 --- [nio-8889-exec-1] o.s.web.servlet.DispatcherServlet        : Completed 200 OK
?[1;31m
Start test 20?[0m
?[0m?[0;34m2023-03-03 00:32:07.259 DEBUG 11836 --- [nio-8889-exec-2] o.s.web.servlet.DispatcherServlet        : POST "/api/code/new", parameters={}
?[0m?[0;34m2023-03-03 00:32:07.260 DEBUG 11836 --- [nio-8889-exec-2] s.w.s.m.m.a.RequestMappingHandlerMapping : Mapped to platform.presentationlayer.APIcspController#postApiEndoint(Code)
?[0m?[0;34m2023-03-03 00:32:07.260 DEBUG 11836 --- [nio-8889-exec-2] m.m.a.RequestResponseBodyMethodProcessor : Read "application/json;charset=UTF-8" to [platform.businesslayer.Code@6f58a97e]
?[0m?[0;34m2023-03-03 00:32:07.261 DEBUG 11836 --- [nio-8889-exec-2] org.hibernate.SQL                        : insert into codes (id_code, code, codeuuid, formated_date_time, date, remaining_time, remaining_views, restriction_by_date_is_accessible, restriction_by_views_is_accessible) values (null, ?, ?, ?, ?, ?, ?, ?, ?)
?[0m?[0;34md9332ec3-356a-4a50-8ec5-a24472ce8b70
?[0m?[0;34m2023-03-03 00:32:07.262 DEBUG 11836 --- [nio-8889-exec-2] o.s.w.s.m.m.a.HttpEntityMethodProcessor  : Using 'application/json', given [*/*] and supported [application/json, application/*+json, application/json, application/*+json]
?[0m?[0;34m2023-03-03 00:32:07.263 DEBUG 11836 --- [nio-8889-exec-2] o.s.w.s.m.m.a.HttpEntityMethodProcessor  : Writing [{id=d9332ec3-356a-4a50-8ec5-a24472ce8b70}]
?[0m?[0;34m2023-03-03 00:32:07.264 DEBUG 11836 --- [nio-8889-exec-2] o.s.web.servlet.DispatcherServlet        : Completed 200 OK
?[1;31m
Start test 21?[0m
?[0m?[0;34m2023-03-03 00:32:07.268 DEBUG 11836 --- [nio-8889-exec-3] o.s.web.servlet.DispatcherServlet        : POST "/api/code/new", parameters={}
?[0m?[0;34m2023-03-03 00:32:07.269 DEBUG 11836 --- [nio-8889-exec-3] s.w.s.m.m.a.RequestMappingHandlerMapping : Mapped to platform.presentationlayer.APIcspController#postApiEndoint(Code)
?[0m?[0;34m2023-03-03 00:32:07.270 DEBUG 11836 --- [nio-8889-exec-3] m.m.a.RequestResponseBodyMethodProcessor : Read "application/json;charset=UTF-8" to [platform.businesslayer.Code@10215204]
?[0m?[0;34m2023-03-03 00:32:07.271 DEBUG 11836 --- [nio-8889-exec-3] org.hibernate.SQL                        : insert into codes (id_code, code, codeuuid, formated_date_time, date, remaining_time, remaining_views, restriction_by_date_is_accessible, restriction_by_views_is_accessible) values (null, ?, ?, ?, ?, ?, ?, ?, ?)
?[0m?[0;34mec323d4a-06f3-4a5e-ad6a-0d6e9db1b518
?[0m?[0;34m2023-03-03 00:32:07.272 DEBUG 11836 --- [nio-8889-exec-3] o.s.w.s.m.m.a.HttpEntityMethodProcessor  : Using 'application/json', given [*/*] and supported [application/json, application/*+json, application/json, application/*+json]
?[0m?[0;34m2023-03-03 00:32:07.272 DEBUG 11836 --- [nio-8889-exec-3] o.s.w.s.m.m.a.HttpEntityMethodProcessor  : Writing [{id=ec323d4a-06f3-4a5e-ad6a-0d6e9db1b518}]
?[0m?[0;34m2023-03-03 00:32:07.273 DEBUG 11836 --- [nio-8889-exec-3] o.s.web.servlet.DispatcherServlet        : Completed 200 OK
?[1;31m
Start test 22?[0m
?[0m?[0;34m2023-03-03 00:32:07.278 DEBUG 11836 --- [nio-8889-exec-4] o.s.web.servlet.DispatcherServlet        : POST "/api/code/new", parameters={}
?[0m?[0;34m2023-03-03 00:32:07.279 DEBUG 11836 --- [nio-8889-exec-4] s.w.s.m.m.a.RequestMappingHandlerMapping : Mapped to platform.presentationlayer.APIcspController#postApiEndoint(Code)
?[0m?[0;34m2023-03-03 00:32:07.280 DEBUG 11836 --- [nio-8889-exec-4] m.m.a.RequestResponseBodyMethodProcessor : Read "application/json;charset=UTF-8" to [platform.businesslayer.Code@3271ccca]
?[0m?[0;34m2023-03-03 00:32:07.281 DEBUG 11836 --- [nio-8889-exec-4] org.hibernate.SQL                        : insert into codes (id_code, code, codeuuid, formated_date_time, date, remaining_time, remaining_views, restriction_by_date_is_accessible, restriction_by_views_is_accessible) values (null, ?, ?, ?, ?, ?, ?, ?, ?)
?[0m?[0;34m8a870335-c582-4131-873b-f2e2ae091972
?[0m?[0;34m2023-03-03 00:32:07.282 DEBUG 11836 --- [nio-8889-exec-4] o.s.w.s.m.m.a.HttpEntityMethodProcessor  : Using 'application/json', given [*/*] and supported [application/json, application/*+json, application/json, application/*+json]
?[0m?[0;34m2023-03-03 00:32:07.282 DEBUG 11836 --- [nio-8889-exec-4] o.s.w.s.m.m.a.HttpEntityMethodProcessor  : Writing [{id=8a870335-c582-4131-873b-f2e2ae091972}]
?[0m?[0;34m2023-03-03 00:32:07.283 DEBUG 11836 --- [nio-8889-exec-4] o.s.web.servlet.DispatcherServlet        : Completed 200 OK
?[1;31m
Start test 23?[0m
?[0m?[0;34m2023-03-03 00:32:07.288 DEBUG 11836 --- [nio-8889-exec-6] o.s.web.servlet.DispatcherServlet        : POST "/api/code/new", parameters={}
?[0m?[0;34m2023-03-03 00:32:07.288 DEBUG 11836 --- [nio-8889-exec-6] s.w.s.m.m.a.RequestMappingHandlerMapping : Mapped to platform.presentationlayer.APIcspController#postApiEndoint(Code)
?[0m?[0;34m2023-03-03 00:32:07.289 DEBUG 11836 --- [nio-8889-exec-6] m.m.a.RequestResponseBodyMethodProcessor : Read "application/json;charset=UTF-8" to [platform.businesslayer.Code@d1c0b2b]
?[0m?[0;34m2023-03-03 00:32:07.290 DEBUG 11836 --- [nio-8889-exec-6] org.hibernate.SQL                        : insert into codes (id_code, code, codeuuid, formated_date_time, date, remaining_time, remaining_views, restriction_by_date_is_accessible, restriction_by_views_is_accessible) values (null, ?, ?, ?, ?, ?, ?, ?, ?)
?[0m?[0;34mf1f493d6-96df-41d9-9595-f24bd588e715
?[0m?[0;34m2023-03-03 00:32:07.291 DEBUG 11836 --- [nio-8889-exec-6] o.s.w.s.m.m.a.HttpEntityMethodProcessor  : Using 'application/json', given [*/*] and supported [application/json, application/*+json, application/json, application/*+json]
?[0m?[0;34m2023-03-03 00:32:07.291 DEBUG 11836 --- [nio-8889-exec-6] o.s.w.s.m.m.a.HttpEntityMethodProcessor  : Writing [{id=f1f493d6-96df-41d9-9595-f24bd588e715}]
?[0m?[0;34m2023-03-03 00:32:07.292 DEBUG 11836 --- [nio-8889-exec-6] o.s.web.servlet.DispatcherServlet        : Completed 200 OK
?[1;31m
Start test 24?[0m
?[0m?[0;34m2023-03-03 00:32:07.296 DEBUG 11836 --- [nio-8889-exec-5] o.s.web.servlet.DispatcherServlet        : POST "/api/code/new", parameters={}
?[0m?[0;34m2023-03-03 00:32:07.296 DEBUG 11836 --- [nio-8889-exec-5] s.w.s.m.m.a.RequestMappingHandlerMapping : Mapped to platform.presentationlayer.APIcspController#postApiEndoint(Code)
?[0m?[0;34m2023-03-03 00:32:07.297 DEBUG 11836 --- [nio-8889-exec-5] m.m.a.RequestResponseBodyMethodProcessor : Read "application/json;charset=UTF-8" to [platform.businesslayer.Code@2539fada]
?[0m?[0;34m2023-03-03 00:32:07.298 DEBUG 11836 --- [nio-8889-exec-5] org.hibernate.SQL                        : insert into codes (id_code, code, codeuuid, formated_date_time, date, remaining_time, remaining_views, restriction_by_date_is_accessible, restriction_by_views_is_accessible) values (null, ?, ?, ?, ?, ?, ?, ?, ?)
?[0m?[0;34mfd98efc0-4771-4da7-8cbe-9c74eb8d2f44
?[0m?[0;34m2023-03-03 00:32:07.299 DEBUG 11836 --- [nio-8889-exec-5] o.s.w.s.m.m.a.HttpEntityMethodProcessor  : Using 'application/json', given [*/*] and supported [application/json, application/*+json, application/json, application/*+json]
?[0m?[0;34m2023-03-03 00:32:07.299 DEBUG 11836 --- [nio-8889-exec-5] o.s.w.s.m.m.a.HttpEntityMethodProcessor  : Writing [{id=fd98efc0-4771-4da7-8cbe-9c74eb8d2f44}]
?[0m?[0;34m2023-03-03 00:32:07.300 DEBUG 11836 --- [nio-8889-exec-5] o.s.web.servlet.DispatcherServlet        : Completed 200 OK
?[1;31m
Start test 25?[0m
?[0m?[0;34m2023-03-03 00:32:07.305 DEBUG 11836 --- [nio-8889-exec-7] o.s.web.servlet.DispatcherServlet        : POST "/api/code/new", parameters={}
?[0m?[0;34m2023-03-03 00:32:07.305 DEBUG 11836 --- [nio-8889-exec-7] s.w.s.m.m.a.RequestMappingHandlerMapping : Mapped to platform.presentationlayer.APIcspController#postApiEndoint(Code)
?[0m?[0;34m2023-03-03 00:32:07.306 DEBUG 11836 --- [nio-8889-exec-7] m.m.a.RequestResponseBodyMethodProcessor : Read "application/json;charset=UTF-8" to [platform.businesslayer.Code@3f3e058]
?[0m?[0;34m2023-03-03 00:32:07.306 DEBUG 11836 --- [nio-8889-exec-7] org.hibernate.SQL                        : insert into codes (id_code, code, codeuuid, formated_date_time, date, remaining_time, remaining_views, restriction_by_date_is_accessible, restriction_by_views_is_accessible) values (null, ?, ?, ?, ?, ?, ?, ?, ?)
?[0m?[0;34mbd6d53fc-5c16-4f47-8106-e461fdc7f3ab
?[0m?[0;34m2023-03-03 00:32:07.307 DEBUG 11836 --- [nio-8889-exec-7] o.s.w.s.m.m.a.HttpEntityMethodProcessor  : Using 'application/json', given [*/*] and supported [application/json, application/*+json, application/json, application/*+json]
?[0m?[0;34m2023-03-03 00:32:07.308 DEBUG 11836 --- [nio-8889-exec-7] o.s.w.s.m.m.a.HttpEntityMethodProcessor  : Writing [{id=bd6d53fc-5c16-4f47-8106-e461fdc7f3ab}]
?[0m?[0;34m2023-03-03 00:32:07.308 DEBUG 11836 --- [nio-8889-exec-7] o.s.web.servlet.DispatcherServlet        : Completed 200 OK
?[1;31m
Start test 26?[0m
?[0m?[0;34m2023-03-03 00:32:07.313 DEBUG 11836 --- [nio-8889-exec-8] o.s.web.servlet.DispatcherServlet        : GET "/api/code/e84ae7e1-673c-40bb-babd-787dd18196d2", parameters={}
?[0m?[0;34m2023-03-03 00:32:07.314 DEBUG 11836 --- [nio-8889-exec-8] s.w.s.m.m.a.RequestMappingHandlerMapping : Mapped to platform.presentationlayer.APIcspController#getApiEnpoint(String)
?[0m?[0;34m2023-03-03 00:32:07.315 DEBUG 11836 --- [nio-8889-exec-8] org.hibernate.SQL                        : select code0_.id_code as id_code1_0_, code0_.code as code2_0_, code0_.codeuuid as codeuuid3_0_, code0_.formated_date_time as formated4_0_, code0_.date as date5_0_, code0_.remaining_time as remainin6_0_, code0_.remaining_views as remainin7_0_, code0_.restriction_by_date_is_accessible as restrict8_0_, code0_.restriction_by_views_is_accessible as restrict9_0_ from codes code0_ where code0_.codeuuid=?
?[0m?[0;34m2023-03-03 00:32:07.316 DEBUG 11836 --- [nio-8889-exec-8] m.m.a.RequestResponseBodyMethodProcessor : Using 'application/json', given [*/*] and supported [application/json, application/*+json, application/json, application/*+json]
?[0m?[0;34m2023-03-03 00:32:07.316 DEBUG 11836 --- [nio-8889-exec-8] m.m.a.RequestResponseBodyMethodProcessor : Writing [platform.businesslayer.Code@4df6876e]
?[0m?[0;34m2023-03-03 00:32:07.318 DEBUG 11836 --- [nio-8889-exec-8] o.s.web.servlet.DispatcherServlet        : Completed 200 OK
?[1;31m
Start test 27?[0m
?[0m?[0;34m2023-03-03 00:32:07.323 DEBUG 11836 --- [nio-8889-exec-9] o.s.web.servlet.DispatcherServlet        : GET "/code/e84ae7e1-673c-40bb-babd-787dd18196d2", parameters={}
?[0m?[0;34m2023-03-03 00:32:07.323 DEBUG 11836 --- [nio-8889-exec-9] s.w.s.m.m.a.RequestMappingHandlerMapping : Mapped to platform.presentationlayer.WEBcpsController#getCodeNewCreationEndPoint2(Model, String)
?[0m?[0;34m2023-03-03 00:32:07.325 DEBUG 11836 --- [nio-8889-exec-9] org.hibernate.SQL                        : select code0_.id_code as id_code1_0_, code0_.code as code2_0_, code0_.codeuuid as codeuuid3_0_, code0_.formated_date_time as formated4_0_, code0_.date as date5_0_, code0_.remaining_time as remainin6_0_, code0_.remaining_views as remainin7_0_, code0_.restriction_by_date_is_accessible as restrict8_0_, code0_.restriction_by_views_is_accessible as restrict9_0_ from codes code0_ where code0_.codeuuid=?
?[0m?[0;34m2023-03-03 00:32:07.326 DEBUG 11836 --- [nio-8889-exec-9] o.s.w.servlet.view.BeanNameViewResolver  : Found bean named 'code' but it does not implement View
?[0m?[0;34m2023-03-03 00:32:07.327 DEBUG 11836 --- [nio-8889-exec-9] o.s.w.s.v.ContentNegotiatingViewResolver : Selected 'text/html' given [text/html]
?[0m?[0;34m2023-03-03 00:32:07.327 DEBUG 11836 --- [nio-8889-exec-9] o.s.w.s.view.freemarker.FreeMarkerView   : View name 'code', model {code=platform.businesslayer.Code@3886506, date=03-03-2023 00:32:06, org.springframework.validation.BindingResult.code=org.springframework.validation.BeanPropertyBindingResult: 0 errors}
?[0m?[0;34m2023-03-03 00:32:07.327 DEBUG 11836 --- [nio-8889-exec-9] o.s.w.s.view.freemarker.FreeMarkerView   : Rendering [code.ftlh]
?[0m?[0;34m2023-03-03 00:32:07.327 DEBUG 11836 --- [nio-8889-exec-9] o.s.web.servlet.DispatcherServlet        : Completed 200 OK
?[1;31m
Start test 28?[0m
?[0m?[0;34m2023-03-03 00:32:07.332 DEBUG 11836 --- [io-8889-exec-10] o.s.web.servlet.DispatcherServlet        : GET "/api/code/8eacac71-1468-493e-b6c0-691d97711d1f", parameters={}
?[0m?[0;34m2023-03-03 00:32:07.333 DEBUG 11836 --- [io-8889-exec-10] s.w.s.m.m.a.RequestMappingHandlerMapping : Mapped to platform.presentationlayer.APIcspController#getApiEnpoint(String)
?[0m?[0;34m2023-03-03 00:32:07.334 DEBUG 11836 --- [io-8889-exec-10] org.hibernate.SQL                        : select code0_.id_code as id_code1_0_, code0_.code as code2_0_, code0_.codeuuid as codeuuid3_0_, code0_.formated_date_time as formated4_0_, code0_.date as date5_0_, code0_.remaining_time as remainin6_0_, code0_.remaining_views as remainin7_0_, code0_.restriction_by_date_is_accessible as restrict8_0_, code0_.restriction_by_views_is_accessible as restrict9_0_ from codes code0_ where code0_.codeuuid=?
?[0m?[0;34m2023-03-03 00:32:07.335 DEBUG 11836 --- [io-8889-exec-10] m.m.a.RequestResponseBodyMethodProcessor : Using 'application/json', given [*/*] and supported [application/json, application/*+json, application/json, application/*+json]
?[0m?[0;34m2023-03-03 00:32:07.335 DEBUG 11836 --- [io-8889-exec-10] m.m.a.RequestResponseBodyMethodProcessor : Writing [platform.businesslayer.Code@78ea44da]
?[0m?[0;34m2023-03-03 00:32:07.336 DEBUG 11836 --- [io-8889-exec-10] o.s.web.servlet.DispatcherServlet        : Completed 200 OK
?[1;31m
Start test 29?[0m
?[0m?[0;34m2023-03-03 00:32:07.340 DEBUG 11836 --- [nio-8889-exec-1] o.s.web.servlet.DispatcherServlet        : GET "/code/8eacac71-1468-493e-b6c0-691d97711d1f", parameters={}
?[0m?[0;34m2023-03-03 00:32:07.340 DEBUG 11836 --- [nio-8889-exec-1] s.w.s.m.m.a.RequestMappingHandlerMapping : Mapped to platform.presentationlayer.WEBcpsController#getCodeNewCreationEndPoint2(Model, String)
?[0m?[0;34m2023-03-03 00:32:07.342 DEBUG 11836 --- [nio-8889-exec-1] org.hibernate.SQL                        : select code0_.id_code as id_code1_0_, code0_.code as code2_0_, code0_.codeuuid as codeuuid3_0_, code0_.formated_date_time as formated4_0_, code0_.date as date5_0_, code0_.remaining_time as remainin6_0_, code0_.remaining_views as remainin7_0_, code0_.restriction_by_date_is_accessible as restrict8_0_, code0_.restriction_by_views_is_accessible as restrict9_0_ from codes code0_ where code0_.codeuuid=?
?[0m?[0;34m2023-03-03 00:32:07.343 DEBUG 11836 --- [nio-8889-exec-1] o.s.w.servlet.view.BeanNameViewResolver  : Found bean named 'code' but it does not implement View
?[0m?[0;34m2023-03-03 00:32:07.344 DEBUG 11836 --- [nio-8889-exec-1] o.s.w.s.v.ContentNegotiatingViewResolver : Selected 'text/html' given [text/html]
?[0m?[0;34m2023-03-03 00:32:07.344 DEBUG 11836 --- [nio-8889-exec-1] o.s.w.s.view.freemarker.FreeMarkerView   : View name 'code', model {code=platform.businesslayer.Code@4e4d415d, date=03-03-2023 00:32:07, org.springframework.validation.BindingResult.code=org.springframework.validation.BeanPropertyBindingResult: 0 errors}
?[0m?[0;34m2023-03-03 00:32:07.344 DEBUG 11836 --- [nio-8889-exec-1] o.s.w.s.view.freemarker.FreeMarkerView   : Rendering [code.ftlh]
?[0m?[0;34m2023-03-03 00:32:07.345 DEBUG 11836 --- [nio-8889-exec-1] o.s.web.servlet.DispatcherServlet        : Completed 200 OK
?[1;31m
Start test 30?[0m
?[0m?[0;34m2023-03-03 00:32:07.350 DEBUG 11836 --- [nio-8889-exec-2] o.s.web.servlet.DispatcherServlet        : GET "/api/code/215fc52e-4f5c-49d1-a413-85ed240c1b31", parameters={}
?[0m?[0;34m2023-03-03 00:32:07.351 DEBUG 11836 --- [nio-8889-exec-2] s.w.s.m.m.a.RequestMappingHandlerMapping : Mapped to platform.presentationlayer.APIcspController#getApiEnpoint(String)
?[0m?[0;34m2023-03-03 00:32:07.351 DEBUG 11836 --- [nio-8889-exec-2] org.hibernate.SQL                        : select code0_.id_code as id_code1_0_, code0_.code as code2_0_, code0_.codeuuid as codeuuid3_0_, code0_.formated_date_time as formated4_0_, code0_.date as date5_0_, code0_.remaining_time as remainin6_0_, code0_.remaining_views as remainin7_0_, code0_.restriction_by_date_is_accessible as restrict8_0_, code0_.restriction_by_views_is_accessible as restrict9_0_ from codes code0_ where code0_.codeuuid=?
?[0m?[0;34m2023-03-03 00:32:07.352 DEBUG 11836 --- [nio-8889-exec-2] m.m.a.RequestResponseBodyMethodProcessor : Using 'application/json', given [*/*] and supported [application/json, application/*+json, application/json, application/*+json]
?[0m?[0;34m2023-03-03 00:32:07.352 DEBUG 11836 --- [nio-8889-exec-2] m.m.a.RequestResponseBodyMethodProcessor : Writing [platform.businesslayer.Code@3d5d5348]
?[0m?[0;34m2023-03-03 00:32:07.353 DEBUG 11836 --- [nio-8889-exec-2] o.s.web.servlet.DispatcherServlet        : Completed 200 OK
?[1;31m
Start test 31?[0m
?[0m?[0;34m2023-03-03 00:32:07.358 DEBUG 11836 --- [nio-8889-exec-3] o.s.web.servlet.DispatcherServlet        : GET "/code/215fc52e-4f5c-49d1-a413-85ed240c1b31", parameters={}
?[0m?[0;34m2023-03-03 00:32:07.359 DEBUG 11836 --- [nio-8889-exec-3] s.w.s.m.m.a.RequestMappingHandlerMapping : Mapped to platform.presentationlayer.WEBcpsController#getCodeNewCreationEndPoint2(Model, String)
?[0m?[0;34m2023-03-03 00:32:07.360 DEBUG 11836 --- [nio-8889-exec-3] org.hibernate.SQL                        : select code0_.id_code as id_code1_0_, code0_.code as code2_0_, code0_.codeuuid as codeuuid3_0_, code0_.formated_date_time as formated4_0_, code0_.date as date5_0_, code0_.remaining_time as remainin6_0_, code0_.remaining_views as remainin7_0_, code0_.restriction_by_date_is_accessible as restrict8_0_, code0_.restriction_by_views_is_accessible as restrict9_0_ from codes code0_ where code0_.codeuuid=?
?[0m?[0;34m2023-03-03 00:32:07.361 DEBUG 11836 --- [nio-8889-exec-3] o.s.w.servlet.view.BeanNameViewResolver  : Found bean named 'code' but it does not implement View
?[0m?[0;34m2023-03-03 00:32:07.361 DEBUG 11836 --- [nio-8889-exec-3] o.s.w.s.v.ContentNegotiatingViewResolver : Selected 'text/html' given [text/html]
?[0m?[0;34m2023-03-03 00:32:07.361 DEBUG 11836 --- [nio-8889-exec-3] o.s.w.s.view.freemarker.FreeMarkerView   : View name 'code', model {code=platform.businesslayer.Code@4cf8bd92, date=03-03-2023 00:32:07, org.springframework.validation.BindingResult.code=org.springframework.validation.BeanPropertyBindingResult: 0 errors}
?[0m?[0;34m2023-03-03 00:32:07.362 DEBUG 11836 --- [nio-8889-exec-3] o.s.w.s.view.freemarker.FreeMarkerView   : Rendering [code.ftlh]
?[0m?[0;34m2023-03-03 00:32:07.362 DEBUG 11836 --- [nio-8889-exec-3] o.s.web.servlet.DispatcherServlet        : Completed 200 OK
?[1;31m
Start test 32?[0m
?[0m?[0;34m2023-03-03 00:32:07.367 DEBUG 11836 --- [nio-8889-exec-4] o.s.web.servlet.DispatcherServlet        : GET "/api/code/40fb8f6d-7ea7-41e6-aa78-41e50f33dc20", parameters={}
?[0m?[0;34m2023-03-03 00:32:07.368 DEBUG 11836 --- [nio-8889-exec-4] s.w.s.m.m.a.RequestMappingHandlerMapping : Mapped to platform.presentationlayer.APIcspController#getApiEnpoint(String)
?[0m?[0;34m2023-03-03 00:32:07.369 DEBUG 11836 --- [nio-8889-exec-4] org.hibernate.SQL                        : select code0_.id_code as id_code1_0_, code0_.code as code2_0_, code0_.codeuuid as codeuuid3_0_, code0_.formated_date_time as formated4_0_, code0_.date as date5_0_, code0_.remaining_time as remainin6_0_, code0_.remaining_views as remainin7_0_, code0_.restriction_by_date_is_accessible as restrict8_0_, code0_.restriction_by_views_is_accessible as restrict9_0_ from codes code0_ where code0_.codeuuid=?
?[0m?[0;34m2023-03-03 00:32:07.370 DEBUG 11836 --- [nio-8889-exec-4] m.m.a.RequestResponseBodyMethodProcessor : Using 'application/json', given [*/*] and supported [application/json, application/*+json, application/json, application/*+json]
?[0m?[0;34m2023-03-03 00:32:07.370 DEBUG 11836 --- [nio-8889-exec-4] m.m.a.RequestResponseBodyMethodProcessor : Writing [platform.businesslayer.Code@3f2bd254]
?[0m?[0;34m2023-03-03 00:32:07.370 DEBUG 11836 --- [nio-8889-exec-4] o.s.web.servlet.DispatcherServlet        : Completed 200 OK
?[1;31m
Start test 33?[0m
?[0m?[0;34m2023-03-03 00:32:07.375 DEBUG 11836 --- [nio-8889-exec-6] o.s.web.servlet.DispatcherServlet        : GET "/code/40fb8f6d-7ea7-41e6-aa78-41e50f33dc20", parameters={}
?[0m?[0;34m2023-03-03 00:32:07.375 DEBUG 11836 --- [nio-8889-exec-6] s.w.s.m.m.a.RequestMappingHandlerMapping : Mapped to platform.presentationlayer.WEBcpsController#getCodeNewCreationEndPoint2(Model, String)
?[0m?[0;34m2023-03-03 00:32:07.377 DEBUG 11836 --- [nio-8889-exec-6] org.hibernate.SQL                        : select code0_.id_code as id_code1_0_, code0_.code as code2_0_, code0_.codeuuid as codeuuid3_0_, code0_.formated_date_time as formated4_0_, code0_.date as date5_0_, code0_.remaining_time as remainin6_0_, code0_.remaining_views as remainin7_0_, code0_.restriction_by_date_is_accessible as restrict8_0_, code0_.restriction_by_views_is_accessible as restrict9_0_ from codes code0_ where code0_.codeuuid=?
?[0m?[0;34m2023-03-03 00:32:07.378 DEBUG 11836 --- [nio-8889-exec-6] o.s.w.servlet.view.BeanNameViewResolver  : Found bean named 'code' but it does not implement View
?[0m?[0;34m2023-03-03 00:32:07.378 DEBUG 11836 --- [nio-8889-exec-6] o.s.w.s.v.ContentNegotiatingViewResolver : Selected 'text/html' given [text/html]
?[0m?[0;34m2023-03-03 00:32:07.379 DEBUG 11836 --- [nio-8889-exec-6] o.s.w.s.view.freemarker.FreeMarkerView   : View name 'code', model {code=platform.businesslayer.Code@59971a5a, date=03-03-2023 00:32:07, org.springframework.validation.BindingResult.code=org.springframework.validation.BeanPropertyBindingResult: 0 errors}
?[0m?[0;34m2023-03-03 00:32:07.379 DEBUG 11836 --- [nio-8889-exec-6] o.s.w.s.view.freemarker.FreeMarkerView   : Rendering [code.ftlh]
?[0m?[0;34m2023-03-03 00:32:07.379 DEBUG 11836 --- [nio-8889-exec-6] o.s.web.servlet.DispatcherServlet        : Completed 200 OK
?[1;31m
Start test 34?[0m
?[0m?[0;34m2023-03-03 00:32:07.384 DEBUG 11836 --- [nio-8889-exec-5] o.s.web.servlet.DispatcherServlet        : GET "/api/code/42318c46-0cf8-461a-be0d-a14bf2387c8f", parameters={}
?[0m?[0;34m2023-03-03 00:32:07.385 DEBUG 11836 --- [nio-8889-exec-5] s.w.s.m.m.a.RequestMappingHandlerMapping : Mapped to platform.presentationlayer.APIcspController#getApiEnpoint(String)
?[0m?[0;34m2023-03-03 00:32:07.385 DEBUG 11836 --- [nio-8889-exec-5] org.hibernate.SQL                        : select code0_.id_code as id_code1_0_, code0_.code as code2_0_, code0_.codeuuid as codeuuid3_0_, code0_.formated_date_time as formated4_0_, code0_.date as date5_0_, code0_.remaining_time as remainin6_0_, code0_.remaining_views as remainin7_0_, code0_.restriction_by_date_is_accessible as restrict8_0_, code0_.restriction_by_views_is_accessible as restrict9_0_ from codes code0_ where code0_.codeuuid=?
?[0m?[0;34m2023-03-03 00:32:07.387 DEBUG 11836 --- [nio-8889-exec-5] m.m.a.RequestResponseBodyMethodProcessor : Using 'application/json', given [*/*] and supported [application/json, application/*+json, application/json, application/*+json]
?[0m?[0;34m2023-03-03 00:32:07.387 DEBUG 11836 --- [nio-8889-exec-5] m.m.a.RequestResponseBodyMethodProcessor : Writing [platform.businesslayer.Code@6e807b48]
?[0m?[0;34m2023-03-03 00:32:07.387 DEBUG 11836 --- [nio-8889-exec-5] o.s.web.servlet.DispatcherServlet        : Completed 200 OK
?[1;31m
Start test 35?[0m
?[0m?[0;34m2023-03-03 00:32:07.392 DEBUG 11836 --- [nio-8889-exec-7] o.s.web.servlet.DispatcherServlet        : GET "/code/42318c46-0cf8-461a-be0d-a14bf2387c8f", parameters={}
?[0m?[0;34m2023-03-03 00:32:07.392 DEBUG 11836 --- [nio-8889-exec-7] s.w.s.m.m.a.RequestMappingHandlerMapping : Mapped to platform.presentationlayer.WEBcpsController#getCodeNewCreationEndPoint2(Model, String)
?[0m?[0;34m2023-03-03 00:32:07.393 DEBUG 11836 --- [nio-8889-exec-7] org.hibernate.SQL                        : select code0_.id_code as id_code1_0_, code0_.code as code2_0_, code0_.codeuuid as codeuuid3_0_, code0_.formated_date_time as formated4_0_, code0_.date as date5_0_, code0_.remaining_time as remainin6_0_, code0_.remaining_views as remainin7_0_, code0_.restriction_by_date_is_accessible as restrict8_0_, code0_.restriction_by_views_is_accessible as restrict9_0_ from codes code0_ where code0_.codeuuid=?
?[0m?[0;34m2023-03-03 00:32:07.395 DEBUG 11836 --- [nio-8889-exec-7] o.s.w.servlet.view.BeanNameViewResolver  : Found bean named 'code' but it does not implement View
?[0m?[0;34m2023-03-03 00:32:07.396 DEBUG 11836 --- [nio-8889-exec-7] o.s.w.s.v.ContentNegotiatingViewResolver : Selected 'text/html' given [text/html]
?[0m?[0;34m2023-03-03 00:32:07.396 DEBUG 11836 --- [nio-8889-exec-7] o.s.w.s.view.freemarker.FreeMarkerView   : View name 'code', model {code=platform.businesslayer.Code@6835b7c1, date=03-03-2023 00:32:07, org.springframework.validation.BindingResult.code=org.springframework.validation.BeanPropertyBindingResult: 0 errors}
?[0m?[0;34m2023-03-03 00:32:07.396 DEBUG 11836 --- [nio-8889-exec-7] o.s.w.s.view.freemarker.FreeMarkerView   : Rendering [code.ftlh]
?[0m?[0;34m2023-03-03 00:32:07.396 DEBUG 11836 --- [nio-8889-exec-7] o.s.web.servlet.DispatcherServlet        : Completed 200 OK
?[1;31m
Start test 36?[0m
?[0m?[0;34m2023-03-03 00:32:07.402 DEBUG 11836 --- [nio-8889-exec-8] o.s.web.servlet.DispatcherServlet        : GET "/api/code/5298efb0-16b7-46c3-8f5a-2830bbb8ac25", parameters={}
?[0m?[0;34m2023-03-03 00:32:07.402 DEBUG 11836 --- [nio-8889-exec-8] s.w.s.m.m.a.RequestMappingHandlerMapping : Mapped to platform.presentationlayer.APIcspController#getApiEnpoint(String)
?[0m?[0;34m2023-03-03 00:32:07.403 DEBUG 11836 --- [nio-8889-exec-8] org.hibernate.SQL                        : select code0_.id_code as id_code1_0_, code0_.code as code2_0_, code0_.codeuuid as codeuuid3_0_, code0_.formated_date_time as formated4_0_, code0_.date as date5_0_, code0_.remaining_time as remainin6_0_, code0_.remaining_views as remainin7_0_, code0_.restriction_by_date_is_accessible as restrict8_0_, code0_.restriction_by_views_is_accessible as restrict9_0_ from codes code0_ where code0_.codeuuid=?
?[0m?[0;34m2023-03-03 00:32:07.404 DEBUG 11836 --- [nio-8889-exec-8] m.m.a.RequestResponseBodyMethodProcessor : Using 'application/json', given [*/*] and supported [application/json, application/*+json, application/json, application/*+json]
?[0m?[0;34m2023-03-03 00:32:07.404 DEBUG 11836 --- [nio-8889-exec-8] m.m.a.RequestResponseBodyMethodProcessor : Writing [platform.businesslayer.Code@75f0f59c]
?[0m?[0;34m2023-03-03 00:32:07.405 DEBUG 11836 --- [nio-8889-exec-8] o.s.web.servlet.DispatcherServlet        : Completed 200 OK
?[1;31m
Start test 37?[0m
?[0m?[0;34m2023-03-03 00:32:07.410 DEBUG 11836 --- [nio-8889-exec-9] o.s.web.servlet.DispatcherServlet        : GET "/code/5298efb0-16b7-46c3-8f5a-2830bbb8ac25", parameters={}
?[0m?[0;34m2023-03-03 00:32:07.410 DEBUG 11836 --- [nio-8889-exec-9] s.w.s.m.m.a.RequestMappingHandlerMapping : Mapped to platform.presentationlayer.WEBcpsController#getCodeNewCreationEndPoint2(Model, String)
?[0m?[0;34m2023-03-03 00:32:07.411 DEBUG 11836 --- [nio-8889-exec-9] org.hibernate.SQL                        : select code0_.id_code as id_code1_0_, code0_.code as code2_0_, code0_.codeuuid as codeuuid3_0_, code0_.formated_date_time as formated4_0_, code0_.date as date5_0_, code0_.remaining_time as remainin6_0_, code0_.remaining_views as remainin7_0_, code0_.restriction_by_date_is_accessible as restrict8_0_, code0_.restriction_by_views_is_accessible as restrict9_0_ from codes code0_ where code0_.codeuuid=?
?[0m?[0;34m2023-03-03 00:32:07.413 DEBUG 11836 --- [nio-8889-exec-9] o.s.w.servlet.view.BeanNameViewResolver  : Found bean named 'code' but it does not implement View
?[0m?[0;34m2023-03-03 00:32:07.414 DEBUG 11836 --- [nio-8889-exec-9] o.s.w.s.v.ContentNegotiatingViewResolver : Selected 'text/html' given [text/html]
?[0m?[0;34m2023-03-03 00:32:07.414 DEBUG 11836 --- [nio-8889-exec-9] o.s.w.s.view.freemarker.FreeMarkerView   : View name 'code', model {code=platform.businesslayer.Code@21a391fc, date=03-03-2023 00:32:07, org.springframework.validation.BindingResult.code=org.springframework.validation.BeanPropertyBindingResult: 0 errors}
?[0m?[0;34m2023-03-03 00:32:07.414 DEBUG 11836 --- [nio-8889-exec-9] o.s.w.s.view.freemarker.FreeMarkerView   : Rendering [code.ftlh]
?[0m?[0;34m2023-03-03 00:32:07.415 DEBUG 11836 --- [nio-8889-exec-9] o.s.web.servlet.DispatcherServlet        : Completed 200 OK
?[1;31m
Start test 38?[0m
?[0m?[0;34m2023-03-03 00:32:07.419 DEBUG 11836 --- [io-8889-exec-10] o.s.web.servlet.DispatcherServlet        : GET "/api/code/42798786-b792-4411-ae1b-8381c1bc3cc1", parameters={}
?[0m?[0;34m2023-03-03 00:32:07.420 DEBUG 11836 --- [io-8889-exec-10] s.w.s.m.m.a.RequestMappingHandlerMapping : Mapped to platform.presentationlayer.APIcspController#getApiEnpoint(String)
?[0m?[0;34m2023-03-03 00:32:07.421 DEBUG 11836 --- [io-8889-exec-10] org.hibernate.SQL                        : select code0_.id_code as id_code1_0_, code0_.code as code2_0_, code0_.codeuuid as codeuuid3_0_, code0_.formated_date_time as formated4_0_, code0_.date as date5_0_, code0_.remaining_time as remainin6_0_, code0_.remaining_views as remainin7_0_, code0_.restriction_by_date_is_accessible as restrict8_0_, code0_.restriction_by_views_is_accessible as restrict9_0_ from codes code0_ where code0_.codeuuid=?
?[0m?[0;34m2023-03-03 00:32:07.422 DEBUG 11836 --- [io-8889-exec-10] m.m.a.RequestResponseBodyMethodProcessor : Using 'application/json', given [*/*] and supported [application/json, application/*+json, application/json, application/*+json]
?[0m?[0;34m2023-03-03 00:32:07.422 DEBUG 11836 --- [io-8889-exec-10] m.m.a.RequestResponseBodyMethodProcessor : Writing [platform.businesslayer.Code@3eed0fa1]
?[0m?[0;34m2023-03-03 00:32:07.423 DEBUG 11836 --- [io-8889-exec-10] o.s.web.servlet.DispatcherServlet        : Completed 200 OK
?[1;31m
Start test 39?[0m
?[0m?[0;34m2023-03-03 00:32:07.428 DEBUG 11836 --- [nio-8889-exec-1] o.s.web.servlet.DispatcherServlet        : GET "/code/42798786-b792-4411-ae1b-8381c1bc3cc1", parameters={}
?[0m?[0;34m2023-03-03 00:32:07.429 DEBUG 11836 --- [nio-8889-exec-1] s.w.s.m.m.a.RequestMappingHandlerMapping : Mapped to platform.presentationlayer.WEBcpsController#getCodeNewCreationEndPoint2(Model, String)
?[0m?[0;34m2023-03-03 00:32:07.430 DEBUG 11836 --- [nio-8889-exec-1] org.hibernate.SQL                        : select code0_.id_code as id_code1_0_, code0_.code as code2_0_, code0_.codeuuid as codeuuid3_0_, code0_.formated_date_time as formated4_0_, code0_.date as date5_0_, code0_.remaining_time as remainin6_0_, code0_.remaining_views as remainin7_0_, code0_.restriction_by_date_is_accessible as restrict8_0_, code0_.restriction_by_views_is_accessible as restrict9_0_ from codes code0_ where code0_.codeuuid=?
?[0m?[0;34m2023-03-03 00:32:07.431 DEBUG 11836 --- [nio-8889-exec-1] o.s.w.servlet.view.BeanNameViewResolver  : Found bean named 'code' but it does not implement View
?[0m?[0;34m2023-03-03 00:32:07.432 DEBUG 11836 --- [nio-8889-exec-1] o.s.w.s.v.ContentNegotiatingViewResolver : Selected 'text/html' given [text/html]
?[0m?[0;34m2023-03-03 00:32:07.432 DEBUG 11836 --- [nio-8889-exec-1] o.s.w.s.view.freemarker.FreeMarkerView   : View name 'code', model {code=platform.businesslayer.Code@45c77246, date=03-03-2023 00:32:07, org.springframework.validation.BindingResult.code=org.springframework.validation.BeanPropertyBindingResult: 0 errors}
?[0m?[0;34m2023-03-03 00:32:07.432 DEBUG 11836 --- [nio-8889-exec-1] o.s.w.s.view.freemarker.FreeMarkerView   : Rendering [code.ftlh]
?[0m?[0;34m2023-03-03 00:32:07.433 DEBUG 11836 --- [nio-8889-exec-1] o.s.web.servlet.DispatcherServlet        : Completed 200 OK
?[1;31m
Start test 40?[0m
?[0m?[0;34m2023-03-03 00:32:07.438 DEBUG 11836 --- [nio-8889-exec-2] o.s.web.servlet.DispatcherServlet        : GET "/api/code/175f5b74-cbb8-47a9-9c04-e6d21fcd399d", parameters={}
?[0m?[0;34m2023-03-03 00:32:07.441 DEBUG 11836 --- [nio-8889-exec-2] s.w.s.m.m.a.RequestMappingHandlerMapping : Mapped to platform.presentationlayer.APIcspController#getApiEnpoint(String)
?[0m?[0;34m2023-03-03 00:32:07.442 DEBUG 11836 --- [nio-8889-exec-2] org.hibernate.SQL                        : select code0_.id_code as id_code1_0_, code0_.code as code2_0_, code0_.codeuuid as codeuuid3_0_, code0_.formated_date_time as formated4_0_, code0_.date as date5_0_, code0_.remaining_time as remainin6_0_, code0_.remaining_views as remainin7_0_, code0_.restriction_by_date_is_accessible as restrict8_0_, code0_.restriction_by_views_is_accessible as restrict9_0_ from codes code0_ where code0_.codeuuid=?
?[0m?[0;34m2023-03-03 00:32:07.444 DEBUG 11836 --- [nio-8889-exec-2] m.m.a.RequestResponseBodyMethodProcessor : Using 'application/json', given [*/*] and supported [application/json, application/*+json, application/json, application/*+json]
?[0m?[0;34m2023-03-03 00:32:07.444 DEBUG 11836 --- [nio-8889-exec-2] m.m.a.RequestResponseBodyMethodProcessor : Writing [platform.businesslayer.Code@1aeb5664]
?[0m?[0;34m2023-03-03 00:32:07.445 DEBUG 11836 --- [nio-8889-exec-2] o.s.web.servlet.DispatcherServlet        : Completed 200 OK
?[1;31m
Start test 41?[0m
?[0m?[0;34m2023-03-03 00:32:07.449 DEBUG 11836 --- [nio-8889-exec-6] o.s.web.servlet.DispatcherServlet        : GET "/code/175f5b74-cbb8-47a9-9c04-e6d21fcd399d", parameters={}
?[0m?[0;34m2023-03-03 00:32:07.450 DEBUG 11836 --- [nio-8889-exec-6] s.w.s.m.m.a.RequestMappingHandlerMapping : Mapped to platform.presentationlayer.WEBcpsController#getCodeNewCreationEndPoint2(Model, String)
?[0m?[0;34m2023-03-03 00:32:07.451 DEBUG 11836 --- [nio-8889-exec-6] org.hibernate.SQL                        : select code0_.id_code as id_code1_0_, code0_.code as code2_0_, code0_.codeuuid as codeuuid3_0_, code0_.formated_date_time as formated4_0_, code0_.date as date5_0_, code0_.remaining_time as remainin6_0_, code0_.remaining_views as remainin7_0_, code0_.restriction_by_date_is_accessible as restrict8_0_, code0_.restriction_by_views_is_accessible as restrict9_0_ from codes code0_ where code0_.codeuuid=?
?[0m?[0;34m2023-03-03 00:32:07.452 DEBUG 11836 --- [nio-8889-exec-6] o.s.w.servlet.view.BeanNameViewResolver  : Found bean named 'code' but it does not implement View
?[0m?[0;34m2023-03-03 00:32:07.453 DEBUG 11836 --- [nio-8889-exec-6] o.s.w.s.v.ContentNegotiatingViewResolver : Selected 'text/html' given [text/html]
?[0m?[0;34m2023-03-03 00:32:07.454 DEBUG 11836 --- [nio-8889-exec-6] o.s.w.s.view.freemarker.FreeMarkerView   : View name 'code', model {code=platform.businesslayer.Code@7b3b6538, date=03-03-2023 00:32:07, org.springframework.validation.BindingResult.code=org.springframework.validation.BeanPropertyBindingResult: 0 errors}
?[0m?[0;34m2023-03-03 00:32:07.454 DEBUG 11836 --- [nio-8889-exec-6] o.s.w.s.view.freemarker.FreeMarkerView   : Rendering [code.ftlh]
?[0m?[0;34m2023-03-03 00:32:07.454 DEBUG 11836 --- [nio-8889-exec-6] o.s.web.servlet.DispatcherServlet        : Completed 200 OK
?[1;31m
Start test 42?[0m
?[0m?[0;34m2023-03-03 00:32:07.460 DEBUG 11836 --- [io-8889-exec-10] o.s.web.servlet.DispatcherServlet        : GET "/api/code/d9332ec3-356a-4a50-8ec5-a24472ce8b70", parameters={}
?[0m?[0;34m2023-03-03 00:32:07.463 DEBUG 11836 --- [io-8889-exec-10] s.w.s.m.m.a.RequestMappingHandlerMapping : Mapped to platform.presentationlayer.APIcspController#getApiEnpoint(String)
?[0m?[0;34m2023-03-03 00:32:07.463 DEBUG 11836 --- [io-8889-exec-10] org.hibernate.SQL                        : select code0_.id_code as id_code1_0_, code0_.code as code2_0_, code0_.codeuuid as codeuuid3_0_, code0_.formated_date_time as formated4_0_, code0_.date as date5_0_, code0_.remaining_time as remainin6_0_, code0_.remaining_views as remainin7_0_, code0_.restriction_by_date_is_accessible as restrict8_0_, code0_.restriction_by_views_is_accessible as restrict9_0_ from codes code0_ where code0_.codeuuid=?
?[0m?[0;34m2023-03-03 00:32:07.465 DEBUG 11836 --- [io-8889-exec-10] m.m.a.RequestResponseBodyMethodProcessor : Using 'application/json', given [*/*] and supported [application/json, application/*+json, application/json, application/*+json]
?[0m?[0;34m2023-03-03 00:32:07.465 DEBUG 11836 --- [io-8889-exec-10] m.m.a.RequestResponseBodyMethodProcessor : Writing [platform.businesslayer.Code@64f39176]
?[0m?[0;34m2023-03-03 00:32:07.466 DEBUG 11836 --- [io-8889-exec-10] o.s.web.servlet.DispatcherServlet        : Completed 200 OK
?[1;31m
Start test 43?[0m
?[0m?[0;34m2023-03-03 00:32:07.472 DEBUG 11836 --- [nio-8889-exec-8] o.s.web.servlet.DispatcherServlet        : GET "/code/d9332ec3-356a-4a50-8ec5-a24472ce8b70", parameters={}
?[0m?[0;34m2023-03-03 00:32:07.472 DEBUG 11836 --- [nio-8889-exec-8] s.w.s.m.m.a.RequestMappingHandlerMapping : Mapped to platform.presentationlayer.WEBcpsController#getCodeNewCreationEndPoint2(Model, String)
?[0m?[0;34m2023-03-03 00:32:07.473 DEBUG 11836 --- [nio-8889-exec-8] org.hibernate.SQL                        : select code0_.id_code as id_code1_0_, code0_.code as code2_0_, code0_.codeuuid as codeuuid3_0_, code0_.formated_date_time as formated4_0_, code0_.date as date5_0_, code0_.remaining_time as remainin6_0_, code0_.remaining_views as remainin7_0_, code0_.restriction_by_date_is_accessible as restrict8_0_, code0_.restriction_by_views_is_accessible as restrict9_0_ from codes code0_ where code0_.codeuuid=?
?[0m?[0;34m2023-03-03 00:32:07.475 DEBUG 11836 --- [nio-8889-exec-8] o.s.w.servlet.view.BeanNameViewResolver  : Found bean named 'code' but it does not implement View
?[0m?[0;34m2023-03-03 00:32:07.476 DEBUG 11836 --- [nio-8889-exec-8] o.s.w.s.v.ContentNegotiatingViewResolver : Selected 'text/html' given [text/html]
?[0m?[0;34m2023-03-03 00:32:07.476 DEBUG 11836 --- [nio-8889-exec-8] o.s.w.s.view.freemarker.FreeMarkerView   : View name 'code', model {code=platform.businesslayer.Code@7f8fae56, date=03-03-2023 00:32:07, org.springframework.validation.BindingResult.code=org.springframework.validation.BeanPropertyBindingResult: 0 errors}
?[0m?[0;34m2023-03-03 00:32:07.476 DEBUG 11836 --- [nio-8889-exec-8] o.s.w.s.view.freemarker.FreeMarkerView   : Rendering [code.ftlh]
?[0m?[0;34m2023-03-03 00:32:07.476 DEBUG 11836 --- [nio-8889-exec-8] o.s.web.servlet.DispatcherServlet        : Completed 200 OK
?[1;31m
Start test 44?[0m
?[0m?[0;34m2023-03-03 00:32:07.482 DEBUG 11836 --- [nio-8889-exec-4] o.s.web.servlet.DispatcherServlet        : GET "/api/code/ec323d4a-06f3-4a5e-ad6a-0d6e9db1b518", parameters={}
?[0m?[0;34m2023-03-03 00:32:07.482 DEBUG 11836 --- [nio-8889-exec-4] s.w.s.m.m.a.RequestMappingHandlerMapping : Mapped to platform.presentationlayer.APIcspController#getApiEnpoint(String)
?[0m?[0;34m2023-03-03 00:32:07.483 DEBUG 11836 --- [nio-8889-exec-4] org.hibernate.SQL                        : select code0_.id_code as id_code1_0_, code0_.code as code2_0_, code0_.codeuuid as codeuuid3_0_, code0_.formated_date_time as formated4_0_, code0_.date as date5_0_, code0_.remaining_time as remainin6_0_, code0_.remaining_views as remainin7_0_, code0_.restriction_by_date_is_accessible as restrict8_0_, code0_.restriction_by_views_is_accessible as restrict9_0_ from codes code0_ where code0_.codeuuid=?
?[0m?[0;34m2023-03-03 00:32:07.484 DEBUG 11836 --- [nio-8889-exec-4] m.m.a.RequestResponseBodyMethodProcessor : Using 'application/json', given [*/*] and supported [application/json, application/*+json, application/json, application/*+json]
?[0m?[0;34m2023-03-03 00:32:07.485 DEBUG 11836 --- [nio-8889-exec-4] m.m.a.RequestResponseBodyMethodProcessor : Writing [platform.businesslayer.Code@713783d]
?[0m?[0;34m2023-03-03 00:32:07.487 DEBUG 11836 --- [nio-8889-exec-4] o.s.web.servlet.DispatcherServlet        : Completed 200 OK
?[1;31m
Start test 45?[0m
?[0m?[0;34m2023-03-03 00:32:07.492 DEBUG 11836 --- [nio-8889-exec-3] o.s.web.servlet.DispatcherServlet        : GET "/code/ec323d4a-06f3-4a5e-ad6a-0d6e9db1b518", parameters={}
?[0m?[0;34m2023-03-03 00:32:07.493 DEBUG 11836 --- [nio-8889-exec-3] s.w.s.m.m.a.RequestMappingHandlerMapping : Mapped to platform.presentationlayer.WEBcpsController#getCodeNewCreationEndPoint2(Model, String)
?[0m?[0;34m2023-03-03 00:32:07.494 DEBUG 11836 --- [nio-8889-exec-3] org.hibernate.SQL                        : select code0_.id_code as id_code1_0_, code0_.code as code2_0_, code0_.codeuuid as codeuuid3_0_, code0_.formated_date_time as formated4_0_, code0_.date as date5_0_, code0_.remaining_time as remainin6_0_, code0_.remaining_views as remainin7_0_, code0_.restriction_by_date_is_accessible as restrict8_0_, code0_.restriction_by_views_is_accessible as restrict9_0_ from codes code0_ where code0_.codeuuid=?
?[0m?[0;34m2023-03-03 00:32:07.495 DEBUG 11836 --- [nio-8889-exec-3] o.s.w.servlet.view.BeanNameViewResolver  : Found bean named 'code' but it does not implement View
?[0m?[0;34m2023-03-03 00:32:07.496 DEBUG 11836 --- [nio-8889-exec-3] o.s.w.s.v.ContentNegotiatingViewResolver : Selected 'text/html' given [text/html]
?[0m?[0;34m2023-03-03 00:32:07.496 DEBUG 11836 --- [nio-8889-exec-3] o.s.w.s.view.freemarker.FreeMarkerView   : View name 'code', model {code=platform.businesslayer.Code@29cc31b4, date=03-03-2023 00:32:07, org.springframework.validation.BindingResult.code=org.springframework.validation.BeanPropertyBindingResult: 0 errors}
?[0m?[0;34m2023-03-03 00:32:07.496 DEBUG 11836 --- [nio-8889-exec-3] o.s.w.s.view.freemarker.FreeMarkerView   : Rendering [code.ftlh]
?[0m?[0;34m2023-03-03 00:32:07.497 DEBUG 11836 --- [nio-8889-exec-3] o.s.web.servlet.DispatcherServlet        : Completed 200 OK
?[1;31m
Start test 46?[0m
?[0m?[0;34m2023-03-03 00:32:07.502 DEBUG 11836 --- [nio-8889-exec-7] o.s.web.servlet.DispatcherServlet        : GET "/api/code/8a870335-c582-4131-873b-f2e2ae091972", parameters={}
?[0m?[0;34m2023-03-03 00:32:07.502 DEBUG 11836 --- [nio-8889-exec-7] s.w.s.m.m.a.RequestMappingHandlerMapping : Mapped to platform.presentationlayer.APIcspController#getApiEnpoint(String)
?[0m?[0;34m2023-03-03 00:32:07.503 DEBUG 11836 --- [nio-8889-exec-7] org.hibernate.SQL                        : select code0_.id_code as id_code1_0_, code0_.code as code2_0_, code0_.codeuuid as codeuuid3_0_, code0_.formated_date_time as formated4_0_, code0_.date as date5_0_, code0_.remaining_time as remainin6_0_, code0_.remaining_views as remainin7_0_, code0_.restriction_by_date_is_accessible as restrict8_0_, code0_.restriction_by_views_is_accessible as restrict9_0_ from codes code0_ where code0_.codeuuid=?
?[0m?[0;34m2023-03-03 00:32:07.504 DEBUG 11836 --- [nio-8889-exec-7] m.m.a.RequestResponseBodyMethodProcessor : Using 'application/json', given [*/*] and supported [application/json, application/*+json, application/json, application/*+json]
?[0m?[0;34m2023-03-03 00:32:07.504 DEBUG 11836 --- [nio-8889-exec-7] m.m.a.RequestResponseBodyMethodProcessor : Writing [platform.businesslayer.Code@439e2ba9]
?[0m?[0;34m2023-03-03 00:32:07.505 DEBUG 11836 --- [nio-8889-exec-7] o.s.web.servlet.DispatcherServlet        : Completed 200 OK
?[1;31m
Start test 47?[0m
?[0m?[0;34m2023-03-03 00:32:07.509 DEBUG 11836 --- [nio-8889-exec-1] o.s.web.servlet.DispatcherServlet        : GET "/code/8a870335-c582-4131-873b-f2e2ae091972", parameters={}
?[0m?[0;34m2023-03-03 00:32:07.509 DEBUG 11836 --- [nio-8889-exec-1] s.w.s.m.m.a.RequestMappingHandlerMapping : Mapped to platform.presentationlayer.WEBcpsController#getCodeNewCreationEndPoint2(Model, String)
?[0m?[0;34m2023-03-03 00:32:07.510 DEBUG 11836 --- [nio-8889-exec-1] org.hibernate.SQL                        : select code0_.id_code as id_code1_0_, code0_.code as code2_0_, code0_.codeuuid as codeuuid3_0_, code0_.formated_date_time as formated4_0_, code0_.date as date5_0_, code0_.remaining_time as remainin6_0_, code0_.remaining_views as remainin7_0_, code0_.restriction_by_date_is_accessible as restrict8_0_, code0_.restriction_by_views_is_accessible as restrict9_0_ from codes code0_ where code0_.codeuuid=?
?[0m?[0;34m2023-03-03 00:32:07.511 DEBUG 11836 --- [nio-8889-exec-1] o.s.w.servlet.view.BeanNameViewResolver  : Found bean named 'code' but it does not implement View
?[0m?[0;34m2023-03-03 00:32:07.512 DEBUG 11836 --- [nio-8889-exec-1] o.s.w.s.v.ContentNegotiatingViewResolver : Selected 'text/html' given [text/html]
?[0m?[0;34m2023-03-03 00:32:07.512 DEBUG 11836 --- [nio-8889-exec-1] o.s.w.s.view.freemarker.FreeMarkerView   : View name 'code', model {code=platform.businesslayer.Code@2261d5a8, date=03-03-2023 00:32:07, org.springframework.validation.BindingResult.code=org.springframework.validation.BeanPropertyBindingResult: 0 errors}
?[0m?[0;34m2023-03-03 00:32:07.512 DEBUG 11836 --- [nio-8889-exec-1] o.s.w.s.view.freemarker.FreeMarkerView   : Rendering [code.ftlh]
?[0m?[0;34m2023-03-03 00:32:07.513 DEBUG 11836 --- [nio-8889-exec-1] o.s.web.servlet.DispatcherServlet        : Completed 200 OK
?[1;31m
Start test 48?[0m
?[0m?[0;34m2023-03-03 00:32:07.517 DEBUG 11836 --- [nio-8889-exec-5] o.s.web.servlet.DispatcherServlet        : GET "/api/code/f1f493d6-96df-41d9-9595-f24bd588e715", parameters={}
?[0m?[0;34m2023-03-03 00:32:07.518 DEBUG 11836 --- [nio-8889-exec-5] s.w.s.m.m.a.RequestMappingHandlerMapping : Mapped to platform.presentationlayer.APIcspController#getApiEnpoint(String)
?[0m?[0;34m2023-03-03 00:32:07.518 DEBUG 11836 --- [nio-8889-exec-5] org.hibernate.SQL                        : select code0_.id_code as id_code1_0_, code0_.code as code2_0_, code0_.codeuuid as codeuuid3_0_, code0_.formated_date_time as formated4_0_, code0_.date as date5_0_, code0_.remaining_time as remainin6_0_, code0_.remaining_views as remainin7_0_, code0_.restriction_by_date_is_accessible as restrict8_0_, code0_.restriction_by_views_is_accessible as restrict9_0_ from codes code0_ where code0_.codeuuid=?
?[0m?[0;34m2023-03-03 00:32:07.520 DEBUG 11836 --- [nio-8889-exec-5] m.m.a.RequestResponseBodyMethodProcessor : Using 'application/json', given [*/*] and supported [application/json, application/*+json, application/json, application/*+json]
?[0m?[0;34m2023-03-03 00:32:07.520 DEBUG 11836 --- [nio-8889-exec-5] m.m.a.RequestResponseBodyMethodProcessor : Writing [platform.businesslayer.Code@6b291e86]
?[0m?[0;34m2023-03-03 00:32:07.520 DEBUG 11836 --- [nio-8889-exec-5] o.s.web.servlet.DispatcherServlet        : Completed 200 OK
?[1;31m
Start test 49?[0m
?[0;34m2023-03-03 00:32:07.525 DEBUG 11836 --- [io-8889-exec-12] o.s.web.servlet.DispatcherServlet        : GET "/code/f1f493d6-96df-41d9-9595-f24bd588e715", parameters={}
?[0m?[0;34m2023-03-03 00:32:07.525 DEBUG 11836 --- [io-8889-exec-12] s.w.s.m.m.a.RequestMappingHandlerMapping : Mapped to platform.presentationlayer.WEBcpsController#getCodeNewCreationEndPoint2(Model, String)
?[0m?[0;34m2023-03-03 00:32:07.526 DEBUG 11836 --- [io-8889-exec-12] org.hibernate.SQL                        : select code0_.id_code as id_code1_0_, code0_.code as code2_0_, code0_.codeuuid as codeuuid3_0_, code0_.formated_date_time as formated4_0_, code0_.date as date5_0_, code0_.remaining_time as remainin6_0_, code0_.remaining_views as remainin7_0_, code0_.restriction_by_date_is_accessible as restrict8_0_, code0_.restriction_by_views_is_accessible as restrict9_0_ from codes code0_ where code0_.codeuuid=?
?[0m?[0;34m2023-03-03 00:32:07.528 DEBUG 11836 --- [io-8889-exec-12] o.s.w.servlet.view.BeanNameViewResolver  : Found bean named 'code' but it does not implement View
?[0m?[0;34m2023-03-03 00:32:07.528 DEBUG 11836 --- [io-8889-exec-12] o.s.w.s.v.ContentNegotiatingViewResolver : Selected 'text/html' given [text/html]
?[0m?[0;34m2023-03-03 00:32:07.528 DEBUG 11836 --- [io-8889-exec-12] o.s.w.s.view.freemarker.FreeMarkerView   : View name 'code', model {code=platform.businesslayer.Code@d85763, date=03-03-2023 00:32:07, org.springframework.validation.BindingResult.code=org.springframework.validation.BeanPropertyBindingResult: 0 errors}
?[0m?[0;34m2023-03-03 00:32:07.529 DEBUG 11836 --- [io-8889-exec-12] o.s.w.s.view.freemarker.FreeMarkerView   : Rendering [code.ftlh]
?[0m?[0;34m2023-03-03 00:32:07.529 DEBUG 11836 --- [io-8889-exec-12] o.s.web.servlet.DispatcherServlet        : Completed 200 OK
?[1;31m
Start test 50?[0m
?[0;34m2023-03-03 00:32:07.534 DEBUG 11836 --- [io-8889-exec-13] o.s.web.servlet.DispatcherServlet        : GET "/api/code/fd98efc0-4771-4da7-8cbe-9c74eb8d2f44", parameters={}
?[0m?[0;34m2023-03-03 00:32:07.534 DEBUG 11836 --- [io-8889-exec-13] s.w.s.m.m.a.RequestMappingHandlerMapping : Mapped to platform.presentationlayer.APIcspController#getApiEnpoint(String)
?[0m?[0;34m2023-03-03 00:32:07.535 DEBUG 11836 --- [io-8889-exec-13] org.hibernate.SQL                        : select code0_.id_code as id_code1_0_, code0_.code as code2_0_, code0_.codeuuid as codeuuid3_0_, code0_.formated_date_time as formated4_0_, code0_.date as date5_0_, code0_.remaining_time as remainin6_0_, code0_.remaining_views as remainin7_0_, code0_.restriction_by_date_is_accessible as restrict8_0_, code0_.restriction_by_views_is_accessible as restrict9_0_ from codes code0_ where code0_.codeuuid=?
?[0m?[0;34m2023-03-03 00:32:07.537 DEBUG 11836 --- [io-8889-exec-13] m.m.a.RequestResponseBodyMethodProcessor : Using 'application/json', given [*/*] and supported [application/json, application/*+json, application/json, application/*+json]
?[0m?[0;34m2023-03-03 00:32:07.537 DEBUG 11836 --- [io-8889-exec-13] m.m.a.RequestResponseBodyMethodProcessor : Writing [platform.businesslayer.Code@256a28ba]
?[0m?[0;34m2023-03-03 00:32:07.537 DEBUG 11836 --- [io-8889-exec-13] o.s.web.servlet.DispatcherServlet        : Completed 200 OK
?[1;31m
Start test 51?[0m
?[0;34m2023-03-03 00:32:07.542 DEBUG 11836 --- [io-8889-exec-16] o.s.web.servlet.DispatcherServlet        : GET "/code/fd98efc0-4771-4da7-8cbe-9c74eb8d2f44", parameters={}
?[0m?[0;34m2023-03-03 00:32:07.543 DEBUG 11836 --- [io-8889-exec-16] s.w.s.m.m.a.RequestMappingHandlerMapping : Mapped to platform.presentationlayer.WEBcpsController#getCodeNewCreationEndPoint2(Model, String)
?[0m?[0;34m2023-03-03 00:32:07.544 DEBUG 11836 --- [io-8889-exec-16] org.hibernate.SQL                        : select code0_.id_code as id_code1_0_, code0_.code as code2_0_, code0_.codeuuid as codeuuid3_0_, code0_.formated_date_time as formated4_0_, code0_.date as date5_0_, code0_.remaining_time as remainin6_0_, code0_.remaining_views as remainin7_0_, code0_.restriction_by_date_is_accessible as restrict8_0_, code0_.restriction_by_views_is_accessible as restrict9_0_ from codes code0_ where code0_.codeuuid=?
?[0m?[0;34m2023-03-03 00:32:07.545 DEBUG 11836 --- [io-8889-exec-16] o.s.w.servlet.view.BeanNameViewResolver  : Found bean named 'code' but it does not implement View
?[0m?[0;34m2023-03-03 00:32:07.546 DEBUG 11836 --- [io-8889-exec-16] o.s.w.s.v.ContentNegotiatingViewResolver : Selected 'text/html' given [text/html]
?[0m?[0;34m2023-03-03 00:32:07.546 DEBUG 11836 --- [io-8889-exec-16] o.s.w.s.view.freemarker.FreeMarkerView   : View name 'code', model {code=platform.businesslayer.Code@71ec5a17, date=03-03-2023 00:32:07, org.springframework.validation.BindingResult.code=org.springframework.validation.BeanPropertyBindingResult: 0 errors}
?[0m?[0;34m2023-03-03 00:32:07.546 DEBUG 11836 --- [io-8889-exec-16] o.s.w.s.view.freemarker.FreeMarkerView   : Rendering [code.ftlh]
?[0m?[0;34m2023-03-03 00:32:07.547 DEBUG 11836 --- [io-8889-exec-16] o.s.web.servlet.DispatcherServlet        : Completed 200 OK
?[1;31m
Start test 52?[0m
?[0;34m2023-03-03 00:32:07.552 DEBUG 11836 --- [io-8889-exec-11] o.s.web.servlet.DispatcherServlet        : GET "/api/code/bd6d53fc-5c16-4f47-8106-e461fdc7f3ab", parameters={}
?[0m?[0;34m2023-03-03 00:32:07.553 DEBUG 11836 --- [io-8889-exec-11] s.w.s.m.m.a.RequestMappingHandlerMapping : Mapped to platform.presentationlayer.APIcspController#getApiEnpoint(String)
?[0m?[0;34m2023-03-03 00:32:07.554 DEBUG 11836 --- [io-8889-exec-11] org.hibernate.SQL                        : select code0_.id_code as id_code1_0_, code0_.code as code2_0_, code0_.codeuuid as codeuuid3_0_, code0_.formated_date_time as formated4_0_, code0_.date as date5_0_, code0_.remaining_time as remainin6_0_, code0_.remaining_views as remainin7_0_, code0_.restriction_by_date_is_accessible as restrict8_0_, code0_.restriction_by_views_is_accessible as restrict9_0_ from codes code0_ where code0_.codeuuid=?
?[0m?[0;34m2023-03-03 00:32:07.555 DEBUG 11836 --- [io-8889-exec-11] m.m.a.RequestResponseBodyMethodProcessor : Using 'application/json', given [*/*] and supported [application/json, application/*+json, application/json, application/*+json]
?[0m?[0;34m2023-03-03 00:32:07.555 DEBUG 11836 --- [io-8889-exec-11] m.m.a.RequestResponseBodyMethodProcessor : Writing [platform.businesslayer.Code@592d7e6a]
?[0m?[0;34m2023-03-03 00:32:07.556 DEBUG 11836 --- [io-8889-exec-11] o.s.web.servlet.DispatcherServlet        : Completed 200 OK
?[1;31m
Start test 53?[0m
?[0;34m2023-03-03 00:32:07.560 DEBUG 11836 --- [io-8889-exec-15] o.s.web.servlet.DispatcherServlet        : GET "/code/bd6d53fc-5c16-4f47-8106-e461fdc7f3ab", parameters={}
?[0m?[0;34m2023-03-03 00:32:07.561 DEBUG 11836 --- [io-8889-exec-15] s.w.s.m.m.a.RequestMappingHandlerMapping : Mapped to platform.presentationlayer.WEBcpsController#getCodeNewCreationEndPoint2(Model, String)
?[0m?[0;34m2023-03-03 00:32:07.562 DEBUG 11836 --- [io-8889-exec-15] org.hibernate.SQL                        : select code0_.id_code as id_code1_0_, code0_.code as code2_0_, code0_.codeuuid as codeuuid3_0_, code0_.formated_date_time as formated4_0_, code0_.date as date5_0_, code0_.remaining_time as remainin6_0_, code0_.remaining_views as remainin7_0_, code0_.restriction_by_date_is_accessible as restrict8_0_, code0_.restriction_by_views_is_accessible as restrict9_0_ from codes code0_ where code0_.codeuuid=?
?[0m?[0;34m2023-03-03 00:32:07.563 DEBUG 11836 --- [io-8889-exec-15] o.s.w.servlet.view.BeanNameViewResolver  : Found bean named 'code' but it does not implement View
?[0m?[0;34m2023-03-03 00:32:07.564 DEBUG 11836 --- [io-8889-exec-15] o.s.w.s.v.ContentNegotiatingViewResolver : Selected 'text/html' given [text/html]
?[0m?[0;34m2023-03-03 00:32:07.564 DEBUG 11836 --- [io-8889-exec-15] o.s.w.s.view.freemarker.FreeMarkerView   : View name 'code', model {code=platform.businesslayer.Code@7a493941, date=03-03-2023 00:32:07, org.springframework.validation.BindingResult.code=org.springframework.validation.BeanPropertyBindingResult: 0 errors}
?[0m?[0;34m2023-03-03 00:32:07.564 DEBUG 11836 --- [io-8889-exec-15] o.s.w.s.view.freemarker.FreeMarkerView   : Rendering [code.ftlh]
?[0m?[0;34m2023-03-03 00:32:07.565 DEBUG 11836 --- [io-8889-exec-15] o.s.web.servlet.DispatcherServlet        : Completed 200 OK
?[1;31m
Start test 54?[0m
?[0;34m2023-03-03 00:32:07.570 DEBUG 11836 --- [io-8889-exec-14] o.s.web.servlet.DispatcherServlet        : GET "/api/code/latest", parameters={}
?[0m?[0;34m2023-03-03 00:32:07.571 DEBUG 11836 --- [io-8889-exec-14] s.w.s.m.m.a.RequestMappingHandlerMapping : Mapped to platform.presentationlayer.APIcspController#getApiEnpoint2()
?[0m?[0;34m2023-03-03 00:32:07.572 DEBUG 11836 --- [io-8889-exec-14] org.hibernate.SQL                        : SELECT * FROM CODES WHERE REMAINING_TIME = 0 AND REMAINING_VIEWS = 0 ORDER BY DATE DESC LIMIT 10
?[0m?[0;34m2023-03-03 00:32:07.574 DEBUG 11836 --- [io-8889-exec-14] m.m.a.RequestResponseBodyMethodProcessor : Using 'application/json', given [*/*] and supported [application/json, application/*+json, application/json, application/*+json]
?[0m?[0;34m2023-03-03 00:32:07.574 DEBUG 11836 --- [io-8889-exec-14] m.m.a.RequestResponseBodyMethodProcessor : Writing [[platform.businesslayer.Code@351f9274, platform.businesslayer.Code@64e0dbd5, platform.businesslayer. (truncated)...]
?[0m?[0;34m2023-03-03 00:32:07.575 DEBUG 11836 --- [io-8889-exec-14] o.s.web.servlet.DispatcherServlet        : Completed 200 OK
?[1;31m
Start test 55?[0m
?[0m?[0;34m2023-03-03 00:32:07.580 DEBUG 11836 --- [nio-8889-exec-2] o.s.web.servlet.DispatcherServlet        : GET "/code/latest", parameters={}
?[0m?[0;34m2023-03-03 00:32:07.580 DEBUG 11836 --- [nio-8889-exec-2] s.w.s.m.m.a.RequestMappingHandlerMapping : Mapped to platform.presentationlayer.WEBcpsController#getWebLastTen(Model)
?[0m?[0;34m2023-03-03 00:32:07.581 DEBUG 11836 --- [nio-8889-exec-2] org.hibernate.SQL                        : SELECT * FROM CODES WHERE REMAINING_TIME = 0 AND REMAINING_VIEWS = 0 ORDER BY DATE DESC LIMIT 10
?[0m?[0;34m2023-03-03 00:32:07.584 DEBUG 11836 --- [nio-8889-exec-2] o.s.w.s.v.ContentNegotiatingViewResolver : Selected '*/*' given [*/*]
?[0m?[0;34m2023-03-03 00:32:07.585 DEBUG 11836 --- [nio-8889-exec-2] o.s.w.s.view.freemarker.FreeMarkerView   : View name 'returnLastTen', model {snippets=[platform.businesslayer.Code@3284c8ec, platform.businesslayer.Code@729cf0ae, platform.businesslayer.Code@637d8f0e, platform.businesslayer.Code@2baa50d4, platform.businesslayer.Code@3ffd2ee5, platform.businesslayer.Code@2af1b034, platform.businesslayer.Code@25fb4f9b, platform.businesslayer.Code@5c2e9700, platform.businesslayer.Code@a720066, platform.businesslayer.Code@2da5610c]}
?[0m?[0;34m2023-03-03 00:32:07.585 DEBUG 11836 --- [nio-8889-exec-2] o.s.w.s.view.freemarker.FreeMarkerView   : Rendering [returnLastTen.ftlh]
?[0m?[0;34m2023-03-03 00:32:07.586 DEBUG 11836 --- [nio-8889-exec-2] o.s.web.servlet.DispatcherServlet        : Completed 200 OK
?[1;31m
Start test 56?[0m
?[0;34m2023-03-03 00:32:07.591 DEBUG 11836 --- [io-8889-exec-19] o.s.web.servlet.DispatcherServlet        : POST "/actuator/shutdown", parameters={}
?[0m?[0;34m2023-03-03 00:32:07.592 DEBUG 11836 --- [io-8889-exec-19] s.b.a.e.w.s.WebMvcEndpointHandlerMapping : Mapped to Actuator web endpoint 'shutdown'
?[0m?[0;34m2023-03-03 00:32:07.595 DEBUG 11836 --- [io-8889-exec-19] m.m.a.RequestResponseBodyMethodProcessor : Read "application/json;charset=UTF-8" to []
?[0m?[0;34m2023-03-03 00:32:07.601 DEBUG 11836 --- [io-8889-exec-19] m.m.a.RequestResponseBodyMethodProcessor : Using 'application/vnd.spring-boot.actuator.v3+json', given [*/*] and supported [application/vnd.spring-boot.actuator.v3+json, application/vnd.spring-boot.actuator.v2+json, application/json]
?[0m?[0;34m2023-03-03 00:32:07.601 DEBUG 11836 --- [io-8889-exec-19] m.m.a.RequestResponseBodyMethodProcessor : Writing [{message=Shutting down, bye...}]
?[0m?[0;34m2023-03-03 00:32:07.602 DEBUG 11836 --- [io-8889-exec-19] o.s.web.servlet.DispatcherServlet        : Completed 200 OK
?[0;34m2023-03-03 00:32:08.105 DEBUG 11836 --- [       Thread-5] o.s.b.a.ApplicationAvailabilityBean      : Application availability state ReadinessState changed from ACCEPTING_TRAFFIC to REFUSING_TRAFFIC
?[0m?[0;34m2023-03-03 00:32:08.105 DEBUG 11836 --- [       Thread-5] ConfigServletWebServerApplicationContext : Closing org.springframework.boot.web.servlet.context.AnnotationConfigServletWebServerApplicationContext@26f3d90c, started on Fri Mar 03 00:32:00 EET 2023
?[0m?[0;34m2023-03-03 00:32:08.135  INFO 11836 --- [       Thread-5] j.LocalContainerEntityManagerFactoryBean : Closing JPA EntityManagerFactory for persistence unit 'default'
?[0m?[0;34m2023-03-03 00:32:08.137  INFO 11836 --- [       Thread-5] com.zaxxer.hikari.HikariDataSource       : HikariPool-1 - Shutdown initiated...
?[0m?[0;34m2023-03-03 00:32:08.160  INFO 11836 --- [       Thread-5] com.zaxxer.hikari.HikariDataSource       : HikariPool-1 - Shutdown completed.
?[0;34m
?[0m?[0;34m  .   ____          _            __ _ _
?[0m?[0;34m /\\ / ___'_ __ _ _(_)_ __  __ _ \ \ \ \
?[0m?[0;34m( ( )\___ | '_ | '_| | '_ \/ _` | \ \ \ \
?[0m?[0;34m \\/  ___)| |_)| | | | | || (_| |  ) ) ) )
?[0m?[0;34m  '  |____| .__|_| |_|_| |_\__, | / / / /
?[0m?[0;34m =========|_|==============|___/=/_/_/_/
?[0m?[0;34m :: Spring Boot ::                (v2.5.6)
?[0m?[0;34m
?[0m?[0;34m2023-03-03 00:32:18.610  INFO 11836 --- [    Test worker] platform.CodeSharingPlatform             : Starting CodeSharingPlatform using Java 17.0.5 on Zyled-Desk with PID 11836 (started by Admin in C:\Users\Admin\Documents\GitHub\CSP\Office\Code Sharing Platform\task)
?[0m?[0;34m2023-03-03 00:32:18.610  INFO 11836 --- [    Test worker] platform.CodeSharingPlatform             : No active profile set, falling back to default profiles: default
?[0m?[0;34m2023-03-03 00:32:18.610 DEBUG 11836 --- [    Test worker] o.s.boot.SpringApplication               : Loading source class platform.CodeSharingPlatform
?[0m?[0;34m2023-03-03 00:32:18.614 DEBUG 11836 --- [    Test worker] ConfigServletWebServerApplicationContext : Refreshing org.springframework.boot.web.servlet.context.AnnotationConfigServletWebServerApplicationContext@5687ba39
?[0m?[0;34m2023-03-03 00:32:18.919  INFO 11836 --- [    Test worker] .s.d.r.c.RepositoryConfigurationDelegate : Bootstrapping Spring Data JPA repositories in DEFAULT mode.
?[0m?[0;34m2023-03-03 00:32:18.920 DEBUG 11836 --- [    Test worker] o.s.b.a.AutoConfigurationPackages        : @EnableAutoConfiguration was declared on a class in the package 'platform'. Automatic @Repository and @Entity scanning is enabled.
?[0m?[0;34m2023-03-03 00:32:18.927  INFO 11836 --- [    Test worker] .s.d.r.c.RepositoryConfigurationDelegate : Finished Spring Data repository scanning in 7 ms. Found 1 JPA repository interfaces.
?[0m?[0;34m2023-03-03 00:32:19.020 DEBUG 11836 --- [    Test worker] .s.b.w.e.t.TomcatServletWebServerFactory : Code archive: C:\Users\Admin\.gradle\caches\modules-2\files-2.1\org.springframework.boot\spring-boot\2.5.6\d8c6b97fd3182fb6d7d06ebf710cd9ccabc83b89\spring-boot-2.5.6.jar
?[0m?[0;34m2023-03-03 00:32:19.020 DEBUG 11836 --- [    Test worker] .s.b.w.e.t.TomcatServletWebServerFactory : Code archive: C:\Users\Admin\.gradle\caches\modules-2\files-2.1\org.springframework.boot\spring-boot\2.5.6\d8c6b97fd3182fb6d7d06ebf710cd9ccabc83b89\spring-boot-2.5.6.jar
?[0m?[0;34m2023-03-03 00:32:19.020 DEBUG 11836 --- [    Test worker] .s.b.w.e.t.TomcatServletWebServerFactory : None of the document roots [src/main/webapp, public, static] point to a directory and will be ignored.
?[0m?[0;34m2023-03-03 00:32:19.022  INFO 11836 --- [    Test worker] o.s.b.w.embedded.tomcat.TomcatWebServer  : Tomcat initialized with port(s): 8889 (http)
?[0m?[0;34m2023-03-03 00:32:19.023  INFO 11836 --- [    Test worker] o.apache.catalina.core.StandardService   : Starting service [Tomcat]
?[0m?[0;34m2023-03-03 00:32:19.023  INFO 11836 --- [    Test worker] org.apache.catalina.core.StandardEngine  : Starting Servlet engine: [Apache Tomcat/9.0.54]
?[0m?[0;34m2023-03-03 00:32:19.051  INFO 11836 --- [    Test worker] o.a.c.c.C.[Tomcat].[localhost].[/]       : Initializing Spring embedded WebApplicationContext
?[0m?[0;34m2023-03-03 00:32:19.051 DEBUG 11836 --- [    Test worker] w.s.c.ServletWebServerApplicationContext : Published root WebApplicationContext as ServletContext attribute with name [org.springframework.web.context.WebApplicationContext.ROOT]
?[0m?[0;34m2023-03-03 00:32:19.052  INFO 11836 --- [    Test worker] w.s.c.ServletWebServerApplicationContext : Root WebApplicationContext: initialization completed in 438 ms
?[0m?[0;34m2023-03-03 00:32:19.095  INFO 11836 --- [    Test worker] com.zaxxer.hikari.HikariDataSource       : HikariPool-2 - Starting...
?[0m?[0;34m2023-03-03 00:32:19.110  INFO 11836 --- [    Test worker] com.zaxxer.hikari.HikariDataSource       : HikariPool-2 - Start completed.
?[0m?[0;34m2023-03-03 00:32:19.111  INFO 11836 --- [    Test worker] o.s.b.a.h2.H2ConsoleAutoConfiguration    : H2 console available at '/h2-console'. Database available at 'jdbc:h2:file:../snippets'
?[0m?[0;34m2023-03-03 00:32:19.132 DEBUG 11836 --- [    Test worker] o.s.b.w.s.ServletContextInitializerBeans : Mapping filters: filterRegistrationBean urls=[/*] order=-2147483647, characterEncodingFilter urls=[/*] order=-2147483648, formContentFilter urls=[/*] order=-9900, requestContextFilter urls=[/*] order=-105
?[0m?[0;34m2023-03-03 00:32:19.132 DEBUG 11836 --- [    Test worker] o.s.b.w.s.ServletContextInitializerBeans : Mapping servlets: dispatcherServlet urls=[/], webServlet urls=[/h2-console/*]
?[0m?[0;34m2023-03-03 00:32:19.133 DEBUG 11836 --- [    Test worker] o.s.b.a.m.w.servlet.WebMvcMetricsFilter  : Filter 'webMvcMetricsFilter' configured for use
?[0m?[0;34m2023-03-03 00:32:19.133 DEBUG 11836 --- [    Test worker] o.s.b.w.s.f.OrderedRequestContextFilter  : Filter 'requestContextFilter' configured for use
?[0m?[0;34m2023-03-03 00:32:19.134 DEBUG 11836 --- [    Test worker] s.b.w.s.f.OrderedCharacterEncodingFilter : Filter 'characterEncodingFilter' configured for use
?[0m?[0;34m2023-03-03 00:32:19.134 DEBUG 11836 --- [    Test worker] o.s.b.w.s.f.OrderedFormContentFilter     : Filter 'formContentFilter' configured for use
?[0m?[0;34m2023-03-03 00:32:19.151  INFO 11836 --- [    Test worker] o.hibernate.jpa.internal.util.LogHelper  : HHH000204: Processing PersistenceUnitInfo [name: default]
?[0m?[0;34m2023-03-03 00:32:19.160  INFO 11836 --- [    Test worker] org.hibernate.dialect.Dialect            : HHH000400: Using dialect: org.hibernate.dialect.H2Dialect
?[0m?[0;34m2023-03-03 00:32:19.216  INFO 11836 --- [    Test worker] o.h.e.t.j.p.i.JtaPlatformInitiator       : HHH000490: Using JtaPlatform implementation: [org.hibernate.engine.transaction.jta.platform.internal.NoJtaPlatform]
?[0m?[0;34m2023-03-03 00:32:19.216  INFO 11836 --- [    Test worker] j.LocalContainerEntityManagerFactoryBean : Initialized JPA EntityManagerFactory for persistence unit 'default'
?[0m?[0;34m2023-03-03 00:32:19.291  WARN 11836 --- [    Test worker] JpaBaseConfiguration$JpaWebConfiguration : spring.jpa.open-in-view is enabled by default. Therefore, database queries may be performed during view rendering. Explicitly configure spring.jpa.open-in-view to disable this warning
?[0m?[0;34m2023-03-03 00:32:19.334 DEBUG 11836 --- [    Test worker] s.w.s.m.m.a.RequestMappingHandlerAdapter : ControllerAdvice beans: 0 @ModelAttribute, 0 @InitBinder, 1 RequestBodyAdvice, 1 ResponseBodyAdvice
?[0m?[0;34m2023-03-03 00:32:19.346 DEBUG 11836 --- [    Test worker] s.w.s.m.m.a.RequestMappingHandlerMapping : 8 mappings in 'requestMappingHandlerMapping'
?[0m?[0;34m2023-03-03 00:32:19.363 DEBUG 11836 --- [    Test worker] o.s.w.s.handler.SimpleUrlHandlerMapping  : Patterns [/webjars/**, /**] in 'resourceHandlerMapping'
?[0m?[0;34m2023-03-03 00:32:19.370 DEBUG 11836 --- [    Test worker] .m.m.a.ExceptionHandlerExceptionResolver : ControllerAdvice beans: 0 @ExceptionHandler, 1 ResponseBodyAdvice
?[0m?[0;34m2023-03-03 00:32:19.464 DEBUG 11836 --- [    Test worker] o.s.w.s.v.f.FreeMarkerConfigurer         : File system access not preferred: using SpringTemplateLoader
?[0m?[0;34m2023-03-03 00:32:19.483  INFO 11836 --- [    Test worker] o.s.b.a.e.web.EndpointLinksResolver      : Exposing 14 endpoint(s) beneath base path '/actuator'
?[0m?[0;34m2023-03-03 00:32:19.498  INFO 11836 --- [    Test worker] o.s.b.w.embedded.tomcat.TomcatWebServer  : Tomcat started on port(s): 8889 (http) with context path ''
?[0m?[0;34m2023-03-03 00:32:19.508 DEBUG 11836 --- [    Test worker] ConditionEvaluationReportLoggingListener : 
?[0m?[0;34m
?[0m?[0;34m
?[0m?[0;34m============================
?[0m?[0;34mCONDITIONS EVALUATION REPORT
?[0m?[0;34m============================
?[0m?[0;34m
?[0m?[0;34m
?[0m?[0;34mPositive matches:
?[0m?[0;34m-----------------
?[0m?[0;34m
?[0m?[0;34m   AopAutoConfiguration matched:
?[0m?[0;34m      - @ConditionalOnProperty (spring.aop.auto=true) matched (OnPropertyCondition)
?[0m?[0;34m
?[0m?[0;34m   AopAutoConfiguration.AspectJAutoProxyingConfiguration matched:
?[0m?[0;34m      - @ConditionalOnClass found required class 'org.aspectj.weaver.Advice' (OnClassCondition)
?[0m?[0;34m
?[0m?[0;34m   AopAutoConfiguration.AspectJAutoProxyingConfiguration.CglibAutoProxyConfiguration matched:
?[0m?[0;34m      - @ConditionalOnProperty (spring.aop.proxy-target-class=true) matched (OnPropertyCondition)
?[0m?[0;34m
?[0m?[0;34m   AuditEventsEndpointAutoConfiguration matched:
?[0m?[0;34m      - @ConditionalOnAvailableEndpoint no property management.endpoint.auditevents.enabled found so using endpoint default; @ConditionalOnAvailableEndpoint marked as exposed by a 'management.endpoints.web.exposure' property (OnAvailableEndpointCondition)
?[0m?[0;34m
?[0m?[0;34m   BeansEndpointAutoConfiguration matched:
?[0m?[0;34m      - @ConditionalOnAvailableEndpoint no property management.endpoint.beans.enabled found so using endpoint default; @ConditionalOnAvailableEndpoint marked as exposed by a 'management.endpoints.web.exposure' property (OnAvailableEndpointCondition)
?[0m?[0;34m
?[0m?[0;34m   BeansEndpointAutoConfiguration#beansEndpoint matched:
?[0m?[0;34m      - @ConditionalOnMissingBean (types: org.springframework.boot.actuate.beans.BeansEndpoint; SearchStrategy: all) did not find any beans (OnBeanCondition)
?[0m?[0;34m
?[0m?[0;34m   CacheMeterBinderProvidersConfiguration matched:
?[0m?[0;34m      - @ConditionalOnClass found required class 'io.micrometer.core.instrument.binder.MeterBinder' (OnClassCondition)
?[0m?[0;34m
?[0m?[0;34m   CachesEndpointAutoConfiguration matched:
?[0m?[0;34m      - @ConditionalOnClass found required class 'org.springframework.cache.CacheManager' (OnClassCondition)
?[0m?[0;34m      - @ConditionalOnAvailableEndpoint no property management.endpoint.caches.enabled found so using endpoint default; @ConditionalOnAvailableEndpoint marked as exposed by a 'management.endpoints.web.exposure' property (OnAvailableEndpointCondition)
?[0m?[0;34m
?[0m?[0;34m   CachesEndpointAutoConfiguration#cachesEndpoint matched:
?[0m?[0;34m      - @ConditionalOnMissingBean (types: org.springframework.boot.actuate.cache.CachesEndpoint; SearchStrategy: all) did not find any beans (OnBeanCondition)
?[0m?[0;34m
?[0m?[0;34m   CachesEndpointAutoConfiguration#cachesEndpointWebExtension matched:
?[0m?[0;34m      - @ConditionalOnBean (types: org.springframework.boot.actuate.cache.CachesEndpoint; SearchStrategy: all) found bean 'cachesEndpoint'; @ConditionalOnMissingBean (types: org.springframework.boot.actuate.cache.CachesEndpointWebExtension; SearchStrategy: all) did not find any beans (OnBeanCondition)
?[0m?[0;34m
?[0m?[0;34m   CompositeMeterRegistryAutoConfiguration matched:
?[0m?[0;34m      - @ConditionalOnClass found required class 'io.micrometer.core.instrument.composite.CompositeMeterRegistry' (OnClassCondition)
?[0m?[0;34m
?[0m?[0;34m   ConditionsReportEndpointAutoConfiguration matched:
?[0m?[0;34m      - @ConditionalOnAvailableEndpoint no property management.endpoint.conditions.enabled found so using endpoint default; @ConditionalOnAvailableEndpoint marked as exposed by a 'management.endpoints.web.exposure' property (OnAvailableEndpointCondition)
?[0m?[0;34m
?[0m?[0;34m   ConditionsReportEndpointAutoConfiguration#conditionsReportEndpoint matched:
?[0m?[0;34m      - @ConditionalOnMissingBean (types: org.springframework.boot.actuate.autoconfigure.condition.ConditionsReportEndpoint; SearchStrategy: current) did not find any beans (OnBeanCondition)
?[0m?[0;34m
?[0m?[0;34m   ConfigurationPropertiesReportEndpointAutoConfiguration matched:
?[0m?[0;34m      - @ConditionalOnAvailableEndpoint no property management.endpoint.configprops.enabled found so using endpoint default; @ConditionalOnAvailableEndpoint marked as exposed by a 'management.endpoints.web.exposure' property (OnAvailableEndpointCondition)
?[0m?[0;34m
?[0m?[0;34m   ConfigurationPropertiesReportEndpointAutoConfiguration#configurationPropertiesReportEndpoint matched:
?[0m?[0;34m      - @ConditionalOnMissingBean (types: org.springframework.boot.actuate.context.properties.ConfigurationPropertiesReportEndpoint; SearchStrategy: all) did not find any beans (OnBeanCondition)
?[0m?[0;34m
?[0m?[0;34m   ConfigurationPropertiesReportEndpointAutoConfiguration#configurationPropertiesReportEndpointWebExtension matched:
?[0m?[0;34m      - @ConditionalOnBean (types: org.springframework.boot.actuate.context.properties.ConfigurationPropertiesReportEndpoint; SearchStrategy: all) found bean 'configurationPropertiesReportEndpoint'; @ConditionalOnMissingBean (types: org.springframework.boot.actuate.context.properties.ConfigurationPropertiesReportEndpointWebExtension; SearchStrategy: all) did not find any beans (OnBeanCondition)
?[0m?[0;34m
?[0m?[0;34m   DataSourceAutoConfiguration matched:
?[0m?[0;34m      - @ConditionalOnClass found required classes 'javax.sql.DataSource', 'org.springframework.jdbc.datasource.embedded.EmbeddedDatabaseType' (OnClassCondition)
?[0m?[0;34m      - @ConditionalOnMissingBean (types: io.r2dbc.spi.ConnectionFactory; SearchStrategy: all) did not find any beans (OnBeanCondition)
?[0m?[0;34m
?[0m?[0;34m   DataSourceAutoConfiguration.PooledDataSourceConfiguration matched:
?[0m?[0;34m      - AnyNestedCondition 1 matched 1 did not; NestedCondition on DataSourceAutoConfiguration.PooledDataSourceCondition.PooledDataSourceAvailable PooledDataSource found supported DataSource; NestedCondition on DataSourceAutoConfiguration.PooledDataSourceCondition.ExplicitType @ConditionalOnProperty (spring.datasource.type) did not find property 'type' (DataSourceAutoConfiguration.PooledDataSourceCondition)
?[0m?[0;34m      - @ConditionalOnMissingBean (types: javax.sql.DataSource,javax.sql.XADataSource; SearchStrategy: all) did not find any beans (OnBeanCondition)
?[0m?[0;34m
?[0m?[0;34m   DataSourceConfiguration.Hikari matched:
?[0m?[0;34m      - @ConditionalOnClass found required class 'com.zaxxer.hikari.HikariDataSource' (OnClassCondition)
?[0m?[0;34m      - @ConditionalOnProperty (spring.datasource.type=com.zaxxer.hikari.HikariDataSource) matched (OnPropertyCondition)
?[0m?[0;34m      - @ConditionalOnMissingBean (types: javax.sql.DataSource; SearchStrategy: all) did not find any beans (OnBeanCondition)
?[0m?[0;34m
?[0m?[0;34m   DataSourceHealthContributorAutoConfiguration matched:
?[0m?[0;34m      - @ConditionalOnClass found required classes 'org.springframework.jdbc.core.JdbcTemplate', 'org.springframework.jdbc.datasource.lookup.AbstractRoutingDataSource' (OnClassCondition)
?[0m?[0;34m      - @ConditionalOnEnabledHealthIndicator management.health.defaults.enabled is considered true (OnEnabledHealthIndicatorCondition)
?[0m?[0;34m      - @ConditionalOnBean (types: javax.sql.DataSource; SearchStrategy: all) found bean 'dataSource' (OnBeanCondition)
?[0m?[0;34m
?[0m?[0;34m   DataSourceHealthContributorAutoConfiguration#dbHealthContributor matched:
?[0m?[0;34m      - @ConditionalOnMissingBean (names: dbHealthIndicator,dbHealthContributor; SearchStrategy: all) did not find any beans (OnBeanCondition)
?[0m?[0;34m
?[0m?[0;34m   DataSourceInitializationConfiguration matched:
?[0m?[0;34m      - @ConditionalOnClass found required class 'org.springframework.jdbc.datasource.init.DatabasePopulator' (OnClassCondition)
?[0m?[0;34m      - @ConditionalOnSingleCandidate (types: javax.sql.DataSource; SearchStrategy: all) found a primary bean from beans 'dataSource'; @ConditionalOnMissingBean (types: org.springframework.boot.sql.init.AbstractScriptDatabaseInitializer; SearchStrategy: all) did not find any beans (OnBeanCondition)
?[0m?[0;34m
?[0m?[0;34m   DataSourceJmxConfiguration matched:
?[0m?[0;34m      - @ConditionalOnProperty (spring.jmx.enabled=true) matched (OnPropertyCondition)
?[0m?[0;34m
?[0m?[0;34m   DataSourceJmxConfiguration.Hikari matched:
?[0m?[0;34m      - @ConditionalOnClass found required class 'com.zaxxer.hikari.HikariDataSource' (OnClassCondition)
?[0m?[0;34m      - @ConditionalOnSingleCandidate (types: javax.sql.DataSource; SearchStrategy: all) found a primary bean from beans 'dataSource' (OnBeanCondition)
?[0m?[0;34m
?[0m?[0;34m   DataSourcePoolMetadataProvidersConfiguration.HikariPoolDataSourceMetadataProviderConfiguration matched:
?[0m?[0;34m      - @ConditionalOnClass found required class 'com.zaxxer.hikari.HikariDataSource' (OnClassCondition)
?[0m?[0;34m
?[0m?[0;34m   DataSourcePoolMetricsAutoConfiguration matched:
?[0m?[0;34m      - @ConditionalOnClass found required classes 'javax.sql.DataSource', 'io.micrometer.core.instrument.MeterRegistry' (OnClassCondition)
?[0m?[0;34m      - @ConditionalOnBean (types: javax.sql.DataSource,io.micrometer.core.instrument.MeterRegistry; SearchStrategy: all) found beans 'simpleMeterRegistry', 'dataSource' (OnBeanCondition)
?[0m?[0;34m
?[0m?[0;34m   DataSourcePoolMetricsAutoConfiguration.DataSourcePoolMetadataMetricsConfiguration matched:
?[0m?[0;34m      - @ConditionalOnBean (types: org.springframework.boot.jdbc.metadata.DataSourcePoolMetadataProvider; SearchStrategy: all) found bean 'hikariPoolDataSourceMetadataProvider' (OnBeanCondition)
?[0m?[0;34m
?[0m?[0;34m   DataSourcePoolMetricsAutoConfiguration.HikariDataSourceMetricsConfiguration matched:
?[0m?[0;34m      - @ConditionalOnClass found required class 'com.zaxxer.hikari.HikariDataSource' (OnClassCondition)
?[0m?[0;34m
?[0m?[0;34m   DataSourceTransactionManagerAutoConfiguration matched:
?[0m?[0;34m      - @ConditionalOnClass found required classes 'org.springframework.jdbc.core.JdbcTemplate', 'org.springframework.transaction.TransactionManager' (OnClassCondition)
?[0m?[0;34m
?[0m?[0;34m   DataSourceTransactionManagerAutoConfiguration.JdbcTransactionManagerConfiguration matched:
?[0m?[0;34m      - @ConditionalOnSingleCandidate (types: javax.sql.DataSource; SearchStrategy: all) found a primary bean from beans 'dataSource' (OnBeanCondition)
?[0m?[0;34m
?[0m?[0;34m   DiskSpaceHealthContributorAutoConfiguration matched:
?[0m?[0;34m      - @ConditionalOnEnabledHealthIndicator management.health.defaults.enabled is considered true (OnEnabledHealthIndicatorCondition)
?[0m?[0;34m
?[0m?[0;34m   DiskSpaceHealthContributorAutoConfiguration#diskSpaceHealthIndicator matched:
?[0m?[0;34m      - @ConditionalOnMissingBean (names: diskSpaceHealthIndicator; SearchStrategy: all) did not find any beans (OnBeanCondition)
?[0m?[0;34m
?[0m?[0;34m   DispatcherServletAutoConfiguration matched:
?[0m?[0;34m      - @ConditionalOnClass found required class 'org.springframework.web.servlet.DispatcherServlet' (OnClassCondition)
?[0m?[0;34m      - found 'session' scope (OnWebApplicationCondition)
?[0m?[0;34m
?[0m?[0;34m   DispatcherServletAutoConfiguration.DispatcherServletConfiguration matched:
?[0m?[0;34m      - @ConditionalOnClass found required class 'javax.servlet.ServletRegistration' (OnClassCondition)
?[0m?[0;34m      - Default DispatcherServlet did not find dispatcher servlet beans (DispatcherServletAutoConfiguration.DefaultDispatcherServletCondition)
?[0m?[0;34m
?[0m?[0;34m   DispatcherServletAutoConfiguration.DispatcherServletRegistrationConfiguration matched:
?[0m?[0;34m      - @ConditionalOnClass found required class 'javax.servlet.ServletRegistration' (OnClassCondition)
?[0m?[0;34m      - DispatcherServlet Registration did not find servlet registration bean (DispatcherServletAutoConfiguration.DispatcherServletRegistrationCondition)
?[0m?[0;34m
?[0m?[0;34m   DispatcherServletAutoConfiguration.DispatcherServletRegistrationConfiguration#dispatcherServletRegistration matched:
?[0m?[0;34m      - @ConditionalOnBean (names: dispatcherServlet types: org.springframework.web.servlet.DispatcherServlet; SearchStrategy: all) found bean 'dispatcherServlet' (OnBeanCondition)
?[0m?[0;34m
?[0m?[0;34m   EmbeddedWebServerFactoryCustomizerAutoConfiguration matched:
?[0m?[0;34m      - @ConditionalOnWebApplication (required) found 'session' scope (OnWebApplicationCondition)
?[0m?[0;34m
?[0m?[0;34m   EmbeddedWebServerFactoryCustomizerAutoConfiguration.TomcatWebServerFactoryCustomizerConfiguration matched:
?[0m?[0;34m      - @ConditionalOnClass found required classes 'org.apache.catalina.startup.Tomcat', 'org.apache.coyote.UpgradeProtocol' (OnClassCondition)
?[0m?[0;34m
?[0m?[0;34m   EndpointAutoConfiguration#endpointCachingOperationInvokerAdvisor matched:
?[0m?[0;34m      - @ConditionalOnMissingBean (types: org.springframework.boot.actuate.endpoint.invoker.cache.CachingOperationInvokerAdvisor; SearchStrategy: all) did not find any beans (OnBeanCondition)
?[0m?[0;34m
?[0m?[0;34m   EndpointAutoConfiguration#endpointOperationParameterMapper matched:
?[0m?[0;34m      - @ConditionalOnMissingBean (types: org.springframework.boot.actuate.endpoint.invoke.ParameterValueMapper; SearchStrategy: all) did not find any beans (OnBeanCondition)
?[0m?[0;34m
?[0m?[0;34m   EnvironmentEndpointAutoConfiguration matched:
?[0m?[0;34m      - @ConditionalOnAvailableEndpoint no property management.endpoint.env.enabled found so using endpoint default; @ConditionalOnAvailableEndpoint marked as exposed by a 'management.endpoints.web.exposure' property (OnAvailableEndpointCondition)
?[0m?[0;34m
?[0m?[0;34m   EnvironmentEndpointAutoConfiguration#environmentEndpoint matched:
?[0m?[0;34m      - @ConditionalOnMissingBean (types: org.springframework.boot.actuate.env.EnvironmentEndpoint; SearchStrategy: all) did not find any beans (OnBeanCondition)
?[0m?[0;34m
?[0m?[0;34m   EnvironmentEndpointAutoConfiguration#environmentEndpointWebExtension matched:
?[0m?[0;34m      - @ConditionalOnBean (types: org.springframework.boot.actuate.env.EnvironmentEndpoint; SearchStrategy: all) found bean 'environmentEndpoint'; @ConditionalOnMissingBean (types: org.springframework.boot.actuate.env.EnvironmentEndpointWebExtension; SearchStrategy: all) did not find any beans (OnBeanCondition)
?[0m?[0;34m
?[0m?[0;34m   ErrorMvcAutoConfiguration matched:
?[0m?[0;34m      - @ConditionalOnClass found required classes 'javax.servlet.Servlet', 'org.springframework.web.servlet.DispatcherServlet' (OnClassCondition)
?[0m?[0;34m      - found 'session' scope (OnWebApplicationCondition)
?[0m?[0;34m
?[0m?[0;34m   ErrorMvcAutoConfiguration#basicErrorController matched:
?[0m?[0;34m      - @ConditionalOnMissingBean (types: org.springframework.boot.web.servlet.error.ErrorController; SearchStrategy: current) did not find any beans (OnBeanCondition)
?[0m?[0;34m
?[0m?[0;34m   ErrorMvcAutoConfiguration#errorAttributes matched:
?[0m?[0;34m      - @ConditionalOnMissingBean (types: org.springframework.boot.web.servlet.error.ErrorAttributes; SearchStrategy: current) did not find any beans (OnBeanCondition)
?[0m?[0;34m
?[0m?[0;34m   ErrorMvcAutoConfiguration.DefaultErrorViewResolverConfiguration#conventionErrorViewResolver matched:
?[0m?[0;34m      - @ConditionalOnBean (types: org.springframework.web.servlet.DispatcherServlet; SearchStrategy: all) found bean 'dispatcherServlet'; @ConditionalOnMissingBean (types: org.springframework.boot.autoconfigure.web.servlet.error.ErrorViewResolver; SearchStrategy: all) did not find any beans (OnBeanCondition)
?[0m?[0;34m
?[0m?[0;34m   ErrorMvcAutoConfiguration.WhitelabelErrorViewConfiguration matched:
?[0m?[0;34m      - @ConditionalOnProperty (server.error.whitelabel.enabled) matched (OnPropertyCondition)
?[0m?[0;34m      - ErrorTemplate Missing did not find error template view (ErrorMvcAutoConfiguration.ErrorTemplateMissingCondition)
?[0m?[0;34m
?[0m?[0;34m   ErrorMvcAutoConfiguration.WhitelabelErrorViewConfiguration#beanNameViewResolver matched:
?[0m?[0;34m      - @ConditionalOnMissingBean (types: org.springframework.web.servlet.view.BeanNameViewResolver; SearchStrategy: all) did not find any beans (OnBeanCondition)
?[0m?[0;34m
?[0m?[0;34m   ErrorMvcAutoConfiguration.WhitelabelErrorViewConfiguration#defaultErrorView matched:
?[0m?[0;34m      - @ConditionalOnMissingBean (names: error; SearchStrategy: all) did not find any beans (OnBeanCondition)
?[0m?[0;34m
?[0m?[0;34m   FreeMarkerAutoConfiguration matched:
?[0m?[0;34m      - @ConditionalOnClass found required classes 'freemarker.template.Configuration', 'org.springframework.ui.freemarker.FreeMarkerConfigurationFactory' (OnClassCondition)
?[0m?[0;34m
?[0m?[0;34m   FreeMarkerServletWebConfiguration matched:
?[0m?[0;34m      - @ConditionalOnClass found required classes 'javax.servlet.Servlet', 'org.springframework.web.servlet.view.freemarker.FreeMarkerConfigurer' (OnClassCondition)
?[0m?[0;34m      - found 'session' scope (OnWebApplicationCondition)
?[0m?[0;34m
?[0m?[0;34m   FreeMarkerServletWebConfiguration#freeMarkerConfigurer matched:
?[0m?[0;34m      - @ConditionalOnMissingBean (types: org.springframework.web.servlet.view.freemarker.FreeMarkerConfig; SearchStrategy: all) did not find any beans (OnBeanCondition)
?[0m?[0;34m
?[0m?[0;34m   FreeMarkerServletWebConfiguration#freeMarkerViewResolver matched:
?[0m?[0;34m      - @ConditionalOnProperty (spring.freemarker.enabled) matched (OnPropertyCondition)
?[0m?[0;34m      - @ConditionalOnMissingBean (names: freeMarkerViewResolver; SearchStrategy: all) did not find any beans (OnBeanCondition)
?[0m?[0;34m
?[0m?[0;34m   GenericCacheConfiguration matched:
?[0m?[0;34m      - Cache org.springframework.boot.autoconfigure.cache.GenericCacheConfiguration automatic cache type (CacheCondition)
?[0m?[0;34m
?[0m?[0;34m   GsonAutoConfiguration matched:
?[0m?[0;34m      - @ConditionalOnClass found required class 'com.google.gson.Gson' (OnClassCondition)
?[0m?[0;34m
?[0m?[0;34m   GsonAutoConfiguration#gson matched:
?[0m?[0;34m      - @ConditionalOnMissingBean (types: com.google.gson.Gson; SearchStrategy: all) did not find any beans (OnBeanCondition)
?[0m?[0;34m
?[0m?[0;34m   GsonAutoConfiguration#gsonBuilder matched:
?[0m?[0;34m      - @ConditionalOnMissingBean (types: com.google.gson.GsonBuilder; SearchStrategy: all) did not find any beans (OnBeanCondition)
?[0m?[0;34m
?[0m?[0;34m   GsonHttpMessageConvertersConfiguration matched:
?[0m?[0;34m      - @ConditionalOnClass found required class 'com.google.gson.Gson' (OnClassCondition)
?[0m?[0;34m
?[0m?[0;34m   H2ConsoleAutoConfiguration matched:
?[0m?[0;34m      - @ConditionalOnClass found required class 'org.h2.server.web.WebServlet' (OnClassCondition)
?[0m?[0;34m      - found 'session' scope (OnWebApplicationCondition)
?[0m?[0;34m      - @ConditionalOnProperty (spring.h2.console.enabled=true) matched (OnPropertyCondition)
?[0m?[0;34m
?[0m?[0;34m   HealthContributorAutoConfiguration#pingHealthContributor matched:
?[0m?[0;34m      - @ConditionalOnEnabledHealthIndicator management.health.defaults.enabled is considered true (OnEnabledHealthIndicatorCondition)
?[0m?[0;34m
?[0m?[0;34m   HealthEndpointAutoConfiguration matched:
?[0m?[0;34m      - @ConditionalOnAvailableEndpoint no property management.endpoint.health.enabled found so using endpoint default; @ConditionalOnAvailableEndpoint marked as exposed by a 'management.endpoints.web.exposure' property (OnAvailableEndpointCondition)
?[0m?[0;34m
?[0m?[0;34m   HealthEndpointConfiguration#healthContributorRegistry matched:
?[0m?[0;34m      - @ConditionalOnMissingBean (types: org.springframework.boot.actuate.health.HealthContributorRegistry; SearchStrategy: all) did not find any beans (OnBeanCondition)
?[0m?[0;34m
?[0m?[0;34m   HealthEndpointConfiguration#healthEndpoint matched:
?[0m?[0;34m      - @ConditionalOnMissingBean (types: org.springframework.boot.actuate.health.HealthEndpoint; SearchStrategy: all) did not find any beans (OnBeanCondition)
?[0m?[0;34m
?[0m?[0;34m   HealthEndpointConfiguration#healthEndpointGroups matched:
?[0m?[0;34m      - @ConditionalOnMissingBean (types: org.springframework.boot.actuate.health.HealthEndpointGroups; SearchStrategy: all) did not find any beans (OnBeanCondition)
?[0m?[0;34m
?[0m?[0;34m   HealthEndpointConfiguration#healthHttpCodeStatusMapper matched:
?[0m?[0;34m      - @ConditionalOnMissingBean (types: org.springframework.boot.actuate.health.HttpCodeStatusMapper; SearchStrategy: all) did not find any beans (OnBeanCondition)
?[0m?[0;34m
?[0m?[0;34m   HealthEndpointConfiguration#healthStatusAggregator matched:
?[0m?[0;34m      - @ConditionalOnMissingBean (types: org.springframework.boot.actuate.health.StatusAggregator; SearchStrategy: all) did not find any beans (OnBeanCondition)
?[0m?[0;34m
?[0m?[0;34m   HealthEndpointWebExtensionConfiguration matched:
?[0m?[0;34m      - found 'session' scope (OnWebApplicationCondition)
?[0m?[0;34m      - @ConditionalOnBean (types: org.springframework.boot.actuate.health.HealthEndpoint; SearchStrategy: all) found bean 'healthEndpoint' (OnBeanCondition)
?[0m?[0;34m
?[0m?[0;34m   HealthEndpointWebExtensionConfiguration#healthEndpointWebExtension matched:
?[0m?[0;34m      - @ConditionalOnBean (types: org.springframework.boot.actuate.health.HealthEndpoint; SearchStrategy: all) found bean 'healthEndpoint'; @ConditionalOnMissingBean (types: org.springframework.boot.actuate.health.HealthEndpointWebExtension; SearchStrategy: all) did not find any beans (OnBeanCondition)
?[0m?[0;34m
?[0m?[0;34m   HeapDumpWebEndpointAutoConfiguration matched:
?[0m?[0;34m      - @ConditionalOnAvailableEndpoint no property management.endpoint.heapdump.enabled found so using endpoint default; @ConditionalOnAvailableEndpoint marked as exposed by a 'management.endpoints.web.exposure' property (OnAvailableEndpointCondition)
?[0m?[0;34m
?[0m?[0;34m   HeapDumpWebEndpointAutoConfiguration#heapDumpWebEndpoint matched:
?[0m?[0;34m      - @ConditionalOnMissingBean (types: org.springframework.boot.actuate.management.HeapDumpWebEndpoint; SearchStrategy: all) did not find any beans (OnBeanCondition)
?[0m?[0;34m
?[0m?[0;34m   HibernateJpaAutoConfiguration matched:
?[0m?[0;34m      - @ConditionalOnClass found required classes 'org.springframework.orm.jpa.LocalContainerEntityManagerFactoryBean', 'javax.persistence.EntityManager', 'org.hibernate.engine.spi.SessionImplementor' (OnClassCondition)
?[0m?[0;34m
?[0m?[0;34m   HibernateJpaConfiguration matched:
?[0m?[0;34m      - @ConditionalOnSingleCandidate (types: javax.sql.DataSource; SearchStrategy: all) found a primary bean from beans 'dataSource' (OnBeanCondition)
?[0m?[0;34m
?[0m?[0;34m   HttpClientMetricsAutoConfiguration matched:
?[0m?[0;34m      - @ConditionalOnClass found required class 'io.micrometer.core.instrument.MeterRegistry' (OnClassCondition)
?[0m?[0;34m      - @ConditionalOnBean (types: io.micrometer.core.instrument.MeterRegistry; SearchStrategy: all) found bean 'simpleMeterRegistry' (OnBeanCondition)
?[0m?[0;34m
?[0m?[0;34m   HttpEncodingAutoConfiguration matched:
?[0m?[0;34m      - @ConditionalOnClass found required class 'org.springframework.web.filter.CharacterEncodingFilter' (OnClassCondition)
?[0m?[0;34m      - found 'session' scope (OnWebApplicationCondition)
?[0m?[0;34m      - @ConditionalOnProperty (server.servlet.encoding.enabled) matched (OnPropertyCondition)
?[0m?[0;34m
?[0m?[0;34m   HttpEncodingAutoConfiguration#characterEncodingFilter matched:
?[0m?[0;34m      - @ConditionalOnMissingBean (types: org.springframework.web.filter.CharacterEncodingFilter; SearchStrategy: all) did not find any beans (OnBeanCondition)
?[0m?[0;34m
?[0m?[0;34m   HttpMessageConvertersAutoConfiguration matched:
?[0m?[0;34m      - @ConditionalOnClass found required class 'org.springframework.http.converter.HttpMessageConverter' (OnClassCondition)
?[0m?[0;34m      - NoneNestedConditions 0 matched 1 did not; NestedCondition on HttpMessageConvertersAutoConfiguration.NotReactiveWebApplicationCondition.ReactiveWebApplication did not find reactive web application classes (HttpMessageConvertersAutoConfiguration.NotReactiveWebApplicationCondition)
?[0m?[0;34m
?[0m?[0;34m   HttpMessageConvertersAutoConfiguration#messageConverters matched:
?[0m?[0;34m      - @ConditionalOnMissingBean (types: org.springframework.boot.autoconfigure.http.HttpMessageConverters; SearchStrategy: all) did not find any beans (OnBeanCondition)
?[0m?[0;34m
?[0m?[0;34m   HttpMessageConvertersAutoConfiguration.StringHttpMessageConverterConfiguration matched:
?[0m?[0;34m      - @ConditionalOnClass found required class 'org.springframework.http.converter.StringHttpMessageConverter' (OnClassCondition)
?[0m?[0;34m
?[0m?[0;34m   HttpMessageConvertersAutoConfiguration.StringHttpMessageConverterConfiguration#stringHttpMessageConverter matched:
?[0m?[0;34m      - @ConditionalOnMissingBean (types: org.springframework.http.converter.StringHttpMessageConverter; SearchStrategy: all) did not find any beans (OnBeanCondition)
?[0m?[0;34m
?[0m?[0;34m   HttpTraceEndpointAutoConfiguration matched:
?[0m?[0;34m      - @ConditionalOnAvailableEndpoint no property management.endpoint.httptrace.enabled found so using endpoint default; @ConditionalOnAvailableEndpoint marked as exposed by a 'management.endpoints.web.exposure' property (OnAvailableEndpointCondition)
?[0m?[0;34m
?[0m?[0;34m   InfoContributorAutoConfiguration#envInfoContributor matched:
?[0m?[0;34m      - @ConditionalOnEnabledInfoContributor management.info.defaults.enabled is considered true (OnEnabledInfoContributorCondition)
?[0m?[0;34m
?[0m?[0;34m   InfoEndpointAutoConfiguration matched:
?[0m?[0;34m      - @ConditionalOnAvailableEndpoint no property management.endpoint.info.enabled found so using endpoint default; @ConditionalOnAvailableEndpoint marked as exposed by a 'management.endpoints.web.exposure' property (OnAvailableEndpointCondition)
?[0m?[0;34m
?[0m?[0;34m   InfoEndpointAutoConfiguration#infoEndpoint matched:
?[0m?[0;34m      - @ConditionalOnMissingBean (types: org.springframework.boot.actuate.info.InfoEndpoint; SearchStrategy: all) did not find any beans (OnBeanCondition)
?[0m?[0;34m
?[0m?[0;34m   JacksonAutoConfiguration matched:
?[0m?[0;34m      - @ConditionalOnClass found required class 'com.fasterxml.jackson.databind.ObjectMapper' (OnClassCondition)
?[0m?[0;34m
?[0m?[0;34m   JacksonAutoConfiguration.Jackson2ObjectMapperBuilderCustomizerConfiguration matched:
?[0m?[0;34m      - @ConditionalOnClass found required class 'org.springframework.http.converter.json.Jackson2ObjectMapperBuilder' (OnClassCondition)
?[0m?[0;34m
?[0m?[0;34m   JacksonAutoConfiguration.JacksonObjectMapperBuilderConfiguration matched:
?[0m?[0;34m      - @ConditionalOnClass found required class 'org.springframework.http.converter.json.Jackson2ObjectMapperBuilder' (OnClassCondition)
?[0m?[0;34m
?[0m?[0;34m   JacksonAutoConfiguration.JacksonObjectMapperBuilderConfiguration#jacksonObjectMapperBuilder matched:
?[0m?[0;34m      - @ConditionalOnMissingBean (types: org.springframework.http.converter.json.Jackson2ObjectMapperBuilder; SearchStrategy: all) did not find any beans (OnBeanCondition)
?[0m?[0;34m
?[0m?[0;34m   JacksonAutoConfiguration.JacksonObjectMapperConfiguration matched:
?[0m?[0;34m      - @ConditionalOnClass found required class 'org.springframework.http.converter.json.Jackson2ObjectMapperBuilder' (OnClassCondition)
?[0m?[0;34m
?[0m?[0;34m   JacksonAutoConfiguration.JacksonObjectMapperConfiguration#jacksonObjectMapper matched:
?[0m?[0;34m      - @ConditionalOnMissingBean (types: com.fasterxml.jackson.databind.ObjectMapper; SearchStrategy: all) did not find any beans (OnBeanCondition)
?[0m?[0;34m
?[0m?[0;34m   JacksonAutoConfiguration.ParameterNamesModuleConfiguration matched:
?[0m?[0;34m      - @ConditionalOnClass found required class 'com.fasterxml.jackson.module.paramnames.ParameterNamesModule' (OnClassCondition)
?[0m?[0;34m
?[0m?[0;34m   JacksonAutoConfiguration.ParameterNamesModuleConfiguration#parameterNamesModule matched:
?[0m?[0;34m      - @ConditionalOnMissingBean (types: com.fasterxml.jackson.module.paramnames.ParameterNamesModule; SearchStrategy: all) did not find any beans (OnBeanCondition)
?[0m?[0;34m
?[0m?[0;34m   JacksonHttpMessageConvertersConfiguration.MappingJackson2HttpMessageConverterConfiguration matched:
?[0m?[0;34m      - @ConditionalOnClass found required class 'com.fasterxml.jackson.databind.ObjectMapper' (OnClassCondition)
?[0m?[0;34m      - @ConditionalOnProperty (spring.mvc.converters.preferred-json-mapper=jackson) matched (OnPropertyCondition)
?[0m?[0;34m      - @ConditionalOnBean (types: com.fasterxml.jackson.databind.ObjectMapper; SearchStrategy: all) found bean 'jacksonObjectMapper' (OnBeanCondition)
?[0m?[0;34m
?[0m?[0;34m   JacksonHttpMessageConvertersConfiguration.MappingJackson2HttpMessageConverterConfiguration#mappingJackson2HttpMessageConverter matched:
?[0m?[0;34m      - @ConditionalOnMissingBean (types: org.springframework.http.converter.json.MappingJackson2HttpMessageConverter ignored: org.springframework.hateoas.server.mvc.TypeConstrainedMappingJackson2HttpMessageConverter,org.springframework.data.rest.webmvc.alps.AlpsJsonHttpMessageConverter; SearchStrategy: all) did not find any beans (OnBeanCondition)
?[0m?[0;34m
?[0m?[0;34m   JdbcTemplateAutoConfiguration matched:
?[0m?[0;34m      - @ConditionalOnClass found required classes 'javax.sql.DataSource', 'org.springframework.jdbc.core.JdbcTemplate' (OnClassCondition)
?[0m?[0;34m      - @ConditionalOnSingleCandidate (types: javax.sql.DataSource; SearchStrategy: all) found a primary bean from beans 'dataSource' (OnBeanCondition)
?[0m?[0;34m
?[0m?[0;34m   JdbcTemplateConfiguration matched:
?[0m?[0;34m      - @ConditionalOnMissingBean (types: org.springframework.jdbc.core.JdbcOperations; SearchStrategy: all) did not find any beans (OnBeanCondition)
?[0m?[0;34m
?[0m?[0;34m   JpaBaseConfiguration#entityManagerFactory matched:
?[0m?[0;34m      - @ConditionalOnMissingBean (types: org.springframework.orm.jpa.LocalContainerEntityManagerFactoryBean,javax.persistence.EntityManagerFactory; SearchStrategy: all) did not find any beans (OnBeanCondition)
?[0m?[0;34m
?[0m?[0;34m   JpaBaseConfiguration#entityManagerFactoryBuilder matched:
?[0m?[0;34m      - @ConditionalOnMissingBean (types: org.springframework.boot.orm.jpa.EntityManagerFactoryBuilder; SearchStrategy: all) did not find any beans (OnBeanCondition)
?[0m?[0;34m
?[0m?[0;34m   JpaBaseConfiguration#jpaVendorAdapter matched:
?[0m?[0;34m      - @ConditionalOnMissingBean (types: org.springframework.orm.jpa.JpaVendorAdapter; SearchStrategy: all) did not find any beans (OnBeanCondition)
?[0m?[0;34m
?[0m?[0;34m   JpaBaseConfiguration#transactionManager matched:
?[0m?[0;34m      - @ConditionalOnMissingBean (types: org.springframework.transaction.TransactionManager; SearchStrategy: all) did not find any beans (OnBeanCondition)
?[0m?[0;34m
?[0m?[0;34m   JpaBaseConfiguration.JpaWebConfiguration matched:
?[0m?[0;34m      - @ConditionalOnClass found required class 'org.springframework.web.servlet.config.annotation.WebMvcConfigurer' (OnClassCondition)
?[0m?[0;34m      - found 'session' scope (OnWebApplicationCondition)
?[0m?[0;34m      - @ConditionalOnProperty (spring.jpa.open-in-view=true) matched (OnPropertyCondition)
?[0m?[0;34m      - @ConditionalOnMissingBean (types: org.springframework.orm.jpa.support.OpenEntityManagerInViewInterceptor,org.springframework.orm.jpa.support.OpenEntityManagerInViewFilter; SearchStrategy: all) did not find any beans (OnBeanCondition)
?[0m?[0;34m
?[0m?[0;34m   JpaRepositoriesAutoConfiguration matched:
?[0m?[0;34m      - @ConditionalOnClass found required class 'org.springframework.data.jpa.repository.JpaRepository' (OnClassCondition)
?[0m?[0;34m      - @ConditionalOnProperty (spring.data.jpa.repositories.enabled=true) matched (OnPropertyCondition)
?[0m?[0;34m      - @ConditionalOnBean (types: javax.sql.DataSource; SearchStrategy: all) found bean 'dataSource'; @ConditionalOnMissingBean (types: org.springframework.data.jpa.repository.support.JpaRepositoryFactoryBean,org.springframework.data.jpa.repository.config.JpaRepositoryConfigExtension; SearchStrategy: all) did not find any beans (OnBeanCondition)
?[0m?[0;34m
?[0m?[0;34m   JtaAutoConfiguration matched:
?[0m?[0;34m      - @ConditionalOnClass found required class 'javax.transaction.Transaction' (OnClassCondition)
?[0m?[0;34m      - @ConditionalOnProperty (spring.jta.enabled) matched (OnPropertyCondition)
?[0m?[0;34m
?[0m?[0;34m   JvmMetricsAutoConfiguration matched:
?[0m?[0;34m      - @ConditionalOnClass found required class 'io.micrometer.core.instrument.MeterRegistry' (OnClassCondition)
?[0m?[0;34m      - @ConditionalOnBean (types: io.micrometer.core.instrument.MeterRegistry; SearchStrategy: all) found bean 'simpleMeterRegistry' (OnBeanCondition)
?[0m?[0;34m
?[0m?[0;34m   JvmMetricsAutoConfiguration#classLoaderMetrics matched:
?[0m?[0;34m      - @ConditionalOnMissingBean (types: io.micrometer.core.instrument.binder.jvm.ClassLoaderMetrics; SearchStrategy: all) did not find any beans (OnBeanCondition)
?[0m?[0;34m
?[0m?[0;34m   JvmMetricsAutoConfiguration#jvmGcMetrics matched:
?[0m?[0;34m      - @ConditionalOnMissingBean (types: io.micrometer.core.instrument.binder.jvm.JvmGcMetrics; SearchStrategy: all) did not find any beans (OnBeanCondition)
?[0m?[0;34m
?[0m?[0;34m   JvmMetricsAutoConfiguration#jvmMemoryMetrics matched:
?[0m?[0;34m      - @ConditionalOnMissingBean (types: io.micrometer.core.instrument.binder.jvm.JvmMemoryMetrics; SearchStrategy: all) did not find any beans (OnBeanCondition)
?[0m?[0;34m
?[0m?[0;34m   JvmMetricsAutoConfiguration#jvmThreadMetrics matched:
?[0m?[0;34m      - @ConditionalOnMissingBean (types: io.micrometer.core.instrument.binder.jvm.JvmThreadMetrics; SearchStrategy: all) did not find any beans (OnBeanCondition)
?[0m?[0;34m
?[0m?[0;34m   LifecycleAutoConfiguration#defaultLifecycleProcessor matched:
?[0m?[0;34m      - @ConditionalOnMissingBean (names: lifecycleProcessor; SearchStrategy: current) did not find any beans (OnBeanCondition)
?[0m?[0;34m
?[0m?[0;34m   LogFileWebEndpointAutoConfiguration matched:
?[0m?[0;34m      - @ConditionalOnAvailableEndpoint no property management.endpoint.logfile.enabled found so using endpoint default; @ConditionalOnAvailableEndpoint marked as exposed by a 'management.endpoints.web.exposure' property (OnAvailableEndpointCondition)
?[0m?[0;34m
?[0m?[0;34m   LogbackMetricsAutoConfiguration matched:
?[0m?[0;34m      - @ConditionalOnClass found required classes 'io.micrometer.core.instrument.MeterRegistry', 'ch.qos.logback.classic.LoggerContext', 'org.slf4j.LoggerFactory' (OnClassCondition)
?[0m?[0;34m      - LogbackLoggingCondition ILoggerFactory is a Logback LoggerContext (LogbackMetricsAutoConfiguration.LogbackLoggingCondition)
?[0m?[0;34m      - @ConditionalOnBean (types: io.micrometer.core.instrument.MeterRegistry; SearchStrategy: all) found bean 'simpleMeterRegistry' (OnBeanCondition)
?[0m?[0;34m
?[0m?[0;34m   LogbackMetricsAutoConfiguration#logbackMetrics matched:
?[0m?[0;34m      - @ConditionalOnMissingBean (types: io.micrometer.core.instrument.binder.logging.LogbackMetrics; SearchStrategy: all) did not find any beans (OnBeanCondition)
?[0m?[0;34m
?[0m?[0;34m   LoggersEndpointAutoConfiguration matched:
?[0m?[0;34m      - @ConditionalOnAvailableEndpoint no property management.endpoint.loggers.enabled found so using endpoint default; @ConditionalOnAvailableEndpoint marked as exposed by a 'management.endpoints.web.exposure' property (OnAvailableEndpointCondition)
?[0m?[0;34m
?[0m?[0;34m   LoggersEndpointAutoConfiguration#loggersEndpoint matched:
?[0m?[0;34m      - Logging System enabled (LoggersEndpointAutoConfiguration.OnEnabledLoggingSystemCondition)
?[0m?[0;34m      - @ConditionalOnBean (types: org.springframework.boot.logging.LoggingSystem; SearchStrategy: all) found bean 'springBootLoggingSystem'; @ConditionalOnMissingBean (types: org.springframework.boot.actuate.logging.LoggersEndpoint; SearchStrategy: all) did not find any beans (OnBeanCondition)
?[0m?[0;34m
?[0m?[0;34m   ManagementContextAutoConfiguration.SameManagementContextConfiguration matched:
?[0m?[0;34m      - Management Port actual port type (SAME) matched required type (OnManagementPortCondition)
?[0m?[0;34m
?[0m?[0;34m   MappingsEndpointAutoConfiguration matched:
?[0m?[0;34m      - @ConditionalOnAvailableEndpoint no property management.endpoint.mappings.enabled found so using endpoint default; @ConditionalOnAvailableEndpoint marked as exposed by a 'management.endpoints.web.exposure' property (OnAvailableEndpointCondition)
?[0m?[0;34m
?[0m?[0;34m   MappingsEndpointAutoConfiguration.ServletWebConfiguration matched:
?[0m?[0;34m      - found 'session' scope (OnWebApplicationCondition)
?[0m?[0;34m
?[0m?[0;34m   MappingsEndpointAutoConfiguration.ServletWebConfiguration.SpringMvcConfiguration matched:
?[0m?[0;34m      - @ConditionalOnClass found required class 'org.springframework.web.servlet.DispatcherServlet' (OnClassCondition)
?[0m?[0;34m      - @ConditionalOnBean (types: org.springframework.web.servlet.DispatcherServlet; SearchStrategy: all) found bean 'dispatcherServlet' (OnBeanCondition)
?[0m?[0;34m
?[0m?[0;34m   MetricsAutoConfiguration matched:
?[0m?[0;34m      - @ConditionalOnClass found required class 'io.micrometer.core.annotation.Timed' (OnClassCondition)
?[0m?[0;34m
?[0m?[0;34m   MetricsAutoConfiguration#micrometerClock matched:
?[0m?[0;34m      - @ConditionalOnMissingBean (types: io.micrometer.core.instrument.Clock; SearchStrategy: all) did not find any beans (OnBeanCondition)
?[0m?[0;34m
?[0m?[0;34m   MetricsEndpointAutoConfiguration matched:
?[0m?[0;34m      - @ConditionalOnClass found required class 'io.micrometer.core.annotation.Timed' (OnClassCondition)
?[0m?[0;34m      - @ConditionalOnAvailableEndpoint no property management.endpoint.metrics.enabled found so using endpoint default; @ConditionalOnAvailableEndpoint marked as exposed by a 'management.endpoints.web.exposure' property (OnAvailableEndpointCondition)
?[0m?[0;34m
?[0m?[0;34m   MetricsEndpointAutoConfiguration#metricsEndpoint matched:
?[0m?[0;34m      - @ConditionalOnBean (types: io.micrometer.core.instrument.MeterRegistry; SearchStrategy: all) found bean 'simpleMeterRegistry'; @ConditionalOnMissingBean (types: org.springframework.boot.actuate.metrics.MetricsEndpoint; SearchStrategy: all) did not find any beans (OnBeanCondition)
?[0m?[0;34m
?[0m?[0;34m   MultipartAutoConfiguration matched:
?[0m?[0;34m      - @ConditionalOnClass found required classes 'javax.servlet.Servlet', 'org.springframework.web.multipart.support.StandardServletMultipartResolver', 'javax.servlet.MultipartConfigElement' (OnClassCondition)
?[0m?[0;34m      - found 'session' scope (OnWebApplicationCondition)
?[0m?[0;34m      - @ConditionalOnProperty (spring.servlet.multipart.enabled) matched (OnPropertyCondition)
?[0m?[0;34m
?[0m?[0;34m   MultipartAutoConfiguration#multipartConfigElement matched:
?[0m?[0;34m      - @ConditionalOnMissingBean (types: javax.servlet.MultipartConfigElement,org.springframework.web.multipart.commons.CommonsMultipartResolver; SearchStrategy: all) did not find any beans (OnBeanCondition)
?[0m?[0;34m
?[0m?[0;34m   MultipartAutoConfiguration#multipartResolver matched:
?[0m?[0;34m      - @ConditionalOnMissingBean (types: org.springframework.web.multipart.MultipartResolver; SearchStrategy: all) did not find any beans (OnBeanCondition)
?[0m?[0;34m
?[0m?[0;34m   NamedParameterJdbcTemplateConfiguration matched:
?[0m?[0;34m      - @ConditionalOnSingleCandidate (types: org.springframework.jdbc.core.JdbcTemplate; SearchStrategy: all) found a primary bean from beans 'jdbcTemplate'; @ConditionalOnMissingBean (types: org.springframework.jdbc.core.namedparam.NamedParameterJdbcOperations; SearchStrategy: all) did not find any beans (OnBeanCondition)
?[0m?[0;34m
?[0m?[0;34m   NoOpCacheConfiguration matched:
?[0m?[0;34m      - Cache org.springframework.boot.autoconfigure.cache.NoOpCacheConfiguration automatic cache type (CacheCondition)
?[0m?[0;34m
?[0m?[0;34m   PersistenceExceptionTranslationAutoConfiguration matched:
?[0m?[0;34m      - @ConditionalOnClass found required class 'org.springframework.dao.annotation.PersistenceExceptionTranslationPostProcessor' (OnClassCondition)
?[0m?[0;34m
?[0m?[0;34m   PersistenceExceptionTranslationAutoConfiguration#persistenceExceptionTranslationPostProcessor matched:
?[0m?[0;34m      - @ConditionalOnProperty (spring.dao.exceptiontranslation.enabled) matched (OnPropertyCondition)
?[0m?[0;34m      - @ConditionalOnMissingBean (types: org.springframework.dao.annotation.PersistenceExceptionTranslationPostProcessor; SearchStrategy: all) did not find any beans (OnBeanCondition)
?[0m?[0;34m
?[0m?[0;34m   PropertyPlaceholderAutoConfiguration#propertySourcesPlaceholderConfigurer matched:
?[0m?[0;34m      - @ConditionalOnMissingBean (types: org.springframework.context.support.PropertySourcesPlaceholderConfigurer; SearchStrategy: current) did not find any beans (OnBeanCondition)
?[0m?[0;34m
?[0m?[0;34m   RepositoryMetricsAutoConfiguration matched:
?[0m?[0;34m      - @ConditionalOnClass found required class 'org.springframework.data.repository.Repository' (OnClassCondition)
?[0m?[0;34m      - @ConditionalOnBean (types: io.micrometer.core.instrument.MeterRegistry; SearchStrategy: all) found bean 'simpleMeterRegistry' (OnBeanCondition)
?[0m?[0;34m
?[0m?[0;34m   RepositoryMetricsAutoConfiguration#metricsRepositoryMethodInvocationListener matched:
?[0m?[0;34m      - @ConditionalOnMissingBean (types: org.springframework.boot.actuate.metrics.data.MetricsRepositoryMethodInvocationListener; SearchStrategy: all) did not find any beans (OnBeanCondition)
?[0m?[0;34m
?[0m?[0;34m   RepositoryMetricsAutoConfiguration#repositoryTagsProvider matched:
?[0m?[0;34m      - @ConditionalOnMissingBean (types: org.springframework.boot.actuate.metrics.data.RepositoryTagsProvider; SearchStrategy: all) did not find any beans (OnBeanCondition)
?[0m?[0;34m
?[0m?[0;34m   RestTemplateAutoConfiguration matched:
?[0m?[0;34m      - @ConditionalOnClass found required class 'org.springframework.web.client.RestTemplate' (OnClassCondition)
?[0m?[0;34m      - NoneNestedConditions 0 matched 1 did not; NestedCondition on RestTemplateAutoConfiguration.NotReactiveWebApplicationCondition.ReactiveWebApplication did not find reactive web application classes (RestTemplateAutoConfiguration.NotReactiveWebApplicationCondition)
?[0m?[0;34m
?[0m?[0;34m   RestTemplateAutoConfiguration#restTemplateBuilder matched:
?[0m?[0;34m      - @ConditionalOnMissingBean (types: org.springframework.boot.web.client.RestTemplateBuilder; SearchStrategy: all) did not find any beans (OnBeanCondition)
?[0m?[0;34m
?[0m?[0;34m   RestTemplateAutoConfiguration#restTemplateBuilderConfigurer matched:
?[0m?[0;34m      - @ConditionalOnMissingBean (types: org.springframework.boot.autoconfigure.web.client.RestTemplateBuilderConfigurer; SearchStrategy: all) did not find any beans (OnBeanCondition)
?[0m?[0;34m
?[0m?[0;34m   RestTemplateMetricsConfiguration matched:
?[0m?[0;34m      - @ConditionalOnClass found required class 'org.springframework.web.client.RestTemplate' (OnClassCondition)
?[0m?[0;34m      - @ConditionalOnBean (types: org.springframework.boot.web.client.RestTemplateBuilder; SearchStrategy: all) found bean 'restTemplateBuilder' (OnBeanCondition)
?[0m?[0;34m
?[0m?[0;34m   RestTemplateMetricsConfiguration#restTemplateExchangeTagsProvider matched:
?[0m?[0;34m      - @ConditionalOnMissingBean (types: org.springframework.boot.actuate.metrics.web.client.RestTemplateExchangeTagsProvider; SearchStrategy: all) did not find any beans (OnBeanCondition)
?[0m?[0;34m
?[0m?[0;34m   ScheduledTasksEndpointAutoConfiguration matched:
?[0m?[0;34m      - @ConditionalOnAvailableEndpoint no property management.endpoint.scheduledtasks.enabled found so using endpoint default; @ConditionalOnAvailableEndpoint marked as exposed by a 'management.endpoints.web.exposure' property (OnAvailableEndpointCondition)
?[0m?[0;34m
?[0m?[0;34m   ScheduledTasksEndpointAutoConfiguration#scheduledTasksEndpoint matched:
?[0m?[0;34m      - @ConditionalOnMissingBean (types: org.springframework.boot.actuate.scheduling.ScheduledTasksEndpoint; SearchStrategy: all) did not find any beans (OnBeanCondition)
?[0m?[0;34m
?[0m?[0;34m   ServletEndpointManagementContextConfiguration matched:
?[0m?[0;34m      - found 'session' scope (OnWebApplicationCondition)
?[0m?[0;34m
?[0m?[0;34m   ServletEndpointManagementContextConfiguration.WebMvcServletEndpointManagementContextConfiguration matched:
?[0m?[0;34m      - @ConditionalOnClass found required class 'org.springframework.web.servlet.DispatcherServlet' (OnClassCondition)
?[0m?[0;34m
?[0m?[0;34m   ServletManagementContextAutoConfiguration matched:
?[0m?[0;34m      - @ConditionalOnClass found required class 'javax.servlet.Servlet' (OnClassCondition)
?[0m?[0;34m      - found 'session' scope (OnWebApplicationCondition)
?[0m?[0;34m
?[0m?[0;34m   ServletWebServerFactoryAutoConfiguration matched:
?[0m?[0;34m      - @ConditionalOnClass found required class 'javax.servlet.ServletRequest' (OnClassCondition)
?[0m?[0;34m      - found 'session' scope (OnWebApplicationCondition)
?[0m?[0;34m
?[0m?[0;34m   ServletWebServerFactoryAutoConfiguration#tomcatServletWebServerFactoryCustomizer matched:
?[0m?[0;34m      - @ConditionalOnClass found required class 'org.apache.catalina.startup.Tomcat' (OnClassCondition)
?[0m?[0;34m
?[0m?[0;34m   ServletWebServerFactoryConfiguration.EmbeddedTomcat matched:
?[0m?[0;34m      - @ConditionalOnClass found required classes 'javax.servlet.Servlet', 'org.apache.catalina.startup.Tomcat', 'org.apache.coyote.UpgradeProtocol' (OnClassCondition)
?[0m?[0;34m      - @ConditionalOnMissingBean (types: org.springframework.boot.web.servlet.server.ServletWebServerFactory; SearchStrategy: current) did not find any beans (OnBeanCondition)
?[0m?[0;34m
?[0m?[0;34m   ShutdownEndpointAutoConfiguration matched:
?[0m?[0;34m      - @ConditionalOnAvailableEndpoint found property management.endpoint.shutdown.enabled with value true; @ConditionalOnAvailableEndpoint marked as exposed by a 'management.endpoints.web.exposure' property (OnAvailableEndpointCondition)
?[0m?[0;34m
?[0m?[0;34m   ShutdownEndpointAutoConfiguration#shutdownEndpoint matched:
?[0m?[0;34m      - @ConditionalOnMissingBean (types: org.springframework.boot.actuate.context.ShutdownEndpoint; SearchStrategy: all) did not find any beans (OnBeanCondition)
?[0m?[0;34m
?[0m?[0;34m   SimpleCacheConfiguration matched:
?[0m?[0;34m      - Cache org.springframework.boot.autoconfigure.cache.SimpleCacheConfiguration automatic cache type (CacheCondition)
?[0m?[0;34m
?[0m?[0;34m   SimpleMetricsExportAutoConfiguration matched:
?[0m?[0;34m      - @ConditionalOnEnabledMetricsExport management.metrics.export.defaults.enabled is considered true (OnMetricsExportEnabledCondition)
?[0m?[0;34m      - @ConditionalOnBean (types: io.micrometer.core.instrument.Clock; SearchStrategy: all) found bean 'micrometerClock'; @ConditionalOnMissingBean (types: io.micrometer.core.instrument.MeterRegistry; SearchStrategy: all) did not find any beans (OnBeanCondition)
?[0m?[0;34m
?[0m?[0;34m   SimpleMetricsExportAutoConfiguration#simpleConfig matched:
?[0m?[0;34m      - @ConditionalOnMissingBean (types: io.micrometer.core.instrument.simple.SimpleConfig; SearchStrategy: all) did not find any beans (OnBeanCondition)
?[0m?[0;34m
?[0m?[0;34m   SpringDataWebAutoConfiguration matched:
?[0m?[0;34m      - @ConditionalOnClass found required classes 'org.springframework.data.web.PageableHandlerMethodArgumentResolver', 'org.springframework.web.servlet.config.annotation.WebMvcConfigurer' (OnClassCondition)
?[0m?[0;34m      - found 'session' scope (OnWebApplicationCondition)
?[0m?[0;34m      - @ConditionalOnMissingBean (types: org.springframework.data.web.PageableHandlerMethodArgumentResolver; SearchStrategy: all) did not find any beans (OnBeanCondition)
?[0m?[0;34m
?[0m?[0;34m   SpringDataWebAutoConfiguration#pageableCustomizer matched:
?[0m?[0;34m      - @ConditionalOnMissingBean (types: org.springframework.data.web.config.PageableHandlerMethodArgumentResolverCustomizer; SearchStrategy: all) did not find any beans (OnBeanCondition)
?[0m?[0;34m
?[0m?[0;34m   SpringDataWebAutoConfiguration#sortCustomizer matched:
?[0m?[0;34m      - @ConditionalOnMissingBean (types: org.springframework.data.web.config.SortHandlerMethodArgumentResolverCustomizer; SearchStrategy: all) did not find any beans (OnBeanCondition)
?[0m?[0;34m
?[0m?[0;34m   SqlInitializationAutoConfiguration matched:
?[0m?[0;34m      - @ConditionalOnProperty (spring.sql.init.enabled) matched (OnPropertyCondition)
?[0m?[0;34m      - NoneNestedConditions 0 matched 1 did not; NestedCondition on SqlInitializationAutoConfiguration.SqlInitializationModeCondition.ModeIsNever @ConditionalOnProperty (spring.sql.init.mode=never) did not find property 'mode' (SqlInitializationAutoConfiguration.SqlInitializationModeCondition)
?[0m?[0;34m      - @ConditionalOnMissingBean (types: org.springframework.boot.sql.init.AbstractScriptDatabaseInitializer; SearchStrategy: all) did not find any beans (OnBeanCondition)
?[0m?[0;34m
?[0m?[0;34m   SystemMetricsAutoConfiguration matched:
?[0m?[0;34m      - @ConditionalOnClass found required class 'io.micrometer.core.instrument.MeterRegistry' (OnClassCondition)
?[0m?[0;34m      - @ConditionalOnBean (types: io.micrometer.core.instrument.MeterRegistry; SearchStrategy: all) found bean 'simpleMeterRegistry' (OnBeanCondition)
?[0m?[0;34m
?[0m?[0;34m   SystemMetricsAutoConfiguration#fileDescriptorMetrics matched:
?[0m?[0;34m      - @ConditionalOnMissingBean (types: io.micrometer.core.instrument.binder.system.FileDescriptorMetrics; SearchStrategy: all) did not find any beans (OnBeanCondition)
?[0m?[0;34m
?[0m?[0;34m   SystemMetricsAutoConfiguration#processorMetrics matched:
?[0m?[0;34m      - @ConditionalOnMissingBean (types: io.micrometer.core.instrument.binder.system.ProcessorMetrics; SearchStrategy: all) did not find any beans (OnBeanCondition)
?[0m?[0;34m
?[0m?[0;34m   SystemMetricsAutoConfiguration#uptimeMetrics matched:
?[0m?[0;34m      - @ConditionalOnMissingBean (types: io.micrometer.core.instrument.binder.system.UptimeMetrics; SearchStrategy: all) did not find any beans (OnBeanCondition)
?[0m?[0;34m
?[0m?[0;34m   TaskExecutionAutoConfiguration matched:
?[0m?[0;34m      - @ConditionalOnClass found required class 'org.springframework.scheduling.concurrent.ThreadPoolTaskExecutor' (OnClassCondition)
?[0m?[0;34m
?[0m?[0;34m   TaskExecutionAutoConfiguration#applicationTaskExecutor matched:
?[0m?[0;34m      - @ConditionalOnMissingBean (types: java.util.concurrent.Executor; SearchStrategy: all) did not find any beans (OnBeanCondition)
?[0m?[0;34m
?[0m?[0;34m   TaskExecutionAutoConfiguration#taskExecutorBuilder matched:
?[0m?[0;34m      - @ConditionalOnMissingBean (types: org.springframework.boot.task.TaskExecutorBuilder; SearchStrategy: all) did not find any beans (OnBeanCondition)
?[0m?[0;34m
?[0m?[0;34m   TaskSchedulingAutoConfiguration matched:
?[0m?[0;34m      - @ConditionalOnClass found required class 'org.springframework.scheduling.concurrent.ThreadPoolTaskScheduler' (OnClassCondition)
?[0m?[0;34m
?[0m?[0;34m   TaskSchedulingAutoConfiguration#taskSchedulerBuilder matched:
?[0m?[0;34m      - @ConditionalOnMissingBean (types: org.springframework.boot.task.TaskSchedulerBuilder; SearchStrategy: all) did not find any beans (OnBeanCondition)
?[0m?[0;34m
?[0m?[0;34m   ThreadDumpEndpointAutoConfiguration matched:
?[0m?[0;34m      - @ConditionalOnAvailableEndpoint no property management.endpoint.threaddump.enabled found so using endpoint default; @ConditionalOnAvailableEndpoint marked as exposed by a 'management.endpoints.web.exposure' property (OnAvailableEndpointCondition)
?[0m?[0;34m
?[0m?[0;34m   ThreadDumpEndpointAutoConfiguration#dumpEndpoint matched:
?[0m?[0;34m      - @ConditionalOnMissingBean (types: org.springframework.boot.actuate.management.ThreadDumpEndpoint; SearchStrategy: all) did not find any beans (OnBeanCondition)
?[0m?[0;34m
?[0m?[0;34m   TomcatMetricsAutoConfiguration matched:
?[0m?[0;34m      - @ConditionalOnClass found required classes 'io.micrometer.core.instrument.binder.tomcat.TomcatMetrics', 'org.apache.catalina.Manager' (OnClassCondition)
?[0m?[0;34m      - @ConditionalOnWebApplication (required) found 'session' scope (OnWebApplicationCondition)
?[0m?[0;34m
?[0m?[0;34m   TomcatMetricsAutoConfiguration#tomcatMetricsBinder matched:
?[0m?[0;34m      - @ConditionalOnBean (types: io.micrometer.core.instrument.MeterRegistry; SearchStrategy: all) found bean 'simpleMeterRegistry'; @ConditionalOnMissingBean (types: io.micrometer.core.instrument.binder.tomcat.TomcatMetrics,org.springframework.boot.actuate.metrics.web.tomcat.TomcatMetricsBinder; SearchStrategy: all) did not find any beans (OnBeanCondition)
?[0m?[0;34m
?[0m?[0;34m   TransactionAutoConfiguration matched:
?[0m?[0;34m      - @ConditionalOnClass found required class 'org.springframework.transaction.PlatformTransactionManager' (OnClassCondition)
?[0m?[0;34m
?[0m?[0;34m   TransactionAutoConfiguration#platformTransactionManagerCustomizers matched:
?[0m?[0;34m      - @ConditionalOnMissingBean (types: org.springframework.boot.autoconfigure.transaction.TransactionManagerCustomizers; SearchStrategy: all) did not find any beans (OnBeanCondition)
?[0m?[0;34m
?[0m?[0;34m   TransactionAutoConfiguration.EnableTransactionManagementConfiguration matched:
?[0m?[0;34m      - @ConditionalOnBean (types: org.springframework.transaction.TransactionManager; SearchStrategy: all) found bean 'transactionManager'; @ConditionalOnMissingBean (types: org.springframework.transaction.annotation.AbstractTransactionManagementConfiguration; SearchStrategy: all) did not find any beans (OnBeanCondition)
?[0m?[0;34m
?[0m?[0;34m   TransactionAutoConfiguration.EnableTransactionManagementConfiguration.CglibAutoProxyConfiguration matched:
?[0m?[0;34m      - @ConditionalOnProperty (spring.aop.proxy-target-class=true) matched (OnPropertyCondition)
?[0m?[0;34m
?[0m?[0;34m   TransactionAutoConfiguration.TransactionTemplateConfiguration matched:
?[0m?[0;34m      - @ConditionalOnSingleCandidate (types: org.springframework.transaction.PlatformTransactionManager; SearchStrategy: all) found a primary bean from beans 'transactionManager' (OnBeanCondition)
?[0m?[0;34m
?[0m?[0;34m   TransactionAutoConfiguration.TransactionTemplateConfiguration#transactionTemplate matched:
?[0m?[0;34m      - @ConditionalOnMissingBean (types: org.springframework.transaction.support.TransactionOperations; SearchStrategy: all) did not find any beans (OnBeanCondition)
?[0m?[0;34m
?[0m?[0;34m   WebEndpointAutoConfiguration matched:
?[0m?[0;34m      - @ConditionalOnWebApplication (required) found 'session' scope (OnWebApplicationCondition)
?[0m?[0;34m
?[0m?[0;34m   WebEndpointAutoConfiguration#controllerEndpointDiscoverer matched:
?[0m?[0;34m      - @ConditionalOnMissingBean (types: org.springframework.boot.actuate.endpoint.web.annotation.ControllerEndpointsSupplier; SearchStrategy: all) did not find any beans (OnBeanCondition)
?[0m?[0;34m
?[0m?[0;34m   WebEndpointAutoConfiguration#endpointMediaTypes matched:
?[0m?[0;34m      - @ConditionalOnMissingBean (types: org.springframework.boot.actuate.endpoint.web.EndpointMediaTypes; SearchStrategy: all) did not find any beans (OnBeanCondition)
?[0m?[0;34m
?[0m?[0;34m   WebEndpointAutoConfiguration#pathMappedEndpoints matched:
?[0m?[0;34m      - @ConditionalOnMissingBean (types: org.springframework.boot.actuate.endpoint.web.PathMappedEndpoints; SearchStrategy: all) did not find any beans (OnBeanCondition)
?[0m?[0;34m
?[0m?[0;34m   WebEndpointAutoConfiguration#webEndpointDiscoverer matched:
?[0m?[0;34m      - @ConditionalOnMissingBean (types: org.springframework.boot.actuate.endpoint.web.WebEndpointsSupplier; SearchStrategy: all) did not find any beans (OnBeanCondition)
?[0m?[0;34m
?[0m?[0;34m   WebEndpointAutoConfiguration.WebEndpointServletConfiguration matched:
?[0m?[0;34m      - found 'session' scope (OnWebApplicationCondition)
?[0m?[0;34m
?[0m?[0;34m   WebEndpointAutoConfiguration.WebEndpointServletConfiguration#servletEndpointDiscoverer matched:
?[0m?[0;34m      - @ConditionalOnMissingBean (types: org.springframework.boot.actuate.endpoint.web.annotation.ServletEndpointsSupplier; SearchStrategy: all) did not find any beans (OnBeanCondition)
?[0m?[0;34m
?[0m?[0;34m   WebMvcAutoConfiguration matched:
?[0m?[0;34m      - @ConditionalOnClass found required classes 'javax.servlet.Servlet', 'org.springframework.web.servlet.DispatcherServlet', 'org.springframework.web.servlet.config.annotation.WebMvcConfigurer' (OnClassCondition)
?[0m?[0;34m      - found 'session' scope (OnWebApplicationCondition)
?[0m?[0;34m      - @ConditionalOnMissingBean (types: org.springframework.web.servlet.config.annotation.WebMvcConfigurationSupport; SearchStrategy: all) did not find any beans (OnBeanCondition)
?[0m?[0;34m
?[0m?[0;34m   WebMvcAutoConfiguration#formContentFilter matched:
?[0m?[0;34m      - @ConditionalOnProperty (spring.mvc.formcontent.filter.enabled) matched (OnPropertyCondition)
?[0m?[0;34m      - @ConditionalOnMissingBean (types: org.springframework.web.filter.FormContentFilter; SearchStrategy: all) did not find any beans (OnBeanCondition)
?[0m?[0;34m
?[0m?[0;34m   WebMvcAutoConfiguration.EnableWebMvcConfiguration#flashMapManager matched:
?[0m?[0;34m      - @ConditionalOnMissingBean (names: flashMapManager; SearchStrategy: all) did not find any beans (OnBeanCondition)
?[0m?[0;34m
?[0m?[0;34m   WebMvcAutoConfiguration.EnableWebMvcConfiguration#localeResolver matched:
?[0m?[0;34m      - @ConditionalOnMissingBean (names: localeResolver; SearchStrategy: all) did not find any beans (OnBeanCondition)
?[0m?[0;34m
?[0m?[0;34m   WebMvcAutoConfiguration.EnableWebMvcConfiguration#themeResolver matched:
?[0m?[0;34m      - @ConditionalOnMissingBean (names: themeResolver; SearchStrategy: all) did not find any beans (OnBeanCondition)
?[0m?[0;34m
?[0m?[0;34m   WebMvcAutoConfiguration.WebMvcAutoConfigurationAdapter#defaultViewResolver matched:
?[0m?[0;34m      - @ConditionalOnMissingBean (types: org.springframework.web.servlet.view.InternalResourceViewResolver; SearchStrategy: all) did not find any beans (OnBeanCondition)
?[0m?[0;34m
?[0m?[0;34m   WebMvcAutoConfiguration.WebMvcAutoConfigurationAdapter#requestContextFilter matched:
?[0m?[0;34m      - @ConditionalOnMissingBean (types: org.springframework.web.context.request.RequestContextListener,org.springframework.web.filter.RequestContextFilter; SearchStrategy: all) did not find any beans (OnBeanCondition)
?[0m?[0;34m
?[0m?[0;34m   WebMvcAutoConfiguration.WebMvcAutoConfigurationAdapter#viewResolver matched:
?[0m?[0;34m      - @ConditionalOnBean (types: org.springframework.web.servlet.ViewResolver; SearchStrategy: all) found beans 'defaultViewResolver', 'beanNameViewResolver', 'mvcViewResolver'; @ConditionalOnMissingBean (names: viewResolver types: org.springframework.web.servlet.view.ContentNegotiatingViewResolver; SearchStrategy: all) did not find any beans (OnBeanCondition)
?[0m?[0;34m
?[0m?[0;34m   WebMvcEndpointManagementContextConfiguration matched:
?[0m?[0;34m      - @ConditionalOnClass found required class 'org.springframework.web.servlet.DispatcherServlet' (OnClassCondition)
?[0m?[0;34m      - found 'session' scope (OnWebApplicationCondition)
?[0m?[0;34m      - @ConditionalOnBean (types: org.springframework.web.servlet.DispatcherServlet,org.springframework.boot.actuate.endpoint.web.WebEndpointsSupplier; SearchStrategy: all) found beans 'webEndpointDiscoverer', 'dispatcherServlet' (OnBeanCondition)
?[0m?[0;34m
?[0m?[0;34m   WebMvcEndpointManagementContextConfiguration#controllerEndpointHandlerMapping matched:
?[0m?[0;34m      - @ConditionalOnMissingBean (types: org.springframework.boot.actuate.endpoint.web.servlet.ControllerEndpointHandlerMapping; SearchStrategy: all) did not find any beans (OnBeanCondition)
?[0m?[0;34m
?[0m?[0;34m   WebMvcEndpointManagementContextConfiguration#webEndpointServletHandlerMapping matched:
?[0m?[0;34m      - @ConditionalOnMissingBean (types: org.springframework.boot.actuate.endpoint.web.servlet.WebMvcEndpointHandlerMapping; SearchStrategy: all) did not find any beans (OnBeanCondition)
?[0m?[0;34m
?[0m?[0;34m   WebMvcMetricsAutoConfiguration matched:
?[0m?[0;34m      - @ConditionalOnClass found required class 'org.springframework.web.servlet.DispatcherServlet' (OnClassCondition)
?[0m?[0;34m      - found 'session' scope (OnWebApplicationCondition)
?[0m?[0;34m      - @ConditionalOnBean (types: io.micrometer.core.instrument.MeterRegistry; SearchStrategy: all) found bean 'simpleMeterRegistry' (OnBeanCondition)
?[0m?[0;34m
?[0m?[0;34m   WebMvcMetricsAutoConfiguration#webMvcTagsProvider matched:
?[0m?[0;34m      - @ConditionalOnMissingBean (types: org.springframework.boot.actuate.metrics.web.servlet.WebMvcTagsProvider; SearchStrategy: all) did not find any beans (OnBeanCondition)
?[0m?[0;34m
?[0m?[0;34m   WebSocketServletAutoConfiguration matched:
?[0m?[0;34m      - @ConditionalOnClass found required classes 'javax.servlet.Servlet', 'javax.websocket.server.ServerContainer' (OnClassCondition)
?[0m?[0;34m      - found 'session' scope (OnWebApplicationCondition)
?[0m?[0;34m
?[0m?[0;34m   WebSocketServletAutoConfiguration.TomcatWebSocketConfiguration matched:
?[0m?[0;34m      - @ConditionalOnClass found required classes 'org.apache.catalina.startup.Tomcat', 'org.apache.tomcat.websocket.server.WsSci' (OnClassCondition)
?[0m?[0;34m
?[0m?[0;34m   WebSocketServletAutoConfiguration.TomcatWebSocketConfiguration#websocketServletWebServerCustomizer matched:
?[0m?[0;34m      - @ConditionalOnMissingBean (names: websocketServletWebServerCustomizer; SearchStrategy: all) did not find any beans (OnBeanCondition)
?[0m?[0;34m
?[0m?[0;34m
?[0m?[0;34mNegative matches:
?[0m?[0;34m-----------------
?[0m?[0;34m
?[0m?[0;34m   ActiveMQAutoConfiguration:
?[0m?[0;34m      Did not match:
?[0m?[0;34m         - @ConditionalOnClass did not find required class 'javax.jms.ConnectionFactory' (OnClassCondition)
?[0m?[0;34m
?[0m?[0;34m   AopAutoConfiguration.AspectJAutoProxyingConfiguration.JdkDynamicAutoProxyConfiguration:
?[0m?[0;34m      Did not match:
?[0m?[0;34m         - @ConditionalOnProperty (spring.aop.proxy-target-class=false) did not find property 'proxy-target-class' (OnPropertyCondition)
?[0m?[0;34m
?[0m?[0;34m   AopAutoConfiguration.ClassProxyingConfiguration:
?[0m?[0;34m      Did not match:
?[0m?[0;34m         - @ConditionalOnMissingClass found unwanted class 'org.aspectj.weaver.Advice' (OnClassCondition)
?[0m?[0;34m
?[0m?[0;34m   AppOpticsMetricsExportAutoConfiguration:
?[0m?[0;34m      Did not match:
?[0m?[0;34m         - @ConditionalOnClass did not find required class 'io.micrometer.appoptics.AppOpticsMeterRegistry' (OnClassCondition)
?[0m?[0;34m
?[0m?[0;34m   ArtemisAutoConfiguration:
?[0m?[0;34m      Did not match:
?[0m?[0;34m         - @ConditionalOnClass did not find required class 'javax.jms.ConnectionFactory' (OnClassCondition)
?[0m?[0;34m
?[0m?[0;34m   AtlasMetricsExportAutoConfiguration:
?[0m?[0;34m      Did not match:
?[0m?[0;34m         - @ConditionalOnClass did not find required class 'io.micrometer.atlas.AtlasMeterRegistry' (OnClassCondition)
?[0m?[0;34m
?[0m?[0;34m   AtomikosJtaConfiguration:
?[0m?[0;34m      Did not match:
?[0m?[0;34m         - @ConditionalOnClass did not find required class 'com.atomikos.icatch.jta.UserTransactionManager' (OnClassCondition)
?[0m?[0;34m
?[0m?[0;34m   AuditAutoConfiguration:
?[0m?[0;34m      Did not match:
?[0m?[0;34m         - @ConditionalOnBean (types: org.springframework.boot.actuate.audit.AuditEventRepository; SearchStrategy: all) did not find any beans of type org.springframework.boot.actuate.audit.AuditEventRepository (OnBeanCondition)
?[0m?[0;34m      Matched:
?[0m?[0;34m         - @ConditionalOnProperty (management.auditevents.enabled) matched (OnPropertyCondition)
?[0m?[0;34m
?[0m?[0;34m   AuditEventsEndpointAutoConfiguration#auditEventsEndpoint:
?[0m?[0;34m      Did not match:
?[0m?[0;34m         - @ConditionalOnBean (types: org.springframework.boot.actuate.audit.AuditEventRepository; SearchStrategy: all) did not find any beans of type org.springframework.boot.actuate.audit.AuditEventRepository (OnBeanCondition)
?[0m?[0;34m
?[0m?[0;34m   AvailabilityHealthContributorAutoConfiguration#livenessStateHealthIndicator:
?[0m?[0;34m      Did not match:
?[0m?[0;34m         - @ConditionalOnProperty (management.health.livenessstate.enabled=true) did not find property 'enabled' (OnPropertyCondition)
?[0m?[0;34m
?[0m?[0;34m   AvailabilityHealthContributorAutoConfiguration#readinessStateHealthIndicator:
?[0m?[0;34m      Did not match:
?[0m?[0;34m         - @ConditionalOnProperty (management.health.readinessstate.enabled=true) did not find property 'enabled' (OnPropertyCondition)
?[0m?[0;34m
?[0m?[0;34m   AvailabilityProbesAutoConfiguration:
?[0m?[0;34m      Did not match:
?[0m?[0;34m         - Probes availability not running on a supported cloud platform (AvailabilityProbesAutoConfiguration.ProbesCondition)
?[0m?[0;34m
?[0m?[0;34m   BatchAutoConfiguration:
?[0m?[0;34m      Did not match:
?[0m?[0;34m         - @ConditionalOnClass did not find required class 'org.springframework.batch.core.launch.JobLauncher' (OnClassCondition)
?[0m?[0;34m
?[0m?[0;34m   CacheAutoConfiguration:
?[0m?[0;34m      Did not match:
?[0m?[0;34m         - @ConditionalOnBean (types: org.springframework.cache.interceptor.CacheAspectSupport; SearchStrategy: all) did not find any beans of type org.springframework.cache.interceptor.CacheAspectSupport (OnBeanCondition)
?[0m?[0;34m      Matched:
?[0m?[0;34m         - @ConditionalOnClass found required class 'org.springframework.cache.CacheManager' (OnClassCondition)
?[0m?[0;34m
?[0m?[0;34m   CacheAutoConfiguration.CacheManagerEntityManagerFactoryDependsOnPostProcessor:
?[0m?[0;34m      Did not match:
?[0m?[0;34m         - Ancestor org.springframework.boot.autoconfigure.cache.CacheAutoConfiguration did not match (ConditionEvaluationReport.AncestorsMatchedCondition)
?[0m?[0;34m      Matched:
?[0m?[0;34m         - @ConditionalOnClass found required class 'org.springframework.orm.jpa.LocalContainerEntityManagerFactoryBean' (OnClassCondition)
?[0m?[0;34m
?[0m?[0;34m   CacheMeterBinderProvidersConfiguration.CaffeineCacheMeterBinderProviderConfiguration:
?[0m?[0;34m      Did not match:
?[0m?[0;34m         - @ConditionalOnClass did not find required class 'com.github.benmanes.caffeine.cache.Cache' (OnClassCondition)
?[0m?[0;34m
?[0m?[0;34m   CacheMeterBinderProvidersConfiguration.EhCache2CacheMeterBinderProviderConfiguration:
?[0m?[0;34m      Did not match:
?[0m?[0;34m         - @ConditionalOnClass did not find required class 'net.sf.ehcache.Ehcache' (OnClassCondition)
?[0m?[0;34m
?[0m?[0;34m   CacheMeterBinderProvidersConfiguration.HazelcastCacheMeterBinderProviderConfiguration:
?[0m?[0;34m      Did not match:
?[0m?[0;34m         - @ConditionalOnClass did not find required classes 'com.hazelcast.spring.cache.HazelcastCache', 'com.hazelcast.core.Hazelcast' (OnClassCondition)
?[0m?[0;34m
?[0m?[0;34m   CacheMeterBinderProvidersConfiguration.JCacheCacheMeterBinderProviderConfiguration:
?[0m?[0;34m      Did not match:
?[0m?[0;34m         - @ConditionalOnClass did not find required class 'javax.cache.CacheManager' (OnClassCondition)
?[0m?[0;34m
?[0m?[0;34m   CacheMeterBinderProvidersConfiguration.RedisCacheMeterBinderProviderConfiguration:
?[0m?[0;34m      Did not match:
?[0m?[0;34m         - @ConditionalOnClass did not find required class 'org.springframework.data.redis.cache.RedisCache' (OnClassCondition)
?[0m?[0;34m
?[0m?[0;34m   CacheMetricsAutoConfiguration:
?[0m?[0;34m      Did not match:
?[0m?[0;34m         - @ConditionalOnBean (types: org.springframework.cache.CacheManager; SearchStrategy: all) did not find any beans of type org.springframework.cache.CacheManager (OnBeanCondition)
?[0m?[0;34m
?[0m?[0;34m   CaffeineCacheConfiguration:
?[0m?[0;34m      Did not match:
?[0m?[0;34m         - @ConditionalOnClass did not find required class 'com.github.benmanes.caffeine.cache.Caffeine' (OnClassCondition)
?[0m?[0;34m
?[0m?[0;34m   CassandraAutoConfiguration:
?[0m?[0;34m      Did not match:
?[0m?[0;34m         - @ConditionalOnClass did not find required class 'com.datastax.oss.driver.api.core.CqlSession' (OnClassCondition)
?[0m?[0;34m
?[0m?[0;34m   CassandraDataAutoConfiguration:
?[0m?[0;34m      Did not match:
?[0m?[0;34m         - @ConditionalOnClass did not find required class 'com.datastax.oss.driver.api.core.CqlSession' (OnClassCondition)
?[0m?[0;34m
?[0m?[0;34m   CassandraHealthContributorAutoConfiguration:
?[0m?[0;34m      Did not match:
?[0m?[0;34m         - @ConditionalOnClass did not find required class 'com.datastax.oss.driver.api.core.CqlSession' (OnClassCondition)
?[0m?[0;34m
?[0m?[0;34m   CassandraReactiveDataAutoConfiguration:
?[0m?[0;34m      Did not match:
?[0m?[0;34m         - @ConditionalOnClass did not find required class 'com.datastax.oss.driver.api.core.CqlSession' (OnClassCondition)
?[0m?[0;34m
?[0m?[0;34m   CassandraReactiveHealthContributorAutoConfiguration:
?[0m?[0;34m      Did not match:
?[0m?[0;34m         - @ConditionalOnClass did not find required class 'com.datastax.oss.driver.api.core.CqlSession' (OnClassCondition)
?[0m?[0;34m
?[0m?[0;34m   CassandraReactiveRepositoriesAutoConfiguration:
?[0m?[0;34m      Did not match:
?[0m?[0;34m         - @ConditionalOnClass did not find required class 'org.springframework.data.cassandra.ReactiveSession' (OnClassCondition)
?[0m?[0;34m
?[0m?[0;34m   CassandraRepositoriesAutoConfiguration:
?[0m?[0;34m      Did not match:
?[0m?[0;34m         - @ConditionalOnClass did not find required class 'com.datastax.oss.driver.api.core.CqlSession' (OnClassCondition)
?[0m?[0;34m
?[0m?[0;34m   ClientHttpConnectorAutoConfiguration:
?[0m?[0;34m      Did not match:
?[0m?[0;34m         - @ConditionalOnClass did not find required class 'org.springframework.web.reactive.function.client.WebClient' (OnClassCondition)
?[0m?[0;34m
?[0m?[0;34m   CloudFoundryActuatorAutoConfiguration:
?[0m?[0;34m      Did not match:
?[0m?[0;34m         - @ConditionalOnCloudPlatform did not find CLOUD_FOUNDRY (OnCloudPlatformCondition)
?[0m?[0;34m      Matched:
?[0m?[0;34m         - @ConditionalOnClass found required class 'org.springframework.web.servlet.DispatcherServlet' (OnClassCondition)
?[0m?[0;34m         - found 'session' scope (OnWebApplicationCondition)
?[0m?[0;34m         - @ConditionalOnProperty (management.cloudfoundry.enabled) matched (OnPropertyCondition)
?[0m?[0;34m
?[0m?[0;34m   CodecsAutoConfiguration:
?[0m?[0;34m      Did not match:
?[0m?[0;34m         - @ConditionalOnClass did not find required class 'org.springframework.web.reactive.function.client.WebClient' (OnClassCondition)
?[0m?[0;34m
?[0m?[0;34m   CompositeMeterRegistryConfiguration:
?[0m?[0;34m      Did not match:
?[0m?[0;34m         - NoneNestedConditions 1 matched 1 did not; NestedCondition on CompositeMeterRegistryConfiguration.MultipleNonPrimaryMeterRegistriesCondition.SingleInjectableMeterRegistry @ConditionalOnSingleCandidate (types: io.micrometer.core.instrument.MeterRegistry; SearchStrategy: all) found a primary bean from beans 'simpleMeterRegistry'; NestedCondition on CompositeMeterRegistryConfiguration.MultipleNonPrimaryMeterRegistriesCondition.NoMeterRegistryCondition @ConditionalOnMissingBean (types: io.micrometer.core.instrument.MeterRegistry; SearchStrategy: all) found beans of type 'io.micrometer.core.instrument.MeterRegistry' simpleMeterRegistry (CompositeMeterRegistryConfiguration.MultipleNonPrimaryMeterRegistriesCondition)
?[0m?[0;34m
?[0m?[0;34m   ConnectionFactoryHealthContributorAutoConfiguration:
?[0m?[0;34m      Did not match:
?[0m?[0;34m         - @ConditionalOnClass did not find required class 'io.r2dbc.spi.ConnectionFactory' (OnClassCondition)
?[0m?[0;34m
?[0m?[0;34m   ConnectionPoolMetricsAutoConfiguration:
?[0m?[0;34m      Did not match:
?[0m?[0;34m         - @ConditionalOnClass did not find required class 'io.r2dbc.pool.ConnectionPool' (OnClassCondition)
?[0m?[0;34m
?[0m?[0;34m   CouchbaseAutoConfiguration:
?[0m?[0;34m      Did not match:
?[0m?[0;34m         - @ConditionalOnClass did not find required class 'com.couchbase.client.java.Cluster' (OnClassCondition)
?[0m?[0;34m
?[0m?[0;34m   CouchbaseCacheConfiguration:
?[0m?[0;34m      Did not match:
?[0m?[0;34m         - @ConditionalOnClass did not find required class 'com.couchbase.client.java.Cluster' (OnClassCondition)
?[0m?[0;34m
?[0m?[0;34m   CouchbaseDataAutoConfiguration:
?[0m?[0;34m      Did not match:
?[0m?[0;34m         - @ConditionalOnClass did not find required class 'com.couchbase.client.java.Bucket' (OnClassCondition)
?[0m?[0;34m
?[0m?[0;34m   CouchbaseHealthContributorAutoConfiguration:
?[0m?[0;34m      Did not match:
?[0m?[0;34m         - @ConditionalOnClass did not find required class 'com.couchbase.client.java.Cluster' (OnClassCondition)
?[0m?[0;34m
?[0m?[0;34m   CouchbaseReactiveDataAutoConfiguration:
?[0m?[0;34m      Did not match:
?[0m?[0;34m         - @ConditionalOnClass did not find required class 'com.couchbase.client.java.Cluster' (OnClassCondition)
?[0m?[0;34m
?[0m?[0;34m   CouchbaseReactiveHealthContributorAutoConfiguration:
?[0m?[0;34m      Did not match:
?[0m?[0;34m         - @ConditionalOnClass did not find required class 'com.couchbase.client.java.Cluster' (OnClassCondition)
?[0m?[0;34m
?[0m?[0;34m   CouchbaseReactiveRepositoriesAutoConfiguration:
?[0m?[0;34m      Did not match:
?[0m?[0;34m         - @ConditionalOnClass did not find required class 'com.couchbase.client.java.Cluster' (OnClassCondition)
?[0m?[0;34m
?[0m?[0;34m   CouchbaseRepositoriesAutoConfiguration:
?[0m?[0;34m      Did not match:
?[0m?[0;34m         - @ConditionalOnClass did not find required class 'com.couchbase.client.java.Bucket' (OnClassCondition)
?[0m?[0;34m
?[0m?[0;34m   DataSourceAutoConfiguration.EmbeddedDatabaseConfiguration:
?[0m?[0;34m      Did not match:
?[0m?[0;34m         - EmbeddedDataSource spring.datasource.url is set (DataSourceAutoConfiguration.EmbeddedDatabaseCondition)
?[0m?[0;34m
?[0m?[0;34m   DataSourceConfiguration.Dbcp2:
?[0m?[0;34m      Did not match:
?[0m?[0;34m         - @ConditionalOnClass did not find required class 'org.apache.commons.dbcp2.BasicDataSource' (OnClassCondition)
?[0m?[0;34m
?[0m?[0;34m   DataSourceConfiguration.Generic:
?[0m?[0;34m      Did not match:
?[0m?[0;34m         - @ConditionalOnProperty (spring.datasource.type) did not find property 'spring.datasource.type' (OnPropertyCondition)
?[0m?[0;34m
?[0m?[0;34m   DataSourceConfiguration.OracleUcp:
?[0m?[0;34m      Did not match:
?[0m?[0;34m         - @ConditionalOnClass did not find required classes 'oracle.ucp.jdbc.PoolDataSourceImpl', 'oracle.jdbc.OracleConnection' (OnClassCondition)
?[0m?[0;34m
?[0m?[0;34m   DataSourceConfiguration.Tomcat:
?[0m?[0;34m      Did not match:
?[0m?[0;34m         - @ConditionalOnClass did not find required class 'org.apache.tomcat.jdbc.pool.DataSource' (OnClassCondition)
?[0m?[0;34m
?[0m?[0;34m   DataSourceInitializationConfiguration.InitializationSpecificCredentialsDataSourceInitializationConfiguration:
?[0m?[0;34m      Did not match:
?[0m?[0;34m         - AnyNestedCondition 0 matched 2 did not; NestedCondition on DataSourceInitializationConfiguration.InitializationSpecificCredentialsDataSourceInitializationConfiguration.DifferentCredentialsCondition.DataCredentials @ConditionalOnProperty (spring.datasource.data-username) did not find property 'data-username'; NestedCondition on DataSourceInitializationConfiguration.InitializationSpecificCredentialsDataSourceInitializationConfiguration.DifferentCredentialsCondition.SchemaCredentials @ConditionalOnProperty (spring.datasource.schema-username) did not find property 'schema-username' (DataSourceInitializationConfiguration.InitializationSpecificCredentialsDataSourceInitializationConfiguration.DifferentCredentialsCondition)
?[0m?[0;34m
?[0m?[0;34m   DataSourceInitializationConfiguration.SharedCredentialsDataSourceInitializationConfiguration:
?[0m?[0;34m      Did not match:
?[0m?[0;34m         - DataSource Initialization did not find configured properties spring.datasource.data-username, spring.datasource.schema-password, spring.datasource.schema[0], spring.datasource.data[0], spring.datasource.data, spring.datasource.schema-username, spring.datasource.data-password, spring.datasource.initialization-mode, spring.datasource.schema, spring.datasource.sql-script-encoding, spring.datasource.separator, spring.datasource.platform, spring.datasource.continue-on-error (DataSourceInitializationConfiguration.SharedCredentialsDataSourceInitializationConfiguration.DataSourceInitializationCondition)
?[0m?[0;34m
?[0m?[0;34m   DataSourceJmxConfiguration.TomcatDataSourceJmxConfiguration:
?[0m?[0;34m      Did not match:
?[0m?[0;34m         - @ConditionalOnClass did not find required class 'org.apache.tomcat.jdbc.pool.DataSourceProxy' (OnClassCondition)
?[0m?[0;34m
?[0m?[0;34m   DataSourcePoolMetadataProvidersConfiguration.CommonsDbcp2PoolDataSourceMetadataProviderConfiguration:
?[0m?[0;34m      Did not match:
?[0m?[0;34m         - @ConditionalOnClass did not find required class 'org.apache.commons.dbcp2.BasicDataSource' (OnClassCondition)
?[0m?[0;34m
?[0m?[0;34m   DataSourcePoolMetadataProvidersConfiguration.OracleUcpPoolDataSourceMetadataProviderConfiguration:
?[0m?[0;34m      Did not match:
?[0m?[0;34m         - @ConditionalOnClass did not find required classes 'oracle.ucp.jdbc.PoolDataSource', 'oracle.jdbc.OracleConnection' (OnClassCondition)
?[0m?[0;34m
?[0m?[0;34m   DataSourcePoolMetadataProvidersConfiguration.TomcatDataSourcePoolMetadataProviderConfiguration:
?[0m?[0;34m      Did not match:
?[0m?[0;34m         - @ConditionalOnClass did not find required class 'org.apache.tomcat.jdbc.pool.DataSource' (OnClassCondition)
?[0m?[0;34m
?[0m?[0;34m   DataSourceTransactionManagerAutoConfiguration.JdbcTransactionManagerConfiguration#transactionManager:
?[0m?[0;34m      Did not match:
?[0m?[0;34m         - @ConditionalOnMissingBean (types: org.springframework.transaction.TransactionManager; SearchStrategy: all) found beans of type 'org.springframework.transaction.TransactionManager' transactionManager (OnBeanCondition)
?[0m?[0;34m
?[0m?[0;34m   DatadogMetricsExportAutoConfiguration:
?[0m?[0;34m      Did not match:
?[0m?[0;34m         - @ConditionalOnClass did not find required class 'io.micrometer.datadog.DatadogMeterRegistry' (OnClassCondition)
?[0m?[0;34m
?[0m?[0;34m   DispatcherServletAutoConfiguration.DispatcherServletConfiguration#multipartResolver:
?[0m?[0;34m      Did not match:
?[0m?[0;34m         - @ConditionalOnBean (types: org.springframework.web.multipart.MultipartResolver; SearchStrategy: all) did not find any beans of type org.springframework.web.multipart.MultipartResolver (OnBeanCondition)
?[0m?[0;34m
?[0m?[0;34m   DynatraceMetricsExportAutoConfiguration:
?[0m?[0;34m      Did not match:
?[0m?[0;34m         - @ConditionalOnClass did not find required class 'io.micrometer.dynatrace.DynatraceMeterRegistry' (OnClassCondition)
?[0m?[0;34m
?[0m?[0;34m   EhCacheCacheConfiguration:
?[0m?[0;34m      Did not match:
?[0m?[0;34m         - @ConditionalOnClass did not find required class 'net.sf.ehcache.Cache' (OnClassCondition)
?[0m?[0;34m
?[0m?[0;34m   ElasticMetricsExportAutoConfiguration:
?[0m?[0;34m      Did not match:
?[0m?[0;34m         - @ConditionalOnClass did not find required class 'io.micrometer.elastic.ElasticMeterRegistry' (OnClassCondition)
?[0m?[0;34m
?[0m?[0;34m   ElasticSearchReactiveHealthContributorAutoConfiguration:
?[0m?[0;34m      Did not match:
?[0m?[0;34m         - @ConditionalOnClass did not find required class 'reactor.core.publisher.Flux' (OnClassCondition)
?[0m?[0;34m
?[0m?[0;34m   ElasticSearchRestHealthContributorAutoConfiguration:
?[0m?[0;34m      Did not match:
?[0m?[0;34m         - @ConditionalOnClass did not find required class 'org.elasticsearch.client.RestHighLevelClient' (OnClassCondition)
?[0m?[0;34m
?[0m?[0;34m   ElasticsearchDataAutoConfiguration:
?[0m?[0;34m      Did not match:
?[0m?[0;34m         - @ConditionalOnClass did not find required class 'org.springframework.data.elasticsearch.core.ElasticsearchRestTemplate' (OnClassCondition)
?[0m?[0;34m
?[0m?[0;34m   ElasticsearchRepositoriesAutoConfiguration:
?[0m?[0;34m      Did not match:
?[0m?[0;34m         - @ConditionalOnClass did not find required class 'org.elasticsearch.client.Client' (OnClassCondition)
?[0m?[0;34m
?[0m?[0;34m   ElasticsearchRestClientAutoConfiguration:
?[0m?[0;34m      Did not match:
?[0m?[0;34m         - @ConditionalOnClass did not find required class 'org.elasticsearch.client.RestHighLevelClient' (OnClassCondition)
?[0m?[0;34m
?[0m?[0;34m   EmbeddedLdapAutoConfiguration:
?[0m?[0;34m      Did not match:
?[0m?[0;34m         - @ConditionalOnClass did not find required class 'com.unboundid.ldap.listener.InMemoryDirectoryServer' (OnClassCondition)
?[0m?[0;34m
?[0m?[0;34m   EmbeddedMongoAutoConfiguration:
?[0m?[0;34m      Did not match:
?[0m?[0;34m         - @ConditionalOnClass did not find required class 'com.mongodb.MongoClientSettings' (OnClassCondition)
?[0m?[0;34m
?[0m?[0;34m   EmbeddedWebServerFactoryCustomizerAutoConfiguration.JettyWebServerFactoryCustomizerConfiguration:
?[0m?[0;34m      Did not match:
?[0m?[0;34m         - @ConditionalOnClass did not find required classes 'org.eclipse.jetty.server.Server', 'org.eclipse.jetty.util.Loader', 'org.eclipse.jetty.webapp.WebAppContext' (OnClassCondition)
?[0m?[0;34m
?[0m?[0;34m   EmbeddedWebServerFactoryCustomizerAutoConfiguration.NettyWebServerFactoryCustomizerConfiguration:
?[0m?[0;34m      Did not match:
?[0m?[0;34m         - @ConditionalOnClass did not find required class 'reactor.netty.http.server.HttpServer' (OnClassCondition)
?[0m?[0;34m
?[0m?[0;34m   EmbeddedWebServerFactoryCustomizerAutoConfiguration.UndertowWebServerFactoryCustomizerConfiguration:
?[0m?[0;34m      Did not match:
?[0m?[0;34m         - @ConditionalOnClass did not find required classes 'io.undertow.Undertow', 'org.xnio.SslClientAuthMode' (OnClassCondition)
?[0m?[0;34m
?[0m?[0;34m   ErrorWebFluxAutoConfiguration:
?[0m?[0;34m      Did not match:
?[0m?[0;34m         - @ConditionalOnClass did not find required class 'org.springframework.web.reactive.config.WebFluxConfigurer' (OnClassCondition)
?[0m?[0;34m
?[0m?[0;34m   FlywayAutoConfiguration:
?[0m?[0;34m      Did not match:
?[0m?[0;34m         - @ConditionalOnClass did not find required class 'org.flywaydb.core.Flyway' (OnClassCondition)
?[0m?[0;34m
?[0m?[0;34m   FlywayEndpointAutoConfiguration:
?[0m?[0;34m      Did not match:
?[0m?[0;34m         - @ConditionalOnClass did not find required class 'org.flywaydb.core.Flyway' (OnClassCondition)
?[0m?[0;34m
?[0m?[0;34m   FreeMarkerNonWebConfiguration:
?[0m?[0;34m      Did not match:
?[0m?[0;34m         - @ConditionalOnWebApplication found 'session' scope and did not find reactive web application classes (OnWebApplicationCondition)
?[0m?[0;34m
?[0m?[0;34m   FreeMarkerReactiveWebConfiguration:
?[0m?[0;34m      Did not match:
?[0m?[0;34m         - did not find reactive web application classes (OnWebApplicationCondition)
?[0m?[0;34m
?[0m?[0;34m   FreeMarkerServletWebConfiguration#resourceUrlEncodingFilter:
?[0m?[0;34m      Did not match:
?[0m?[0;34m         - @ConditionalOnEnabledResourceChain did not find class org.webjars.WebJarAssetLocator (OnEnabledResourceChainCondition)
?[0m?[0;34m
?[0m?[0;34m   GangliaMetricsExportAutoConfiguration:
?[0m?[0;34m      Did not match:
?[0m?[0;34m         - @ConditionalOnClass did not find required class 'io.micrometer.ganglia.GangliaMeterRegistry' (OnClassCondition)
?[0m?[0;34m
?[0m?[0;34m   GraphiteMetricsExportAutoConfiguration:
?[0m?[0;34m      Did not match:
?[0m?[0;34m         - @ConditionalOnClass did not find required class 'io.micrometer.graphite.GraphiteMeterRegistry' (OnClassCondition)
?[0m?[0;34m
?[0m?[0;34m   GroovyTemplateAutoConfiguration:
?[0m?[0;34m      Did not match:
?[0m?[0;34m         - @ConditionalOnClass did not find required class 'groovy.text.markup.MarkupTemplateEngine' (OnClassCondition)
?[0m?[0;34m
?[0m?[0;34m   GsonHttpMessageConvertersConfiguration.GsonHttpMessageConverterConfiguration:
?[0m?[0;34m      Did not match:
?[0m?[0;34m         - AnyNestedCondition 0 matched 2 did not; NestedCondition on GsonHttpMessageConvertersConfiguration.PreferGsonOrJacksonAndJsonbUnavailableCondition.JacksonJsonbUnavailable NoneNestedConditions 1 matched 1 did not; NestedCondition on GsonHttpMessageConvertersConfiguration.JacksonAndJsonbUnavailableCondition.JsonbPreferred @ConditionalOnProperty (spring.mvc.converters.preferred-json-mapper=jsonb) did not find property 'spring.mvc.converters.preferred-json-mapper'; NestedCondition on GsonHttpMessageConvertersConfiguration.JacksonAndJsonbUnavailableCondition.JacksonAvailable @ConditionalOnBean (types: org.springframework.http.converter.json.MappingJackson2HttpMessageConverter; SearchStrategy: all) found bean 'mappingJackson2HttpMessageConverter'; NestedCondition on GsonHttpMessageConvertersConfiguration.PreferGsonOrJacksonAndJsonbUnavailableCondition.GsonPreferred @ConditionalOnProperty (spring.mvc.converters.preferred-json-mapper=gson) did not find property 'spring.mvc.converters.preferred-json-mapper' (GsonHttpMessageConvertersConfiguration.PreferGsonOrJacksonAndJsonbUnavailableCondition)
?[0m?[0;34m
?[0m?[0;34m   HazelcastAutoConfiguration:
?[0m?[0;34m      Did not match:
?[0m?[0;34m         - @ConditionalOnClass did not find required class 'com.hazelcast.core.HazelcastInstance' (OnClassCondition)
?[0m?[0;34m
?[0m?[0;34m   HazelcastCacheConfiguration:
?[0m?[0;34m      Did not match:
?[0m?[0;34m         - @ConditionalOnClass did not find required class 'com.hazelcast.core.HazelcastInstance' (OnClassCondition)
?[0m?[0;34m
?[0m?[0;34m   HazelcastHealthContributorAutoConfiguration:
?[0m?[0;34m      Did not match:
?[0m?[0;34m         - @ConditionalOnClass did not find required class 'com.hazelcast.core.HazelcastInstance' (OnClassCondition)
?[0m?[0;34m
?[0m?[0;34m   HazelcastJpaDependencyAutoConfiguration:
?[0m?[0;34m      Did not match:
?[0m?[0;34m         - @ConditionalOnClass did not find required class 'com.hazelcast.core.HazelcastInstance' (OnClassCondition)
?[0m?[0;34m
?[0m?[0;34m   HealthEndpointReactiveWebExtensionConfiguration:
?[0m?[0;34m      Did not match:
?[0m?[0;34m         - did not find reactive web application classes (OnWebApplicationCondition)
?[0m?[0;34m
?[0m?[0;34m   HibernateMetricsAutoConfiguration:
?[0m?[0;34m      Did not match:
?[0m?[0;34m         - @ConditionalOnClass did not find required class 'org.hibernate.stat.HibernateMetrics' (OnClassCondition)
?[0m?[0;34m
?[0m?[0;34m   HttpHandlerAutoConfiguration:
?[0m?[0;34m      Did not match:
?[0m?[0;34m         - @ConditionalOnClass did not find required class 'org.springframework.web.reactive.DispatcherHandler' (OnClassCondition)
?[0m?[0;34m
?[0m?[0;34m   HttpTraceAutoConfiguration:
?[0m?[0;34m      Did not match:
?[0m?[0;34m         - @ConditionalOnBean (types: org.springframework.boot.actuate.trace.http.HttpTraceRepository; SearchStrategy: all) did not find any beans of type org.springframework.boot.actuate.trace.http.HttpTraceRepository (OnBeanCondition)
?[0m?[0;34m      Matched:
?[0m?[0;34m         - @ConditionalOnWebApplication (required) found 'session' scope (OnWebApplicationCondition)
?[0m?[0;34m         - @ConditionalOnProperty (management.trace.http.enabled) matched (OnPropertyCondition)
?[0m?[0;34m
?[0m?[0;34m   HttpTraceAutoConfiguration.ReactiveTraceFilterConfiguration:
?[0m?[0;34m      Did not match:
?[0m?[0;34m         - did not find reactive web application classes (OnWebApplicationCondition)
?[0m?[0;34m         - Ancestor org.springframework.boot.actuate.autoconfigure.trace.http.HttpTraceAutoConfiguration did not match (ConditionEvaluationReport.AncestorsMatchedCondition)
?[0m?[0;34m
?[0m?[0;34m   HttpTraceAutoConfiguration.ServletTraceFilterConfiguration:
?[0m?[0;34m      Did not match:
?[0m?[0;34m         - Ancestor org.springframework.boot.actuate.autoconfigure.trace.http.HttpTraceAutoConfiguration did not match (ConditionEvaluationReport.AncestorsMatchedCondition)
?[0m?[0;34m      Matched:
?[0m?[0;34m         - found 'session' scope (OnWebApplicationCondition)
?[0m?[0;34m
?[0m?[0;34m   HttpTraceEndpointAutoConfiguration#httpTraceEndpoint:
?[0m?[0;34m      Did not match:
?[0m?[0;34m         - @ConditionalOnBean (types: org.springframework.boot.actuate.trace.http.HttpTraceRepository; SearchStrategy: all) did not find any beans of type org.springframework.boot.actuate.trace.http.HttpTraceRepository (OnBeanCondition)
?[0m?[0;34m
?[0m?[0;34m   HumioMetricsExportAutoConfiguration:
?[0m?[0;34m      Did not match:
?[0m?[0;34m         - @ConditionalOnClass did not find required class 'io.micrometer.humio.HumioMeterRegistry' (OnClassCondition)
?[0m?[0;34m
?[0m?[0;34m   HypermediaAutoConfiguration:
?[0m?[0;34m      Did not match:
?[0m?[0;34m         - @ConditionalOnClass did not find required class 'org.springframework.hateoas.EntityModel' (OnClassCondition)
?[0m?[0;34m
?[0m?[0;34m   InfinispanCacheConfiguration:
?[0m?[0;34m      Did not match:
?[0m?[0;34m         - @ConditionalOnClass did not find required class 'org.infinispan.spring.embedded.provider.SpringEmbeddedCacheManager' (OnClassCondition)
?[0m?[0;34m
?[0m?[0;34m   InfluxDbAutoConfiguration:
?[0m?[0;34m      Did not match:
?[0m?[0;34m         - @ConditionalOnClass did not find required class 'org.influxdb.InfluxDB' (OnClassCondition)
?[0m?[0;34m
?[0m?[0;34m   InfluxDbHealthContributorAutoConfiguration:
?[0m?[0;34m      Did not match:
?[0m?[0;34m         - @ConditionalOnClass did not find required class 'org.influxdb.InfluxDB' (OnClassCondition)
?[0m?[0;34m
?[0m?[0;34m   InfluxMetricsExportAutoConfiguration:
?[0m?[0;34m      Did not match:
?[0m?[0;34m         - @ConditionalOnClass did not find required class 'io.micrometer.influx.InfluxMeterRegistry' (OnClassCondition)
?[0m?[0;34m
?[0m?[0;34m   InfoContributorAutoConfiguration#buildInfoContributor:
?[0m?[0;34m      Did not match:
?[0m?[0;34m         - @ConditionalOnSingleCandidate (types: org.springframework.boot.info.BuildProperties; SearchStrategy: all) did not find any beans (OnBeanCondition)
?[0m?[0;34m      Matched:
?[0m?[0;34m         - @ConditionalOnEnabledInfoContributor management.info.defaults.enabled is considered true (OnEnabledInfoContributorCondition)
?[0m?[0;34m
?[0m?[0;34m   InfoContributorAutoConfiguration#gitInfoContributor:
?[0m?[0;34m      Did not match:
?[0m?[0;34m         - @ConditionalOnSingleCandidate (types: org.springframework.boot.info.GitProperties; SearchStrategy: all) did not find any beans (OnBeanCondition)
?[0m?[0;34m      Matched:
?[0m?[0;34m         - @ConditionalOnEnabledInfoContributor management.info.defaults.enabled is considered true (OnEnabledInfoContributorCondition)
?[0m?[0;34m
?[0m?[0;34m   IntegrationAutoConfiguration:
?[0m?[0;34m      Did not match:
?[0m?[0;34m         - @ConditionalOnClass did not find required class 'org.springframework.integration.config.EnableIntegration' (OnClassCondition)
?[0m?[0;34m
?[0m?[0;34m   IntegrationGraphEndpointAutoConfiguration:
?[0m?[0;34m      Did not match:
?[0m?[0;34m         - @ConditionalOnClass did not find required class 'org.springframework.integration.graph.IntegrationGraphServer' (OnClassCondition)
?[0m?[0;34m
?[0m?[0;34m   JCacheCacheConfiguration:
?[0m?[0;34m      Did not match:
?[0m?[0;34m         - @ConditionalOnClass did not find required class 'javax.cache.Caching' (OnClassCondition)
?[0m?[0;34m
?[0m?[0;34m   JacksonHttpMessageConvertersConfiguration.MappingJackson2XmlHttpMessageConverterConfiguration:
?[0m?[0;34m      Did not match:
?[0m?[0;34m         - @ConditionalOnClass did not find required class 'com.fasterxml.jackson.dataformat.xml.XmlMapper' (OnClassCondition)
?[0m?[0;34m
?[0m?[0;34m   JdbcRepositoriesAutoConfiguration:
?[0m?[0;34m      Did not match:
?[0m?[0;34m         - @ConditionalOnClass did not find required class 'org.springframework.data.jdbc.repository.config.AbstractJdbcConfiguration' (OnClassCondition)
?[0m?[0;34m
?[0m?[0;34m   JerseyAutoConfiguration:
?[0m?[0;34m      Did not match:
?[0m?[0;34m         - @ConditionalOnClass did not find required class 'org.glassfish.jersey.server.spring.SpringComponentProvider' (OnClassCondition)
?[0m?[0;34m
?[0m?[0;34m   JerseySameManagementContextConfiguration:
?[0m?[0;34m      Did not match:
?[0m?[0;34m         - @ConditionalOnClass did not find required class 'org.glassfish.jersey.server.ResourceConfig' (OnClassCondition)
?[0m?[0;34m
?[0m?[0;34m   JerseyServerMetricsAutoConfiguration:
?[0m?[0;34m      Did not match:
?[0m?[0;34m         - @ConditionalOnClass did not find required class 'io.micrometer.jersey2.server.MetricsApplicationEventListener' (OnClassCondition)
?[0m?[0;34m
?[0m?[0;34m   JerseyWebEndpointManagementContextConfiguration:
?[0m?[0;34m      Did not match:
?[0m?[0;34m         - @ConditionalOnClass did not find required class 'org.glassfish.jersey.server.ResourceConfig' (OnClassCondition)
?[0m?[0;34m
?[0m?[0;34m   JettyMetricsAutoConfiguration:
?[0m?[0;34m      Did not match:
?[0m?[0;34m         - @ConditionalOnClass did not find required class 'org.eclipse.jetty.server.Server' (OnClassCondition)
?[0m?[0;34m
?[0m?[0;34m   JmsAutoConfiguration:
?[0m?[0;34m      Did not match:
?[0m?[0;34m         - @ConditionalOnClass did not find required class 'javax.jms.Message' (OnClassCondition)
?[0m?[0;34m
?[0m?[0;34m   JmsHealthContributorAutoConfiguration:
?[0m?[0;34m      Did not match:
?[0m?[0;34m         - @ConditionalOnClass did not find required class 'javax.jms.ConnectionFactory' (OnClassCondition)
?[0m?[0;34m
?[0m?[0;34m   JmxAutoConfiguration:
?[0m?[0;34m      Did not match:
?[0m?[0;34m         - @ConditionalOnProperty (spring.jmx.enabled=true) did not find property 'enabled' (OnPropertyCondition)
?[0m?[0;34m      Matched:
?[0m?[0;34m         - @ConditionalOnClass found required class 'org.springframework.jmx.export.MBeanExporter' (OnClassCondition)
?[0m?[0;34m
?[0m?[0;34m   JmxEndpointAutoConfiguration:
?[0m?[0;34m      Did not match:
?[0m?[0;34m         - @ConditionalOnProperty (spring.jmx.enabled=true) did not find property 'enabled' (OnPropertyCondition)
?[0m?[0;34m
?[0m?[0;34m   JmxMetricsExportAutoConfiguration:
?[0m?[0;34m      Did not match:
?[0m?[0;34m         - @ConditionalOnClass did not find required class 'io.micrometer.jmx.JmxMeterRegistry' (OnClassCondition)
?[0m?[0;34m
?[0m?[0;34m   JndiConnectionFactoryAutoConfiguration:
?[0m?[0;34m      Did not match:
?[0m?[0;34m         - @ConditionalOnClass did not find required class 'org.springframework.jms.core.JmsTemplate' (OnClassCondition)
?[0m?[0;34m
?[0m?[0;34m   JndiDataSourceAutoConfiguration:
?[0m?[0;34m      Did not match:
?[0m?[0;34m         - @ConditionalOnProperty (spring.datasource.jndi-name) did not find property 'jndi-name' (OnPropertyCondition)
?[0m?[0;34m      Matched:
?[0m?[0;34m         - @ConditionalOnClass found required classes 'javax.sql.DataSource', 'org.springframework.jdbc.datasource.embedded.EmbeddedDatabaseType' (OnClassCondition)
?[0m?[0;34m
?[0m?[0;34m   JndiJtaConfiguration:
?[0m?[0;34m      Did not match:
?[0m?[0;34m         - @ConditionalOnJndi JNDI environment is not available (OnJndiCondition)
?[0m?[0;34m      Matched:
?[0m?[0;34m         - @ConditionalOnClass found required class 'org.springframework.transaction.jta.JtaTransactionManager' (OnClassCondition)
?[0m?[0;34m
?[0m?[0;34m   JolokiaEndpointAutoConfiguration:
?[0m?[0;34m      Did not match:
?[0m?[0;34m         - @ConditionalOnClass did not find required class 'org.jolokia.http.AgentServlet' (OnClassCondition)
?[0m?[0;34m
?[0m?[0;34m   JooqAutoConfiguration:
?[0m?[0;34m      Did not match:
?[0m?[0;34m         - @ConditionalOnClass did not find required class 'org.jooq.DSLContext' (OnClassCondition)
?[0m?[0;34m
?[0m?[0;34m   JpaRepositoriesAutoConfiguration#entityManagerFactoryBootstrapExecutorCustomizer:
?[0m?[0;34m      Did not match:
?[0m?[0;34m         - AnyNestedCondition 0 matched 2 did not; NestedCondition on JpaRepositoriesAutoConfiguration.BootstrapExecutorCondition.LazyBootstrapMode @ConditionalOnProperty (spring.data.jpa.repositories.bootstrap-mode=lazy) did not find property 'bootstrap-mode'; NestedCondition on JpaRepositoriesAutoConfiguration.BootstrapExecutorCondition.DeferredBootstrapMode @ConditionalOnProperty (spring.data.jpa.repositories.bootstrap-mode=deferred) did not find property 'bootstrap-mode' (JpaRepositoriesAutoConfiguration.BootstrapExecutorCondition)
?[0m?[0;34m
?[0m?[0;34m   JsonbAutoConfiguration:
?[0m?[0;34m      Did not match:
?[0m?[0;34m         - @ConditionalOnClass did not find required class 'javax.json.bind.Jsonb' (OnClassCondition)
?[0m?[0;34m
?[0m?[0;34m   JsonbHttpMessageConvertersConfiguration:
?[0m?[0;34m      Did not match:
?[0m?[0;34m         - @ConditionalOnClass did not find required class 'javax.json.bind.Jsonb' (OnClassCondition)
?[0m?[0;34m
?[0m?[0;34m   KafkaAutoConfiguration:
?[0m?[0;34m      Did not match:
?[0m?[0;34m         - @ConditionalOnClass did not find required class 'org.springframework.kafka.core.KafkaTemplate' (OnClassCondition)
?[0m?[0;34m
?[0m?[0;34m   KafkaMetricsAutoConfiguration:
?[0m?[0;34m      Did not match:
?[0m?[0;34m         - @ConditionalOnClass did not find required class 'org.springframework.kafka.core.ProducerFactory' (OnClassCondition)
?[0m?[0;34m
?[0m?[0;34m   KairosMetricsExportAutoConfiguration:
?[0m?[0;34m      Did not match:
?[0m?[0;34m         - @ConditionalOnClass did not find required class 'io.micrometer.kairos.KairosMeterRegistry' (OnClassCondition)
?[0m?[0;34m
?[0m?[0;34m   LdapAutoConfiguration:
?[0m?[0;34m      Did not match:
?[0m?[0;34m         - @ConditionalOnClass did not find required class 'org.springframework.ldap.core.ContextSource' (OnClassCondition)
?[0m?[0;34m
?[0m?[0;34m   LdapHealthContributorAutoConfiguration:
?[0m?[0;34m      Did not match:
?[0m?[0;34m         - @ConditionalOnClass did not find required class 'org.springframework.ldap.core.LdapOperations' (OnClassCondition)
?[0m?[0;34m
?[0m?[0;34m   LdapRepositoriesAutoConfiguration:
?[0m?[0;34m      Did not match:
?[0m?[0;34m         - @ConditionalOnClass did not find required class 'org.springframework.data.ldap.repository.LdapRepository' (OnClassCondition)
?[0m?[0;34m
?[0m?[0;34m   LiquibaseAutoConfiguration:
?[0m?[0;34m      Did not match:
?[0m?[0;34m         - @ConditionalOnClass did not find required class 'liquibase.change.DatabaseChange' (OnClassCondition)
?[0m?[0;34m
?[0m?[0;34m   LiquibaseEndpointAutoConfiguration:
?[0m?[0;34m      Did not match:
?[0m?[0;34m         - @ConditionalOnClass did not find required class 'liquibase.integration.spring.SpringLiquibase' (OnClassCondition)
?[0m?[0;34m
?[0m?[0;34m   Log4J2MetricsAutoConfiguration:
?[0m?[0;34m      Did not match:
?[0m?[0;34m         - @ConditionalOnClass did not find required class 'org.apache.logging.log4j.core.LoggerContext' (OnClassCondition)
?[0m?[0;34m
?[0m?[0;34m   LogFileWebEndpointAutoConfiguration#logFileWebEndpoint:
?[0m?[0;34m      Did not match:
?[0m?[0;34m         - Log File did not find logging file (LogFileWebEndpointAutoConfiguration.LogFileCondition)
?[0m?[0;34m
?[0m?[0;34m   MailHealthContributorAutoConfiguration:
?[0m?[0;34m      Did not match:
?[0m?[0;34m         - @ConditionalOnBean (types: org.springframework.mail.javamail.JavaMailSenderImpl; SearchStrategy: all) did not find any beans of type org.springframework.mail.javamail.JavaMailSenderImpl (OnBeanCondition)
?[0m?[0;34m      Matched:
?[0m?[0;34m         - @ConditionalOnClass found required class 'org.springframework.mail.javamail.JavaMailSenderImpl' (OnClassCondition)
?[0m?[0;34m         - @ConditionalOnEnabledHealthIndicator management.health.defaults.enabled is considered true (OnEnabledHealthIndicatorCondition)
?[0m?[0;34m
?[0m?[0;34m   MailSenderAutoConfiguration:
?[0m?[0;34m      Did not match:
?[0m?[0;34m         - @ConditionalOnClass did not find required class 'javax.mail.internet.MimeMessage' (OnClassCondition)
?[0m?[0;34m
?[0m?[0;34m   MailSenderValidatorAutoConfiguration:
?[0m?[0;34m      Did not match:
?[0m?[0;34m         - @ConditionalOnProperty (spring.mail.test-connection) did not find property 'test-connection' (OnPropertyCondition)
?[0m?[0;34m
?[0m?[0;34m   ManagementContextAutoConfiguration.DifferentManagementContextConfiguration:
?[0m?[0;34m      Did not match:
?[0m?[0;34m         - Management Port actual port type (SAME) did not match required type (DIFFERENT) (OnManagementPortCondition)
?[0m?[0;34m
?[0m?[0;34m   ManagementWebSecurityAutoConfiguration:
?[0m?[0;34m      Did not match:
?[0m?[0;34m         - AllNestedConditions 1 matched 1 did not; NestedCondition on DefaultWebSecurityCondition.Beans @ConditionalOnMissingBean (types: org.springframework.security.config.annotation.web.configuration.WebSecurityConfigurerAdapter,org.springframework.security.web.SecurityFilterChain; SearchStrategy: all) did not find any beans; NestedCondition on DefaultWebSecurityCondition.Classes @ConditionalOnClass did not find required classes 'org.springframework.security.web.SecurityFilterChain', 'org.springframework.security.config.annotation.web.builders.HttpSecurity' (DefaultWebSecurityCondition)
?[0m?[0;34m      Matched:
?[0m?[0;34m         - found 'session' scope (OnWebApplicationCondition)
?[0m?[0;34m
?[0m?[0;34m   MappingsEndpointAutoConfiguration.ReactiveWebConfiguration:
?[0m?[0;34m      Did not match:
?[0m?[0;34m         - @ConditionalOnClass did not find required class 'org.springframework.web.reactive.DispatcherHandler' (OnClassCondition)
?[0m?[0;34m
?[0m?[0;34m   MessageSourceAutoConfiguration:
?[0m?[0;34m      Did not match:
?[0m?[0;34m         - ResourceBundle did not find bundle with basename messages (MessageSourceAutoConfiguration.ResourceBundleCondition)
?[0m?[0;34m
?[0m?[0;34m   MongoAutoConfiguration:
?[0m?[0;34m      Did not match:
?[0m?[0;34m         - @ConditionalOnClass did not find required class 'com.mongodb.client.MongoClient' (OnClassCondition)
?[0m?[0;34m
?[0m?[0;34m   MongoDataAutoConfiguration:
?[0m?[0;34m      Did not match:
?[0m?[0;34m         - @ConditionalOnClass did not find required class 'com.mongodb.client.MongoClient' (OnClassCondition)
?[0m?[0;34m
?[0m?[0;34m   MongoHealthContributorAutoConfiguration:
?[0m?[0;34m      Did not match:
?[0m?[0;34m         - @ConditionalOnClass did not find required class 'org.springframework.data.mongodb.core.MongoTemplate' (OnClassCondition)
?[0m?[0;34m
?[0m?[0;34m   MongoMetricsAutoConfiguration:
?[0m?[0;34m      Did not match:
?[0m?[0;34m         - @ConditionalOnClass did not find required class 'com.mongodb.MongoClientSettings' (OnClassCondition)
?[0m?[0;34m
?[0m?[0;34m   MongoReactiveAutoConfiguration:
?[0m?[0;34m      Did not match:
?[0m?[0;34m         - @ConditionalOnClass did not find required class 'com.mongodb.reactivestreams.client.MongoClient' (OnClassCondition)
?[0m?[0;34m
?[0m?[0;34m   MongoReactiveDataAutoConfiguration:
?[0m?[0;34m      Did not match:
?[0m?[0;34m         - @ConditionalOnClass did not find required class 'com.mongodb.reactivestreams.client.MongoClient' (OnClassCondition)
?[0m?[0;34m
?[0m?[0;34m   MongoReactiveHealthContributorAutoConfiguration:
?[0m?[0;34m      Did not match:
?[0m?[0;34m         - @ConditionalOnClass did not find required class 'reactor.core.publisher.Flux' (OnClassCondition)
?[0m?[0;34m
?[0m?[0;34m   MongoReactiveRepositoriesAutoConfiguration:
?[0m?[0;34m      Did not match:
?[0m?[0;34m         - @ConditionalOnClass did not find required class 'com.mongodb.reactivestreams.client.MongoClient' (OnClassCondition)
?[0m?[0;34m
?[0m?[0;34m   MongoRepositoriesAutoConfiguration:
?[0m?[0;34m      Did not match:
?[0m?[0;34m         - @ConditionalOnClass did not find required class 'com.mongodb.client.MongoClient' (OnClassCondition)
?[0m?[0;34m
?[0m?[0;34m   MustacheAutoConfiguration:
?[0m?[0;34m      Did not match:
?[0m?[0;34m         - @ConditionalOnClass did not find required class 'com.samskivert.mustache.Mustache' (OnClassCondition)
?[0m?[0;34m
?[0m?[0;34m   Neo4jAutoConfiguration:
?[0m?[0;34m      Did not match:
?[0m?[0;34m         - @ConditionalOnClass did not find required class 'org.neo4j.driver.Driver' (OnClassCondition)
?[0m?[0;34m
?[0m?[0;34m   Neo4jDataAutoConfiguration:
?[0m?[0;34m      Did not match:
?[0m?[0;34m         - @ConditionalOnClass did not find required class 'org.neo4j.driver.Driver' (OnClassCondition)
?[0m?[0;34m
?[0m?[0;34m   Neo4jHealthContributorAutoConfiguration:
?[0m?[0;34m      Did not match:
?[0m?[0;34m         - @ConditionalOnClass did not find required class 'org.neo4j.driver.Driver' (OnClassCondition)
?[0m?[0;34m
?[0m?[0;34m   Neo4jReactiveDataAutoConfiguration:
?[0m?[0;34m      Did not match:
?[0m?[0;34m         - @ConditionalOnClass did not find required class 'org.neo4j.driver.Driver' (OnClassCondition)
?[0m?[0;34m
?[0m?[0;34m   Neo4jReactiveRepositoriesAutoConfiguration:
?[0m?[0;34m      Did not match:
?[0m?[0;34m         - @ConditionalOnClass did not find required class 'org.neo4j.driver.Driver' (OnClassCondition)
?[0m?[0;34m
?[0m?[0;34m   Neo4jRepositoriesAutoConfiguration:
?[0m?[0;34m      Did not match:
?[0m?[0;34m         - @ConditionalOnClass did not find required class 'org.neo4j.driver.Driver' (OnClassCondition)
?[0m?[0;34m
?[0m?[0;34m   NettyAutoConfiguration:
?[0m?[0;34m      Did not match:
?[0m?[0;34m         - @ConditionalOnClass did not find required class 'io.netty.util.NettyRuntime' (OnClassCondition)
?[0m?[0;34m
?[0m?[0;34m   NewRelicMetricsExportAutoConfiguration:
?[0m?[0;34m      Did not match:
?[0m?[0;34m         - @ConditionalOnClass did not find required class 'io.micrometer.newrelic.NewRelicMeterRegistry' (OnClassCondition)
?[0m?[0;34m
?[0m?[0;34m   NoOpMeterRegistryConfiguration:
?[0m?[0;34m      Did not match:
?[0m?[0;34m         - @ConditionalOnMissingBean (types: io.micrometer.core.instrument.MeterRegistry; SearchStrategy: all) found beans of type 'io.micrometer.core.instrument.MeterRegistry' simpleMeterRegistry (OnBeanCondition)
?[0m?[0;34m
?[0m?[0;34m   OAuth2ClientAutoConfiguration:
?[0m?[0;34m      Did not match:
?[0m?[0;34m         - @ConditionalOnClass did not find required class 'org.springframework.security.config.annotation.web.configuration.EnableWebSecurity' (OnClassCondition)
?[0m?[0;34m
?[0m?[0;34m   OAuth2ResourceServerAutoConfiguration:
?[0m?[0;34m      Did not match:
?[0m?[0;34m         - @ConditionalOnClass did not find required class 'org.springframework.security.oauth2.server.resource.BearerTokenAuthenticationToken' (OnClassCondition)
?[0m?[0;34m
?[0m?[0;34m   ProjectInfoAutoConfiguration#buildProperties:
?[0m?[0;34m      Did not match:
?[0m?[0;34m         - @ConditionalOnResource did not find resource '${spring.info.build.location:classpath:META-INF/build-info.properties}' (OnResourceCondition)
?[0m?[0;34m
?[0m?[0;34m   ProjectInfoAutoConfiguration#gitProperties:
?[0m?[0;34m      Did not match:
?[0m?[0;34m         - GitResource did not find git info at classpath:git.properties (ProjectInfoAutoConfiguration.GitResourceAvailableCondition)
?[0m?[0;34m
?[0m?[0;34m   PrometheusMetricsExportAutoConfiguration:
?[0m?[0;34m      Did not match:
?[0m?[0;34m         - @ConditionalOnClass did not find required class 'io.micrometer.prometheus.PrometheusMeterRegistry' (OnClassCondition)
?[0m?[0;34m
?[0m?[0;34m   QuartzAutoConfiguration:
?[0m?[0;34m      Did not match:
?[0m?[0;34m         - @ConditionalOnClass did not find required class 'org.quartz.Scheduler' (OnClassCondition)
?[0m?[0;34m
?[0m?[0;34m   QuartzEndpointAutoConfiguration:
?[0m?[0;34m      Did not match:
?[0m?[0;34m         - @ConditionalOnClass did not find required class 'org.quartz.Scheduler' (OnClassCondition)
?[0m?[0;34m
?[0m?[0;34m   R2dbcAutoConfiguration:
?[0m?[0;34m      Did not match:
?[0m?[0;34m         - @ConditionalOnClass did not find required class 'io.r2dbc.spi.ConnectionFactory' (OnClassCondition)
?[0m?[0;34m
?[0m?[0;34m   R2dbcDataAutoConfiguration:
?[0m?[0;34m      Did not match:
?[0m?[0;34m         - @ConditionalOnClass did not find required class 'org.springframework.data.r2dbc.core.R2dbcEntityTemplate' (OnClassCondition)
?[0m?[0;34m
?[0m?[0;34m   R2dbcInitializationConfiguration:
?[0m?[0;34m      Did not match:
?[0m?[0;34m         - @ConditionalOnClass did not find required classes 'io.r2dbc.spi.ConnectionFactory', 'org.springframework.r2dbc.connection.init.DatabasePopulator' (OnClassCondition)
?[0m?[0;34m
?[0m?[0;34m   R2dbcRepositoriesAutoConfiguration:
?[0m?[0;34m      Did not match:
?[0m?[0;34m         - @ConditionalOnClass did not find required class 'io.r2dbc.spi.ConnectionFactory' (OnClassCondition)
?[0m?[0;34m
?[0m?[0;34m   R2dbcTransactionManagerAutoConfiguration:
?[0m?[0;34m      Did not match:
?[0m?[0;34m         - @ConditionalOnClass did not find required class 'org.springframework.r2dbc.connection.R2dbcTransactionManager' (OnClassCondition)
?[0m?[0;34m
?[0m?[0;34m   RSocketMessagingAutoConfiguration:
?[0m?[0;34m      Did not match:
?[0m?[0;34m         - @ConditionalOnClass did not find required class 'io.rsocket.RSocket' (OnClassCondition)
?[0m?[0;34m
?[0m?[0;34m   RSocketRequesterAutoConfiguration:
?[0m?[0;34m      Did not match:
?[0m?[0;34m         - @ConditionalOnClass did not find required class 'io.rsocket.RSocket' (OnClassCondition)
?[0m?[0;34m
?[0m?[0;34m   RSocketSecurityAutoConfiguration:
?[0m?[0;34m      Did not match:
?[0m?[0;34m         - @ConditionalOnClass did not find required class 'org.springframework.security.rsocket.core.SecuritySocketAcceptorInterceptor' (OnClassCondition)
?[0m?[0;34m
?[0m?[0;34m   RSocketServerAutoConfiguration:
?[0m?[0;34m      Did not match:
?[0m?[0;34m         - @ConditionalOnClass did not find required class 'io.rsocket.core.RSocketServer' (OnClassCondition)
?[0m?[0;34m
?[0m?[0;34m   RSocketStrategiesAutoConfiguration:
?[0m?[0;34m      Did not match:
?[0m?[0;34m         - @ConditionalOnClass did not find required class 'io.netty.buffer.PooledByteBufAllocator' (OnClassCondition)
?[0m?[0;34m
?[0m?[0;34m   RabbitAutoConfiguration:
?[0m?[0;34m      Did not match:
?[0m?[0;34m         - @ConditionalOnClass did not find required class 'com.rabbitmq.client.Channel' (OnClassCondition)
?[0m?[0;34m
?[0m?[0;34m   RabbitHealthContributorAutoConfiguration:
?[0m?[0;34m      Did not match:
?[0m?[0;34m         - @ConditionalOnClass did not find required class 'org.springframework.amqp.rabbit.core.RabbitTemplate' (OnClassCondition)
?[0m?[0;34m
?[0m?[0;34m   RabbitMetricsAutoConfiguration:
?[0m?[0;34m      Did not match:
?[0m?[0;34m         - @ConditionalOnClass did not find required class 'com.rabbitmq.client.ConnectionFactory' (OnClassCondition)
?[0m?[0;34m
?[0m?[0;34m   ReactiveCloudFoundryActuatorAutoConfiguration:
?[0m?[0;34m      Did not match:
?[0m?[0;34m         - @ConditionalOnWebApplication did not find reactive web application classes (OnWebApplicationCondition)
?[0m?[0;34m
?[0m?[0;34m   ReactiveElasticsearchRepositoriesAutoConfiguration:
?[0m?[0;34m      Did not match:
?[0m?[0;34m         - @ConditionalOnClass did not find required class 'org.springframework.data.elasticsearch.client.reactive.ReactiveElasticsearchClient' (OnClassCondition)
?[0m?[0;34m
?[0m?[0;34m   ReactiveElasticsearchRestClientAutoConfiguration:
?[0m?[0;34m      Did not match:
?[0m?[0;34m         - @ConditionalOnClass did not find required class 'reactor.netty.http.client.HttpClient' (OnClassCondition)
?[0m?[0;34m
?[0m?[0;34m   ReactiveHealthEndpointConfiguration:
?[0m?[0;34m      Did not match:
?[0m?[0;34m         - @ConditionalOnClass did not find required class 'reactor.core.publisher.Flux' (OnClassCondition)
?[0m?[0;34m
?[0m?[0;34m   ReactiveManagementContextAutoConfiguration:
?[0m?[0;34m      Did not match:
?[0m?[0;34m         - @ConditionalOnClass did not find required class 'reactor.core.publisher.Flux' (OnClassCondition)
?[0m?[0;34m
?[0m?[0;34m   ReactiveManagementWebSecurityAutoConfiguration:
?[0m?[0;34m      Did not match:
?[0m?[0;34m         - @ConditionalOnClass did not find required class 'org.springframework.security.config.annotation.web.reactive.EnableWebFluxSecurity' (OnClassCondition)
?[0m?[0;34m
?[0m?[0;34m   ReactiveOAuth2ClientAutoConfiguration:
?[0m?[0;34m      Did not match:
?[0m?[0;34m         - @ConditionalOnClass did not find required class 'reactor.core.publisher.Flux' (OnClassCondition)
?[0m?[0;34m
?[0m?[0;34m   ReactiveOAuth2ResourceServerAutoConfiguration:
?[0m?[0;34m      Did not match:
?[0m?[0;34m         - @ConditionalOnClass did not find required class 'org.springframework.security.config.annotation.web.reactive.EnableWebFluxSecurity' (OnClassCondition)
?[0m?[0;34m
?[0m?[0;34m   ReactiveSecurityAutoConfiguration:
?[0m?[0;34m      Did not match:
?[0m?[0;34m         - @ConditionalOnClass did not find required class 'reactor.core.publisher.Flux' (OnClassCondition)
?[0m?[0;34m
?[0m?[0;34m   ReactiveUserDetailsServiceAutoConfiguration:
?[0m?[0;34m      Did not match:
?[0m?[0;34m         - @ConditionalOnClass did not find required class 'org.springframework.security.authentication.ReactiveAuthenticationManager' (OnClassCondition)
?[0m?[0;34m
?[0m?[0;34m   ReactiveWebServerFactoryAutoConfiguration:
?[0m?[0;34m      Did not match:
?[0m?[0;34m         - @ConditionalOnWebApplication did not find reactive web application classes (OnWebApplicationCondition)
?[0m?[0;34m
?[0m?[0;34m   RedisAutoConfiguration:
?[0m?[0;34m      Did not match:
?[0m?[0;34m         - @ConditionalOnClass did not find required class 'org.springframework.data.redis.core.RedisOperations' (OnClassCondition)
?[0m?[0;34m
?[0m?[0;34m   RedisCacheConfiguration:
?[0m?[0;34m      Did not match:
?[0m?[0;34m         - @ConditionalOnClass did not find required class 'org.springframework.data.redis.connection.RedisConnectionFactory' (OnClassCondition)
?[0m?[0;34m
?[0m?[0;34m   RedisHealthContributorAutoConfiguration:
?[0m?[0;34m      Did not match:
?[0m?[0;34m         - @ConditionalOnClass did not find required class 'org.springframework.data.redis.connection.RedisConnectionFactory' (OnClassCondition)
?[0m?[0;34m
?[0m?[0;34m   RedisReactiveAutoConfiguration:
?[0m?[0;34m      Did not match:
?[0m?[0;34m         - @ConditionalOnClass did not find required class 'reactor.core.publisher.Flux' (OnClassCondition)
?[0m?[0;34m
?[0m?[0;34m   RedisReactiveHealthContributorAutoConfiguration:
?[0m?[0;34m      Did not match:
?[0m?[0;34m         - @ConditionalOnClass did not find required class 'reactor.core.publisher.Flux' (OnClassCondition)
?[0m?[0;34m
?[0m?[0;34m   RedisRepositoriesAutoConfiguration:
?[0m?[0;34m      Did not match:
?[0m?[0;34m         - @ConditionalOnClass did not find required class 'org.springframework.data.redis.repository.configuration.EnableRedisRepositories' (OnClassCondition)
?[0m?[0;34m
?[0m?[0;34m   RepositoryRestMvcAutoConfiguration:
?[0m?[0;34m      Did not match:
?[0m?[0;34m         - @ConditionalOnClass did not find required class 'org.springframework.data.rest.webmvc.config.RepositoryRestMvcConfiguration' (OnClassCondition)
?[0m?[0;34m
?[0m?[0;34m   Saml2RelyingPartyAutoConfiguration:
?[0m?[0;34m      Did not match:
?[0m?[0;34m         - @ConditionalOnClass did not find required class 'org.springframework.security.saml2.provider.service.registration.RelyingPartyRegistrationRepository' (OnClassCondition)
?[0m?[0;34m
?[0m?[0;34m   SecurityAutoConfiguration:
?[0m?[0;34m      Did not match:
?[0m?[0;34m         - @ConditionalOnClass did not find required class 'org.springframework.security.authentication.DefaultAuthenticationEventPublisher' (OnClassCondition)
?[0m?[0;34m
?[0m?[0;34m   SecurityFilterAutoConfiguration:
?[0m?[0;34m      Did not match:
?[0m?[0;34m         - @ConditionalOnClass did not find required class 'org.springframework.security.config.http.SessionCreationPolicy' (OnClassCondition)
?[0m?[0;34m
?[0m?[0;34m   SecurityRequestMatchersManagementContextConfiguration:
?[0m?[0;34m      Did not match:
?[0m?[0;34m         - @ConditionalOnClass did not find required class 'org.springframework.security.web.util.matcher.RequestMatcher' (OnClassCondition)
?[0m?[0;34m
?[0m?[0;34m   SendGridAutoConfiguration:
?[0m?[0;34m      Did not match:
?[0m?[0;34m         - @ConditionalOnClass did not find required class 'com.sendgrid.SendGrid' (OnClassCondition)
?[0m?[0;34m
?[0m?[0;34m   ServletEndpointManagementContextConfiguration.JerseyServletEndpointManagementContextConfiguration:
?[0m?[0;34m      Did not match:
?[0m?[0;34m         - @ConditionalOnClass did not find required class 'org.glassfish.jersey.server.ResourceConfig' (OnClassCondition)
?[0m?[0;34m
?[0m?[0;34m   ServletManagementContextAutoConfiguration.ApplicationContextFilterConfiguration:
?[0m?[0;34m      Did not match:
?[0m?[0;34m         - @ConditionalOnProperty (management.server.add-application-context-header=true) did not find property 'add-application-context-header' (OnPropertyCondition)
?[0m?[0;34m
?[0m?[0;34m   ServletWebServerFactoryAutoConfiguration#forwardedHeaderFilter:
?[0m?[0;34m      Did not match:
?[0m?[0;34m         - @ConditionalOnProperty (server.forward-headers-strategy=framework) did not find property 'server.forward-headers-strategy' (OnPropertyCondition)
?[0m?[0;34m
?[0m?[0;34m   ServletWebServerFactoryConfiguration.EmbeddedJetty:
?[0m?[0;34m      Did not match:
?[0m?[0;34m         - @ConditionalOnClass did not find required classes 'org.eclipse.jetty.server.Server', 'org.eclipse.jetty.util.Loader', 'org.eclipse.jetty.webapp.WebAppContext' (OnClassCondition)
?[0m?[0;34m
?[0m?[0;34m   ServletWebServerFactoryConfiguration.EmbeddedUndertow:
?[0m?[0;34m      Did not match:
?[0m?[0;34m         - @ConditionalOnClass did not find required classes 'io.undertow.Undertow', 'org.xnio.SslClientAuthMode' (OnClassCondition)
?[0m?[0;34m
?[0m?[0;34m   SessionAutoConfiguration:
?[0m?[0;34m      Did not match:
?[0m?[0;34m         - @ConditionalOnClass did not find required class 'org.springframework.session.Session' (OnClassCondition)
?[0m?[0;34m
?[0m?[0;34m   SessionsEndpointAutoConfiguration:
?[0m?[0;34m      Did not match:
?[0m?[0;34m         - @ConditionalOnClass did not find required class 'org.springframework.session.FindByIndexNameSessionRepository' (OnClassCondition)
?[0m?[0;34m
?[0m?[0;34m   SignalFxMetricsExportAutoConfiguration:
?[0m?[0;34m      Did not match:
?[0m?[0;34m         - @ConditionalOnClass did not find required class 'io.micrometer.signalfx.SignalFxMeterRegistry' (OnClassCondition)
?[0m?[0;34m
?[0m?[0;34m   SolrAutoConfiguration:
?[0m?[0;34m      Did not match:
?[0m?[0;34m         - @ConditionalOnClass did not find required class 'org.apache.solr.client.solrj.impl.CloudSolrClient' (OnClassCondition)
?[0m?[0;34m
?[0m?[0;34m   SolrHealthContributorAutoConfiguration:
?[0m?[0;34m      Did not match:
?[0m?[0;34m         - @ConditionalOnClass did not find required class 'org.apache.solr.client.solrj.SolrClient' (OnClassCondition)
?[0m?[0;34m
?[0m?[0;34m   SpringApplicationAdminJmxAutoConfiguration:
?[0m?[0;34m      Did not match:
?[0m?[0;34m         - @ConditionalOnProperty (spring.application.admin.enabled=true) did not find property 'enabled' (OnPropertyCondition)
?[0m?[0;34m
?[0m?[0;34m   StackdriverMetricsExportAutoConfiguration:
?[0m?[0;34m      Did not match:
?[0m?[0;34m         - @ConditionalOnClass did not find required class 'io.micrometer.stackdriver.StackdriverMeterRegistry' (OnClassCondition)
?[0m?[0;34m
?[0m?[0;34m   StartupEndpointAutoConfiguration:
?[0m?[0;34m      Did not match:
?[0m?[0;34m         - ApplicationStartup configured applicationStartup is of type class org.springframework.core.metrics.DefaultApplicationStartup, expected BufferingApplicationStartup. (StartupEndpointAutoConfiguration.ApplicationStartupCondition)
?[0m?[0;34m
?[0m?[0;34m   StatsdMetricsExportAutoConfiguration:
?[0m?[0;34m      Did not match:
?[0m?[0;34m         - @ConditionalOnClass did not find required class 'io.micrometer.statsd.StatsdMeterRegistry' (OnClassCondition)
?[0m?[0;34m
?[0m?[0;34m   TaskSchedulingAutoConfiguration#taskScheduler:
?[0m?[0;34m      Did not match:
?[0m?[0;34m         - @ConditionalOnBean (names: org.springframework.context.annotation.internalScheduledAnnotationProcessor; SearchStrategy: all) did not find any beans named org.springframework.context.annotation.internalScheduledAnnotationProcessor (OnBeanCondition)
?[0m?[0;34m
?[0m?[0;34m   ThymeleafAutoConfiguration:
?[0m?[0;34m      Did not match:
?[0m?[0;34m         - @ConditionalOnClass did not find required class 'org.thymeleaf.spring5.SpringTemplateEngine' (OnClassCondition)
?[0m?[0;34m
?[0m?[0;34m   TransactionAutoConfiguration#transactionalOperator:
?[0m?[0;34m      Did not match:
?[0m?[0;34m         - @ConditionalOnSingleCandidate (types: org.springframework.transaction.ReactiveTransactionManager; SearchStrategy: all) did not find any beans (OnBeanCondition)
?[0m?[0;34m
?[0m?[0;34m   TransactionAutoConfiguration.EnableTransactionManagementConfiguration.JdkDynamicAutoProxyConfiguration:
?[0m?[0;34m      Did not match:
?[0m?[0;34m         - @ConditionalOnProperty (spring.aop.proxy-target-class=false) did not find property 'proxy-target-class' (OnPropertyCondition)
?[0m?[0;34m
?[0m?[0;34m   UserDetailsServiceAutoConfiguration:
?[0m?[0;34m      Did not match:
?[0m?[0;34m         - @ConditionalOnClass did not find required class 'org.springframework.security.authentication.AuthenticationManager' (OnClassCondition)
?[0m?[0;34m
?[0m?[0;34m   ValidationAutoConfiguration:
?[0m?[0;34m      Did not match:
?[0m?[0;34m         - @ConditionalOnClass did not find required class 'javax.validation.executable.ExecutableValidator' (OnClassCondition)
?[0m?[0;34m
?[0m?[0;34m   WavefrontMetricsExportAutoConfiguration:
?[0m?[0;34m      Did not match:
?[0m?[0;34m         - @ConditionalOnClass did not find required class 'com.wavefront.sdk.common.WavefrontSender' (OnClassCondition)
?[0m?[0;34m
?[0m?[0;34m   WebClientAutoConfiguration:
?[0m?[0;34m      Did not match:
?[0m?[0;34m         - @ConditionalOnClass did not find required class 'org.springframework.web.reactive.function.client.WebClient' (OnClassCondition)
?[0m?[0;34m
?[0m?[0;34m   WebClientMetricsConfiguration:
?[0m?[0;34m      Did not match:
?[0m?[0;34m         - @ConditionalOnClass did not find required class 'org.springframework.web.reactive.function.client.WebClient' (OnClassCondition)
?[0m?[0;34m
?[0m?[0;34m   WebFluxAutoConfiguration:
?[0m?[0;34m      Did not match:
?[0m?[0;34m         - @ConditionalOnClass did not find required class 'org.springframework.web.reactive.config.WebFluxConfigurer' (OnClassCondition)
?[0m?[0;34m
?[0m?[0;34m   WebFluxEndpointManagementContextConfiguration:
?[0m?[0;34m      Did not match:
?[0m?[0;34m         - @ConditionalOnClass did not find required class 'org.springframework.web.reactive.DispatcherHandler' (OnClassCondition)
?[0m?[0;34m
?[0m?[0;34m   WebFluxMetricsAutoConfiguration:
?[0m?[0;34m      Did not match:
?[0m?[0;34m         - @ConditionalOnWebApplication did not find reactive web application classes (OnWebApplicationCondition)
?[0m?[0;34m
?[0m?[0;34m   WebMvcAutoConfiguration#hiddenHttpMethodFilter:
?[0m?[0;34m      Did not match:
?[0m?[0;34m         - @ConditionalOnProperty (spring.mvc.hiddenmethod.filter.enabled) did not find property 'enabled' (OnPropertyCondition)
?[0m?[0;34m
?[0m?[0;34m   WebMvcAutoConfiguration.ResourceChainCustomizerConfiguration:
?[0m?[0;34m      Did not match:
?[0m?[0;34m         - @ConditionalOnEnabledResourceChain did not find class org.webjars.WebJarAssetLocator (OnEnabledResourceChainCondition)
?[0m?[0;34m
?[0m?[0;34m   WebMvcAutoConfiguration.WebMvcAutoConfigurationAdapter#beanNameViewResolver:
?[0m?[0;34m      Did not match:
?[0m?[0;34m         - @ConditionalOnMissingBean (types: org.springframework.web.servlet.view.BeanNameViewResolver; SearchStrategy: all) found beans of type 'org.springframework.web.servlet.view.BeanNameViewResolver' beanNameViewResolver (OnBeanCondition)
?[0m?[0;34m
?[0m?[0;34m   WebServiceTemplateAutoConfiguration:
?[0m?[0;34m      Did not match:
?[0m?[0;34m         - @ConditionalOnClass did not find required class 'org.springframework.oxm.Marshaller' (OnClassCondition)
?[0m?[0;34m
?[0m?[0;34m   WebServicesAutoConfiguration:
?[0m?[0;34m      Did not match:
?[0m?[0;34m         - @ConditionalOnClass did not find required class 'org.springframework.ws.transport.http.MessageDispatcherServlet' (OnClassCondition)
?[0m?[0;34m
?[0m?[0;34m   WebSocketMessagingAutoConfiguration:
?[0m?[0;34m      Did not match:
?[0m?[0;34m         - @ConditionalOnClass did not find required class 'org.springframework.web.socket.config.annotation.WebSocketMessageBrokerConfigurer' (OnClassCondition)
?[0m?[0;34m
?[0m?[0;34m   WebSocketReactiveAutoConfiguration:
?[0m?[0;34m      Did not match:
?[0m?[0;34m         - @ConditionalOnWebApplication did not find reactive web application classes (OnWebApplicationCondition)
?[0m?[0;34m
?[0m?[0;34m   WebSocketServletAutoConfiguration.Jetty10WebSocketConfiguration:
?[0m?[0;34m      Did not match:
?[0m?[0;34m         - @ConditionalOnClass did not find required classes 'org.eclipse.jetty.websocket.javax.server.internal.JavaxWebSocketServerContainer', 'org.eclipse.jetty.websocket.server.JettyWebSocketServerContainer' (OnClassCondition)
?[0m?[0;34m
?[0m?[0;34m   WebSocketServletAutoConfiguration.JettyWebSocketConfiguration:
?[0m?[0;34m      Did not match:
?[0m?[0;34m         - @ConditionalOnClass did not find required class 'org.eclipse.jetty.websocket.jsr356.server.deploy.WebSocketServerContainerInitializer' (OnClassCondition)
?[0m?[0;34m
?[0m?[0;34m   WebSocketServletAutoConfiguration.UndertowWebSocketConfiguration:
?[0m?[0;34m      Did not match:
?[0m?[0;34m         - @ConditionalOnClass did not find required class 'io.undertow.websockets.jsr.Bootstrap' (OnClassCondition)
?[0m?[0;34m
?[0m?[0;34m   XADataSourceAutoConfiguration:
?[0m?[0;34m      Did not match:
?[0m?[0;34m         - @ConditionalOnBean (types: org.springframework.boot.jdbc.XADataSourceWrapper; SearchStrategy: all) did not find any beans of type org.springframework.boot.jdbc.XADataSourceWrapper (OnBeanCondition)
?[0m?[0;34m      Matched:
?[0m?[0;34m         - @ConditionalOnClass found required classes 'javax.sql.DataSource', 'javax.transaction.TransactionManager', 'org.springframework.jdbc.datasource.embedded.EmbeddedDatabaseType' (OnClassCondition)
?[0m?[0;34m
?[0m?[0;34m
?[0m?[0;34mExclusions:
?[0m?[0;34m-----------
?[0m?[0;34m
?[0m?[0;34m    None
?[0m?[0;34m
?[0m?[0;34m
?[0m?[0;34mUnconditional classes:
?[0m?[0;34m----------------------
?[0m?[0;34m
?[0m?[0;34m    org.springframework.boot.autoconfigure.context.ConfigurationPropertiesAutoConfiguration
?[0m?[0;34m
?[0m?[0;34m    org.springframework.boot.actuate.autoconfigure.availability.AvailabilityHealthContributorAutoConfiguration
?[0m?[0;34m
?[0m?[0;34m    org.springframework.boot.actuate.autoconfigure.info.InfoContributorAutoConfiguration
?[0m?[0;34m
?[0m?[0;34m    org.springframework.boot.autoconfigure.context.PropertyPlaceholderAutoConfiguration
?[0m?[0;34m
?[0m?[0;34m    org.springframework.boot.autoconfigure.context.LifecycleAutoConfiguration
?[0m?[0;34m
?[0m?[0;34m    org.springframework.boot.actuate.autoconfigure.health.HealthContributorAutoConfiguration
?[0m?[0;34m
?[0m?[0;34m    org.springframework.boot.actuate.autoconfigure.metrics.integration.IntegrationMetricsAutoConfiguration
?[0m?[0;34m
?[0m?[0;34m    org.springframework.boot.actuate.autoconfigure.endpoint.EndpointAutoConfiguration
?[0m?[0;34m
?[0m?[0;34m    org.springframework.boot.autoconfigure.availability.ApplicationAvailabilityAutoConfiguration
?[0m?[0;34m
?[0m?[0;34m    org.springframework.boot.autoconfigure.info.ProjectInfoAutoConfiguration
?[0m?[0;34m
?[0m?[0;34m    org.springframework.boot.actuate.autoconfigure.web.server.ManagementContextAutoConfiguration
?[0m?[0;34m
?[0m?[0;34m
?[0m?[0;34m
?[0m?[0;34m2023-03-03 00:32:19.527  INFO 11836 --- [    Test worker] platform.CodeSharingPlatform             : Started CodeSharingPlatform in 0.961 seconds (JVM running for 21.063)
?[0m?[0;34m2023-03-03 00:32:19.528 DEBUG 11836 --- [    Test worker] o.s.b.a.ApplicationAvailabilityBean      : Application availability state LivenessState changed to CORRECT
?[0m?[0;34m2023-03-03 00:32:19.529 DEBUG 11836 --- [    Test worker] o.s.b.a.ApplicationAvailabilityBean      : Application availability state ReadinessState changed to ACCEPTING_TRAFFIC
?[0m?[1;31m
Start test 57?[0m
?[0;34m2023-03-03 00:32:19.533  INFO 11836 --- [nio-8889-exec-1] o.a.c.c.C.[Tomcat].[localhost].[/]       : Initializing Spring DispatcherServlet 'dispatcherServlet'
?[0m?[0;34m2023-03-03 00:32:19.533  INFO 11836 --- [nio-8889-exec-1] o.s.web.servlet.DispatcherServlet        : Initializing Servlet 'dispatcherServlet'
?[0m?[0;34m2023-03-03 00:32:19.533 DEBUG 11836 --- [nio-8889-exec-1] o.s.web.servlet.DispatcherServlet        : Detected StandardServletMultipartResolver
?[0m?[0;34m2023-03-03 00:32:19.533 DEBUG 11836 --- [nio-8889-exec-1] o.s.web.servlet.DispatcherServlet        : Detected AcceptHeaderLocaleResolver
?[0m?[0;34m2023-03-03 00:32:19.533 DEBUG 11836 --- [nio-8889-exec-1] o.s.web.servlet.DispatcherServlet        : Detected FixedThemeResolver
?[0m?[0;34m2023-03-03 00:32:19.534 DEBUG 11836 --- [nio-8889-exec-1] o.s.web.servlet.DispatcherServlet        : Detected org.springframework.web.servlet.view.DefaultRequestToViewNameTranslator@7aac6d13
?[0m?[0;34m2023-03-03 00:32:19.535 DEBUG 11836 --- [nio-8889-exec-1] o.s.web.servlet.DispatcherServlet        : Detected org.springframework.web.servlet.support.SessionFlashMapManager@72a45b71
?[0m?[0;34m2023-03-03 00:32:19.535 DEBUG 11836 --- [nio-8889-exec-1] o.s.web.servlet.DispatcherServlet        : enableLoggingRequestDetails='false': request parameters and headers will be masked to prevent unsafe logging of potentially sensitive data
?[0m?[0;34m2023-03-03 00:32:19.535  INFO 11836 --- [nio-8889-exec-1] o.s.web.servlet.DispatcherServlet        : Completed initialization in 2 ms
?[0m?[0;34m2023-03-03 00:32:19.535 DEBUG 11836 --- [nio-8889-exec-1] o.s.web.servlet.DispatcherServlet        : GET "/api/code/e84ae7e1-673c-40bb-babd-787dd18196d2", parameters={}
?[0m?[0;34m2023-03-03 00:32:19.536 DEBUG 11836 --- [nio-8889-exec-1] s.w.s.m.m.a.RequestMappingHandlerMapping : Mapped to platform.presentationlayer.APIcspController#getApiEnpoint(String)
?[0m?[0;34m2023-03-03 00:32:19.542 DEBUG 11836 --- [nio-8889-exec-1] org.hibernate.SQL                        : select code0_.id_code as id_code1_0_, code0_.code as code2_0_, code0_.codeuuid as codeuuid3_0_, code0_.formated_date_time as formated4_0_, code0_.date as date5_0_, code0_.remaining_time as remainin6_0_, code0_.remaining_views as remainin7_0_, code0_.restriction_by_date_is_accessible as restrict8_0_, code0_.restriction_by_views_is_accessible as restrict9_0_ from codes code0_ where code0_.codeuuid=?
?[0m?[0;34m2023-03-03 00:32:19.548 DEBUG 11836 --- [nio-8889-exec-1] m.m.a.RequestResponseBodyMethodProcessor : Using 'application/json', given [*/*] and supported [application/json, application/*+json, application/json, application/*+json]
?[0m?[0;34m2023-03-03 00:32:19.548 DEBUG 11836 --- [nio-8889-exec-1] m.m.a.RequestResponseBodyMethodProcessor : Writing [platform.businesslayer.Code@441d3b76]
?[0m?[0;34m2023-03-03 00:32:19.549 DEBUG 11836 --- [nio-8889-exec-1] o.s.web.servlet.DispatcherServlet        : Completed 200 OK
?[1;31m
Start test 58?[0m
?[0;34m2023-03-03 00:32:19.557 DEBUG 11836 --- [nio-8889-exec-2] o.s.web.servlet.DispatcherServlet        : GET "/code/e84ae7e1-673c-40bb-babd-787dd18196d2", parameters={}
?[0m?[0;34m2023-03-03 00:32:19.558 DEBUG 11836 --- [nio-8889-exec-2] s.w.s.m.m.a.RequestMappingHandlerMapping : Mapped to platform.presentationlayer.WEBcpsController#getCodeNewCreationEndPoint2(Model, String)
?[0m?[0;34m2023-03-03 00:32:19.559 DEBUG 11836 --- [nio-8889-exec-2] org.hibernate.SQL                        : select code0_.id_code as id_code1_0_, code0_.code as code2_0_, code0_.codeuuid as codeuuid3_0_, code0_.formated_date_time as formated4_0_, code0_.date as date5_0_, code0_.remaining_time as remainin6_0_, code0_.remaining_views as remainin7_0_, code0_.restriction_by_date_is_accessible as restrict8_0_, code0_.restriction_by_views_is_accessible as restrict9_0_ from codes code0_ where code0_.codeuuid=?
?[0m?[0;34m2023-03-03 00:32:19.561 DEBUG 11836 --- [nio-8889-exec-2] o.s.w.servlet.view.BeanNameViewResolver  : Found bean named 'code' but it does not implement View
?[0m?[0;34m2023-03-03 00:32:19.566 DEBUG 11836 --- [nio-8889-exec-2] o.s.w.s.v.ContentNegotiatingViewResolver : Selected 'text/html' given [text/html]
?[0m?[0;34m2023-03-03 00:32:19.567 DEBUG 11836 --- [nio-8889-exec-2] o.s.w.s.view.freemarker.FreeMarkerView   : View name 'code', model {code=platform.businesslayer.Code@90aeb39, date=03-03-2023 00:32:06, org.springframework.validation.BindingResult.code=org.springframework.validation.BeanPropertyBindingResult: 0 errors}
?[0m?[0;34m2023-03-03 00:32:19.567 DEBUG 11836 --- [nio-8889-exec-2] o.s.w.s.view.freemarker.FreeMarkerView   : Rendering [code.ftlh]
?[0m?[0;34m2023-03-03 00:32:19.568 DEBUG 11836 --- [nio-8889-exec-2] o.s.web.servlet.DispatcherServlet        : Completed 200 OK
?[1;31m
Start test 59?[0m
?[0;34m2023-03-03 00:32:19.588 DEBUG 11836 --- [nio-8889-exec-5] o.s.web.servlet.DispatcherServlet        : GET "/api/code/8eacac71-1468-493e-b6c0-691d97711d1f", parameters={}
?[0m?[0;34m2023-03-03 00:32:19.588 DEBUG 11836 --- [nio-8889-exec-5] s.w.s.m.m.a.RequestMappingHandlerMapping : Mapped to platform.presentationlayer.APIcspController#getApiEnpoint(String)
?[0m?[0;34m2023-03-03 00:32:19.589 DEBUG 11836 --- [nio-8889-exec-5] org.hibernate.SQL                        : select code0_.id_code as id_code1_0_, code0_.code as code2_0_, code0_.codeuuid as codeuuid3_0_, code0_.formated_date_time as formated4_0_, code0_.date as date5_0_, code0_.remaining_time as remainin6_0_, code0_.remaining_views as remainin7_0_, code0_.restriction_by_date_is_accessible as restrict8_0_, code0_.restriction_by_views_is_accessible as restrict9_0_ from codes code0_ where code0_.codeuuid=?
?[0m?[0;34m2023-03-03 00:32:19.591 DEBUG 11836 --- [nio-8889-exec-5] m.m.a.RequestResponseBodyMethodProcessor : Using 'application/json', given [*/*] and supported [application/json, application/*+json, application/json, application/*+json]
?[0m?[0;34m2023-03-03 00:32:19.591 DEBUG 11836 --- [nio-8889-exec-5] m.m.a.RequestResponseBodyMethodProcessor : Writing [platform.businesslayer.Code@1df40d54]
?[0m?[0;34m2023-03-03 00:32:19.592 DEBUG 11836 --- [nio-8889-exec-5] o.s.web.servlet.DispatcherServlet        : Completed 200 OK
?[1;31m
Start test 60?[0m
?[0;34m2023-03-03 00:32:19.599 DEBUG 11836 --- [nio-8889-exec-6] o.s.web.servlet.DispatcherServlet        : GET "/code/8eacac71-1468-493e-b6c0-691d97711d1f", parameters={}
?[0m?[0;34m2023-03-03 00:32:19.599 DEBUG 11836 --- [nio-8889-exec-6] s.w.s.m.m.a.RequestMappingHandlerMapping : Mapped to platform.presentationlayer.WEBcpsController#getCodeNewCreationEndPoint2(Model, String)
?[0m?[0;34m2023-03-03 00:32:19.600 DEBUG 11836 --- [nio-8889-exec-6] org.hibernate.SQL                        : select code0_.id_code as id_code1_0_, code0_.code as code2_0_, code0_.codeuuid as codeuuid3_0_, code0_.formated_date_time as formated4_0_, code0_.date as date5_0_, code0_.remaining_time as remainin6_0_, code0_.remaining_views as remainin7_0_, code0_.restriction_by_date_is_accessible as restrict8_0_, code0_.restriction_by_views_is_accessible as restrict9_0_ from codes code0_ where code0_.codeuuid=?
?[0m?[0;34m2023-03-03 00:32:19.602 DEBUG 11836 --- [nio-8889-exec-6] o.s.w.servlet.view.BeanNameViewResolver  : Found bean named 'code' but it does not implement View
?[0m?[0;34m2023-03-03 00:32:19.603 DEBUG 11836 --- [nio-8889-exec-6] o.s.w.s.v.ContentNegotiatingViewResolver : Selected 'text/html' given [text/html]
?[0m?[0;34m2023-03-03 00:32:19.603 DEBUG 11836 --- [nio-8889-exec-6] o.s.w.s.view.freemarker.FreeMarkerView   : View name 'code', model {code=platform.businesslayer.Code@3272df44, date=03-03-2023 00:32:07, org.springframework.validation.BindingResult.code=org.springframework.validation.BeanPropertyBindingResult: 0 errors}
?[0m?[0;34m2023-03-03 00:32:19.603 DEBUG 11836 --- [nio-8889-exec-6] o.s.w.s.view.freemarker.FreeMarkerView   : Rendering [code.ftlh]
?[0m?[0;34m2023-03-03 00:32:19.604 DEBUG 11836 --- [nio-8889-exec-6] o.s.web.servlet.DispatcherServlet        : Completed 200 OK
?[1;31m
Start test 61?[0m
?[0;34m2023-03-03 00:32:19.610 DEBUG 11836 --- [nio-8889-exec-7] o.s.web.servlet.DispatcherServlet        : GET "/api/code/215fc52e-4f5c-49d1-a413-85ed240c1b31", parameters={}
?[0m?[0;34m2023-03-03 00:32:19.610 DEBUG 11836 --- [nio-8889-exec-7] s.w.s.m.m.a.RequestMappingHandlerMapping : Mapped to platform.presentationlayer.APIcspController#getApiEnpoint(String)
?[0m?[0;34m2023-03-03 00:32:19.611 DEBUG 11836 --- [nio-8889-exec-7] org.hibernate.SQL                        : select code0_.id_code as id_code1_0_, code0_.code as code2_0_, code0_.codeuuid as codeuuid3_0_, code0_.formated_date_time as formated4_0_, code0_.date as date5_0_, code0_.remaining_time as remainin6_0_, code0_.remaining_views as remainin7_0_, code0_.restriction_by_date_is_accessible as restrict8_0_, code0_.restriction_by_views_is_accessible as restrict9_0_ from codes code0_ where code0_.codeuuid=?
?[0m?[0;34m2023-03-03 00:32:19.613 DEBUG 11836 --- [nio-8889-exec-7] m.m.a.RequestResponseBodyMethodProcessor : Using 'application/json', given [*/*] and supported [application/json, application/*+json, application/json, application/*+json]
?[0m?[0;34m2023-03-03 00:32:19.613 DEBUG 11836 --- [nio-8889-exec-7] m.m.a.RequestResponseBodyMethodProcessor : Writing [platform.businesslayer.Code@1457972a]
?[0m?[0;34m2023-03-03 00:32:19.614 DEBUG 11836 --- [nio-8889-exec-7] o.s.web.servlet.DispatcherServlet        : Completed 200 OK
?[1;31m
Start test 62?[0m
?[0;34m2023-03-03 00:32:19.620 DEBUG 11836 --- [nio-8889-exec-8] o.s.web.servlet.DispatcherServlet        : GET "/code/215fc52e-4f5c-49d1-a413-85ed240c1b31", parameters={}
?[0m?[0;34m2023-03-03 00:32:19.620 DEBUG 11836 --- [nio-8889-exec-8] s.w.s.m.m.a.RequestMappingHandlerMapping : Mapped to platform.presentationlayer.WEBcpsController#getCodeNewCreationEndPoint2(Model, String)
?[0m?[0;34m2023-03-03 00:32:19.621 DEBUG 11836 --- [nio-8889-exec-8] org.hibernate.SQL                        : select code0_.id_code as id_code1_0_, code0_.code as code2_0_, code0_.codeuuid as codeuuid3_0_, code0_.formated_date_time as formated4_0_, code0_.date as date5_0_, code0_.remaining_time as remainin6_0_, code0_.remaining_views as remainin7_0_, code0_.restriction_by_date_is_accessible as restrict8_0_, code0_.restriction_by_views_is_accessible as restrict9_0_ from codes code0_ where code0_.codeuuid=?
?[0m?[0;34m2023-03-03 00:32:19.622 DEBUG 11836 --- [nio-8889-exec-8] o.s.w.servlet.view.BeanNameViewResolver  : Found bean named 'code' but it does not implement View
?[0m?[0;34m2023-03-03 00:32:19.623 DEBUG 11836 --- [nio-8889-exec-8] o.s.w.s.v.ContentNegotiatingViewResolver : Selected 'text/html' given [text/html]
?[0m?[0;34m2023-03-03 00:32:19.623 DEBUG 11836 --- [nio-8889-exec-8] o.s.w.s.view.freemarker.FreeMarkerView   : View name 'code', model {code=platform.businesslayer.Code@61a35a28, date=03-03-2023 00:32:07, org.springframework.validation.BindingResult.code=org.springframework.validation.BeanPropertyBindingResult: 0 errors}
?[0m?[0;34m2023-03-03 00:32:19.623 DEBUG 11836 --- [nio-8889-exec-8] o.s.w.s.view.freemarker.FreeMarkerView   : Rendering [code.ftlh]
?[0m?[0;34m2023-03-03 00:32:19.624 DEBUG 11836 --- [nio-8889-exec-8] o.s.web.servlet.DispatcherServlet        : Completed 200 OK
?[1;31m
Start test 63?[0m
?[0;34m2023-03-03 00:32:19.629 DEBUG 11836 --- [nio-8889-exec-9] o.s.web.servlet.DispatcherServlet        : GET "/api/code/40fb8f6d-7ea7-41e6-aa78-41e50f33dc20", parameters={}
?[0m?[0;34m2023-03-03 00:32:19.630 DEBUG 11836 --- [nio-8889-exec-9] s.w.s.m.m.a.RequestMappingHandlerMapping : Mapped to platform.presentationlayer.APIcspController#getApiEnpoint(String)
?[0m?[0;34m2023-03-03 00:32:19.631 DEBUG 11836 --- [nio-8889-exec-9] org.hibernate.SQL                        : select code0_.id_code as id_code1_0_, code0_.code as code2_0_, code0_.codeuuid as codeuuid3_0_, code0_.formated_date_time as formated4_0_, code0_.date as date5_0_, code0_.remaining_time as remainin6_0_, code0_.remaining_views as remainin7_0_, code0_.restriction_by_date_is_accessible as restrict8_0_, code0_.restriction_by_views_is_accessible as restrict9_0_ from codes code0_ where code0_.codeuuid=?
?[0m?[0;34m2023-03-03 00:32:19.632 DEBUG 11836 --- [nio-8889-exec-9] m.m.a.RequestResponseBodyMethodProcessor : Using 'application/json', given [*/*] and supported [application/json, application/*+json, application/json, application/*+json]
?[0m?[0;34m2023-03-03 00:32:19.632 DEBUG 11836 --- [nio-8889-exec-9] m.m.a.RequestResponseBodyMethodProcessor : Writing [platform.businesslayer.Code@5185f29a]
?[0m?[0;34m2023-03-03 00:32:19.633 DEBUG 11836 --- [nio-8889-exec-9] o.s.web.servlet.DispatcherServlet        : Completed 200 OK
?[1;31m
Start test 64?[0m
?[0;34m2023-03-03 00:32:19.638 DEBUG 11836 --- [io-8889-exec-10] o.s.web.servlet.DispatcherServlet        : GET "/code/40fb8f6d-7ea7-41e6-aa78-41e50f33dc20", parameters={}
?[0m?[0;34m2023-03-03 00:32:19.639 DEBUG 11836 --- [io-8889-exec-10] s.w.s.m.m.a.RequestMappingHandlerMapping : Mapped to platform.presentationlayer.WEBcpsController#getCodeNewCreationEndPoint2(Model, String)
?[0m?[0;34m2023-03-03 00:32:19.640 DEBUG 11836 --- [io-8889-exec-10] org.hibernate.SQL                        : select code0_.id_code as id_code1_0_, code0_.code as code2_0_, code0_.codeuuid as codeuuid3_0_, code0_.formated_date_time as formated4_0_, code0_.date as date5_0_, code0_.remaining_time as remainin6_0_, code0_.remaining_views as remainin7_0_, code0_.restriction_by_date_is_accessible as restrict8_0_, code0_.restriction_by_views_is_accessible as restrict9_0_ from codes code0_ where code0_.codeuuid=?
?[0m?[0;34m2023-03-03 00:32:19.641 DEBUG 11836 --- [io-8889-exec-10] o.s.w.servlet.view.BeanNameViewResolver  : Found bean named 'code' but it does not implement View
?[0m?[0;34m2023-03-03 00:32:19.642 DEBUG 11836 --- [io-8889-exec-10] o.s.w.s.v.ContentNegotiatingViewResolver : Selected 'text/html' given [text/html]
?[0m?[0;34m2023-03-03 00:32:19.642 DEBUG 11836 --- [io-8889-exec-10] o.s.w.s.view.freemarker.FreeMarkerView   : View name 'code', model {code=platform.businesslayer.Code@16f5e6dc, date=03-03-2023 00:32:07, org.springframework.validation.BindingResult.code=org.springframework.validation.BeanPropertyBindingResult: 0 errors}
?[0m?[0;34m2023-03-03 00:32:19.642 DEBUG 11836 --- [io-8889-exec-10] o.s.w.s.view.freemarker.FreeMarkerView   : Rendering [code.ftlh]
?[0m?[0;34m2023-03-03 00:32:19.643 DEBUG 11836 --- [io-8889-exec-10] o.s.web.servlet.DispatcherServlet        : Completed 200 OK
?[1;31m
Start test 65?[0m
?[0m?[0;34m2023-03-03 00:32:19.648 DEBUG 11836 --- [nio-8889-exec-1] o.s.web.servlet.DispatcherServlet        : GET "/api/code/42318c46-0cf8-461a-be0d-a14bf2387c8f", parameters={}
?[0m?[0;34m2023-03-03 00:32:19.649 DEBUG 11836 --- [nio-8889-exec-1] s.w.s.m.m.a.RequestMappingHandlerMapping : Mapped to platform.presentationlayer.APIcspController#getApiEnpoint(String)
?[0m?[0;34m2023-03-03 00:32:19.649 DEBUG 11836 --- [nio-8889-exec-1] org.hibernate.SQL                        : select code0_.id_code as id_code1_0_, code0_.code as code2_0_, code0_.codeuuid as codeuuid3_0_, code0_.formated_date_time as formated4_0_, code0_.date as date5_0_, code0_.remaining_time as remainin6_0_, code0_.remaining_views as remainin7_0_, code0_.restriction_by_date_is_accessible as restrict8_0_, code0_.restriction_by_views_is_accessible as restrict9_0_ from codes code0_ where code0_.codeuuid=?
?[0m?[0;34m2023-03-03 00:32:19.650 DEBUG 11836 --- [nio-8889-exec-1] m.m.a.RequestResponseBodyMethodProcessor : Using 'application/json', given [*/*] and supported [application/json, application/*+json, application/json, application/*+json]
?[0m?[0;34m2023-03-03 00:32:19.651 DEBUG 11836 --- [nio-8889-exec-1] m.m.a.RequestResponseBodyMethodProcessor : Writing [platform.businesslayer.Code@2fcb398f]
?[0m?[0;34m2023-03-03 00:32:19.651 DEBUG 11836 --- [nio-8889-exec-1] o.s.web.servlet.DispatcherServlet        : Completed 200 OK
?[1;31m
Start test 66?[0m
?[0m?[0;34m2023-03-03 00:32:19.657 DEBUG 11836 --- [nio-8889-exec-2] o.s.web.servlet.DispatcherServlet        : GET "/code/42318c46-0cf8-461a-be0d-a14bf2387c8f", parameters={}
?[0m?[0;34m2023-03-03 00:32:19.657 DEBUG 11836 --- [nio-8889-exec-2] s.w.s.m.m.a.RequestMappingHandlerMapping : Mapped to platform.presentationlayer.WEBcpsController#getCodeNewCreationEndPoint2(Model, String)
?[0m?[0;34m2023-03-03 00:32:19.658 DEBUG 11836 --- [nio-8889-exec-2] org.hibernate.SQL                        : select code0_.id_code as id_code1_0_, code0_.code as code2_0_, code0_.codeuuid as codeuuid3_0_, code0_.formated_date_time as formated4_0_, code0_.date as date5_0_, code0_.remaining_time as remainin6_0_, code0_.remaining_views as remainin7_0_, code0_.restriction_by_date_is_accessible as restrict8_0_, code0_.restriction_by_views_is_accessible as restrict9_0_ from codes code0_ where code0_.codeuuid=?
?[0m?[0;34m2023-03-03 00:32:19.660 DEBUG 11836 --- [nio-8889-exec-2] o.s.w.servlet.view.BeanNameViewResolver  : Found bean named 'code' but it does not implement View
?[0m?[0;34m2023-03-03 00:32:19.662 DEBUG 11836 --- [nio-8889-exec-2] o.s.w.s.v.ContentNegotiatingViewResolver : Selected 'text/html' given [text/html]
?[0m?[0;34m2023-03-03 00:32:19.662 DEBUG 11836 --- [nio-8889-exec-2] o.s.w.s.view.freemarker.FreeMarkerView   : View name 'code', model {code=platform.businesslayer.Code@7d8edf10, date=03-03-2023 00:32:07, org.springframework.validation.BindingResult.code=org.springframework.validation.BeanPropertyBindingResult: 0 errors}
?[0m?[0;34m2023-03-03 00:32:19.662 DEBUG 11836 --- [nio-8889-exec-2] o.s.w.s.view.freemarker.FreeMarkerView   : Rendering [code.ftlh]
?[0m?[0;34m2023-03-03 00:32:19.663 DEBUG 11836 --- [nio-8889-exec-2] o.s.web.servlet.DispatcherServlet        : Completed 200 OK
?[1;31m
Start test 67?[0m
?[0;34m2023-03-03 00:32:19.669 DEBUG 11836 --- [nio-8889-exec-3] o.s.web.servlet.DispatcherServlet        : GET "/api/code/5298efb0-16b7-46c3-8f5a-2830bbb8ac25", parameters={}
?[0m?[0;34m2023-03-03 00:32:19.670 DEBUG 11836 --- [nio-8889-exec-3] s.w.s.m.m.a.RequestMappingHandlerMapping : Mapped to platform.presentationlayer.APIcspController#getApiEnpoint(String)
?[0m?[0;34m2023-03-03 00:32:19.671 DEBUG 11836 --- [nio-8889-exec-3] org.hibernate.SQL                        : select code0_.id_code as id_code1_0_, code0_.code as code2_0_, code0_.codeuuid as codeuuid3_0_, code0_.formated_date_time as formated4_0_, code0_.date as date5_0_, code0_.remaining_time as remainin6_0_, code0_.remaining_views as remainin7_0_, code0_.restriction_by_date_is_accessible as restrict8_0_, code0_.restriction_by_views_is_accessible as restrict9_0_ from codes code0_ where code0_.codeuuid=?
?[0m?[0;34m2023-03-03 00:32:19.673 DEBUG 11836 --- [nio-8889-exec-3] m.m.a.RequestResponseBodyMethodProcessor : Using 'application/json', given [*/*] and supported [application/json, application/*+json, application/json, application/*+json]
?[0m?[0;34m2023-03-03 00:32:19.673 DEBUG 11836 --- [nio-8889-exec-3] m.m.a.RequestResponseBodyMethodProcessor : Writing [platform.businesslayer.Code@1119335a]
?[0m?[0;34m2023-03-03 00:32:19.674 DEBUG 11836 --- [nio-8889-exec-3] o.s.web.servlet.DispatcherServlet        : Completed 200 OK
?[1;31m
Start test 68?[0m
?[0;34m2023-03-03 00:32:19.679 DEBUG 11836 --- [nio-8889-exec-4] o.s.web.servlet.DispatcherServlet        : GET "/code/5298efb0-16b7-46c3-8f5a-2830bbb8ac25", parameters={}
?[0m?[0;34m2023-03-03 00:32:19.679 DEBUG 11836 --- [nio-8889-exec-4] s.w.s.m.m.a.RequestMappingHandlerMapping : Mapped to platform.presentationlayer.WEBcpsController#getCodeNewCreationEndPoint2(Model, String)
?[0m?[0;34m2023-03-03 00:32:19.680 DEBUG 11836 --- [nio-8889-exec-4] org.hibernate.SQL                        : select code0_.id_code as id_code1_0_, code0_.code as code2_0_, code0_.codeuuid as codeuuid3_0_, code0_.formated_date_time as formated4_0_, code0_.date as date5_0_, code0_.remaining_time as remainin6_0_, code0_.remaining_views as remainin7_0_, code0_.restriction_by_date_is_accessible as restrict8_0_, code0_.restriction_by_views_is_accessible as restrict9_0_ from codes code0_ where code0_.codeuuid=?
?[0m?[0;34m2023-03-03 00:32:19.682 DEBUG 11836 --- [nio-8889-exec-4] o.s.w.servlet.view.BeanNameViewResolver  : Found bean named 'code' but it does not implement View
?[0m?[0;34m2023-03-03 00:32:19.682 DEBUG 11836 --- [nio-8889-exec-4] o.s.w.s.v.ContentNegotiatingViewResolver : Selected 'text/html' given [text/html]
?[0m?[0;34m2023-03-03 00:32:19.683 DEBUG 11836 --- [nio-8889-exec-4] o.s.w.s.view.freemarker.FreeMarkerView   : View name 'code', model {code=platform.businesslayer.Code@6ddb8077, date=03-03-2023 00:32:07, org.springframework.validation.BindingResult.code=org.springframework.validation.BeanPropertyBindingResult: 0 errors}
?[0m?[0;34m2023-03-03 00:32:19.683 DEBUG 11836 --- [nio-8889-exec-4] o.s.w.s.view.freemarker.FreeMarkerView   : Rendering [code.ftlh]
?[0m?[0;34m2023-03-03 00:32:19.683 DEBUG 11836 --- [nio-8889-exec-4] o.s.web.servlet.DispatcherServlet        : Completed 200 OK
?[1;31m
Start test 69?[0m
?[0m?[0;34m2023-03-03 00:32:19.690 DEBUG 11836 --- [nio-8889-exec-5] o.s.web.servlet.DispatcherServlet        : GET "/api/code/42798786-b792-4411-ae1b-8381c1bc3cc1", parameters={}
?[0m?[0;34m2023-03-03 00:32:19.690 DEBUG 11836 --- [nio-8889-exec-5] s.w.s.m.m.a.RequestMappingHandlerMapping : Mapped to platform.presentationlayer.APIcspController#getApiEnpoint(String)
?[0m?[0;34m2023-03-03 00:32:19.691 DEBUG 11836 --- [nio-8889-exec-5] org.hibernate.SQL                        : select code0_.id_code as id_code1_0_, code0_.code as code2_0_, code0_.codeuuid as codeuuid3_0_, code0_.formated_date_time as formated4_0_, code0_.date as date5_0_, code0_.remaining_time as remainin6_0_, code0_.remaining_views as remainin7_0_, code0_.restriction_by_date_is_accessible as restrict8_0_, code0_.restriction_by_views_is_accessible as restrict9_0_ from codes code0_ where code0_.codeuuid=?
?[0m?[0;34m2023-03-03 00:32:19.693 DEBUG 11836 --- [nio-8889-exec-5] m.m.a.RequestResponseBodyMethodProcessor : Using 'application/json', given [*/*] and supported [application/json, application/*+json, application/json, application/*+json]
?[0m?[0;34m2023-03-03 00:32:19.693 DEBUG 11836 --- [nio-8889-exec-5] m.m.a.RequestResponseBodyMethodProcessor : Writing [platform.businesslayer.Code@6964c9e2]
?[0m?[0;34m2023-03-03 00:32:19.694 DEBUG 11836 --- [nio-8889-exec-5] o.s.web.servlet.DispatcherServlet        : Completed 200 OK
?[1;31m
Start test 70?[0m
?[0m?[0;34m2023-03-03 00:32:19.699 DEBUG 11836 --- [nio-8889-exec-6] o.s.web.servlet.DispatcherServlet        : GET "/code/42798786-b792-4411-ae1b-8381c1bc3cc1", parameters={}
?[0m?[0;34m2023-03-03 00:32:19.699 DEBUG 11836 --- [nio-8889-exec-6] s.w.s.m.m.a.RequestMappingHandlerMapping : Mapped to platform.presentationlayer.WEBcpsController#getCodeNewCreationEndPoint2(Model, String)
?[0m?[0;34m2023-03-03 00:32:19.700 DEBUG 11836 --- [nio-8889-exec-6] org.hibernate.SQL                        : select code0_.id_code as id_code1_0_, code0_.code as code2_0_, code0_.codeuuid as codeuuid3_0_, code0_.formated_date_time as formated4_0_, code0_.date as date5_0_, code0_.remaining_time as remainin6_0_, code0_.remaining_views as remainin7_0_, code0_.restriction_by_date_is_accessible as restrict8_0_, code0_.restriction_by_views_is_accessible as restrict9_0_ from codes code0_ where code0_.codeuuid=?
?[0m?[0;34m2023-03-03 00:32:19.701 DEBUG 11836 --- [nio-8889-exec-6] o.s.w.servlet.view.BeanNameViewResolver  : Found bean named 'code' but it does not implement View
?[0m?[0;34m2023-03-03 00:32:19.702 DEBUG 11836 --- [nio-8889-exec-6] o.s.w.s.v.ContentNegotiatingViewResolver : Selected 'text/html' given [text/html]
?[0m?[0;34m2023-03-03 00:32:19.703 DEBUG 11836 --- [nio-8889-exec-6] o.s.w.s.view.freemarker.FreeMarkerView   : View name 'code', model {code=platform.businesslayer.Code@464d2756, date=03-03-2023 00:32:07, org.springframework.validation.BindingResult.code=org.springframework.validation.BeanPropertyBindingResult: 0 errors}
?[0m?[0;34m2023-03-03 00:32:19.703 DEBUG 11836 --- [nio-8889-exec-6] o.s.w.s.view.freemarker.FreeMarkerView   : Rendering [code.ftlh]
?[0m?[0;34m2023-03-03 00:32:19.703 DEBUG 11836 --- [nio-8889-exec-6] o.s.web.servlet.DispatcherServlet        : Completed 200 OK
?[1;31m
Start test 71?[0m
?[0m?[0;34m2023-03-03 00:32:19.708 DEBUG 11836 --- [nio-8889-exec-7] o.s.web.servlet.DispatcherServlet        : GET "/api/code/175f5b74-cbb8-47a9-9c04-e6d21fcd399d", parameters={}
?[0m?[0;34m2023-03-03 00:32:19.709 DEBUG 11836 --- [nio-8889-exec-7] s.w.s.m.m.a.RequestMappingHandlerMapping : Mapped to platform.presentationlayer.APIcspController#getApiEnpoint(String)
?[0m?[0;34m2023-03-03 00:32:19.709 DEBUG 11836 --- [nio-8889-exec-7] org.hibernate.SQL                        : select code0_.id_code as id_code1_0_, code0_.code as code2_0_, code0_.codeuuid as codeuuid3_0_, code0_.formated_date_time as formated4_0_, code0_.date as date5_0_, code0_.remaining_time as remainin6_0_, code0_.remaining_views as remainin7_0_, code0_.restriction_by_date_is_accessible as restrict8_0_, code0_.restriction_by_views_is_accessible as restrict9_0_ from codes code0_ where code0_.codeuuid=?
?[0m?[0;34m2023-03-03 00:32:19.710 DEBUG 11836 --- [nio-8889-exec-7] m.m.a.RequestResponseBodyMethodProcessor : Using 'application/json', given [*/*] and supported [application/json, application/*+json, application/json, application/*+json]
?[0m?[0;34m2023-03-03 00:32:19.710 DEBUG 11836 --- [nio-8889-exec-7] m.m.a.RequestResponseBodyMethodProcessor : Writing [platform.businesslayer.Code@60cef891]
?[0m?[0;34m2023-03-03 00:32:19.711 DEBUG 11836 --- [nio-8889-exec-7] o.s.web.servlet.DispatcherServlet        : Completed 200 OK
?[1;31m
Start test 72?[0m
?[0m?[0;34m2023-03-03 00:32:19.715 DEBUG 11836 --- [nio-8889-exec-8] o.s.web.servlet.DispatcherServlet        : GET "/code/175f5b74-cbb8-47a9-9c04-e6d21fcd399d", parameters={}
?[0m?[0;34m2023-03-03 00:32:19.715 DEBUG 11836 --- [nio-8889-exec-8] s.w.s.m.m.a.RequestMappingHandlerMapping : Mapped to platform.presentationlayer.WEBcpsController#getCodeNewCreationEndPoint2(Model, String)
?[0m?[0;34m2023-03-03 00:32:19.716 DEBUG 11836 --- [nio-8889-exec-8] org.hibernate.SQL                        : select code0_.id_code as id_code1_0_, code0_.code as code2_0_, code0_.codeuuid as codeuuid3_0_, code0_.formated_date_time as formated4_0_, code0_.date as date5_0_, code0_.remaining_time as remainin6_0_, code0_.remaining_views as remainin7_0_, code0_.restriction_by_date_is_accessible as restrict8_0_, code0_.restriction_by_views_is_accessible as restrict9_0_ from codes code0_ where code0_.codeuuid=?
?[0m?[0;34m2023-03-03 00:32:19.717 DEBUG 11836 --- [nio-8889-exec-8] o.s.w.servlet.view.BeanNameViewResolver  : Found bean named 'code' but it does not implement View
?[0m?[0;34m2023-03-03 00:32:19.718 DEBUG 11836 --- [nio-8889-exec-8] o.s.w.s.v.ContentNegotiatingViewResolver : Selected 'text/html' given [text/html]
?[0m?[0;34m2023-03-03 00:32:19.718 DEBUG 11836 --- [nio-8889-exec-8] o.s.w.s.view.freemarker.FreeMarkerView   : View name 'code', model {code=platform.businesslayer.Code@154faa04, date=03-03-2023 00:32:07, org.springframework.validation.BindingResult.code=org.springframework.validation.BeanPropertyBindingResult: 0 errors}
?[0m?[0;34m2023-03-03 00:32:19.718 DEBUG 11836 --- [nio-8889-exec-8] o.s.w.s.view.freemarker.FreeMarkerView   : Rendering [code.ftlh]
?[0m?[0;34m2023-03-03 00:32:19.719 DEBUG 11836 --- [nio-8889-exec-8] o.s.web.servlet.DispatcherServlet        : Completed 200 OK
?[1;31m
Start test 73?[0m
?[0m?[0;34m2023-03-03 00:32:19.723 DEBUG 11836 --- [nio-8889-exec-9] o.s.web.servlet.DispatcherServlet        : GET "/api/code/d9332ec3-356a-4a50-8ec5-a24472ce8b70", parameters={}
?[0m?[0;34m2023-03-03 00:32:19.724 DEBUG 11836 --- [nio-8889-exec-9] s.w.s.m.m.a.RequestMappingHandlerMapping : Mapped to platform.presentationlayer.APIcspController#getApiEnpoint(String)
?[0m?[0;34m2023-03-03 00:32:19.725 DEBUG 11836 --- [nio-8889-exec-9] org.hibernate.SQL                        : select code0_.id_code as id_code1_0_, code0_.code as code2_0_, code0_.codeuuid as codeuuid3_0_, code0_.formated_date_time as formated4_0_, code0_.date as date5_0_, code0_.remaining_time as remainin6_0_, code0_.remaining_views as remainin7_0_, code0_.restriction_by_date_is_accessible as restrict8_0_, code0_.restriction_by_views_is_accessible as restrict9_0_ from codes code0_ where code0_.codeuuid=?
?[0m?[0;34m2023-03-03 00:32:19.726 DEBUG 11836 --- [nio-8889-exec-9] m.m.a.RequestResponseBodyMethodProcessor : Using 'application/json', given [*/*] and supported [application/json, application/*+json, application/json, application/*+json]
?[0m?[0;34m2023-03-03 00:32:19.726 DEBUG 11836 --- [nio-8889-exec-9] m.m.a.RequestResponseBodyMethodProcessor : Writing [platform.businesslayer.Code@2559123c]
?[0m?[0;34m2023-03-03 00:32:19.726 DEBUG 11836 --- [nio-8889-exec-9] o.s.web.servlet.DispatcherServlet        : Completed 200 OK
?[1;31m
Start test 74?[0m
?[0m?[0;34m2023-03-03 00:32:19.731 DEBUG 11836 --- [io-8889-exec-10] o.s.web.servlet.DispatcherServlet        : GET "/code/d9332ec3-356a-4a50-8ec5-a24472ce8b70", parameters={}
?[0m?[0;34m2023-03-03 00:32:19.732 DEBUG 11836 --- [io-8889-exec-10] s.w.s.m.m.a.RequestMappingHandlerMapping : Mapped to platform.presentationlayer.WEBcpsController#getCodeNewCreationEndPoint2(Model, String)
?[0m?[0;34m2023-03-03 00:32:19.733 DEBUG 11836 --- [io-8889-exec-10] org.hibernate.SQL                        : select code0_.id_code as id_code1_0_, code0_.code as code2_0_, code0_.codeuuid as codeuuid3_0_, code0_.formated_date_time as formated4_0_, code0_.date as date5_0_, code0_.remaining_time as remainin6_0_, code0_.remaining_views as remainin7_0_, code0_.restriction_by_date_is_accessible as restrict8_0_, code0_.restriction_by_views_is_accessible as restrict9_0_ from codes code0_ where code0_.codeuuid=?
?[0m?[0;34m2023-03-03 00:32:19.734 DEBUG 11836 --- [io-8889-exec-10] o.s.w.servlet.view.BeanNameViewResolver  : Found bean named 'code' but it does not implement View
?[0m?[0;34m2023-03-03 00:32:19.735 DEBUG 11836 --- [io-8889-exec-10] o.s.w.s.v.ContentNegotiatingViewResolver : Selected 'text/html' given [text/html]
?[0m?[0;34m2023-03-03 00:32:19.735 DEBUG 11836 --- [io-8889-exec-10] o.s.w.s.view.freemarker.FreeMarkerView   : View name 'code', model {code=platform.businesslayer.Code@626e29e0, date=03-03-2023 00:32:07, org.springframework.validation.BindingResult.code=org.springframework.validation.BeanPropertyBindingResult: 0 errors}
?[0m?[0;34m2023-03-03 00:32:19.735 DEBUG 11836 --- [io-8889-exec-10] o.s.w.s.view.freemarker.FreeMarkerView   : Rendering [code.ftlh]
?[0m?[0;34m2023-03-03 00:32:19.736 DEBUG 11836 --- [io-8889-exec-10] o.s.web.servlet.DispatcherServlet        : Completed 200 OK
?[1;31m
Start test 75?[0m
?[0m?[0;34m2023-03-03 00:32:19.741 DEBUG 11836 --- [nio-8889-exec-1] o.s.web.servlet.DispatcherServlet        : GET "/api/code/ec323d4a-06f3-4a5e-ad6a-0d6e9db1b518", parameters={}
?[0m?[0;34m2023-03-03 00:32:19.742 DEBUG 11836 --- [nio-8889-exec-1] s.w.s.m.m.a.RequestMappingHandlerMapping : Mapped to platform.presentationlayer.APIcspController#getApiEnpoint(String)
?[0m?[0;34m2023-03-03 00:32:19.743 DEBUG 11836 --- [nio-8889-exec-1] org.hibernate.SQL                        : select code0_.id_code as id_code1_0_, code0_.code as code2_0_, code0_.codeuuid as codeuuid3_0_, code0_.formated_date_time as formated4_0_, code0_.date as date5_0_, code0_.remaining_time as remainin6_0_, code0_.remaining_views as remainin7_0_, code0_.restriction_by_date_is_accessible as restrict8_0_, code0_.restriction_by_views_is_accessible as restrict9_0_ from codes code0_ where code0_.codeuuid=?
?[0m?[0;34m2023-03-03 00:32:19.744 DEBUG 11836 --- [nio-8889-exec-1] m.m.a.RequestResponseBodyMethodProcessor : Using 'application/json', given [*/*] and supported [application/json, application/*+json, application/json, application/*+json]
?[0m?[0;34m2023-03-03 00:32:19.744 DEBUG 11836 --- [nio-8889-exec-1] m.m.a.RequestResponseBodyMethodProcessor : Writing [platform.businesslayer.Code@51e27146]
?[0m?[0;34m2023-03-03 00:32:19.745 DEBUG 11836 --- [nio-8889-exec-1] o.s.web.servlet.DispatcherServlet        : Completed 200 OK
?[1;31m
Start test 76?[0m
?[0m?[0;34m2023-03-03 00:32:19.749 DEBUG 11836 --- [nio-8889-exec-2] o.s.web.servlet.DispatcherServlet        : GET "/code/ec323d4a-06f3-4a5e-ad6a-0d6e9db1b518", parameters={}
?[0m?[0;34m2023-03-03 00:32:19.750 DEBUG 11836 --- [nio-8889-exec-2] s.w.s.m.m.a.RequestMappingHandlerMapping : Mapped to platform.presentationlayer.WEBcpsController#getCodeNewCreationEndPoint2(Model, String)
?[0m?[0;34m2023-03-03 00:32:19.751 DEBUG 11836 --- [nio-8889-exec-2] org.hibernate.SQL                        : select code0_.id_code as id_code1_0_, code0_.code as code2_0_, code0_.codeuuid as codeuuid3_0_, code0_.formated_date_time as formated4_0_, code0_.date as date5_0_, code0_.remaining_time as remainin6_0_, code0_.remaining_views as remainin7_0_, code0_.restriction_by_date_is_accessible as restrict8_0_, code0_.restriction_by_views_is_accessible as restrict9_0_ from codes code0_ where code0_.codeuuid=?
?[0m?[0;34m2023-03-03 00:32:19.752 DEBUG 11836 --- [nio-8889-exec-2] o.s.w.servlet.view.BeanNameViewResolver  : Found bean named 'code' but it does not implement View
?[0m?[0;34m2023-03-03 00:32:19.753 DEBUG 11836 --- [nio-8889-exec-2] o.s.w.s.v.ContentNegotiatingViewResolver : Selected 'text/html' given [text/html]
?[0m?[0;34m2023-03-03 00:32:19.753 DEBUG 11836 --- [nio-8889-exec-2] o.s.w.s.view.freemarker.FreeMarkerView   : View name 'code', model {code=platform.businesslayer.Code@dc2ff7e, date=03-03-2023 00:32:07, org.springframework.validation.BindingResult.code=org.springframework.validation.BeanPropertyBindingResult: 0 errors}
?[0m?[0;34m2023-03-03 00:32:19.753 DEBUG 11836 --- [nio-8889-exec-2] o.s.w.s.view.freemarker.FreeMarkerView   : Rendering [code.ftlh]
?[0m?[0;34m2023-03-03 00:32:19.754 DEBUG 11836 --- [nio-8889-exec-2] o.s.web.servlet.DispatcherServlet        : Completed 200 OK
?[1;31m
Start test 77?[0m
?[0m?[0;34m2023-03-03 00:32:19.759 DEBUG 11836 --- [nio-8889-exec-3] o.s.web.servlet.DispatcherServlet        : GET "/api/code/8a870335-c582-4131-873b-f2e2ae091972", parameters={}
?[0m?[0;34m2023-03-03 00:32:19.759 DEBUG 11836 --- [nio-8889-exec-3] s.w.s.m.m.a.RequestMappingHandlerMapping : Mapped to platform.presentationlayer.APIcspController#getApiEnpoint(String)
?[0m?[0;34m2023-03-03 00:32:19.760 DEBUG 11836 --- [nio-8889-exec-3] org.hibernate.SQL                        : select code0_.id_code as id_code1_0_, code0_.code as code2_0_, code0_.codeuuid as codeuuid3_0_, code0_.formated_date_time as formated4_0_, code0_.date as date5_0_, code0_.remaining_time as remainin6_0_, code0_.remaining_views as remainin7_0_, code0_.restriction_by_date_is_accessible as restrict8_0_, code0_.restriction_by_views_is_accessible as restrict9_0_ from codes code0_ where code0_.codeuuid=?
?[0m?[0;34m2023-03-03 00:32:19.762 DEBUG 11836 --- [nio-8889-exec-3] m.m.a.RequestResponseBodyMethodProcessor : Using 'application/json', given [*/*] and supported [application/json, application/*+json, application/json, application/*+json]
?[0m?[0;34m2023-03-03 00:32:19.762 DEBUG 11836 --- [nio-8889-exec-3] m.m.a.RequestResponseBodyMethodProcessor : Writing [platform.businesslayer.Code@65058faa]
?[0m?[0;34m2023-03-03 00:32:19.763 DEBUG 11836 --- [nio-8889-exec-3] o.s.web.servlet.DispatcherServlet        : Completed 200 OK
?[1;31m
Start test 78?[0m
?[0m?[0;34m2023-03-03 00:32:19.767 DEBUG 11836 --- [nio-8889-exec-4] o.s.web.servlet.DispatcherServlet        : GET "/code/8a870335-c582-4131-873b-f2e2ae091972", parameters={}
?[0m?[0;34m2023-03-03 00:32:19.768 DEBUG 11836 --- [nio-8889-exec-4] s.w.s.m.m.a.RequestMappingHandlerMapping : Mapped to platform.presentationlayer.WEBcpsController#getCodeNewCreationEndPoint2(Model, String)
?[0m?[0;34m2023-03-03 00:32:19.769 DEBUG 11836 --- [nio-8889-exec-4] org.hibernate.SQL                        : select code0_.id_code as id_code1_0_, code0_.code as code2_0_, code0_.codeuuid as codeuuid3_0_, code0_.formated_date_time as formated4_0_, code0_.date as date5_0_, code0_.remaining_time as remainin6_0_, code0_.remaining_views as remainin7_0_, code0_.restriction_by_date_is_accessible as restrict8_0_, code0_.restriction_by_views_is_accessible as restrict9_0_ from codes code0_ where code0_.codeuuid=?
?[0m?[0;34m2023-03-03 00:32:19.771 DEBUG 11836 --- [nio-8889-exec-4] o.s.w.servlet.view.BeanNameViewResolver  : Found bean named 'code' but it does not implement View
?[0m?[0;34m2023-03-03 00:32:19.771 DEBUG 11836 --- [nio-8889-exec-4] o.s.w.s.v.ContentNegotiatingViewResolver : Selected 'text/html' given [text/html]
?[0m?[0;34m2023-03-03 00:32:19.771 DEBUG 11836 --- [nio-8889-exec-4] o.s.w.s.view.freemarker.FreeMarkerView   : View name 'code', model {code=platform.businesslayer.Code@193b1d6e, date=03-03-2023 00:32:07, org.springframework.validation.BindingResult.code=org.springframework.validation.BeanPropertyBindingResult: 0 errors}
?[0m?[0;34m2023-03-03 00:32:19.772 DEBUG 11836 --- [nio-8889-exec-4] o.s.w.s.view.freemarker.FreeMarkerView   : Rendering [code.ftlh]
?[0m?[0;34m2023-03-03 00:32:19.772 DEBUG 11836 --- [nio-8889-exec-4] o.s.web.servlet.DispatcherServlet        : Completed 200 OK
?[1;31m
Start test 79?[0m
?[0m?[0;34m2023-03-03 00:32:19.777 DEBUG 11836 --- [nio-8889-exec-5] o.s.web.servlet.DispatcherServlet        : GET "/api/code/f1f493d6-96df-41d9-9595-f24bd588e715", parameters={}
?[0m?[0;34m2023-03-03 00:32:19.778 DEBUG 11836 --- [nio-8889-exec-5] s.w.s.m.m.a.RequestMappingHandlerMapping : Mapped to platform.presentationlayer.APIcspController#getApiEnpoint(String)
?[0m?[0;34m2023-03-03 00:32:19.779 DEBUG 11836 --- [nio-8889-exec-5] org.hibernate.SQL                        : select code0_.id_code as id_code1_0_, code0_.code as code2_0_, code0_.codeuuid as codeuuid3_0_, code0_.formated_date_time as formated4_0_, code0_.date as date5_0_, code0_.remaining_time as remainin6_0_, code0_.remaining_views as remainin7_0_, code0_.restriction_by_date_is_accessible as restrict8_0_, code0_.restriction_by_views_is_accessible as restrict9_0_ from codes code0_ where code0_.codeuuid=?
?[0m?[0;34m2023-03-03 00:32:19.780 DEBUG 11836 --- [nio-8889-exec-5] m.m.a.RequestResponseBodyMethodProcessor : Using 'application/json', given [*/*] and supported [application/json, application/*+json, application/json, application/*+json]
?[0m?[0;34m2023-03-03 00:32:19.780 DEBUG 11836 --- [nio-8889-exec-5] m.m.a.RequestResponseBodyMethodProcessor : Writing [platform.businesslayer.Code@6bb23048]
?[0m?[0;34m2023-03-03 00:32:19.781 DEBUG 11836 --- [nio-8889-exec-5] o.s.web.servlet.DispatcherServlet        : Completed 200 OK
?[1;31m
Start test 80?[0m
?[0m?[0;34m2023-03-03 00:32:19.785 DEBUG 11836 --- [nio-8889-exec-6] o.s.web.servlet.DispatcherServlet        : GET "/code/f1f493d6-96df-41d9-9595-f24bd588e715", parameters={}
?[0m?[0;34m2023-03-03 00:32:19.786 DEBUG 11836 --- [nio-8889-exec-6] s.w.s.m.m.a.RequestMappingHandlerMapping : Mapped to platform.presentationlayer.WEBcpsController#getCodeNewCreationEndPoint2(Model, String)
?[0m?[0;34m2023-03-03 00:32:19.786 DEBUG 11836 --- [nio-8889-exec-6] org.hibernate.SQL                        : select code0_.id_code as id_code1_0_, code0_.code as code2_0_, code0_.codeuuid as codeuuid3_0_, code0_.formated_date_time as formated4_0_, code0_.date as date5_0_, code0_.remaining_time as remainin6_0_, code0_.remaining_views as remainin7_0_, code0_.restriction_by_date_is_accessible as restrict8_0_, code0_.restriction_by_views_is_accessible as restrict9_0_ from codes code0_ where code0_.codeuuid=?
?[0m?[0;34m2023-03-03 00:32:19.787 DEBUG 11836 --- [nio-8889-exec-6] o.s.w.servlet.view.BeanNameViewResolver  : Found bean named 'code' but it does not implement View
?[0m?[0;34m2023-03-03 00:32:19.788 DEBUG 11836 --- [nio-8889-exec-6] o.s.w.s.v.ContentNegotiatingViewResolver : Selected 'text/html' given [text/html]
?[0m?[0;34m2023-03-03 00:32:19.788 DEBUG 11836 --- [nio-8889-exec-6] o.s.w.s.view.freemarker.FreeMarkerView   : View name 'code', model {code=platform.businesslayer.Code@3ef55f0c, date=03-03-2023 00:32:07, org.springframework.validation.BindingResult.code=org.springframework.validation.BeanPropertyBindingResult: 0 errors}
?[0m?[0;34m2023-03-03 00:32:19.788 DEBUG 11836 --- [nio-8889-exec-6] o.s.w.s.view.freemarker.FreeMarkerView   : Rendering [code.ftlh]
?[0m?[0;34m2023-03-03 00:32:19.789 DEBUG 11836 --- [nio-8889-exec-6] o.s.web.servlet.DispatcherServlet        : Completed 200 OK
?[1;31m
Start test 81?[0m
?[0m?[0;34m2023-03-03 00:32:19.793 DEBUG 11836 --- [nio-8889-exec-7] o.s.web.servlet.DispatcherServlet        : GET "/api/code/fd98efc0-4771-4da7-8cbe-9c74eb8d2f44", parameters={}
?[0m?[0;34m2023-03-03 00:32:19.794 DEBUG 11836 --- [nio-8889-exec-7] s.w.s.m.m.a.RequestMappingHandlerMapping : Mapped to platform.presentationlayer.APIcspController#getApiEnpoint(String)
?[0m?[0;34m2023-03-03 00:32:19.794 DEBUG 11836 --- [nio-8889-exec-7] org.hibernate.SQL                        : select code0_.id_code as id_code1_0_, code0_.code as code2_0_, code0_.codeuuid as codeuuid3_0_, code0_.formated_date_time as formated4_0_, code0_.date as date5_0_, code0_.remaining_time as remainin6_0_, code0_.remaining_views as remainin7_0_, code0_.restriction_by_date_is_accessible as restrict8_0_, code0_.restriction_by_views_is_accessible as restrict9_0_ from codes code0_ where code0_.codeuuid=?
?[0m?[0;34m2023-03-03 00:32:19.795 DEBUG 11836 --- [nio-8889-exec-7] m.m.a.RequestResponseBodyMethodProcessor : Using 'application/json', given [*/*] and supported [application/json, application/*+json, application/json, application/*+json]
?[0m?[0;34m2023-03-03 00:32:19.795 DEBUG 11836 --- [nio-8889-exec-7] m.m.a.RequestResponseBodyMethodProcessor : Writing [platform.businesslayer.Code@4afcbf8c]
?[0m?[0;34m2023-03-03 00:32:19.796 DEBUG 11836 --- [nio-8889-exec-7] o.s.web.servlet.DispatcherServlet        : Completed 200 OK
?[1;31m
Start test 82?[0m
?[0m?[0;34m2023-03-03 00:32:19.800 DEBUG 11836 --- [nio-8889-exec-8] o.s.web.servlet.DispatcherServlet        : GET "/code/fd98efc0-4771-4da7-8cbe-9c74eb8d2f44", parameters={}
?[0m?[0;34m2023-03-03 00:32:19.801 DEBUG 11836 --- [nio-8889-exec-8] s.w.s.m.m.a.RequestMappingHandlerMapping : Mapped to platform.presentationlayer.WEBcpsController#getCodeNewCreationEndPoint2(Model, String)
?[0m?[0;34m2023-03-03 00:32:19.801 DEBUG 11836 --- [nio-8889-exec-8] org.hibernate.SQL                        : select code0_.id_code as id_code1_0_, code0_.code as code2_0_, code0_.codeuuid as codeuuid3_0_, code0_.formated_date_time as formated4_0_, code0_.date as date5_0_, code0_.remaining_time as remainin6_0_, code0_.remaining_views as remainin7_0_, code0_.restriction_by_date_is_accessible as restrict8_0_, code0_.restriction_by_views_is_accessible as restrict9_0_ from codes code0_ where code0_.codeuuid=?
?[0m?[0;34m2023-03-03 00:32:19.802 DEBUG 11836 --- [nio-8889-exec-8] o.s.w.servlet.view.BeanNameViewResolver  : Found bean named 'code' but it does not implement View
?[0m?[0;34m2023-03-03 00:32:19.803 DEBUG 11836 --- [nio-8889-exec-8] o.s.w.s.v.ContentNegotiatingViewResolver : Selected 'text/html' given [text/html]
?[0m?[0;34m2023-03-03 00:32:19.803 DEBUG 11836 --- [nio-8889-exec-8] o.s.w.s.view.freemarker.FreeMarkerView   : View name 'code', model {code=platform.businesslayer.Code@45afcb37, date=03-03-2023 00:32:07, org.springframework.validation.BindingResult.code=org.springframework.validation.BeanPropertyBindingResult: 0 errors}
?[0m?[0;34m2023-03-03 00:32:19.803 DEBUG 11836 --- [nio-8889-exec-8] o.s.w.s.view.freemarker.FreeMarkerView   : Rendering [code.ftlh]
?[0m?[0;34m2023-03-03 00:32:19.804 DEBUG 11836 --- [nio-8889-exec-8] o.s.web.servlet.DispatcherServlet        : Completed 200 OK
?[1;31m
Start test 83?[0m
?[0;34m2023-03-03 00:32:19.812 DEBUG 11836 --- [io-8889-exec-11] o.s.web.servlet.DispatcherServlet        : GET "/api/code/bd6d53fc-5c16-4f47-8106-e461fdc7f3ab", parameters={}
?[0m?[0;34m2023-03-03 00:32:19.813 DEBUG 11836 --- [io-8889-exec-11] s.w.s.m.m.a.RequestMappingHandlerMapping : Mapped to platform.presentationlayer.APIcspController#getApiEnpoint(String)
?[0m?[0;34m2023-03-03 00:32:19.813 DEBUG 11836 --- [io-8889-exec-11] org.hibernate.SQL                        : select code0_.id_code as id_code1_0_, code0_.code as code2_0_, code0_.codeuuid as codeuuid3_0_, code0_.formated_date_time as formated4_0_, code0_.date as date5_0_, code0_.remaining_time as remainin6_0_, code0_.remaining_views as remainin7_0_, code0_.restriction_by_date_is_accessible as restrict8_0_, code0_.restriction_by_views_is_accessible as restrict9_0_ from codes code0_ where code0_.codeuuid=?
?[0m?[0;34m2023-03-03 00:32:19.814 DEBUG 11836 --- [io-8889-exec-11] m.m.a.RequestResponseBodyMethodProcessor : Using 'application/json', given [*/*] and supported [application/json, application/*+json, application/json, application/*+json]
?[0m?[0;34m2023-03-03 00:32:19.815 DEBUG 11836 --- [io-8889-exec-11] m.m.a.RequestResponseBodyMethodProcessor : Writing [platform.businesslayer.Code@1dcede6a]
?[0m?[0;34m2023-03-03 00:32:19.815 DEBUG 11836 --- [io-8889-exec-11] o.s.web.servlet.DispatcherServlet        : Completed 200 OK
?[1;31m
Start test 84?[0m
?[0;34m2023-03-03 00:32:19.819 DEBUG 11836 --- [io-8889-exec-12] o.s.web.servlet.DispatcherServlet        : GET "/code/bd6d53fc-5c16-4f47-8106-e461fdc7f3ab", parameters={}
?[0m?[0;34m2023-03-03 00:32:19.820 DEBUG 11836 --- [io-8889-exec-12] s.w.s.m.m.a.RequestMappingHandlerMapping : Mapped to platform.presentationlayer.WEBcpsController#getCodeNewCreationEndPoint2(Model, String)
?[0m?[0;34m2023-03-03 00:32:19.820 DEBUG 11836 --- [io-8889-exec-12] org.hibernate.SQL                        : select code0_.id_code as id_code1_0_, code0_.code as code2_0_, code0_.codeuuid as codeuuid3_0_, code0_.formated_date_time as formated4_0_, code0_.date as date5_0_, code0_.remaining_time as remainin6_0_, code0_.remaining_views as remainin7_0_, code0_.restriction_by_date_is_accessible as restrict8_0_, code0_.restriction_by_views_is_accessible as restrict9_0_ from codes code0_ where code0_.codeuuid=?
?[0m?[0;34m2023-03-03 00:32:19.822 DEBUG 11836 --- [io-8889-exec-12] o.s.w.servlet.view.BeanNameViewResolver  : Found bean named 'code' but it does not implement View
?[0m?[0;34m2023-03-03 00:32:19.823 DEBUG 11836 --- [io-8889-exec-12] o.s.w.s.v.ContentNegotiatingViewResolver : Selected 'text/html' given [text/html]
?[0m?[0;34m2023-03-03 00:32:19.823 DEBUG 11836 --- [io-8889-exec-12] o.s.w.s.view.freemarker.FreeMarkerView   : View name 'code', model {code=platform.businesslayer.Code@401624b0, date=03-03-2023 00:32:07, org.springframework.validation.BindingResult.code=org.springframework.validation.BeanPropertyBindingResult: 0 errors}
?[0m?[0;34m2023-03-03 00:32:19.823 DEBUG 11836 --- [io-8889-exec-12] o.s.w.s.view.freemarker.FreeMarkerView   : Rendering [code.ftlh]
?[0m?[0;34m2023-03-03 00:32:19.824 DEBUG 11836 --- [io-8889-exec-12] o.s.web.servlet.DispatcherServlet        : Completed 200 OK
?[1;31m
Start test 85?[0m
?[0m?[0;34m2023-03-03 00:32:19.829 DEBUG 11836 --- [nio-8889-exec-4] o.s.web.servlet.DispatcherServlet        : GET "/api/code/latest", parameters={}
?[0m?[0;34m2023-03-03 00:32:19.830 DEBUG 11836 --- [nio-8889-exec-4] s.w.s.m.m.a.RequestMappingHandlerMapping : Mapped to platform.presentationlayer.APIcspController#getApiEnpoint2()
?[0m?[0;34m2023-03-03 00:32:19.831 DEBUG 11836 --- [nio-8889-exec-4] org.hibernate.SQL                        : SELECT * FROM CODES WHERE REMAINING_TIME = 0 AND REMAINING_VIEWS = 0 ORDER BY DATE DESC LIMIT 10
?[0m?[0;34m2023-03-03 00:32:19.834 DEBUG 11836 --- [nio-8889-exec-4] m.m.a.RequestResponseBodyMethodProcessor : Using 'application/json', given [*/*] and supported [application/json, application/*+json, application/json, application/*+json]
?[0m?[0;34m2023-03-03 00:32:19.834 DEBUG 11836 --- [nio-8889-exec-4] m.m.a.RequestResponseBodyMethodProcessor : Writing [[platform.businesslayer.Code@33d693e1, platform.businesslayer.Code@4cb8d0a8, platform.businesslayer. (truncated)...]
?[0m?[0;34m2023-03-03 00:32:19.835 DEBUG 11836 --- [nio-8889-exec-4] o.s.web.servlet.DispatcherServlet        : Completed 200 OK
?[1;31m
Start test 86?[0m
?[0m?[0;34m2023-03-03 00:32:19.840 DEBUG 11836 --- [nio-8889-exec-1] o.s.web.servlet.DispatcherServlet        : GET "/code/latest", parameters={}
?[0m?[0;34m2023-03-03 00:32:19.841 DEBUG 11836 --- [nio-8889-exec-1] s.w.s.m.m.a.RequestMappingHandlerMapping : Mapped to platform.presentationlayer.WEBcpsController#getWebLastTen(Model)
?[0m?[0;34m2023-03-03 00:32:19.842 DEBUG 11836 --- [nio-8889-exec-1] org.hibernate.SQL                        : SELECT * FROM CODES WHERE REMAINING_TIME = 0 AND REMAINING_VIEWS = 0 ORDER BY DATE DESC LIMIT 10
?[0m?[0;34m2023-03-03 00:32:19.849 DEBUG 11836 --- [nio-8889-exec-1] o.s.w.s.v.ContentNegotiatingViewResolver : Selected '*/*' given [*/*]
?[0m?[0;34m2023-03-03 00:32:19.849 DEBUG 11836 --- [nio-8889-exec-1] o.s.w.s.view.freemarker.FreeMarkerView   : View name 'returnLastTen', model {snippets=[platform.businesslayer.Code@2d27d576, platform.businesslayer.Code@377aecbe, platform.businesslayer.Code@e3660b3, platform.businesslayer.Code@245a0b7a, platform.businesslayer.Code@3745e6e2, platform.businesslayer.Code@57baf3a8, platform.businesslayer.Code@6a343214, platform.businesslayer.Code@1ec1f5f3, platform.businesslayer.Code@62b723f, platform.businesslayer.Code@68cf6e1]}
?[0m?[0;34m2023-03-03 00:32:19.849 DEBUG 11836 --- [nio-8889-exec-1] o.s.w.s.view.freemarker.FreeMarkerView   : Rendering [returnLastTen.ftlh]
?[0m?[0;34m2023-03-03 00:32:19.850 DEBUG 11836 --- [nio-8889-exec-1] o.s.web.servlet.DispatcherServlet        : Completed 200 OK
?[1;31m
Start test 87?[0m
?[0m?[0;34m2023-03-03 00:32:19.856 DEBUG 11836 --- [nio-8889-exec-5] o.s.web.servlet.DispatcherServlet        : POST "/api/code/new", parameters={}
?[0m?[0;34m2023-03-03 00:32:19.857 DEBUG 11836 --- [nio-8889-exec-5] s.w.s.m.m.a.RequestMappingHandlerMapping : Mapped to platform.presentationlayer.APIcspController#postApiEndoint(Code)
?[0m?[0;34m2023-03-03 00:32:19.858 DEBUG 11836 --- [nio-8889-exec-5] m.m.a.RequestResponseBodyMethodProcessor : Read "application/json;charset=UTF-8" to [platform.businesslayer.Code@24d6cf05]
?[0m?[0;34m2023-03-03 00:32:19.863 DEBUG 11836 --- [nio-8889-exec-5] org.hibernate.SQL                        : insert into codes (id_code, code, codeuuid, formated_date_time, date, remaining_time, remaining_views, restriction_by_date_is_accessible, restriction_by_views_is_accessible) values (null, ?, ?, ?, ?, ?, ?, ?, ?)
?[0m?[0;34m4f2aacbd-f136-418e-84a3-ecd083724385
?[0m?[0;34m2023-03-03 00:32:19.865 DEBUG 11836 --- [nio-8889-exec-5] o.s.w.s.m.m.a.HttpEntityMethodProcessor  : Using 'application/json', given [*/*] and supported [application/json, application/*+json, application/json, application/*+json]
?[0m?[0;34m2023-03-03 00:32:19.865 DEBUG 11836 --- [nio-8889-exec-5] o.s.w.s.m.m.a.HttpEntityMethodProcessor  : Writing [{id=4f2aacbd-f136-418e-84a3-ecd083724385}]
?[0m?[0;34m2023-03-03 00:32:19.866 DEBUG 11836 --- [nio-8889-exec-5] o.s.web.servlet.DispatcherServlet        : Completed 200 OK
?[1;31m
Start test 88?[0m
?[0m?[0;34m2023-03-03 00:32:19.870 DEBUG 11836 --- [io-8889-exec-10] o.s.web.servlet.DispatcherServlet        : POST "/api/code/new", parameters={}
?[0m?[0;34m2023-03-03 00:32:19.870 DEBUG 11836 --- [io-8889-exec-10] s.w.s.m.m.a.RequestMappingHandlerMapping : Mapped to platform.presentationlayer.APIcspController#postApiEndoint(Code)
?[0m?[0;34m2023-03-03 00:32:19.872 DEBUG 11836 --- [io-8889-exec-10] m.m.a.RequestResponseBodyMethodProcessor : Read "application/json;charset=UTF-8" to [platform.businesslayer.Code@51e007df]
?[0m?[0;34m2023-03-03 00:32:19.874 DEBUG 11836 --- [io-8889-exec-10] org.hibernate.SQL                        : insert into codes (id_code, code, codeuuid, formated_date_time, date, remaining_time, remaining_views, restriction_by_date_is_accessible, restriction_by_views_is_accessible) values (null, ?, ?, ?, ?, ?, ?, ?, ?)
?[0m?[0;34m169d2463-83c7-44cf-b6b5-7201f522f7c7
?[0m?[0;34m2023-03-03 00:32:19.875 DEBUG 11836 --- [io-8889-exec-10] o.s.w.s.m.m.a.HttpEntityMethodProcessor  : Using 'application/json', given [*/*] and supported [application/json, application/*+json, application/json, application/*+json]
?[0m?[0;34m2023-03-03 00:32:19.875 DEBUG 11836 --- [io-8889-exec-10] o.s.w.s.m.m.a.HttpEntityMethodProcessor  : Writing [{id=169d2463-83c7-44cf-b6b5-7201f522f7c7}]
?[0m?[0;34m2023-03-03 00:32:19.876 DEBUG 11836 --- [io-8889-exec-10] o.s.web.servlet.DispatcherServlet        : Completed 200 OK
?[1;31m
Start test 89?[0m
?[0m?[0;34m2023-03-03 00:32:19.880 DEBUG 11836 --- [nio-8889-exec-6] o.s.web.servlet.DispatcherServlet        : POST "/api/code/new", parameters={}
?[0m?[0;34m2023-03-03 00:32:19.880 DEBUG 11836 --- [nio-8889-exec-6] s.w.s.m.m.a.RequestMappingHandlerMapping : Mapped to platform.presentationlayer.APIcspController#postApiEndoint(Code)
?[0m?[0;34m2023-03-03 00:32:19.881 DEBUG 11836 --- [nio-8889-exec-6] m.m.a.RequestResponseBodyMethodProcessor : Read "application/json;charset=UTF-8" to [platform.businesslayer.Code@112da813]
?[0m?[0;34m2023-03-03 00:32:19.882 DEBUG 11836 --- [nio-8889-exec-6] org.hibernate.SQL                        : insert into codes (id_code, code, codeuuid, formated_date_time, date, remaining_time, remaining_views, restriction_by_date_is_accessible, restriction_by_views_is_accessible) values (null, ?, ?, ?, ?, ?, ?, ?, ?)
?[0m?[0;34m2a59b974-6776-46b0-9b8d-1ec1af47aee0
?[0m?[0;34m2023-03-03 00:32:19.883 DEBUG 11836 --- [nio-8889-exec-6] o.s.w.s.m.m.a.HttpEntityMethodProcessor  : Using 'application/json', given [*/*] and supported [application/json, application/*+json, application/json, application/*+json]
?[0m?[0;34m2023-03-03 00:32:19.884 DEBUG 11836 --- [nio-8889-exec-6] o.s.w.s.m.m.a.HttpEntityMethodProcessor  : Writing [{id=2a59b974-6776-46b0-9b8d-1ec1af47aee0}]
?[0m?[0;34m2023-03-03 00:32:19.884 DEBUG 11836 --- [nio-8889-exec-6] o.s.web.servlet.DispatcherServlet        : Completed 200 OK
?[1;31m
Start test 90?[0m
?[0m?[0;34m2023-03-03 00:32:19.889 DEBUG 11836 --- [nio-8889-exec-7] o.s.web.servlet.DispatcherServlet        : POST "/api/code/new", parameters={}
?[0m?[0;34m2023-03-03 00:32:19.889 DEBUG 11836 --- [nio-8889-exec-7] s.w.s.m.m.a.RequestMappingHandlerMapping : Mapped to platform.presentationlayer.APIcspController#postApiEndoint(Code)
?[0m?[0;34m2023-03-03 00:32:19.890 DEBUG 11836 --- [nio-8889-exec-7] m.m.a.RequestResponseBodyMethodProcessor : Read "application/json;charset=UTF-8" to [platform.businesslayer.Code@5de1cc32]
?[0m?[0;34m2023-03-03 00:32:19.891 DEBUG 11836 --- [nio-8889-exec-7] org.hibernate.SQL                        : insert into codes (id_code, code, codeuuid, formated_date_time, date, remaining_time, remaining_views, restriction_by_date_is_accessible, restriction_by_views_is_accessible) values (null, ?, ?, ?, ?, ?, ?, ?, ?)
?[0m?[0;34m3ceea478-9f7f-4a94-a757-4ba2560c8bde
?[0m?[0;34m2023-03-03 00:32:19.892 DEBUG 11836 --- [nio-8889-exec-7] o.s.w.s.m.m.a.HttpEntityMethodProcessor  : Using 'application/json', given [*/*] and supported [application/json, application/*+json, application/json, application/*+json]
?[0m?[0;34m2023-03-03 00:32:19.892 DEBUG 11836 --- [nio-8889-exec-7] o.s.w.s.m.m.a.HttpEntityMethodProcessor  : Writing [{id=3ceea478-9f7f-4a94-a757-4ba2560c8bde}]
?[0m?[0;34m2023-03-03 00:32:19.893 DEBUG 11836 --- [nio-8889-exec-7] o.s.web.servlet.DispatcherServlet        : Completed 200 OK
?[1;31m
Start test 91?[0m
?[0m?[0;34m2023-03-03 00:32:19.897 DEBUG 11836 --- [nio-8889-exec-3] o.s.web.servlet.DispatcherServlet        : POST "/api/code/new", parameters={}
?[0m?[0;34m2023-03-03 00:32:19.898 DEBUG 11836 --- [nio-8889-exec-3] s.w.s.m.m.a.RequestMappingHandlerMapping : Mapped to platform.presentationlayer.APIcspController#postApiEndoint(Code)
?[0m?[0;34m2023-03-03 00:32:19.898 DEBUG 11836 --- [nio-8889-exec-3] m.m.a.RequestResponseBodyMethodProcessor : Read "application/json;charset=UTF-8" to [platform.businesslayer.Code@3d5ef3b3]
?[0m?[0;34m2023-03-03 00:32:19.899 DEBUG 11836 --- [nio-8889-exec-3] org.hibernate.SQL                        : insert into codes (id_code, code, codeuuid, formated_date_time, date, remaining_time, remaining_views, restriction_by_date_is_accessible, restriction_by_views_is_accessible) values (null, ?, ?, ?, ?, ?, ?, ?, ?)
?[0m?[0;34mb44b0616-26c0-4565-a2d2-527ea2c38718
?[0m?[0;34m2023-03-03 00:32:19.901 DEBUG 11836 --- [nio-8889-exec-3] o.s.w.s.m.m.a.HttpEntityMethodProcessor  : Using 'application/json', given [*/*] and supported [application/json, application/*+json, application/json, application/*+json]
?[0m?[0;34m2023-03-03 00:32:19.901 DEBUG 11836 --- [nio-8889-exec-3] o.s.w.s.m.m.a.HttpEntityMethodProcessor  : Writing [{id=b44b0616-26c0-4565-a2d2-527ea2c38718}]
?[0m?[0;34m2023-03-03 00:32:19.902 DEBUG 11836 --- [nio-8889-exec-3] o.s.web.servlet.DispatcherServlet        : Completed 200 OK
?[1;31m
Start test 92?[0m
?[0m?[0;34m2023-03-03 00:32:19.906 DEBUG 11836 --- [nio-8889-exec-8] o.s.web.servlet.DispatcherServlet        : POST "/api/code/new", parameters={}
?[0m?[0;34m2023-03-03 00:32:19.906 DEBUG 11836 --- [nio-8889-exec-8] s.w.s.m.m.a.RequestMappingHandlerMapping : Mapped to platform.presentationlayer.APIcspController#postApiEndoint(Code)
?[0m?[0;34m2023-03-03 00:32:19.907 DEBUG 11836 --- [nio-8889-exec-8] m.m.a.RequestResponseBodyMethodProcessor : Read "application/json;charset=UTF-8" to [platform.businesslayer.Code@2dd8560c]
?[0m?[0;34m2023-03-03 00:32:19.908 DEBUG 11836 --- [nio-8889-exec-8] org.hibernate.SQL                        : insert into codes (id_code, code, codeuuid, formated_date_time, date, remaining_time, remaining_views, restriction_by_date_is_accessible, restriction_by_views_is_accessible) values (null, ?, ?, ?, ?, ?, ?, ?, ?)
?[0m?[0;34m7cfffa18-5848-4acd-81a5-c3fd5a5bbdc8
?[0m?[0;34m2023-03-03 00:32:19.909 DEBUG 11836 --- [nio-8889-exec-8] o.s.w.s.m.m.a.HttpEntityMethodProcessor  : Using 'application/json', given [*/*] and supported [application/json, application/*+json, application/json, application/*+json]
?[0m?[0;34m2023-03-03 00:32:19.909 DEBUG 11836 --- [nio-8889-exec-8] o.s.w.s.m.m.a.HttpEntityMethodProcessor  : Writing [{id=7cfffa18-5848-4acd-81a5-c3fd5a5bbdc8}]
?[0m?[0;34m2023-03-03 00:32:19.910 DEBUG 11836 --- [nio-8889-exec-8] o.s.web.servlet.DispatcherServlet        : Completed 200 OK
?[1;31m
Start test 93?[0m
?[0m?[0;34m2023-03-03 00:32:19.914 DEBUG 11836 --- [nio-8889-exec-9] o.s.web.servlet.DispatcherServlet        : POST "/api/code/new", parameters={}
?[0m?[0;34m2023-03-03 00:32:19.914 DEBUG 11836 --- [nio-8889-exec-9] s.w.s.m.m.a.RequestMappingHandlerMapping : Mapped to platform.presentationlayer.APIcspController#postApiEndoint(Code)
?[0m?[0;34m2023-03-03 00:32:19.915 DEBUG 11836 --- [nio-8889-exec-9] m.m.a.RequestResponseBodyMethodProcessor : Read "application/json;charset=UTF-8" to [platform.businesslayer.Code@5bb6252f]
?[0m?[0;34m2023-03-03 00:32:19.915 DEBUG 11836 --- [nio-8889-exec-9] org.hibernate.SQL                        : insert into codes (id_code, code, codeuuid, formated_date_time, date, remaining_time, remaining_views, restriction_by_date_is_accessible, restriction_by_views_is_accessible) values (null, ?, ?, ?, ?, ?, ?, ?, ?)
?[0m?[0;34m7f39d042-04b6-45f9-a3c4-685cb417ac3f
?[0m?[0;34m2023-03-03 00:32:19.917 DEBUG 11836 --- [nio-8889-exec-9] o.s.w.s.m.m.a.HttpEntityMethodProcessor  : Using 'application/json', given [*/*] and supported [application/json, application/*+json, application/json, application/*+json]
?[0m?[0;34m2023-03-03 00:32:19.917 DEBUG 11836 --- [nio-8889-exec-9] o.s.w.s.m.m.a.HttpEntityMethodProcessor  : Writing [{id=7f39d042-04b6-45f9-a3c4-685cb417ac3f}]
?[0m?[0;34m2023-03-03 00:32:19.917 DEBUG 11836 --- [nio-8889-exec-9] o.s.web.servlet.DispatcherServlet        : Completed 200 OK
?[1;31m
Start test 94?[0m
?[0m?[0;34m2023-03-03 00:32:19.922 DEBUG 11836 --- [nio-8889-exec-2] o.s.web.servlet.DispatcherServlet        : POST "/api/code/new", parameters={}
?[0m?[0;34m2023-03-03 00:32:19.922 DEBUG 11836 --- [nio-8889-exec-2] s.w.s.m.m.a.RequestMappingHandlerMapping : Mapped to platform.presentationlayer.APIcspController#postApiEndoint(Code)
?[0m?[0;34m2023-03-03 00:32:19.923 DEBUG 11836 --- [nio-8889-exec-2] m.m.a.RequestResponseBodyMethodProcessor : Read "application/json;charset=UTF-8" to [platform.businesslayer.Code@6bfd789]
?[0m?[0;34m2023-03-03 00:32:19.923 DEBUG 11836 --- [nio-8889-exec-2] org.hibernate.SQL                        : insert into codes (id_code, code, codeuuid, formated_date_time, date, remaining_time, remaining_views, restriction_by_date_is_accessible, restriction_by_views_is_accessible) values (null, ?, ?, ?, ?, ?, ?, ?, ?)
?[0m?[0;34md9b5cab9-fce7-4a1f-bfea-d6d7029433ed
?[0m?[0;34m2023-03-03 00:32:19.925 DEBUG 11836 --- [nio-8889-exec-2] o.s.w.s.m.m.a.HttpEntityMethodProcessor  : Using 'application/json', given [*/*] and supported [application/json, application/*+json, application/json, application/*+json]
?[0m?[0;34m2023-03-03 00:32:19.925 DEBUG 11836 --- [nio-8889-exec-2] o.s.w.s.m.m.a.HttpEntityMethodProcessor  : Writing [{id=d9b5cab9-fce7-4a1f-bfea-d6d7029433ed}]
?[0m?[0;34m2023-03-03 00:32:19.926 DEBUG 11836 --- [nio-8889-exec-2] o.s.web.servlet.DispatcherServlet        : Completed 200 OK
?[1;31m
Start test 95?[0m
?[0;34m2023-03-03 00:32:19.930 DEBUG 11836 --- [io-8889-exec-15] o.s.web.servlet.DispatcherServlet        : GET "/api/code/4f2aacbd-f136-418e-84a3-ecd083724385", parameters={}
?[0m?[0;34m2023-03-03 00:32:19.930 DEBUG 11836 --- [io-8889-exec-15] s.w.s.m.m.a.RequestMappingHandlerMapping : Mapped to platform.presentationlayer.APIcspController#getApiEnpoint(String)
?[0m?[0;34m2023-03-03 00:32:19.931 DEBUG 11836 --- [io-8889-exec-15] org.hibernate.SQL                        : select code0_.id_code as id_code1_0_, code0_.code as code2_0_, code0_.codeuuid as codeuuid3_0_, code0_.formated_date_time as formated4_0_, code0_.date as date5_0_, code0_.remaining_time as remainin6_0_, code0_.remaining_views as remainin7_0_, code0_.restriction_by_date_is_accessible as restrict8_0_, code0_.restriction_by_views_is_accessible as restrict9_0_ from codes code0_ where code0_.codeuuid=?
?[0m?[0;34m2023-03-03 00:32:19.932 DEBUG 11836 --- [io-8889-exec-15] m.m.a.RequestResponseBodyMethodProcessor : Using 'application/json', given [*/*] and supported [application/json, application/*+json, application/json, application/*+json]
?[0m?[0;34m2023-03-03 00:32:19.932 DEBUG 11836 --- [io-8889-exec-15] m.m.a.RequestResponseBodyMethodProcessor : Writing [platform.businesslayer.Code@17c45296]
?[0m?[0;34m2023-03-03 00:32:19.933 DEBUG 11836 --- [io-8889-exec-15] o.s.web.servlet.DispatcherServlet        : Completed 200 OK
?[1;31m
Start test 96?[0m
?[0;34m2023-03-03 00:32:19.937 DEBUG 11836 --- [io-8889-exec-16] o.s.web.servlet.DispatcherServlet        : GET "/code/4f2aacbd-f136-418e-84a3-ecd083724385", parameters={}
?[0m?[0;34m2023-03-03 00:32:19.937 DEBUG 11836 --- [io-8889-exec-16] s.w.s.m.m.a.RequestMappingHandlerMapping : Mapped to platform.presentationlayer.WEBcpsController#getCodeNewCreationEndPoint2(Model, String)
?[0m?[0;34m2023-03-03 00:32:19.938 DEBUG 11836 --- [io-8889-exec-16] org.hibernate.SQL                        : select code0_.id_code as id_code1_0_, code0_.code as code2_0_, code0_.codeuuid as codeuuid3_0_, code0_.formated_date_time as formated4_0_, code0_.date as date5_0_, code0_.remaining_time as remainin6_0_, code0_.remaining_views as remainin7_0_, code0_.restriction_by_date_is_accessible as restrict8_0_, code0_.restriction_by_views_is_accessible as restrict9_0_ from codes code0_ where code0_.codeuuid=?
?[0m?[0;34m2023-03-03 00:32:19.940 DEBUG 11836 --- [io-8889-exec-16] o.s.w.servlet.view.BeanNameViewResolver  : Found bean named 'code' but it does not implement View
?[0m?[0;34m2023-03-03 00:32:19.940 DEBUG 11836 --- [io-8889-exec-16] o.s.w.s.v.ContentNegotiatingViewResolver : Selected 'text/html' given [text/html]
?[0m?[0;34m2023-03-03 00:32:19.940 DEBUG 11836 --- [io-8889-exec-16] o.s.w.s.view.freemarker.FreeMarkerView   : View name 'code', model {code=platform.businesslayer.Code@6eaaccee, date=03-03-2023 00:32:19, org.springframework.validation.BindingResult.code=org.springframework.validation.BeanPropertyBindingResult: 0 errors}
?[0m?[0;34m2023-03-03 00:32:19.941 DEBUG 11836 --- [io-8889-exec-16] o.s.w.s.view.freemarker.FreeMarkerView   : Rendering [code.ftlh]
?[0m?[0;34m2023-03-03 00:32:19.941 DEBUG 11836 --- [io-8889-exec-16] o.s.web.servlet.DispatcherServlet        : Completed 200 OK
?[1;31m
Start test 97?[0m
?[0;34m2023-03-03 00:32:19.946 DEBUG 11836 --- [io-8889-exec-13] o.s.web.servlet.DispatcherServlet        : GET "/api/code/2a59b974-6776-46b0-9b8d-1ec1af47aee0", parameters={}
?[0m?[0;34m2023-03-03 00:32:19.949 DEBUG 11836 --- [io-8889-exec-13] s.w.s.m.m.a.RequestMappingHandlerMapping : Mapped to platform.presentationlayer.APIcspController#getApiEnpoint(String)
?[0m?[0;34m2023-03-03 00:32:19.950 DEBUG 11836 --- [io-8889-exec-13] org.hibernate.SQL                        : select code0_.id_code as id_code1_0_, code0_.code as code2_0_, code0_.codeuuid as codeuuid3_0_, code0_.formated_date_time as formated4_0_, code0_.date as date5_0_, code0_.remaining_time as remainin6_0_, code0_.remaining_views as remainin7_0_, code0_.restriction_by_date_is_accessible as restrict8_0_, code0_.restriction_by_views_is_accessible as restrict9_0_ from codes code0_ where code0_.codeuuid=?
?[0m?[0;34m2023-03-03 00:32:19.951 DEBUG 11836 --- [io-8889-exec-13] m.m.a.RequestResponseBodyMethodProcessor : Using 'application/json', given [*/*] and supported [application/json, application/*+json, application/json, application/*+json]
?[0m?[0;34m2023-03-03 00:32:19.951 DEBUG 11836 --- [io-8889-exec-13] m.m.a.RequestResponseBodyMethodProcessor : Writing [platform.businesslayer.Code@60e0a538]
?[0m?[0;34m2023-03-03 00:32:19.952 DEBUG 11836 --- [io-8889-exec-13] o.s.web.servlet.DispatcherServlet        : Completed 200 OK
?[1;31m
Start test 98?[0m
?[0m?[0;34m2023-03-03 00:32:19.957 DEBUG 11836 --- [io-8889-exec-15] o.s.web.servlet.DispatcherServlet        : GET "/code/2a59b974-6776-46b0-9b8d-1ec1af47aee0", parameters={}
?[0m?[0;34m2023-03-03 00:32:19.957 DEBUG 11836 --- [io-8889-exec-15] s.w.s.m.m.a.RequestMappingHandlerMapping : Mapped to platform.presentationlayer.WEBcpsController#getCodeNewCreationEndPoint2(Model, String)
?[0m?[0;34m2023-03-03 00:32:19.958 DEBUG 11836 --- [io-8889-exec-15] org.hibernate.SQL                        : select code0_.id_code as id_code1_0_, code0_.code as code2_0_, code0_.codeuuid as codeuuid3_0_, code0_.formated_date_time as formated4_0_, code0_.date as date5_0_, code0_.remaining_time as remainin6_0_, code0_.remaining_views as remainin7_0_, code0_.restriction_by_date_is_accessible as restrict8_0_, code0_.restriction_by_views_is_accessible as restrict9_0_ from codes code0_ where code0_.codeuuid=?
?[0m?[0;34m2023-03-03 00:32:19.959 DEBUG 11836 --- [io-8889-exec-15] o.s.w.servlet.view.BeanNameViewResolver  : Found bean named 'code' but it does not implement View
?[0m?[0;34m2023-03-03 00:32:19.960 DEBUG 11836 --- [io-8889-exec-15] o.s.w.s.v.ContentNegotiatingViewResolver : Selected 'text/html' given [text/html]
?[0m?[0;34m2023-03-03 00:32:19.960 DEBUG 11836 --- [io-8889-exec-15] o.s.w.s.view.freemarker.FreeMarkerView   : View name 'code', model {code=platform.businesslayer.Code@63de2d19, date=03-03-2023 00:32:19, org.springframework.validation.BindingResult.code=org.springframework.validation.BeanPropertyBindingResult: 0 errors}
?[0m?[0;34m2023-03-03 00:32:19.960 DEBUG 11836 --- [io-8889-exec-15] o.s.w.s.view.freemarker.FreeMarkerView   : Rendering [code.ftlh]
?[0m?[0;34m2023-03-03 00:32:19.961 DEBUG 11836 --- [io-8889-exec-15] o.s.web.servlet.DispatcherServlet        : Completed 200 OK
?[1;31m
Start test 99?[0m
?[0m?[0;34m2023-03-03 00:32:19.966 DEBUG 11836 --- [io-8889-exec-16] o.s.web.servlet.DispatcherServlet        : GET "/api/code/b44b0616-26c0-4565-a2d2-527ea2c38718", parameters={}
?[0m?[0;34m2023-03-03 00:32:19.966 DEBUG 11836 --- [io-8889-exec-16] s.w.s.m.m.a.RequestMappingHandlerMapping : Mapped to platform.presentationlayer.APIcspController#getApiEnpoint(String)
?[0m?[0;34m2023-03-03 00:32:19.967 DEBUG 11836 --- [io-8889-exec-16] org.hibernate.SQL                        : select code0_.id_code as id_code1_0_, code0_.code as code2_0_, code0_.codeuuid as codeuuid3_0_, code0_.formated_date_time as formated4_0_, code0_.date as date5_0_, code0_.remaining_time as remainin6_0_, code0_.remaining_views as remainin7_0_, code0_.restriction_by_date_is_accessible as restrict8_0_, code0_.restriction_by_views_is_accessible as restrict9_0_ from codes code0_ where code0_.codeuuid=?
?[0m?[0;34m2023-03-03 00:32:19.968 DEBUG 11836 --- [io-8889-exec-16] m.m.a.RequestResponseBodyMethodProcessor : Using 'application/json', given [*/*] and supported [application/json, application/*+json, application/json, application/*+json]
?[0m?[0;34m2023-03-03 00:32:19.968 DEBUG 11836 --- [io-8889-exec-16] m.m.a.RequestResponseBodyMethodProcessor : Writing [platform.businesslayer.Code@1a4933b4]
?[0m?[0;34m2023-03-03 00:32:19.968 DEBUG 11836 --- [io-8889-exec-16] o.s.web.servlet.DispatcherServlet        : Completed 200 OK
?[1;31m
Start test 100?[0m
?[0m?[0;34m2023-03-03 00:32:19.973 DEBUG 11836 --- [io-8889-exec-11] o.s.web.servlet.DispatcherServlet        : GET "/code/b44b0616-26c0-4565-a2d2-527ea2c38718", parameters={}
?[0m?[0;34m2023-03-03 00:32:19.974 DEBUG 11836 --- [io-8889-exec-11] s.w.s.m.m.a.RequestMappingHandlerMapping : Mapped to platform.presentationlayer.WEBcpsController#getCodeNewCreationEndPoint2(Model, String)
?[0m?[0;34m2023-03-03 00:32:19.975 DEBUG 11836 --- [io-8889-exec-11] org.hibernate.SQL                        : select code0_.id_code as id_code1_0_, code0_.code as code2_0_, code0_.codeuuid as codeuuid3_0_, code0_.formated_date_time as formated4_0_, code0_.date as date5_0_, code0_.remaining_time as remainin6_0_, code0_.remaining_views as remainin7_0_, code0_.restriction_by_date_is_accessible as restrict8_0_, code0_.restriction_by_views_is_accessible as restrict9_0_ from codes code0_ where code0_.codeuuid=?
?[0m?[0;34m2023-03-03 00:32:19.976 DEBUG 11836 --- [io-8889-exec-11] o.s.w.servlet.view.BeanNameViewResolver  : Found bean named 'code' but it does not implement View
?[0m?[0;34m2023-03-03 00:32:19.977 DEBUG 11836 --- [io-8889-exec-11] o.s.w.s.v.ContentNegotiatingViewResolver : Selected 'text/html' given [text/html]
?[0m?[0;34m2023-03-03 00:32:19.977 DEBUG 11836 --- [io-8889-exec-11] o.s.w.s.view.freemarker.FreeMarkerView   : View name 'code', model {code=platform.businesslayer.Code@69dea82a, date=03-03-2023 00:32:19, org.springframework.validation.BindingResult.code=org.springframework.validation.BeanPropertyBindingResult: 0 errors}
?[0m?[0;34m2023-03-03 00:32:19.977 DEBUG 11836 --- [io-8889-exec-11] o.s.w.s.view.freemarker.FreeMarkerView   : Rendering [code.ftlh]
?[0m?[0;34m2023-03-03 00:32:19.977 DEBUG 11836 --- [io-8889-exec-11] o.s.web.servlet.DispatcherServlet        : Completed 200 OK
?[1;31m
Start test 101?[0m
?[0m?[0;34m2023-03-03 00:32:19.982 DEBUG 11836 --- [nio-8889-exec-4] o.s.web.servlet.DispatcherServlet        : GET "/api/code/7f39d042-04b6-45f9-a3c4-685cb417ac3f", parameters={}
?[0m?[0;34m2023-03-03 00:32:19.982 DEBUG 11836 --- [nio-8889-exec-4] s.w.s.m.m.a.RequestMappingHandlerMapping : Mapped to platform.presentationlayer.APIcspController#getApiEnpoint(String)
?[0m?[0;34m2023-03-03 00:32:19.983 DEBUG 11836 --- [nio-8889-exec-4] org.hibernate.SQL                        : select code0_.id_code as id_code1_0_, code0_.code as code2_0_, code0_.codeuuid as codeuuid3_0_, code0_.formated_date_time as formated4_0_, code0_.date as date5_0_, code0_.remaining_time as remainin6_0_, code0_.remaining_views as remainin7_0_, code0_.restriction_by_date_is_accessible as restrict8_0_, code0_.restriction_by_views_is_accessible as restrict9_0_ from codes code0_ where code0_.codeuuid=?
?[0m?[0;34m2023-03-03 00:32:19.984 DEBUG 11836 --- [nio-8889-exec-4] m.m.a.RequestResponseBodyMethodProcessor : Using 'application/json', given [*/*] and supported [application/json, application/*+json, application/json, application/*+json]
?[0m?[0;34m2023-03-03 00:32:19.984 DEBUG 11836 --- [nio-8889-exec-4] m.m.a.RequestResponseBodyMethodProcessor : Writing [platform.businesslayer.Code@40754745]
?[0m?[0;34m2023-03-03 00:32:19.985 DEBUG 11836 --- [nio-8889-exec-4] o.s.web.servlet.DispatcherServlet        : Completed 200 OK
?[1;31m
Start test 102?[0m
?[0;34m2023-03-03 00:32:19.989 DEBUG 11836 --- [io-8889-exec-14] o.s.web.servlet.DispatcherServlet        : GET "/code/7f39d042-04b6-45f9-a3c4-685cb417ac3f", parameters={}
?[0m?[0;34m2023-03-03 00:32:19.990 DEBUG 11836 --- [io-8889-exec-14] s.w.s.m.m.a.RequestMappingHandlerMapping : Mapped to platform.presentationlayer.WEBcpsController#getCodeNewCreationEndPoint2(Model, String)
?[0m?[0;34m2023-03-03 00:32:19.991 DEBUG 11836 --- [io-8889-exec-14] org.hibernate.SQL                        : select code0_.id_code as id_code1_0_, code0_.code as code2_0_, code0_.codeuuid as codeuuid3_0_, code0_.formated_date_time as formated4_0_, code0_.date as date5_0_, code0_.remaining_time as remainin6_0_, code0_.remaining_views as remainin7_0_, code0_.restriction_by_date_is_accessible as restrict8_0_, code0_.restriction_by_views_is_accessible as restrict9_0_ from codes code0_ where code0_.codeuuid=?
?[0m?[0;34m2023-03-03 00:32:19.992 DEBUG 11836 --- [io-8889-exec-14] o.s.w.servlet.view.BeanNameViewResolver  : Found bean named 'code' but it does not implement View
?[0m?[0;34m2023-03-03 00:32:19.992 DEBUG 11836 --- [io-8889-exec-14] o.s.w.s.v.ContentNegotiatingViewResolver : Selected 'text/html' given [text/html]
?[0m?[0;34m2023-03-03 00:32:19.993 DEBUG 11836 --- [io-8889-exec-14] o.s.w.s.view.freemarker.FreeMarkerView   : View name 'code', model {code=platform.businesslayer.Code@36fedcd1, date=03-03-2023 00:32:19, org.springframework.validation.BindingResult.code=org.springframework.validation.BeanPropertyBindingResult: 0 errors}
?[0m?[0;34m2023-03-03 00:32:19.993 DEBUG 11836 --- [io-8889-exec-14] o.s.w.s.view.freemarker.FreeMarkerView   : Rendering [code.ftlh]
?[0m?[0;34m2023-03-03 00:32:19.993 DEBUG 11836 --- [io-8889-exec-14] o.s.web.servlet.DispatcherServlet        : Completed 200 OK
?[1;31m
Start test 103?[0m
?[0m?[0;34m2023-03-03 00:32:25.013 DEBUG 11836 --- [nio-8889-exec-1] o.s.web.servlet.DispatcherServlet        : POST "/actuator/shutdown", parameters={}
?[0m?[0;34m2023-03-03 00:32:25.014 DEBUG 11836 --- [nio-8889-exec-1] s.b.a.e.w.s.WebMvcEndpointHandlerMapping : Mapped to Actuator web endpoint 'shutdown'
?[0m?[0;34m2023-03-03 00:32:25.016 DEBUG 11836 --- [nio-8889-exec-1] m.m.a.RequestResponseBodyMethodProcessor : Read "application/json;charset=UTF-8" to []
?[0m?[0;34m2023-03-03 00:32:25.017 DEBUG 11836 --- [nio-8889-exec-1] m.m.a.RequestResponseBodyMethodProcessor : Using 'application/vnd.spring-boot.actuator.v3+json', given [*/*] and supported [application/vnd.spring-boot.actuator.v3+json, application/vnd.spring-boot.actuator.v2+json, application/json]
?[0m?[0;34m2023-03-03 00:32:25.018 DEBUG 11836 --- [nio-8889-exec-1] m.m.a.RequestResponseBodyMethodProcessor : Writing [{message=Shutting down, bye...}]
?[0m?[0;34m2023-03-03 00:32:25.020 DEBUG 11836 --- [nio-8889-exec-1] o.s.web.servlet.DispatcherServlet        : Completed 200 OK
?[0;34m2023-03-03 00:32:25.527 DEBUG 11836 --- [       Thread-7] o.s.b.a.ApplicationAvailabilityBean      : Application availability state ReadinessState changed from ACCEPTING_TRAFFIC to REFUSING_TRAFFIC
?[0m?[0;34m2023-03-03 00:32:25.528 DEBUG 11836 --- [       Thread-7] ConfigServletWebServerApplicationContext : Closing org.springframework.boot.web.servlet.context.AnnotationConfigServletWebServerApplicationContext@5687ba39, started on Fri Mar 03 00:32:18 EET 2023
?[0m?[0;34m2023-03-03 00:32:25.567  INFO 11836 --- [       Thread-7] j.LocalContainerEntityManagerFactoryBean : Closing JPA EntityManagerFactory for persistence unit 'default'
?[0m?[0;34m2023-03-03 00:32:25.568  INFO 11836 --- [       Thread-7] com.zaxxer.hikari.HikariDataSource       : HikariPool-2 - Shutdown initiated...
?[0m?[0;34m2023-03-03 00:32:25.587  INFO 11836 --- [       Thread-7] com.zaxxer.hikari.HikariDataSource       : HikariPool-2 - Shutdown completed.
?[0;34m
?[0m?[0;34m  .   ____          _            __ _ _
?[0m?[0;34m /\\ / ___'_ __ _ _(_)_ __  __ _ \ \ \ \
?[0m?[0;34m( ( )\___ | '_ | '_| | '_ \/ _` | \ \ \ \
?[0m?[0;34m \\/  ___)| |_)| | | | | || (_| |  ) ) ) )
?[0m?[0;34m  '  |____| .__|_| |_|_| |_\__, | / / / /
?[0m?[0;34m =========|_|==============|___/=/_/_/_/
?[0m?[0;34m :: Spring Boot ::                (v2.5.6)
?[0m?[0;34m
?[0m?[0;34m2023-03-03 00:32:36.016  INFO 11836 --- [    Test worker] platform.CodeSharingPlatform             : Starting CodeSharingPlatform using Java 17.0.5 on Zyled-Desk with PID 11836 (started by Admin in C:\Users\Admin\Documents\GitHub\CSP\Office\Code Sharing Platform\task)
?[0m?[0;34m2023-03-03 00:32:36.016  INFO 11836 --- [    Test worker] platform.CodeSharingPlatform             : No active profile set, falling back to default profiles: default
?[0m?[0;34m2023-03-03 00:32:36.016 DEBUG 11836 --- [    Test worker] o.s.boot.SpringApplication               : Loading source class platform.CodeSharingPlatform
?[0m?[0;34m2023-03-03 00:32:36.020 DEBUG 11836 --- [    Test worker] ConfigServletWebServerApplicationContext : Refreshing org.springframework.boot.web.servlet.context.AnnotationConfigServletWebServerApplicationContext@5a63de07
?[0m?[0;34m2023-03-03 00:32:36.307  INFO 11836 --- [    Test worker] .s.d.r.c.RepositoryConfigurationDelegate : Bootstrapping Spring Data JPA repositories in DEFAULT mode.
?[0m?[0;34m2023-03-03 00:32:36.308 DEBUG 11836 --- [    Test worker] o.s.b.a.AutoConfigurationPackages        : @EnableAutoConfiguration was declared on a class in the package 'platform'. Automatic @Repository and @Entity scanning is enabled.
?[0m?[0;34m2023-03-03 00:32:36.314  INFO 11836 --- [    Test worker] .s.d.r.c.RepositoryConfigurationDelegate : Finished Spring Data repository scanning in 6 ms. Found 1 JPA repository interfaces.
?[0m?[0;34m2023-03-03 00:32:36.394 DEBUG 11836 --- [    Test worker] .s.b.w.e.t.TomcatServletWebServerFactory : Code archive: C:\Users\Admin\.gradle\caches\modules-2\files-2.1\org.springframework.boot\spring-boot\2.5.6\d8c6b97fd3182fb6d7d06ebf710cd9ccabc83b89\spring-boot-2.5.6.jar
?[0m?[0;34m2023-03-03 00:32:36.394 DEBUG 11836 --- [    Test worker] .s.b.w.e.t.TomcatServletWebServerFactory : Code archive: C:\Users\Admin\.gradle\caches\modules-2\files-2.1\org.springframework.boot\spring-boot\2.5.6\d8c6b97fd3182fb6d7d06ebf710cd9ccabc83b89\spring-boot-2.5.6.jar
?[0m?[0;34m2023-03-03 00:32:36.394 DEBUG 11836 --- [    Test worker] .s.b.w.e.t.TomcatServletWebServerFactory : None of the document roots [src/main/webapp, public, static] point to a directory and will be ignored.
?[0m?[0;34m2023-03-03 00:32:36.396  INFO 11836 --- [    Test worker] o.s.b.w.embedded.tomcat.TomcatWebServer  : Tomcat initialized with port(s): 8889 (http)
?[0m?[0;34m2023-03-03 00:32:36.397  INFO 11836 --- [    Test worker] o.apache.catalina.core.StandardService   : Starting service [Tomcat]
?[0m?[0;34m2023-03-03 00:32:36.397  INFO 11836 --- [    Test worker] org.apache.catalina.core.StandardEngine  : Starting Servlet engine: [Apache Tomcat/9.0.54]
?[0m?[0;34m2023-03-03 00:32:36.429  INFO 11836 --- [    Test worker] o.a.c.c.C.[Tomcat].[localhost].[/]       : Initializing Spring embedded WebApplicationContext
?[0m?[0;34m2023-03-03 00:32:36.429 DEBUG 11836 --- [    Test worker] w.s.c.ServletWebServerApplicationContext : Published root WebApplicationContext as ServletContext attribute with name [org.springframework.web.context.WebApplicationContext.ROOT]
?[0m?[0;34m2023-03-03 00:32:36.429  INFO 11836 --- [    Test worker] w.s.c.ServletWebServerApplicationContext : Root WebApplicationContext: initialization completed in 409 ms
?[0m?[0;34m2023-03-03 00:32:36.462  INFO 11836 --- [    Test worker] com.zaxxer.hikari.HikariDataSource       : HikariPool-3 - Starting...
?[0m?[0;34m2023-03-03 00:32:36.476  INFO 11836 --- [    Test worker] com.zaxxer.hikari.HikariDataSource       : HikariPool-3 - Start completed.
?[0m?[0;34m2023-03-03 00:32:36.477  INFO 11836 --- [    Test worker] o.s.b.a.h2.H2ConsoleAutoConfiguration    : H2 console available at '/h2-console'. Database available at 'jdbc:h2:file:../snippets'
?[0m?[0;34m2023-03-03 00:32:36.495 DEBUG 11836 --- [    Test worker] o.s.b.w.s.ServletContextInitializerBeans : Mapping filters: filterRegistrationBean urls=[/*] order=-2147483647, characterEncodingFilter urls=[/*] order=-2147483648, formContentFilter urls=[/*] order=-9900, requestContextFilter urls=[/*] order=-105
?[0m?[0;34m2023-03-03 00:32:36.495 DEBUG 11836 --- [    Test worker] o.s.b.w.s.ServletContextInitializerBeans : Mapping servlets: dispatcherServlet urls=[/], webServlet urls=[/h2-console/*]
?[0m?[0;34m2023-03-03 00:32:36.496 DEBUG 11836 --- [    Test worker] o.s.b.a.m.w.servlet.WebMvcMetricsFilter  : Filter 'webMvcMetricsFilter' configured for use
?[0m?[0;34m2023-03-03 00:32:36.497 DEBUG 11836 --- [    Test worker] o.s.b.w.s.f.OrderedRequestContextFilter  : Filter 'requestContextFilter' configured for use
?[0m?[0;34m2023-03-03 00:32:36.497 DEBUG 11836 --- [    Test worker] s.b.w.s.f.OrderedCharacterEncodingFilter : Filter 'characterEncodingFilter' configured for use
?[0m?[0;34m2023-03-03 00:32:36.497 DEBUG 11836 --- [    Test worker] o.s.b.w.s.f.OrderedFormContentFilter     : Filter 'formContentFilter' configured for use
?[0m?[0;34m2023-03-03 00:32:36.516  INFO 11836 --- [    Test worker] o.hibernate.jpa.internal.util.LogHelper  : HHH000204: Processing PersistenceUnitInfo [name: default]
?[0m?[0;34m2023-03-03 00:32:36.524  INFO 11836 --- [    Test worker] org.hibernate.dialect.Dialect            : HHH000400: Using dialect: org.hibernate.dialect.H2Dialect
?[0m?[0;34m2023-03-03 00:32:36.567  INFO 11836 --- [    Test worker] o.h.e.t.j.p.i.JtaPlatformInitiator       : HHH000490: Using JtaPlatform implementation: [org.hibernate.engine.transaction.jta.platform.internal.NoJtaPlatform]
?[0m?[0;34m2023-03-03 00:32:36.567  INFO 11836 --- [    Test worker] j.LocalContainerEntityManagerFactoryBean : Initialized JPA EntityManagerFactory for persistence unit 'default'
?[0m?[0;34m2023-03-03 00:32:36.638  WARN 11836 --- [    Test worker] JpaBaseConfiguration$JpaWebConfiguration : spring.jpa.open-in-view is enabled by default. Therefore, database queries may be performed during view rendering. Explicitly configure spring.jpa.open-in-view to disable this warning
?[0m?[0;34m2023-03-03 00:32:36.680 DEBUG 11836 --- [    Test worker] s.w.s.m.m.a.RequestMappingHandlerAdapter : ControllerAdvice beans: 0 @ModelAttribute, 0 @InitBinder, 1 RequestBodyAdvice, 1 ResponseBodyAdvice
?[0m?[0;34m2023-03-03 00:32:36.689 DEBUG 11836 --- [    Test worker] s.w.s.m.m.a.RequestMappingHandlerMapping : 8 mappings in 'requestMappingHandlerMapping'
?[0m?[0;34m2023-03-03 00:32:36.702 DEBUG 11836 --- [    Test worker] o.s.w.s.handler.SimpleUrlHandlerMapping  : Patterns [/webjars/**, /**] in 'resourceHandlerMapping'
?[0m?[0;34m2023-03-03 00:32:36.707 DEBUG 11836 --- [    Test worker] .m.m.a.ExceptionHandlerExceptionResolver : ControllerAdvice beans: 0 @ExceptionHandler, 1 ResponseBodyAdvice
?[0m?[0;34m2023-03-03 00:32:36.784 DEBUG 11836 --- [    Test worker] o.s.w.s.v.f.FreeMarkerConfigurer         : File system access not preferred: using SpringTemplateLoader
?[0m?[0;34m2023-03-03 00:32:36.800  INFO 11836 --- [    Test worker] o.s.b.a.e.web.EndpointLinksResolver      : Exposing 14 endpoint(s) beneath base path '/actuator'
?[0m?[0;34m2023-03-03 00:32:36.812  INFO 11836 --- [    Test worker] o.s.b.w.embedded.tomcat.TomcatWebServer  : Tomcat started on port(s): 8889 (http) with context path ''
?[0m?[0;34m2023-03-03 00:32:36.821 DEBUG 11836 --- [    Test worker] ConditionEvaluationReportLoggingListener : 
?[0m?[0;34m
?[0m?[0;34m
?[0m?[0;34m============================
?[0m?[0;34mCONDITIONS EVALUATION REPORT
?[0m?[0;34m============================
?[0m?[0;34m
?[0m?[0;34m
?[0m?[0;34mPositive matches:
?[0m?[0;34m-----------------
?[0m?[0;34m
?[0m?[0;34m   AopAutoConfiguration matched:
?[0m?[0;34m      - @ConditionalOnProperty (spring.aop.auto=true) matched (OnPropertyCondition)
?[0m?[0;34m
?[0m?[0;34m   AopAutoConfiguration.AspectJAutoProxyingConfiguration matched:
?[0m?[0;34m      - @ConditionalOnClass found required class 'org.aspectj.weaver.Advice' (OnClassCondition)
?[0m?[0;34m
?[0m?[0;34m   AopAutoConfiguration.AspectJAutoProxyingConfiguration.CglibAutoProxyConfiguration matched:
?[0m?[0;34m      - @ConditionalOnProperty (spring.aop.proxy-target-class=true) matched (OnPropertyCondition)
?[0m?[0;34m
?[0m?[0;34m   AuditEventsEndpointAutoConfiguration matched:
?[0m?[0;34m      - @ConditionalOnAvailableEndpoint no property management.endpoint.auditevents.enabled found so using endpoint default; @ConditionalOnAvailableEndpoint marked as exposed by a 'management.endpoints.web.exposure' property (OnAvailableEndpointCondition)
?[0m?[0;34m
?[0m?[0;34m   BeansEndpointAutoConfiguration matched:
?[0m?[0;34m      - @ConditionalOnAvailableEndpoint no property management.endpoint.beans.enabled found so using endpoint default; @ConditionalOnAvailableEndpoint marked as exposed by a 'management.endpoints.web.exposure' property (OnAvailableEndpointCondition)
?[0m?[0;34m
?[0m?[0;34m   BeansEndpointAutoConfiguration#beansEndpoint matched:
?[0m?[0;34m      - @ConditionalOnMissingBean (types: org.springframework.boot.actuate.beans.BeansEndpoint; SearchStrategy: all) did not find any beans (OnBeanCondition)
?[0m?[0;34m
?[0m?[0;34m   CacheMeterBinderProvidersConfiguration matched:
?[0m?[0;34m      - @ConditionalOnClass found required class 'io.micrometer.core.instrument.binder.MeterBinder' (OnClassCondition)
?[0m?[0;34m
?[0m?[0;34m   CachesEndpointAutoConfiguration matched:
?[0m?[0;34m      - @ConditionalOnClass found required class 'org.springframework.cache.CacheManager' (OnClassCondition)
?[0m?[0;34m      - @ConditionalOnAvailableEndpoint no property management.endpoint.caches.enabled found so using endpoint default; @ConditionalOnAvailableEndpoint marked as exposed by a 'management.endpoints.web.exposure' property (OnAvailableEndpointCondition)
?[0m?[0;34m
?[0m?[0;34m   CachesEndpointAutoConfiguration#cachesEndpoint matched:
?[0m?[0;34m      - @ConditionalOnMissingBean (types: org.springframework.boot.actuate.cache.CachesEndpoint; SearchStrategy: all) did not find any beans (OnBeanCondition)
?[0m?[0;34m
?[0m?[0;34m   CachesEndpointAutoConfiguration#cachesEndpointWebExtension matched:
?[0m?[0;34m      - @ConditionalOnBean (types: org.springframework.boot.actuate.cache.CachesEndpoint; SearchStrategy: all) found bean 'cachesEndpoint'; @ConditionalOnMissingBean (types: org.springframework.boot.actuate.cache.CachesEndpointWebExtension; SearchStrategy: all) did not find any beans (OnBeanCondition)
?[0m?[0;34m
?[0m?[0;34m   CompositeMeterRegistryAutoConfiguration matched:
?[0m?[0;34m      - @ConditionalOnClass found required class 'io.micrometer.core.instrument.composite.CompositeMeterRegistry' (OnClassCondition)
?[0m?[0;34m
?[0m?[0;34m   ConditionsReportEndpointAutoConfiguration matched:
?[0m?[0;34m      - @ConditionalOnAvailableEndpoint no property management.endpoint.conditions.enabled found so using endpoint default; @ConditionalOnAvailableEndpoint marked as exposed by a 'management.endpoints.web.exposure' property (OnAvailableEndpointCondition)
?[0m?[0;34m
?[0m?[0;34m   ConditionsReportEndpointAutoConfiguration#conditionsReportEndpoint matched:
?[0m?[0;34m      - @ConditionalOnMissingBean (types: org.springframework.boot.actuate.autoconfigure.condition.ConditionsReportEndpoint; SearchStrategy: current) did not find any beans (OnBeanCondition)
?[0m?[0;34m
?[0m?[0;34m   ConfigurationPropertiesReportEndpointAutoConfiguration matched:
?[0m?[0;34m      - @ConditionalOnAvailableEndpoint no property management.endpoint.configprops.enabled found so using endpoint default; @ConditionalOnAvailableEndpoint marked as exposed by a 'management.endpoints.web.exposure' property (OnAvailableEndpointCondition)
?[0m?[0;34m
?[0m?[0;34m   ConfigurationPropertiesReportEndpointAutoConfiguration#configurationPropertiesReportEndpoint matched:
?[0m?[0;34m      - @ConditionalOnMissingBean (types: org.springframework.boot.actuate.context.properties.ConfigurationPropertiesReportEndpoint; SearchStrategy: all) did not find any beans (OnBeanCondition)
?[0m?[0;34m
?[0m?[0;34m   ConfigurationPropertiesReportEndpointAutoConfiguration#configurationPropertiesReportEndpointWebExtension matched:
?[0m?[0;34m      - @ConditionalOnBean (types: org.springframework.boot.actuate.context.properties.ConfigurationPropertiesReportEndpoint; SearchStrategy: all) found bean 'configurationPropertiesReportEndpoint'; @ConditionalOnMissingBean (types: org.springframework.boot.actuate.context.properties.ConfigurationPropertiesReportEndpointWebExtension; SearchStrategy: all) did not find any beans (OnBeanCondition)
?[0m?[0;34m
?[0m?[0;34m   DataSourceAutoConfiguration matched:
?[0m?[0;34m      - @ConditionalOnClass found required classes 'javax.sql.DataSource', 'org.springframework.jdbc.datasource.embedded.EmbeddedDatabaseType' (OnClassCondition)
?[0m?[0;34m      - @ConditionalOnMissingBean (types: io.r2dbc.spi.ConnectionFactory; SearchStrategy: all) did not find any beans (OnBeanCondition)
?[0m?[0;34m
?[0m?[0;34m   DataSourceAutoConfiguration.PooledDataSourceConfiguration matched:
?[0m?[0;34m      - AnyNestedCondition 1 matched 1 did not; NestedCondition on DataSourceAutoConfiguration.PooledDataSourceCondition.PooledDataSourceAvailable PooledDataSource found supported DataSource; NestedCondition on DataSourceAutoConfiguration.PooledDataSourceCondition.ExplicitType @ConditionalOnProperty (spring.datasource.type) did not find property 'type' (DataSourceAutoConfiguration.PooledDataSourceCondition)
?[0m?[0;34m      - @ConditionalOnMissingBean (types: javax.sql.DataSource,javax.sql.XADataSource; SearchStrategy: all) did not find any beans (OnBeanCondition)
?[0m?[0;34m
?[0m?[0;34m   DataSourceConfiguration.Hikari matched:
?[0m?[0;34m      - @ConditionalOnClass found required class 'com.zaxxer.hikari.HikariDataSource' (OnClassCondition)
?[0m?[0;34m      - @ConditionalOnProperty (spring.datasource.type=com.zaxxer.hikari.HikariDataSource) matched (OnPropertyCondition)
?[0m?[0;34m      - @ConditionalOnMissingBean (types: javax.sql.DataSource; SearchStrategy: all) did not find any beans (OnBeanCondition)
?[0m?[0;34m
?[0m?[0;34m   DataSourceHealthContributorAutoConfiguration matched:
?[0m?[0;34m      - @ConditionalOnClass found required classes 'org.springframework.jdbc.core.JdbcTemplate', 'org.springframework.jdbc.datasource.lookup.AbstractRoutingDataSource' (OnClassCondition)
?[0m?[0;34m      - @ConditionalOnEnabledHealthIndicator management.health.defaults.enabled is considered true (OnEnabledHealthIndicatorCondition)
?[0m?[0;34m      - @ConditionalOnBean (types: javax.sql.DataSource; SearchStrategy: all) found bean 'dataSource' (OnBeanCondition)
?[0m?[0;34m
?[0m?[0;34m   DataSourceHealthContributorAutoConfiguration#dbHealthContributor matched:
?[0m?[0;34m      - @ConditionalOnMissingBean (names: dbHealthIndicator,dbHealthContributor; SearchStrategy: all) did not find any beans (OnBeanCondition)
?[0m?[0;34m
?[0m?[0;34m   DataSourceInitializationConfiguration matched:
?[0m?[0;34m      - @ConditionalOnClass found required class 'org.springframework.jdbc.datasource.init.DatabasePopulator' (OnClassCondition)
?[0m?[0;34m      - @ConditionalOnSingleCandidate (types: javax.sql.DataSource; SearchStrategy: all) found a primary bean from beans 'dataSource'; @ConditionalOnMissingBean (types: org.springframework.boot.sql.init.AbstractScriptDatabaseInitializer; SearchStrategy: all) did not find any beans (OnBeanCondition)
?[0m?[0;34m
?[0m?[0;34m   DataSourceJmxConfiguration matched:
?[0m?[0;34m      - @ConditionalOnProperty (spring.jmx.enabled=true) matched (OnPropertyCondition)
?[0m?[0;34m
?[0m?[0;34m   DataSourceJmxConfiguration.Hikari matched:
?[0m?[0;34m      - @ConditionalOnClass found required class 'com.zaxxer.hikari.HikariDataSource' (OnClassCondition)
?[0m?[0;34m      - @ConditionalOnSingleCandidate (types: javax.sql.DataSource; SearchStrategy: all) found a primary bean from beans 'dataSource' (OnBeanCondition)
?[0m?[0;34m
?[0m?[0;34m   DataSourcePoolMetadataProvidersConfiguration.HikariPoolDataSourceMetadataProviderConfiguration matched:
?[0m?[0;34m      - @ConditionalOnClass found required class 'com.zaxxer.hikari.HikariDataSource' (OnClassCondition)
?[0m?[0;34m
?[0m?[0;34m   DataSourcePoolMetricsAutoConfiguration matched:
?[0m?[0;34m      - @ConditionalOnClass found required classes 'javax.sql.DataSource', 'io.micrometer.core.instrument.MeterRegistry' (OnClassCondition)
?[0m?[0;34m      - @ConditionalOnBean (types: javax.sql.DataSource,io.micrometer.core.instrument.MeterRegistry; SearchStrategy: all) found beans 'simpleMeterRegistry', 'dataSource' (OnBeanCondition)
?[0m?[0;34m
?[0m?[0;34m   DataSourcePoolMetricsAutoConfiguration.DataSourcePoolMetadataMetricsConfiguration matched:
?[0m?[0;34m      - @ConditionalOnBean (types: org.springframework.boot.jdbc.metadata.DataSourcePoolMetadataProvider; SearchStrategy: all) found bean 'hikariPoolDataSourceMetadataProvider' (OnBeanCondition)
?[0m?[0;34m
?[0m?[0;34m   DataSourcePoolMetricsAutoConfiguration.HikariDataSourceMetricsConfiguration matched:
?[0m?[0;34m      - @ConditionalOnClass found required class 'com.zaxxer.hikari.HikariDataSource' (OnClassCondition)
?[0m?[0;34m
?[0m?[0;34m   DataSourceTransactionManagerAutoConfiguration matched:
?[0m?[0;34m      - @ConditionalOnClass found required classes 'org.springframework.jdbc.core.JdbcTemplate', 'org.springframework.transaction.TransactionManager' (OnClassCondition)
?[0m?[0;34m
?[0m?[0;34m   DataSourceTransactionManagerAutoConfiguration.JdbcTransactionManagerConfiguration matched:
?[0m?[0;34m      - @ConditionalOnSingleCandidate (types: javax.sql.DataSource; SearchStrategy: all) found a primary bean from beans 'dataSource' (OnBeanCondition)
?[0m?[0;34m
?[0m?[0;34m   DiskSpaceHealthContributorAutoConfiguration matched:
?[0m?[0;34m      - @ConditionalOnEnabledHealthIndicator management.health.defaults.enabled is considered true (OnEnabledHealthIndicatorCondition)
?[0m?[0;34m
?[0m?[0;34m   DiskSpaceHealthContributorAutoConfiguration#diskSpaceHealthIndicator matched:
?[0m?[0;34m      - @ConditionalOnMissingBean (names: diskSpaceHealthIndicator; SearchStrategy: all) did not find any beans (OnBeanCondition)
?[0m?[0;34m
?[0m?[0;34m   DispatcherServletAutoConfiguration matched:
?[0m?[0;34m      - @ConditionalOnClass found required class 'org.springframework.web.servlet.DispatcherServlet' (OnClassCondition)
?[0m?[0;34m      - found 'session' scope (OnWebApplicationCondition)
?[0m?[0;34m
?[0m?[0;34m   DispatcherServletAutoConfiguration.DispatcherServletConfiguration matched:
?[0m?[0;34m      - @ConditionalOnClass found required class 'javax.servlet.ServletRegistration' (OnClassCondition)
?[0m?[0;34m      - Default DispatcherServlet did not find dispatcher servlet beans (DispatcherServletAutoConfiguration.DefaultDispatcherServletCondition)
?[0m?[0;34m
?[0m?[0;34m   DispatcherServletAutoConfiguration.DispatcherServletRegistrationConfiguration matched:
?[0m?[0;34m      - @ConditionalOnClass found required class 'javax.servlet.ServletRegistration' (OnClassCondition)
?[0m?[0;34m      - DispatcherServlet Registration did not find servlet registration bean (DispatcherServletAutoConfiguration.DispatcherServletRegistrationCondition)
?[0m?[0;34m
?[0m?[0;34m   DispatcherServletAutoConfiguration.DispatcherServletRegistrationConfiguration#dispatcherServletRegistration matched:
?[0m?[0;34m      - @ConditionalOnBean (names: dispatcherServlet types: org.springframework.web.servlet.DispatcherServlet; SearchStrategy: all) found bean 'dispatcherServlet' (OnBeanCondition)
?[0m?[0;34m
?[0m?[0;34m   EmbeddedWebServerFactoryCustomizerAutoConfiguration matched:
?[0m?[0;34m      - @ConditionalOnWebApplication (required) found 'session' scope (OnWebApplicationCondition)
?[0m?[0;34m
?[0m?[0;34m   EmbeddedWebServerFactoryCustomizerAutoConfiguration.TomcatWebServerFactoryCustomizerConfiguration matched:
?[0m?[0;34m      - @ConditionalOnClass found required classes 'org.apache.catalina.startup.Tomcat', 'org.apache.coyote.UpgradeProtocol' (OnClassCondition)
?[0m?[0;34m
?[0m?[0;34m   EndpointAutoConfiguration#endpointCachingOperationInvokerAdvisor matched:
?[0m?[0;34m      - @ConditionalOnMissingBean (types: org.springframework.boot.actuate.endpoint.invoker.cache.CachingOperationInvokerAdvisor; SearchStrategy: all) did not find any beans (OnBeanCondition)
?[0m?[0;34m
?[0m?[0;34m   EndpointAutoConfiguration#endpointOperationParameterMapper matched:
?[0m?[0;34m      - @ConditionalOnMissingBean (types: org.springframework.boot.actuate.endpoint.invoke.ParameterValueMapper; SearchStrategy: all) did not find any beans (OnBeanCondition)
?[0m?[0;34m
?[0m?[0;34m   EnvironmentEndpointAutoConfiguration matched:
?[0m?[0;34m      - @ConditionalOnAvailableEndpoint no property management.endpoint.env.enabled found so using endpoint default; @ConditionalOnAvailableEndpoint marked as exposed by a 'management.endpoints.web.exposure' property (OnAvailableEndpointCondition)
?[0m?[0;34m
?[0m?[0;34m   EnvironmentEndpointAutoConfiguration#environmentEndpoint matched:
?[0m?[0;34m      - @ConditionalOnMissingBean (types: org.springframework.boot.actuate.env.EnvironmentEndpoint; SearchStrategy: all) did not find any beans (OnBeanCondition)
?[0m?[0;34m
?[0m?[0;34m   EnvironmentEndpointAutoConfiguration#environmentEndpointWebExtension matched:
?[0m?[0;34m      - @ConditionalOnBean (types: org.springframework.boot.actuate.env.EnvironmentEndpoint; SearchStrategy: all) found bean 'environmentEndpoint'; @ConditionalOnMissingBean (types: org.springframework.boot.actuate.env.EnvironmentEndpointWebExtension; SearchStrategy: all) did not find any beans (OnBeanCondition)
?[0m?[0;34m
?[0m?[0;34m   ErrorMvcAutoConfiguration matched:
?[0m?[0;34m      - @ConditionalOnClass found required classes 'javax.servlet.Servlet', 'org.springframework.web.servlet.DispatcherServlet' (OnClassCondition)
?[0m?[0;34m      - found 'session' scope (OnWebApplicationCondition)
?[0m?[0;34m
?[0m?[0;34m   ErrorMvcAutoConfiguration#basicErrorController matched:
?[0m?[0;34m      - @ConditionalOnMissingBean (types: org.springframework.boot.web.servlet.error.ErrorController; SearchStrategy: current) did not find any beans (OnBeanCondition)
?[0m?[0;34m
?[0m?[0;34m   ErrorMvcAutoConfiguration#errorAttributes matched:
?[0m?[0;34m      - @ConditionalOnMissingBean (types: org.springframework.boot.web.servlet.error.ErrorAttributes; SearchStrategy: current) did not find any beans (OnBeanCondition)
?[0m?[0;34m
?[0m?[0;34m   ErrorMvcAutoConfiguration.DefaultErrorViewResolverConfiguration#conventionErrorViewResolver matched:
?[0m?[0;34m      - @ConditionalOnBean (types: org.springframework.web.servlet.DispatcherServlet; SearchStrategy: all) found bean 'dispatcherServlet'; @ConditionalOnMissingBean (types: org.springframework.boot.autoconfigure.web.servlet.error.ErrorViewResolver; SearchStrategy: all) did not find any beans (OnBeanCondition)
?[0m?[0;34m
?[0m?[0;34m   ErrorMvcAutoConfiguration.WhitelabelErrorViewConfiguration matched:
?[0m?[0;34m      - @ConditionalOnProperty (server.error.whitelabel.enabled) matched (OnPropertyCondition)
?[0m?[0;34m      - ErrorTemplate Missing did not find error template view (ErrorMvcAutoConfiguration.ErrorTemplateMissingCondition)
?[0m?[0;34m
?[0m?[0;34m   ErrorMvcAutoConfiguration.WhitelabelErrorViewConfiguration#beanNameViewResolver matched:
?[0m?[0;34m      - @ConditionalOnMissingBean (types: org.springframework.web.servlet.view.BeanNameViewResolver; SearchStrategy: all) did not find any beans (OnBeanCondition)
?[0m?[0;34m
?[0m?[0;34m   ErrorMvcAutoConfiguration.WhitelabelErrorViewConfiguration#defaultErrorView matched:
?[0m?[0;34m      - @ConditionalOnMissingBean (names: error; SearchStrategy: all) did not find any beans (OnBeanCondition)
?[0m?[0;34m
?[0m?[0;34m   FreeMarkerAutoConfiguration matched:
?[0m?[0;34m      - @ConditionalOnClass found required classes 'freemarker.template.Configuration', 'org.springframework.ui.freemarker.FreeMarkerConfigurationFactory' (OnClassCondition)
?[0m?[0;34m
?[0m?[0;34m   FreeMarkerServletWebConfiguration matched:
?[0m?[0;34m      - @ConditionalOnClass found required classes 'javax.servlet.Servlet', 'org.springframework.web.servlet.view.freemarker.FreeMarkerConfigurer' (OnClassCondition)
?[0m?[0;34m      - found 'session' scope (OnWebApplicationCondition)
?[0m?[0;34m
?[0m?[0;34m   FreeMarkerServletWebConfiguration#freeMarkerConfigurer matched:
?[0m?[0;34m      - @ConditionalOnMissingBean (types: org.springframework.web.servlet.view.freemarker.FreeMarkerConfig; SearchStrategy: all) did not find any beans (OnBeanCondition)
?[0m?[0;34m
?[0m?[0;34m   FreeMarkerServletWebConfiguration#freeMarkerViewResolver matched:
?[0m?[0;34m      - @ConditionalOnProperty (spring.freemarker.enabled) matched (OnPropertyCondition)
?[0m?[0;34m      - @ConditionalOnMissingBean (names: freeMarkerViewResolver; SearchStrategy: all) did not find any beans (OnBeanCondition)
?[0m?[0;34m
?[0m?[0;34m   GenericCacheConfiguration matched:
?[0m?[0;34m      - Cache org.springframework.boot.autoconfigure.cache.GenericCacheConfiguration automatic cache type (CacheCondition)
?[0m?[0;34m
?[0m?[0;34m   GsonAutoConfiguration matched:
?[0m?[0;34m      - @ConditionalOnClass found required class 'com.google.gson.Gson' (OnClassCondition)
?[0m?[0;34m
?[0m?[0;34m   GsonAutoConfiguration#gson matched:
?[0m?[0;34m      - @ConditionalOnMissingBean (types: com.google.gson.Gson; SearchStrategy: all) did not find any beans (OnBeanCondition)
?[0m?[0;34m
?[0m?[0;34m   GsonAutoConfiguration#gsonBuilder matched:
?[0m?[0;34m      - @ConditionalOnMissingBean (types: com.google.gson.GsonBuilder; SearchStrategy: all) did not find any beans (OnBeanCondition)
?[0m?[0;34m
?[0m?[0;34m   GsonHttpMessageConvertersConfiguration matched:
?[0m?[0;34m      - @ConditionalOnClass found required class 'com.google.gson.Gson' (OnClassCondition)
?[0m?[0;34m
?[0m?[0;34m   H2ConsoleAutoConfiguration matched:
?[0m?[0;34m      - @ConditionalOnClass found required class 'org.h2.server.web.WebServlet' (OnClassCondition)
?[0m?[0;34m      - found 'session' scope (OnWebApplicationCondition)
?[0m?[0;34m      - @ConditionalOnProperty (spring.h2.console.enabled=true) matched (OnPropertyCondition)
?[0m?[0;34m
?[0m?[0;34m   HealthContributorAutoConfiguration#pingHealthContributor matched:
?[0m?[0;34m      - @ConditionalOnEnabledHealthIndicator management.health.defaults.enabled is considered true (OnEnabledHealthIndicatorCondition)
?[0m?[0;34m
?[0m?[0;34m   HealthEndpointAutoConfiguration matched:
?[0m?[0;34m      - @ConditionalOnAvailableEndpoint no property management.endpoint.health.enabled found so using endpoint default; @ConditionalOnAvailableEndpoint marked as exposed by a 'management.endpoints.web.exposure' property (OnAvailableEndpointCondition)
?[0m?[0;34m
?[0m?[0;34m   HealthEndpointConfiguration#healthContributorRegistry matched:
?[0m?[0;34m      - @ConditionalOnMissingBean (types: org.springframework.boot.actuate.health.HealthContributorRegistry; SearchStrategy: all) did not find any beans (OnBeanCondition)
?[0m?[0;34m
?[0m?[0;34m   HealthEndpointConfiguration#healthEndpoint matched:
?[0m?[0;34m      - @ConditionalOnMissingBean (types: org.springframework.boot.actuate.health.HealthEndpoint; SearchStrategy: all) did not find any beans (OnBeanCondition)
?[0m?[0;34m
?[0m?[0;34m   HealthEndpointConfiguration#healthEndpointGroups matched:
?[0m?[0;34m      - @ConditionalOnMissingBean (types: org.springframework.boot.actuate.health.HealthEndpointGroups; SearchStrategy: all) did not find any beans (OnBeanCondition)
?[0m?[0;34m
?[0m?[0;34m   HealthEndpointConfiguration#healthHttpCodeStatusMapper matched:
?[0m?[0;34m      - @ConditionalOnMissingBean (types: org.springframework.boot.actuate.health.HttpCodeStatusMapper; SearchStrategy: all) did not find any beans (OnBeanCondition)
?[0m?[0;34m
?[0m?[0;34m   HealthEndpointConfiguration#healthStatusAggregator matched:
?[0m?[0;34m      - @ConditionalOnMissingBean (types: org.springframework.boot.actuate.health.StatusAggregator; SearchStrategy: all) did not find any beans (OnBeanCondition)
?[0m?[0;34m
?[0m?[0;34m   HealthEndpointWebExtensionConfiguration matched:
?[0m?[0;34m      - found 'session' scope (OnWebApplicationCondition)
?[0m?[0;34m      - @ConditionalOnBean (types: org.springframework.boot.actuate.health.HealthEndpoint; SearchStrategy: all) found bean 'healthEndpoint' (OnBeanCondition)
?[0m?[0;34m
?[0m?[0;34m   HealthEndpointWebExtensionConfiguration#healthEndpointWebExtension matched:
?[0m?[0;34m      - @ConditionalOnBean (types: org.springframework.boot.actuate.health.HealthEndpoint; SearchStrategy: all) found bean 'healthEndpoint'; @ConditionalOnMissingBean (types: org.springframework.boot.actuate.health.HealthEndpointWebExtension; SearchStrategy: all) did not find any beans (OnBeanCondition)
?[0m?[0;34m
?[0m?[0;34m   HeapDumpWebEndpointAutoConfiguration matched:
?[0m?[0;34m      - @ConditionalOnAvailableEndpoint no property management.endpoint.heapdump.enabled found so using endpoint default; @ConditionalOnAvailableEndpoint marked as exposed by a 'management.endpoints.web.exposure' property (OnAvailableEndpointCondition)
?[0m?[0;34m
?[0m?[0;34m   HeapDumpWebEndpointAutoConfiguration#heapDumpWebEndpoint matched:
?[0m?[0;34m      - @ConditionalOnMissingBean (types: org.springframework.boot.actuate.management.HeapDumpWebEndpoint; SearchStrategy: all) did not find any beans (OnBeanCondition)
?[0m?[0;34m
?[0m?[0;34m   HibernateJpaAutoConfiguration matched:
?[0m?[0;34m      - @ConditionalOnClass found required classes 'org.springframework.orm.jpa.LocalContainerEntityManagerFactoryBean', 'javax.persistence.EntityManager', 'org.hibernate.engine.spi.SessionImplementor' (OnClassCondition)
?[0m?[0;34m
?[0m?[0;34m   HibernateJpaConfiguration matched:
?[0m?[0;34m      - @ConditionalOnSingleCandidate (types: javax.sql.DataSource; SearchStrategy: all) found a primary bean from beans 'dataSource' (OnBeanCondition)
?[0m?[0;34m
?[0m?[0;34m   HttpClientMetricsAutoConfiguration matched:
?[0m?[0;34m      - @ConditionalOnClass found required class 'io.micrometer.core.instrument.MeterRegistry' (OnClassCondition)
?[0m?[0;34m      - @ConditionalOnBean (types: io.micrometer.core.instrument.MeterRegistry; SearchStrategy: all) found bean 'simpleMeterRegistry' (OnBeanCondition)
?[0m?[0;34m
?[0m?[0;34m   HttpEncodingAutoConfiguration matched:
?[0m?[0;34m      - @ConditionalOnClass found required class 'org.springframework.web.filter.CharacterEncodingFilter' (OnClassCondition)
?[0m?[0;34m      - found 'session' scope (OnWebApplicationCondition)
?[0m?[0;34m      - @ConditionalOnProperty (server.servlet.encoding.enabled) matched (OnPropertyCondition)
?[0m?[0;34m
?[0m?[0;34m   HttpEncodingAutoConfiguration#characterEncodingFilter matched:
?[0m?[0;34m      - @ConditionalOnMissingBean (types: org.springframework.web.filter.CharacterEncodingFilter; SearchStrategy: all) did not find any beans (OnBeanCondition)
?[0m?[0;34m
?[0m?[0;34m   HttpMessageConvertersAutoConfiguration matched:
?[0m?[0;34m      - @ConditionalOnClass found required class 'org.springframework.http.converter.HttpMessageConverter' (OnClassCondition)
?[0m?[0;34m      - NoneNestedConditions 0 matched 1 did not; NestedCondition on HttpMessageConvertersAutoConfiguration.NotReactiveWebApplicationCondition.ReactiveWebApplication did not find reactive web application classes (HttpMessageConvertersAutoConfiguration.NotReactiveWebApplicationCondition)
?[0m?[0;34m
?[0m?[0;34m   HttpMessageConvertersAutoConfiguration#messageConverters matched:
?[0m?[0;34m      - @ConditionalOnMissingBean (types: org.springframework.boot.autoconfigure.http.HttpMessageConverters; SearchStrategy: all) did not find any beans (OnBeanCondition)
?[0m?[0;34m
?[0m?[0;34m   HttpMessageConvertersAutoConfiguration.StringHttpMessageConverterConfiguration matched:
?[0m?[0;34m      - @ConditionalOnClass found required class 'org.springframework.http.converter.StringHttpMessageConverter' (OnClassCondition)
?[0m?[0;34m
?[0m?[0;34m   HttpMessageConvertersAutoConfiguration.StringHttpMessageConverterConfiguration#stringHttpMessageConverter matched:
?[0m?[0;34m      - @ConditionalOnMissingBean (types: org.springframework.http.converter.StringHttpMessageConverter; SearchStrategy: all) did not find any beans (OnBeanCondition)
?[0m?[0;34m
?[0m?[0;34m   HttpTraceEndpointAutoConfiguration matched:
?[0m?[0;34m      - @ConditionalOnAvailableEndpoint no property management.endpoint.httptrace.enabled found so using endpoint default; @ConditionalOnAvailableEndpoint marked as exposed by a 'management.endpoints.web.exposure' property (OnAvailableEndpointCondition)
?[0m?[0;34m
?[0m?[0;34m   InfoContributorAutoConfiguration#envInfoContributor matched:
?[0m?[0;34m      - @ConditionalOnEnabledInfoContributor management.info.defaults.enabled is considered true (OnEnabledInfoContributorCondition)
?[0m?[0;34m
?[0m?[0;34m   InfoEndpointAutoConfiguration matched:
?[0m?[0;34m      - @ConditionalOnAvailableEndpoint no property management.endpoint.info.enabled found so using endpoint default; @ConditionalOnAvailableEndpoint marked as exposed by a 'management.endpoints.web.exposure' property (OnAvailableEndpointCondition)
?[0m?[0;34m
?[0m?[0;34m   InfoEndpointAutoConfiguration#infoEndpoint matched:
?[0m?[0;34m      - @ConditionalOnMissingBean (types: org.springframework.boot.actuate.info.InfoEndpoint; SearchStrategy: all) did not find any beans (OnBeanCondition)
?[0m?[0;34m
?[0m?[0;34m   JacksonAutoConfiguration matched:
?[0m?[0;34m      - @ConditionalOnClass found required class 'com.fasterxml.jackson.databind.ObjectMapper' (OnClassCondition)
?[0m?[0;34m
?[0m?[0;34m   JacksonAutoConfiguration.Jackson2ObjectMapperBuilderCustomizerConfiguration matched:
?[0m?[0;34m      - @ConditionalOnClass found required class 'org.springframework.http.converter.json.Jackson2ObjectMapperBuilder' (OnClassCondition)
?[0m?[0;34m
?[0m?[0;34m   JacksonAutoConfiguration.JacksonObjectMapperBuilderConfiguration matched:
?[0m?[0;34m      - @ConditionalOnClass found required class 'org.springframework.http.converter.json.Jackson2ObjectMapperBuilder' (OnClassCondition)
?[0m?[0;34m
?[0m?[0;34m   JacksonAutoConfiguration.JacksonObjectMapperBuilderConfiguration#jacksonObjectMapperBuilder matched:
?[0m?[0;34m      - @ConditionalOnMissingBean (types: org.springframework.http.converter.json.Jackson2ObjectMapperBuilder; SearchStrategy: all) did not find any beans (OnBeanCondition)
?[0m?[0;34m
?[0m?[0;34m   JacksonAutoConfiguration.JacksonObjectMapperConfiguration matched:
?[0m?[0;34m      - @ConditionalOnClass found required class 'org.springframework.http.converter.json.Jackson2ObjectMapperBuilder' (OnClassCondition)
?[0m?[0;34m
?[0m?[0;34m   JacksonAutoConfiguration.JacksonObjectMapperConfiguration#jacksonObjectMapper matched:
?[0m?[0;34m      - @ConditionalOnMissingBean (types: com.fasterxml.jackson.databind.ObjectMapper; SearchStrategy: all) did not find any beans (OnBeanCondition)
?[0m?[0;34m
?[0m?[0;34m   JacksonAutoConfiguration.ParameterNamesModuleConfiguration matched:
?[0m?[0;34m      - @ConditionalOnClass found required class 'com.fasterxml.jackson.module.paramnames.ParameterNamesModule' (OnClassCondition)
?[0m?[0;34m
?[0m?[0;34m   JacksonAutoConfiguration.ParameterNamesModuleConfiguration#parameterNamesModule matched:
?[0m?[0;34m      - @ConditionalOnMissingBean (types: com.fasterxml.jackson.module.paramnames.ParameterNamesModule; SearchStrategy: all) did not find any beans (OnBeanCondition)
?[0m?[0;34m
?[0m?[0;34m   JacksonHttpMessageConvertersConfiguration.MappingJackson2HttpMessageConverterConfiguration matched:
?[0m?[0;34m      - @ConditionalOnClass found required class 'com.fasterxml.jackson.databind.ObjectMapper' (OnClassCondition)
?[0m?[0;34m      - @ConditionalOnProperty (spring.mvc.converters.preferred-json-mapper=jackson) matched (OnPropertyCondition)
?[0m?[0;34m      - @ConditionalOnBean (types: com.fasterxml.jackson.databind.ObjectMapper; SearchStrategy: all) found bean 'jacksonObjectMapper' (OnBeanCondition)
?[0m?[0;34m
?[0m?[0;34m   JacksonHttpMessageConvertersConfiguration.MappingJackson2HttpMessageConverterConfiguration#mappingJackson2HttpMessageConverter matched:
?[0m?[0;34m      - @ConditionalOnMissingBean (types: org.springframework.http.converter.json.MappingJackson2HttpMessageConverter ignored: org.springframework.hateoas.server.mvc.TypeConstrainedMappingJackson2HttpMessageConverter,org.springframework.data.rest.webmvc.alps.AlpsJsonHttpMessageConverter; SearchStrategy: all) did not find any beans (OnBeanCondition)
?[0m?[0;34m
?[0m?[0;34m   JdbcTemplateAutoConfiguration matched:
?[0m?[0;34m      - @ConditionalOnClass found required classes 'javax.sql.DataSource', 'org.springframework.jdbc.core.JdbcTemplate' (OnClassCondition)
?[0m?[0;34m      - @ConditionalOnSingleCandidate (types: javax.sql.DataSource; SearchStrategy: all) found a primary bean from beans 'dataSource' (OnBeanCondition)
?[0m?[0;34m
?[0m?[0;34m   JdbcTemplateConfiguration matched:
?[0m?[0;34m      - @ConditionalOnMissingBean (types: org.springframework.jdbc.core.JdbcOperations; SearchStrategy: all) did not find any beans (OnBeanCondition)
?[0m?[0;34m
?[0m?[0;34m   JpaBaseConfiguration#entityManagerFactory matched:
?[0m?[0;34m      - @ConditionalOnMissingBean (types: org.springframework.orm.jpa.LocalContainerEntityManagerFactoryBean,javax.persistence.EntityManagerFactory; SearchStrategy: all) did not find any beans (OnBeanCondition)
?[0m?[0;34m
?[0m?[0;34m   JpaBaseConfiguration#entityManagerFactoryBuilder matched:
?[0m?[0;34m      - @ConditionalOnMissingBean (types: org.springframework.boot.orm.jpa.EntityManagerFactoryBuilder; SearchStrategy: all) did not find any beans (OnBeanCondition)
?[0m?[0;34m
?[0m?[0;34m   JpaBaseConfiguration#jpaVendorAdapter matched:
?[0m?[0;34m      - @ConditionalOnMissingBean (types: org.springframework.orm.jpa.JpaVendorAdapter; SearchStrategy: all) did not find any beans (OnBeanCondition)
?[0m?[0;34m
?[0m?[0;34m   JpaBaseConfiguration#transactionManager matched:
?[0m?[0;34m      - @ConditionalOnMissingBean (types: org.springframework.transaction.TransactionManager; SearchStrategy: all) did not find any beans (OnBeanCondition)
?[0m?[0;34m
?[0m?[0;34m   JpaBaseConfiguration.JpaWebConfiguration matched:
?[0m?[0;34m      - @ConditionalOnClass found required class 'org.springframework.web.servlet.config.annotation.WebMvcConfigurer' (OnClassCondition)
?[0m?[0;34m      - found 'session' scope (OnWebApplicationCondition)
?[0m?[0;34m      - @ConditionalOnProperty (spring.jpa.open-in-view=true) matched (OnPropertyCondition)
?[0m?[0;34m      - @ConditionalOnMissingBean (types: org.springframework.orm.jpa.support.OpenEntityManagerInViewInterceptor,org.springframework.orm.jpa.support.OpenEntityManagerInViewFilter; SearchStrategy: all) did not find any beans (OnBeanCondition)
?[0m?[0;34m
?[0m?[0;34m   JpaRepositoriesAutoConfiguration matched:
?[0m?[0;34m      - @ConditionalOnClass found required class 'org.springframework.data.jpa.repository.JpaRepository' (OnClassCondition)
?[0m?[0;34m      - @ConditionalOnProperty (spring.data.jpa.repositories.enabled=true) matched (OnPropertyCondition)
?[0m?[0;34m      - @ConditionalOnBean (types: javax.sql.DataSource; SearchStrategy: all) found bean 'dataSource'; @ConditionalOnMissingBean (types: org.springframework.data.jpa.repository.support.JpaRepositoryFactoryBean,org.springframework.data.jpa.repository.config.JpaRepositoryConfigExtension; SearchStrategy: all) did not find any beans (OnBeanCondition)
?[0m?[0;34m
?[0m?[0;34m   JtaAutoConfiguration matched:
?[0m?[0;34m      - @ConditionalOnClass found required class 'javax.transaction.Transaction' (OnClassCondition)
?[0m?[0;34m      - @ConditionalOnProperty (spring.jta.enabled) matched (OnPropertyCondition)
?[0m?[0;34m
?[0m?[0;34m   JvmMetricsAutoConfiguration matched:
?[0m?[0;34m      - @ConditionalOnClass found required class 'io.micrometer.core.instrument.MeterRegistry' (OnClassCondition)
?[0m?[0;34m      - @ConditionalOnBean (types: io.micrometer.core.instrument.MeterRegistry; SearchStrategy: all) found bean 'simpleMeterRegistry' (OnBeanCondition)
?[0m?[0;34m
?[0m?[0;34m   JvmMetricsAutoConfiguration#classLoaderMetrics matched:
?[0m?[0;34m      - @ConditionalOnMissingBean (types: io.micrometer.core.instrument.binder.jvm.ClassLoaderMetrics; SearchStrategy: all) did not find any beans (OnBeanCondition)
?[0m?[0;34m
?[0m?[0;34m   JvmMetricsAutoConfiguration#jvmGcMetrics matched:
?[0m?[0;34m      - @ConditionalOnMissingBean (types: io.micrometer.core.instrument.binder.jvm.JvmGcMetrics; SearchStrategy: all) did not find any beans (OnBeanCondition)
?[0m?[0;34m
?[0m?[0;34m   JvmMetricsAutoConfiguration#jvmMemoryMetrics matched:
?[0m?[0;34m      - @ConditionalOnMissingBean (types: io.micrometer.core.instrument.binder.jvm.JvmMemoryMetrics; SearchStrategy: all) did not find any beans (OnBeanCondition)
?[0m?[0;34m
?[0m?[0;34m   JvmMetricsAutoConfiguration#jvmThreadMetrics matched:
?[0m?[0;34m      - @ConditionalOnMissingBean (types: io.micrometer.core.instrument.binder.jvm.JvmThreadMetrics; SearchStrategy: all) did not find any beans (OnBeanCondition)
?[0m?[0;34m
?[0m?[0;34m   LifecycleAutoConfiguration#defaultLifecycleProcessor matched:
?[0m?[0;34m      - @ConditionalOnMissingBean (names: lifecycleProcessor; SearchStrategy: current) did not find any beans (OnBeanCondition)
?[0m?[0;34m
?[0m?[0;34m   LogFileWebEndpointAutoConfiguration matched:
?[0m?[0;34m      - @ConditionalOnAvailableEndpoint no property management.endpoint.logfile.enabled found so using endpoint default; @ConditionalOnAvailableEndpoint marked as exposed by a 'management.endpoints.web.exposure' property (OnAvailableEndpointCondition)
?[0m?[0;34m
?[0m?[0;34m   LogbackMetricsAutoConfiguration matched:
?[0m?[0;34m      - @ConditionalOnClass found required classes 'io.micrometer.core.instrument.MeterRegistry', 'ch.qos.logback.classic.LoggerContext', 'org.slf4j.LoggerFactory' (OnClassCondition)
?[0m?[0;34m      - LogbackLoggingCondition ILoggerFactory is a Logback LoggerContext (LogbackMetricsAutoConfiguration.LogbackLoggingCondition)
?[0m?[0;34m      - @ConditionalOnBean (types: io.micrometer.core.instrument.MeterRegistry; SearchStrategy: all) found bean 'simpleMeterRegistry' (OnBeanCondition)
?[0m?[0;34m
?[0m?[0;34m   LogbackMetricsAutoConfiguration#logbackMetrics matched:
?[0m?[0;34m      - @ConditionalOnMissingBean (types: io.micrometer.core.instrument.binder.logging.LogbackMetrics; SearchStrategy: all) did not find any beans (OnBeanCondition)
?[0m?[0;34m
?[0m?[0;34m   LoggersEndpointAutoConfiguration matched:
?[0m?[0;34m      - @ConditionalOnAvailableEndpoint no property management.endpoint.loggers.enabled found so using endpoint default; @ConditionalOnAvailableEndpoint marked as exposed by a 'management.endpoints.web.exposure' property (OnAvailableEndpointCondition)
?[0m?[0;34m
?[0m?[0;34m   LoggersEndpointAutoConfiguration#loggersEndpoint matched:
?[0m?[0;34m      - Logging System enabled (LoggersEndpointAutoConfiguration.OnEnabledLoggingSystemCondition)
?[0m?[0;34m      - @ConditionalOnBean (types: org.springframework.boot.logging.LoggingSystem; SearchStrategy: all) found bean 'springBootLoggingSystem'; @ConditionalOnMissingBean (types: org.springframework.boot.actuate.logging.LoggersEndpoint; SearchStrategy: all) did not find any beans (OnBeanCondition)
?[0m?[0;34m
?[0m?[0;34m   ManagementContextAutoConfiguration.SameManagementContextConfiguration matched:
?[0m?[0;34m      - Management Port actual port type (SAME) matched required type (OnManagementPortCondition)
?[0m?[0;34m
?[0m?[0;34m   MappingsEndpointAutoConfiguration matched:
?[0m?[0;34m      - @ConditionalOnAvailableEndpoint no property management.endpoint.mappings.enabled found so using endpoint default; @ConditionalOnAvailableEndpoint marked as exposed by a 'management.endpoints.web.exposure' property (OnAvailableEndpointCondition)
?[0m?[0;34m
?[0m?[0;34m   MappingsEndpointAutoConfiguration.ServletWebConfiguration matched:
?[0m?[0;34m      - found 'session' scope (OnWebApplicationCondition)
?[0m?[0;34m
?[0m?[0;34m   MappingsEndpointAutoConfiguration.ServletWebConfiguration.SpringMvcConfiguration matched:
?[0m?[0;34m      - @ConditionalOnClass found required class 'org.springframework.web.servlet.DispatcherServlet' (OnClassCondition)
?[0m?[0;34m      - @ConditionalOnBean (types: org.springframework.web.servlet.DispatcherServlet; SearchStrategy: all) found bean 'dispatcherServlet' (OnBeanCondition)
?[0m?[0;34m
?[0m?[0;34m   MetricsAutoConfiguration matched:
?[0m?[0;34m      - @ConditionalOnClass found required class 'io.micrometer.core.annotation.Timed' (OnClassCondition)
?[0m?[0;34m
?[0m?[0;34m   MetricsAutoConfiguration#micrometerClock matched:
?[0m?[0;34m      - @ConditionalOnMissingBean (types: io.micrometer.core.instrument.Clock; SearchStrategy: all) did not find any beans (OnBeanCondition)
?[0m?[0;34m
?[0m?[0;34m   MetricsEndpointAutoConfiguration matched:
?[0m?[0;34m      - @ConditionalOnClass found required class 'io.micrometer.core.annotation.Timed' (OnClassCondition)
?[0m?[0;34m      - @ConditionalOnAvailableEndpoint no property management.endpoint.metrics.enabled found so using endpoint default; @ConditionalOnAvailableEndpoint marked as exposed by a 'management.endpoints.web.exposure' property (OnAvailableEndpointCondition)
?[0m?[0;34m
?[0m?[0;34m   MetricsEndpointAutoConfiguration#metricsEndpoint matched:
?[0m?[0;34m      - @ConditionalOnBean (types: io.micrometer.core.instrument.MeterRegistry; SearchStrategy: all) found bean 'simpleMeterRegistry'; @ConditionalOnMissingBean (types: org.springframework.boot.actuate.metrics.MetricsEndpoint; SearchStrategy: all) did not find any beans (OnBeanCondition)
?[0m?[0;34m
?[0m?[0;34m   MultipartAutoConfiguration matched:
?[0m?[0;34m      - @ConditionalOnClass found required classes 'javax.servlet.Servlet', 'org.springframework.web.multipart.support.StandardServletMultipartResolver', 'javax.servlet.MultipartConfigElement' (OnClassCondition)
?[0m?[0;34m      - found 'session' scope (OnWebApplicationCondition)
?[0m?[0;34m      - @ConditionalOnProperty (spring.servlet.multipart.enabled) matched (OnPropertyCondition)
?[0m?[0;34m
?[0m?[0;34m   MultipartAutoConfiguration#multipartConfigElement matched:
?[0m?[0;34m      - @ConditionalOnMissingBean (types: javax.servlet.MultipartConfigElement,org.springframework.web.multipart.commons.CommonsMultipartResolver; SearchStrategy: all) did not find any beans (OnBeanCondition)
?[0m?[0;34m
?[0m?[0;34m   MultipartAutoConfiguration#multipartResolver matched:
?[0m?[0;34m      - @ConditionalOnMissingBean (types: org.springframework.web.multipart.MultipartResolver; SearchStrategy: all) did not find any beans (OnBeanCondition)
?[0m?[0;34m
?[0m?[0;34m   NamedParameterJdbcTemplateConfiguration matched:
?[0m?[0;34m      - @ConditionalOnSingleCandidate (types: org.springframework.jdbc.core.JdbcTemplate; SearchStrategy: all) found a primary bean from beans 'jdbcTemplate'; @ConditionalOnMissingBean (types: org.springframework.jdbc.core.namedparam.NamedParameterJdbcOperations; SearchStrategy: all) did not find any beans (OnBeanCondition)
?[0m?[0;34m
?[0m?[0;34m   NoOpCacheConfiguration matched:
?[0m?[0;34m      - Cache org.springframework.boot.autoconfigure.cache.NoOpCacheConfiguration automatic cache type (CacheCondition)
?[0m?[0;34m
?[0m?[0;34m   PersistenceExceptionTranslationAutoConfiguration matched:
?[0m?[0;34m      - @ConditionalOnClass found required class 'org.springframework.dao.annotation.PersistenceExceptionTranslationPostProcessor' (OnClassCondition)
?[0m?[0;34m
?[0m?[0;34m   PersistenceExceptionTranslationAutoConfiguration#persistenceExceptionTranslationPostProcessor matched:
?[0m?[0;34m      - @ConditionalOnProperty (spring.dao.exceptiontranslation.enabled) matched (OnPropertyCondition)
?[0m?[0;34m      - @ConditionalOnMissingBean (types: org.springframework.dao.annotation.PersistenceExceptionTranslationPostProcessor; SearchStrategy: all) did not find any beans (OnBeanCondition)
?[0m?[0;34m
?[0m?[0;34m   PropertyPlaceholderAutoConfiguration#propertySourcesPlaceholderConfigurer matched:
?[0m?[0;34m      - @ConditionalOnMissingBean (types: org.springframework.context.support.PropertySourcesPlaceholderConfigurer; SearchStrategy: current) did not find any beans (OnBeanCondition)
?[0m?[0;34m
?[0m?[0;34m   RepositoryMetricsAutoConfiguration matched:
?[0m?[0;34m      - @ConditionalOnClass found required class 'org.springframework.data.repository.Repository' (OnClassCondition)
?[0m?[0;34m      - @ConditionalOnBean (types: io.micrometer.core.instrument.MeterRegistry; SearchStrategy: all) found bean 'simpleMeterRegistry' (OnBeanCondition)
?[0m?[0;34m
?[0m?[0;34m   RepositoryMetricsAutoConfiguration#metricsRepositoryMethodInvocationListener matched:
?[0m?[0;34m      - @ConditionalOnMissingBean (types: org.springframework.boot.actuate.metrics.data.MetricsRepositoryMethodInvocationListener; SearchStrategy: all) did not find any beans (OnBeanCondition)
?[0m?[0;34m
?[0m?[0;34m   RepositoryMetricsAutoConfiguration#repositoryTagsProvider matched:
?[0m?[0;34m      - @ConditionalOnMissingBean (types: org.springframework.boot.actuate.metrics.data.RepositoryTagsProvider; SearchStrategy: all) did not find any beans (OnBeanCondition)
?[0m?[0;34m
?[0m?[0;34m   RestTemplateAutoConfiguration matched:
?[0m?[0;34m      - @ConditionalOnClass found required class 'org.springframework.web.client.RestTemplate' (OnClassCondition)
?[0m?[0;34m      - NoneNestedConditions 0 matched 1 did not; NestedCondition on RestTemplateAutoConfiguration.NotReactiveWebApplicationCondition.ReactiveWebApplication did not find reactive web application classes (RestTemplateAutoConfiguration.NotReactiveWebApplicationCondition)
?[0m?[0;34m
?[0m?[0;34m   RestTemplateAutoConfiguration#restTemplateBuilder matched:
?[0m?[0;34m      - @ConditionalOnMissingBean (types: org.springframework.boot.web.client.RestTemplateBuilder; SearchStrategy: all) did not find any beans (OnBeanCondition)
?[0m?[0;34m
?[0m?[0;34m   RestTemplateAutoConfiguration#restTemplateBuilderConfigurer matched:
?[0m?[0;34m      - @ConditionalOnMissingBean (types: org.springframework.boot.autoconfigure.web.client.RestTemplateBuilderConfigurer; SearchStrategy: all) did not find any beans (OnBeanCondition)
?[0m?[0;34m
?[0m?[0;34m   RestTemplateMetricsConfiguration matched:
?[0m?[0;34m      - @ConditionalOnClass found required class 'org.springframework.web.client.RestTemplate' (OnClassCondition)
?[0m?[0;34m      - @ConditionalOnBean (types: org.springframework.boot.web.client.RestTemplateBuilder; SearchStrategy: all) found bean 'restTemplateBuilder' (OnBeanCondition)
?[0m?[0;34m
?[0m?[0;34m   RestTemplateMetricsConfiguration#restTemplateExchangeTagsProvider matched:
?[0m?[0;34m      - @ConditionalOnMissingBean (types: org.springframework.boot.actuate.metrics.web.client.RestTemplateExchangeTagsProvider; SearchStrategy: all) did not find any beans (OnBeanCondition)
?[0m?[0;34m
?[0m?[0;34m   ScheduledTasksEndpointAutoConfiguration matched:
?[0m?[0;34m      - @ConditionalOnAvailableEndpoint no property management.endpoint.scheduledtasks.enabled found so using endpoint default; @ConditionalOnAvailableEndpoint marked as exposed by a 'management.endpoints.web.exposure' property (OnAvailableEndpointCondition)
?[0m?[0;34m
?[0m?[0;34m   ScheduledTasksEndpointAutoConfiguration#scheduledTasksEndpoint matched:
?[0m?[0;34m      - @ConditionalOnMissingBean (types: org.springframework.boot.actuate.scheduling.ScheduledTasksEndpoint; SearchStrategy: all) did not find any beans (OnBeanCondition)
?[0m?[0;34m
?[0m?[0;34m   ServletEndpointManagementContextConfiguration matched:
?[0m?[0;34m      - found 'session' scope (OnWebApplicationCondition)
?[0m?[0;34m
?[0m?[0;34m   ServletEndpointManagementContextConfiguration.WebMvcServletEndpointManagementContextConfiguration matched:
?[0m?[0;34m      - @ConditionalOnClass found required class 'org.springframework.web.servlet.DispatcherServlet' (OnClassCondition)
?[0m?[0;34m
?[0m?[0;34m   ServletManagementContextAutoConfiguration matched:
?[0m?[0;34m      - @ConditionalOnClass found required class 'javax.servlet.Servlet' (OnClassCondition)
?[0m?[0;34m      - found 'session' scope (OnWebApplicationCondition)
?[0m?[0;34m
?[0m?[0;34m   ServletWebServerFactoryAutoConfiguration matched:
?[0m?[0;34m      - @ConditionalOnClass found required class 'javax.servlet.ServletRequest' (OnClassCondition)
?[0m?[0;34m      - found 'session' scope (OnWebApplicationCondition)
?[0m?[0;34m
?[0m?[0;34m   ServletWebServerFactoryAutoConfiguration#tomcatServletWebServerFactoryCustomizer matched:
?[0m?[0;34m      - @ConditionalOnClass found required class 'org.apache.catalina.startup.Tomcat' (OnClassCondition)
?[0m?[0;34m
?[0m?[0;34m   ServletWebServerFactoryConfiguration.EmbeddedTomcat matched:
?[0m?[0;34m      - @ConditionalOnClass found required classes 'javax.servlet.Servlet', 'org.apache.catalina.startup.Tomcat', 'org.apache.coyote.UpgradeProtocol' (OnClassCondition)
?[0m?[0;34m      - @ConditionalOnMissingBean (types: org.springframework.boot.web.servlet.server.ServletWebServerFactory; SearchStrategy: current) did not find any beans (OnBeanCondition)
?[0m?[0;34m
?[0m?[0;34m   ShutdownEndpointAutoConfiguration matched:
?[0m?[0;34m      - @ConditionalOnAvailableEndpoint found property management.endpoint.shutdown.enabled with value true; @ConditionalOnAvailableEndpoint marked as exposed by a 'management.endpoints.web.exposure' property (OnAvailableEndpointCondition)
?[0m?[0;34m
?[0m?[0;34m   ShutdownEndpointAutoConfiguration#shutdownEndpoint matched:
?[0m?[0;34m      - @ConditionalOnMissingBean (types: org.springframework.boot.actuate.context.ShutdownEndpoint; SearchStrategy: all) did not find any beans (OnBeanCondition)
?[0m?[0;34m
?[0m?[0;34m   SimpleCacheConfiguration matched:
?[0m?[0;34m      - Cache org.springframework.boot.autoconfigure.cache.SimpleCacheConfiguration automatic cache type (CacheCondition)
?[0m?[0;34m
?[0m?[0;34m   SimpleMetricsExportAutoConfiguration matched:
?[0m?[0;34m      - @ConditionalOnEnabledMetricsExport management.metrics.export.defaults.enabled is considered true (OnMetricsExportEnabledCondition)
?[0m?[0;34m      - @ConditionalOnBean (types: io.micrometer.core.instrument.Clock; SearchStrategy: all) found bean 'micrometerClock'; @ConditionalOnMissingBean (types: io.micrometer.core.instrument.MeterRegistry; SearchStrategy: all) did not find any beans (OnBeanCondition)
?[0m?[0;34m
?[0m?[0;34m   SimpleMetricsExportAutoConfiguration#simpleConfig matched:
?[0m?[0;34m      - @ConditionalOnMissingBean (types: io.micrometer.core.instrument.simple.SimpleConfig; SearchStrategy: all) did not find any beans (OnBeanCondition)
?[0m?[0;34m
?[0m?[0;34m   SpringDataWebAutoConfiguration matched:
?[0m?[0;34m      - @ConditionalOnClass found required classes 'org.springframework.data.web.PageableHandlerMethodArgumentResolver', 'org.springframework.web.servlet.config.annotation.WebMvcConfigurer' (OnClassCondition)
?[0m?[0;34m      - found 'session' scope (OnWebApplicationCondition)
?[0m?[0;34m      - @ConditionalOnMissingBean (types: org.springframework.data.web.PageableHandlerMethodArgumentResolver; SearchStrategy: all) did not find any beans (OnBeanCondition)
?[0m?[0;34m
?[0m?[0;34m   SpringDataWebAutoConfiguration#pageableCustomizer matched:
?[0m?[0;34m      - @ConditionalOnMissingBean (types: org.springframework.data.web.config.PageableHandlerMethodArgumentResolverCustomizer; SearchStrategy: all) did not find any beans (OnBeanCondition)
?[0m?[0;34m
?[0m?[0;34m   SpringDataWebAutoConfiguration#sortCustomizer matched:
?[0m?[0;34m      - @ConditionalOnMissingBean (types: org.springframework.data.web.config.SortHandlerMethodArgumentResolverCustomizer; SearchStrategy: all) did not find any beans (OnBeanCondition)
?[0m?[0;34m
?[0m?[0;34m   SqlInitializationAutoConfiguration matched:
?[0m?[0;34m      - @ConditionalOnProperty (spring.sql.init.enabled) matched (OnPropertyCondition)
?[0m?[0;34m      - NoneNestedConditions 0 matched 1 did not; NestedCondition on SqlInitializationAutoConfiguration.SqlInitializationModeCondition.ModeIsNever @ConditionalOnProperty (spring.sql.init.mode=never) did not find property 'mode' (SqlInitializationAutoConfiguration.SqlInitializationModeCondition)
?[0m?[0;34m      - @ConditionalOnMissingBean (types: org.springframework.boot.sql.init.AbstractScriptDatabaseInitializer; SearchStrategy: all) did not find any beans (OnBeanCondition)
?[0m?[0;34m
?[0m?[0;34m   SystemMetricsAutoConfiguration matched:
?[0m?[0;34m      - @ConditionalOnClass found required class 'io.micrometer.core.instrument.MeterRegistry' (OnClassCondition)
?[0m?[0;34m      - @ConditionalOnBean (types: io.micrometer.core.instrument.MeterRegistry; SearchStrategy: all) found bean 'simpleMeterRegistry' (OnBeanCondition)
?[0m?[0;34m
?[0m?[0;34m   SystemMetricsAutoConfiguration#fileDescriptorMetrics matched:
?[0m?[0;34m      - @ConditionalOnMissingBean (types: io.micrometer.core.instrument.binder.system.FileDescriptorMetrics; SearchStrategy: all) did not find any beans (OnBeanCondition)
?[0m?[0;34m
?[0m?[0;34m   SystemMetricsAutoConfiguration#processorMetrics matched:
?[0m?[0;34m      - @ConditionalOnMissingBean (types: io.micrometer.core.instrument.binder.system.ProcessorMetrics; SearchStrategy: all) did not find any beans (OnBeanCondition)
?[0m?[0;34m
?[0m?[0;34m   SystemMetricsAutoConfiguration#uptimeMetrics matched:
?[0m?[0;34m      - @ConditionalOnMissingBean (types: io.micrometer.core.instrument.binder.system.UptimeMetrics; SearchStrategy: all) did not find any beans (OnBeanCondition)
?[0m?[0;34m
?[0m?[0;34m   TaskExecutionAutoConfiguration matched:
?[0m?[0;34m      - @ConditionalOnClass found required class 'org.springframework.scheduling.concurrent.ThreadPoolTaskExecutor' (OnClassCondition)
?[0m?[0;34m
?[0m?[0;34m   TaskExecutionAutoConfiguration#applicationTaskExecutor matched:
?[0m?[0;34m      - @ConditionalOnMissingBean (types: java.util.concurrent.Executor; SearchStrategy: all) did not find any beans (OnBeanCondition)
?[0m?[0;34m
?[0m?[0;34m   TaskExecutionAutoConfiguration#taskExecutorBuilder matched:
?[0m?[0;34m      - @ConditionalOnMissingBean (types: org.springframework.boot.task.TaskExecutorBuilder; SearchStrategy: all) did not find any beans (OnBeanCondition)
?[0m?[0;34m
?[0m?[0;34m   TaskSchedulingAutoConfiguration matched:
?[0m?[0;34m      - @ConditionalOnClass found required class 'org.springframework.scheduling.concurrent.ThreadPoolTaskScheduler' (OnClassCondition)
?[0m?[0;34m
?[0m?[0;34m   TaskSchedulingAutoConfiguration#taskSchedulerBuilder matched:
?[0m?[0;34m      - @ConditionalOnMissingBean (types: org.springframework.boot.task.TaskSchedulerBuilder; SearchStrategy: all) did not find any beans (OnBeanCondition)
?[0m?[0;34m
?[0m?[0;34m   ThreadDumpEndpointAutoConfiguration matched:
?[0m?[0;34m      - @ConditionalOnAvailableEndpoint no property management.endpoint.threaddump.enabled found so using endpoint default; @ConditionalOnAvailableEndpoint marked as exposed by a 'management.endpoints.web.exposure' property (OnAvailableEndpointCondition)
?[0m?[0;34m
?[0m?[0;34m   ThreadDumpEndpointAutoConfiguration#dumpEndpoint matched:
?[0m?[0;34m      - @ConditionalOnMissingBean (types: org.springframework.boot.actuate.management.ThreadDumpEndpoint; SearchStrategy: all) did not find any beans (OnBeanCondition)
?[0m?[0;34m
?[0m?[0;34m   TomcatMetricsAutoConfiguration matched:
?[0m?[0;34m      - @ConditionalOnClass found required classes 'io.micrometer.core.instrument.binder.tomcat.TomcatMetrics', 'org.apache.catalina.Manager' (OnClassCondition)
?[0m?[0;34m      - @ConditionalOnWebApplication (required) found 'session' scope (OnWebApplicationCondition)
?[0m?[0;34m
?[0m?[0;34m   TomcatMetricsAutoConfiguration#tomcatMetricsBinder matched:
?[0m?[0;34m      - @ConditionalOnBean (types: io.micrometer.core.instrument.MeterRegistry; SearchStrategy: all) found bean 'simpleMeterRegistry'; @ConditionalOnMissingBean (types: io.micrometer.core.instrument.binder.tomcat.TomcatMetrics,org.springframework.boot.actuate.metrics.web.tomcat.TomcatMetricsBinder; SearchStrategy: all) did not find any beans (OnBeanCondition)
?[0m?[0;34m
?[0m?[0;34m   TransactionAutoConfiguration matched:
?[0m?[0;34m      - @ConditionalOnClass found required class 'org.springframework.transaction.PlatformTransactionManager' (OnClassCondition)
?[0m?[0;34m
?[0m?[0;34m   TransactionAutoConfiguration#platformTransactionManagerCustomizers matched:
?[0m?[0;34m      - @ConditionalOnMissingBean (types: org.springframework.boot.autoconfigure.transaction.TransactionManagerCustomizers; SearchStrategy: all) did not find any beans (OnBeanCondition)
?[0m?[0;34m
?[0m?[0;34m   TransactionAutoConfiguration.EnableTransactionManagementConfiguration matched:
?[0m?[0;34m      - @ConditionalOnBean (types: org.springframework.transaction.TransactionManager; SearchStrategy: all) found bean 'transactionManager'; @ConditionalOnMissingBean (types: org.springframework.transaction.annotation.AbstractTransactionManagementConfiguration; SearchStrategy: all) did not find any beans (OnBeanCondition)
?[0m?[0;34m
?[0m?[0;34m   TransactionAutoConfiguration.EnableTransactionManagementConfiguration.CglibAutoProxyConfiguration matched:
?[0m?[0;34m      - @ConditionalOnProperty (spring.aop.proxy-target-class=true) matched (OnPropertyCondition)
?[0m?[0;34m
?[0m?[0;34m   TransactionAutoConfiguration.TransactionTemplateConfiguration matched:
?[0m?[0;34m      - @ConditionalOnSingleCandidate (types: org.springframework.transaction.PlatformTransactionManager; SearchStrategy: all) found a primary bean from beans 'transactionManager' (OnBeanCondition)
?[0m?[0;34m
?[0m?[0;34m   TransactionAutoConfiguration.TransactionTemplateConfiguration#transactionTemplate matched:
?[0m?[0;34m      - @ConditionalOnMissingBean (types: org.springframework.transaction.support.TransactionOperations; SearchStrategy: all) did not find any beans (OnBeanCondition)
?[0m?[0;34m
?[0m?[0;34m   WebEndpointAutoConfiguration matched:
?[0m?[0;34m      - @ConditionalOnWebApplication (required) found 'session' scope (OnWebApplicationCondition)
?[0m?[0;34m
?[0m?[0;34m   WebEndpointAutoConfiguration#controllerEndpointDiscoverer matched:
?[0m?[0;34m      - @ConditionalOnMissingBean (types: org.springframework.boot.actuate.endpoint.web.annotation.ControllerEndpointsSupplier; SearchStrategy: all) did not find any beans (OnBeanCondition)
?[0m?[0;34m
?[0m?[0;34m   WebEndpointAutoConfiguration#endpointMediaTypes matched:
?[0m?[0;34m      - @ConditionalOnMissingBean (types: org.springframework.boot.actuate.endpoint.web.EndpointMediaTypes; SearchStrategy: all) did not find any beans (OnBeanCondition)
?[0m?[0;34m
?[0m?[0;34m   WebEndpointAutoConfiguration#pathMappedEndpoints matched:
?[0m?[0;34m      - @ConditionalOnMissingBean (types: org.springframework.boot.actuate.endpoint.web.PathMappedEndpoints; SearchStrategy: all) did not find any beans (OnBeanCondition)
?[0m?[0;34m
?[0m?[0;34m   WebEndpointAutoConfiguration#webEndpointDiscoverer matched:
?[0m?[0;34m      - @ConditionalOnMissingBean (types: org.springframework.boot.actuate.endpoint.web.WebEndpointsSupplier; SearchStrategy: all) did not find any beans (OnBeanCondition)
?[0m?[0;34m
?[0m?[0;34m   WebEndpointAutoConfiguration.WebEndpointServletConfiguration matched:
?[0m?[0;34m      - found 'session' scope (OnWebApplicationCondition)
?[0m?[0;34m
?[0m?[0;34m   WebEndpointAutoConfiguration.WebEndpointServletConfiguration#servletEndpointDiscoverer matched:
?[0m?[0;34m      - @ConditionalOnMissingBean (types: org.springframework.boot.actuate.endpoint.web.annotation.ServletEndpointsSupplier; SearchStrategy: all) did not find any beans (OnBeanCondition)
?[0m?[0;34m
?[0m?[0;34m   WebMvcAutoConfiguration matched:
?[0m?[0;34m      - @ConditionalOnClass found required classes 'javax.servlet.Servlet', 'org.springframework.web.servlet.DispatcherServlet', 'org.springframework.web.servlet.config.annotation.WebMvcConfigurer' (OnClassCondition)
?[0m?[0;34m      - found 'session' scope (OnWebApplicationCondition)
?[0m?[0;34m      - @ConditionalOnMissingBean (types: org.springframework.web.servlet.config.annotation.WebMvcConfigurationSupport; SearchStrategy: all) did not find any beans (OnBeanCondition)
?[0m?[0;34m
?[0m?[0;34m   WebMvcAutoConfiguration#formContentFilter matched:
?[0m?[0;34m      - @ConditionalOnProperty (spring.mvc.formcontent.filter.enabled) matched (OnPropertyCondition)
?[0m?[0;34m      - @ConditionalOnMissingBean (types: org.springframework.web.filter.FormContentFilter; SearchStrategy: all) did not find any beans (OnBeanCondition)
?[0m?[0;34m
?[0m?[0;34m   WebMvcAutoConfiguration.EnableWebMvcConfiguration#flashMapManager matched:
?[0m?[0;34m      - @ConditionalOnMissingBean (names: flashMapManager; SearchStrategy: all) did not find any beans (OnBeanCondition)
?[0m?[0;34m
?[0m?[0;34m   WebMvcAutoConfiguration.EnableWebMvcConfiguration#localeResolver matched:
?[0m?[0;34m      - @ConditionalOnMissingBean (names: localeResolver; SearchStrategy: all) did not find any beans (OnBeanCondition)
?[0m?[0;34m
?[0m?[0;34m   WebMvcAutoConfiguration.EnableWebMvcConfiguration#themeResolver matched:
?[0m?[0;34m      - @ConditionalOnMissingBean (names: themeResolver; SearchStrategy: all) did not find any beans (OnBeanCondition)
?[0m?[0;34m
?[0m?[0;34m   WebMvcAutoConfiguration.WebMvcAutoConfigurationAdapter#defaultViewResolver matched:
?[0m?[0;34m      - @ConditionalOnMissingBean (types: org.springframework.web.servlet.view.InternalResourceViewResolver; SearchStrategy: all) did not find any beans (OnBeanCondition)
?[0m?[0;34m
?[0m?[0;34m   WebMvcAutoConfiguration.WebMvcAutoConfigurationAdapter#requestContextFilter matched:
?[0m?[0;34m      - @ConditionalOnMissingBean (types: org.springframework.web.context.request.RequestContextListener,org.springframework.web.filter.RequestContextFilter; SearchStrategy: all) did not find any beans (OnBeanCondition)
?[0m?[0;34m
?[0m?[0;34m   WebMvcAutoConfiguration.WebMvcAutoConfigurationAdapter#viewResolver matched:
?[0m?[0;34m      - @ConditionalOnBean (types: org.springframework.web.servlet.ViewResolver; SearchStrategy: all) found beans 'defaultViewResolver', 'beanNameViewResolver', 'mvcViewResolver'; @ConditionalOnMissingBean (names: viewResolver types: org.springframework.web.servlet.view.ContentNegotiatingViewResolver; SearchStrategy: all) did not find any beans (OnBeanCondition)
?[0m?[0;34m
?[0m?[0;34m   WebMvcEndpointManagementContextConfiguration matched:
?[0m?[0;34m      - @ConditionalOnClass found required class 'org.springframework.web.servlet.DispatcherServlet' (OnClassCondition)
?[0m?[0;34m      - found 'session' scope (OnWebApplicationCondition)
?[0m?[0;34m      - @ConditionalOnBean (types: org.springframework.web.servlet.DispatcherServlet,org.springframework.boot.actuate.endpoint.web.WebEndpointsSupplier; SearchStrategy: all) found beans 'webEndpointDiscoverer', 'dispatcherServlet' (OnBeanCondition)
?[0m?[0;34m
?[0m?[0;34m   WebMvcEndpointManagementContextConfiguration#controllerEndpointHandlerMapping matched:
?[0m?[0;34m      - @ConditionalOnMissingBean (types: org.springframework.boot.actuate.endpoint.web.servlet.ControllerEndpointHandlerMapping; SearchStrategy: all) did not find any beans (OnBeanCondition)
?[0m?[0;34m
?[0m?[0;34m   WebMvcEndpointManagementContextConfiguration#webEndpointServletHandlerMapping matched:
?[0m?[0;34m      - @ConditionalOnMissingBean (types: org.springframework.boot.actuate.endpoint.web.servlet.WebMvcEndpointHandlerMapping; SearchStrategy: all) did not find any beans (OnBeanCondition)
?[0m?[0;34m
?[0m?[0;34m   WebMvcMetricsAutoConfiguration matched:
?[0m?[0;34m      - @ConditionalOnClass found required class 'org.springframework.web.servlet.DispatcherServlet' (OnClassCondition)
?[0m?[0;34m      - found 'session' scope (OnWebApplicationCondition)
?[0m?[0;34m      - @ConditionalOnBean (types: io.micrometer.core.instrument.MeterRegistry; SearchStrategy: all) found bean 'simpleMeterRegistry' (OnBeanCondition)
?[0m?[0;34m
?[0m?[0;34m   WebMvcMetricsAutoConfiguration#webMvcTagsProvider matched:
?[0m?[0;34m      - @ConditionalOnMissingBean (types: org.springframework.boot.actuate.metrics.web.servlet.WebMvcTagsProvider; SearchStrategy: all) did not find any beans (OnBeanCondition)
?[0m?[0;34m
?[0m?[0;34m   WebSocketServletAutoConfiguration matched:
?[0m?[0;34m      - @ConditionalOnClass found required classes 'javax.servlet.Servlet', 'javax.websocket.server.ServerContainer' (OnClassCondition)
?[0m?[0;34m      - found 'session' scope (OnWebApplicationCondition)
?[0m?[0;34m
?[0m?[0;34m   WebSocketServletAutoConfiguration.TomcatWebSocketConfiguration matched:
?[0m?[0;34m      - @ConditionalOnClass found required classes 'org.apache.catalina.startup.Tomcat', 'org.apache.tomcat.websocket.server.WsSci' (OnClassCondition)
?[0m?[0;34m
?[0m?[0;34m   WebSocketServletAutoConfiguration.TomcatWebSocketConfiguration#websocketServletWebServerCustomizer matched:
?[0m?[0;34m      - @ConditionalOnMissingBean (names: websocketServletWebServerCustomizer; SearchStrategy: all) did not find any beans (OnBeanCondition)
?[0m?[0;34m
?[0m?[0;34m
?[0m?[0;34mNegative matches:
?[0m?[0;34m-----------------
?[0m?[0;34m
?[0m?[0;34m   ActiveMQAutoConfiguration:
?[0m?[0;34m      Did not match:
?[0m?[0;34m         - @ConditionalOnClass did not find required class 'javax.jms.ConnectionFactory' (OnClassCondition)
?[0m?[0;34m
?[0m?[0;34m   AopAutoConfiguration.AspectJAutoProxyingConfiguration.JdkDynamicAutoProxyConfiguration:
?[0m?[0;34m      Did not match:
?[0m?[0;34m         - @ConditionalOnProperty (spring.aop.proxy-target-class=false) did not find property 'proxy-target-class' (OnPropertyCondition)
?[0m?[0;34m
?[0m?[0;34m   AopAutoConfiguration.ClassProxyingConfiguration:
?[0m?[0;34m      Did not match:
?[0m?[0;34m         - @ConditionalOnMissingClass found unwanted class 'org.aspectj.weaver.Advice' (OnClassCondition)
?[0m?[0;34m
?[0m?[0;34m   AppOpticsMetricsExportAutoConfiguration:
?[0m?[0;34m      Did not match:
?[0m?[0;34m         - @ConditionalOnClass did not find required class 'io.micrometer.appoptics.AppOpticsMeterRegistry' (OnClassCondition)
?[0m?[0;34m
?[0m?[0;34m   ArtemisAutoConfiguration:
?[0m?[0;34m      Did not match:
?[0m?[0;34m         - @ConditionalOnClass did not find required class 'javax.jms.ConnectionFactory' (OnClassCondition)
?[0m?[0;34m
?[0m?[0;34m   AtlasMetricsExportAutoConfiguration:
?[0m?[0;34m      Did not match:
?[0m?[0;34m         - @ConditionalOnClass did not find required class 'io.micrometer.atlas.AtlasMeterRegistry' (OnClassCondition)
?[0m?[0;34m
?[0m?[0;34m   AtomikosJtaConfiguration:
?[0m?[0;34m      Did not match:
?[0m?[0;34m         - @ConditionalOnClass did not find required class 'com.atomikos.icatch.jta.UserTransactionManager' (OnClassCondition)
?[0m?[0;34m
?[0m?[0;34m   AuditAutoConfiguration:
?[0m?[0;34m      Did not match:
?[0m?[0;34m         - @ConditionalOnBean (types: org.springframework.boot.actuate.audit.AuditEventRepository; SearchStrategy: all) did not find any beans of type org.springframework.boot.actuate.audit.AuditEventRepository (OnBeanCondition)
?[0m?[0;34m      Matched:
?[0m?[0;34m         - @ConditionalOnProperty (management.auditevents.enabled) matched (OnPropertyCondition)
?[0m?[0;34m
?[0m?[0;34m   AuditEventsEndpointAutoConfiguration#auditEventsEndpoint:
?[0m?[0;34m      Did not match:
?[0m?[0;34m         - @ConditionalOnBean (types: org.springframework.boot.actuate.audit.AuditEventRepository; SearchStrategy: all) did not find any beans of type org.springframework.boot.actuate.audit.AuditEventRepository (OnBeanCondition)
?[0m?[0;34m
?[0m?[0;34m   AvailabilityHealthContributorAutoConfiguration#livenessStateHealthIndicator:
?[0m?[0;34m      Did not match:
?[0m?[0;34m         - @ConditionalOnProperty (management.health.livenessstate.enabled=true) did not find property 'enabled' (OnPropertyCondition)
?[0m?[0;34m
?[0m?[0;34m   AvailabilityHealthContributorAutoConfiguration#readinessStateHealthIndicator:
?[0m?[0;34m      Did not match:
?[0m?[0;34m         - @ConditionalOnProperty (management.health.readinessstate.enabled=true) did not find property 'enabled' (OnPropertyCondition)
?[0m?[0;34m
?[0m?[0;34m   AvailabilityProbesAutoConfiguration:
?[0m?[0;34m      Did not match:
?[0m?[0;34m         - Probes availability not running on a supported cloud platform (AvailabilityProbesAutoConfiguration.ProbesCondition)
?[0m?[0;34m
?[0m?[0;34m   BatchAutoConfiguration:
?[0m?[0;34m      Did not match:
?[0m?[0;34m         - @ConditionalOnClass did not find required class 'org.springframework.batch.core.launch.JobLauncher' (OnClassCondition)
?[0m?[0;34m
?[0m?[0;34m   CacheAutoConfiguration:
?[0m?[0;34m      Did not match:
?[0m?[0;34m         - @ConditionalOnBean (types: org.springframework.cache.interceptor.CacheAspectSupport; SearchStrategy: all) did not find any beans of type org.springframework.cache.interceptor.CacheAspectSupport (OnBeanCondition)
?[0m?[0;34m      Matched:
?[0m?[0;34m         - @ConditionalOnClass found required class 'org.springframework.cache.CacheManager' (OnClassCondition)
?[0m?[0;34m
?[0m?[0;34m   CacheAutoConfiguration.CacheManagerEntityManagerFactoryDependsOnPostProcessor:
?[0m?[0;34m      Did not match:
?[0m?[0;34m         - Ancestor org.springframework.boot.autoconfigure.cache.CacheAutoConfiguration did not match (ConditionEvaluationReport.AncestorsMatchedCondition)
?[0m?[0;34m      Matched:
?[0m?[0;34m         - @ConditionalOnClass found required class 'org.springframework.orm.jpa.LocalContainerEntityManagerFactoryBean' (OnClassCondition)
?[0m?[0;34m
?[0m?[0;34m   CacheMeterBinderProvidersConfiguration.CaffeineCacheMeterBinderProviderConfiguration:
?[0m?[0;34m      Did not match:
?[0m?[0;34m         - @ConditionalOnClass did not find required class 'com.github.benmanes.caffeine.cache.Cache' (OnClassCondition)
?[0m?[0;34m
?[0m?[0;34m   CacheMeterBinderProvidersConfiguration.EhCache2CacheMeterBinderProviderConfiguration:
?[0m?[0;34m      Did not match:
?[0m?[0;34m         - @ConditionalOnClass did not find required class 'net.sf.ehcache.Ehcache' (OnClassCondition)
?[0m?[0;34m
?[0m?[0;34m   CacheMeterBinderProvidersConfiguration.HazelcastCacheMeterBinderProviderConfiguration:
?[0m?[0;34m      Did not match:
?[0m?[0;34m         - @ConditionalOnClass did not find required classes 'com.hazelcast.spring.cache.HazelcastCache', 'com.hazelcast.core.Hazelcast' (OnClassCondition)
?[0m?[0;34m
?[0m?[0;34m   CacheMeterBinderProvidersConfiguration.JCacheCacheMeterBinderProviderConfiguration:
?[0m?[0;34m      Did not match:
?[0m?[0;34m         - @ConditionalOnClass did not find required class 'javax.cache.CacheManager' (OnClassCondition)
?[0m?[0;34m
?[0m?[0;34m   CacheMeterBinderProvidersConfiguration.RedisCacheMeterBinderProviderConfiguration:
?[0m?[0;34m      Did not match:
?[0m?[0;34m         - @ConditionalOnClass did not find required class 'org.springframework.data.redis.cache.RedisCache' (OnClassCondition)
?[0m?[0;34m
?[0m?[0;34m   CacheMetricsAutoConfiguration:
?[0m?[0;34m      Did not match:
?[0m?[0;34m         - @ConditionalOnBean (types: org.springframework.cache.CacheManager; SearchStrategy: all) did not find any beans of type org.springframework.cache.CacheManager (OnBeanCondition)
?[0m?[0;34m
?[0m?[0;34m   CaffeineCacheConfiguration:
?[0m?[0;34m      Did not match:
?[0m?[0;34m         - @ConditionalOnClass did not find required class 'com.github.benmanes.caffeine.cache.Caffeine' (OnClassCondition)
?[0m?[0;34m
?[0m?[0;34m   CassandraAutoConfiguration:
?[0m?[0;34m      Did not match:
?[0m?[0;34m         - @ConditionalOnClass did not find required class 'com.datastax.oss.driver.api.core.CqlSession' (OnClassCondition)
?[0m?[0;34m
?[0m?[0;34m   CassandraDataAutoConfiguration:
?[0m?[0;34m      Did not match:
?[0m?[0;34m         - @ConditionalOnClass did not find required class 'com.datastax.oss.driver.api.core.CqlSession' (OnClassCondition)
?[0m?[0;34m
?[0m?[0;34m   CassandraHealthContributorAutoConfiguration:
?[0m?[0;34m      Did not match:
?[0m?[0;34m         - @ConditionalOnClass did not find required class 'com.datastax.oss.driver.api.core.CqlSession' (OnClassCondition)
?[0m?[0;34m
?[0m?[0;34m   CassandraReactiveDataAutoConfiguration:
?[0m?[0;34m      Did not match:
?[0m?[0;34m         - @ConditionalOnClass did not find required class 'com.datastax.oss.driver.api.core.CqlSession' (OnClassCondition)
?[0m?[0;34m
?[0m?[0;34m   CassandraReactiveHealthContributorAutoConfiguration:
?[0m?[0;34m      Did not match:
?[0m?[0;34m         - @ConditionalOnClass did not find required class 'com.datastax.oss.driver.api.core.CqlSession' (OnClassCondition)
?[0m?[0;34m
?[0m?[0;34m   CassandraReactiveRepositoriesAutoConfiguration:
?[0m?[0;34m      Did not match:
?[0m?[0;34m         - @ConditionalOnClass did not find required class 'org.springframework.data.cassandra.ReactiveSession' (OnClassCondition)
?[0m?[0;34m
?[0m?[0;34m   CassandraRepositoriesAutoConfiguration:
?[0m?[0;34m      Did not match:
?[0m?[0;34m         - @ConditionalOnClass did not find required class 'com.datastax.oss.driver.api.core.CqlSession' (OnClassCondition)
?[0m?[0;34m
?[0m?[0;34m   ClientHttpConnectorAutoConfiguration:
?[0m?[0;34m      Did not match:
?[0m?[0;34m         - @ConditionalOnClass did not find required class 'org.springframework.web.reactive.function.client.WebClient' (OnClassCondition)
?[0m?[0;34m
?[0m?[0;34m   CloudFoundryActuatorAutoConfiguration:
?[0m?[0;34m      Did not match:
?[0m?[0;34m         - @ConditionalOnCloudPlatform did not find CLOUD_FOUNDRY (OnCloudPlatformCondition)
?[0m?[0;34m      Matched:
?[0m?[0;34m         - @ConditionalOnClass found required class 'org.springframework.web.servlet.DispatcherServlet' (OnClassCondition)
?[0m?[0;34m         - found 'session' scope (OnWebApplicationCondition)
?[0m?[0;34m         - @ConditionalOnProperty (management.cloudfoundry.enabled) matched (OnPropertyCondition)
?[0m?[0;34m
?[0m?[0;34m   CodecsAutoConfiguration:
?[0m?[0;34m      Did not match:
?[0m?[0;34m         - @ConditionalOnClass did not find required class 'org.springframework.web.reactive.function.client.WebClient' (OnClassCondition)
?[0m?[0;34m
?[0m?[0;34m   CompositeMeterRegistryConfiguration:
?[0m?[0;34m      Did not match:
?[0m?[0;34m         - NoneNestedConditions 1 matched 1 did not; NestedCondition on CompositeMeterRegistryConfiguration.MultipleNonPrimaryMeterRegistriesCondition.SingleInjectableMeterRegistry @ConditionalOnSingleCandidate (types: io.micrometer.core.instrument.MeterRegistry; SearchStrategy: all) found a primary bean from beans 'simpleMeterRegistry'; NestedCondition on CompositeMeterRegistryConfiguration.MultipleNonPrimaryMeterRegistriesCondition.NoMeterRegistryCondition @ConditionalOnMissingBean (types: io.micrometer.core.instrument.MeterRegistry; SearchStrategy: all) found beans of type 'io.micrometer.core.instrument.MeterRegistry' simpleMeterRegistry (CompositeMeterRegistryConfiguration.MultipleNonPrimaryMeterRegistriesCondition)
?[0m?[0;34m
?[0m?[0;34m   ConnectionFactoryHealthContributorAutoConfiguration:
?[0m?[0;34m      Did not match:
?[0m?[0;34m         - @ConditionalOnClass did not find required class 'io.r2dbc.spi.ConnectionFactory' (OnClassCondition)
?[0m?[0;34m
?[0m?[0;34m   ConnectionPoolMetricsAutoConfiguration:
?[0m?[0;34m      Did not match:
?[0m?[0;34m         - @ConditionalOnClass did not find required class 'io.r2dbc.pool.ConnectionPool' (OnClassCondition)
?[0m?[0;34m
?[0m?[0;34m   CouchbaseAutoConfiguration:
?[0m?[0;34m      Did not match:
?[0m?[0;34m         - @ConditionalOnClass did not find required class 'com.couchbase.client.java.Cluster' (OnClassCondition)
?[0m?[0;34m
?[0m?[0;34m   CouchbaseCacheConfiguration:
?[0m?[0;34m      Did not match:
?[0m?[0;34m         - @ConditionalOnClass did not find required class 'com.couchbase.client.java.Cluster' (OnClassCondition)
?[0m?[0;34m
?[0m?[0;34m   CouchbaseDataAutoConfiguration:
?[0m?[0;34m      Did not match:
?[0m?[0;34m         - @ConditionalOnClass did not find required class 'com.couchbase.client.java.Bucket' (OnClassCondition)
?[0m?[0;34m
?[0m?[0;34m   CouchbaseHealthContributorAutoConfiguration:
?[0m?[0;34m      Did not match:
?[0m?[0;34m         - @ConditionalOnClass did not find required class 'com.couchbase.client.java.Cluster' (OnClassCondition)
?[0m?[0;34m
?[0m?[0;34m   CouchbaseReactiveDataAutoConfiguration:
?[0m?[0;34m      Did not match:
?[0m?[0;34m         - @ConditionalOnClass did not find required class 'com.couchbase.client.java.Cluster' (OnClassCondition)
?[0m?[0;34m
?[0m?[0;34m   CouchbaseReactiveHealthContributorAutoConfiguration:
?[0m?[0;34m      Did not match:
?[0m?[0;34m         - @ConditionalOnClass did not find required class 'com.couchbase.client.java.Cluster' (OnClassCondition)
?[0m?[0;34m
?[0m?[0;34m   CouchbaseReactiveRepositoriesAutoConfiguration:
?[0m?[0;34m      Did not match:
?[0m?[0;34m         - @ConditionalOnClass did not find required class 'com.couchbase.client.java.Cluster' (OnClassCondition)
?[0m?[0;34m
?[0m?[0;34m   CouchbaseRepositoriesAutoConfiguration:
?[0m?[0;34m      Did not match:
?[0m?[0;34m         - @ConditionalOnClass did not find required class 'com.couchbase.client.java.Bucket' (OnClassCondition)
?[0m?[0;34m
?[0m?[0;34m   DataSourceAutoConfiguration.EmbeddedDatabaseConfiguration:
?[0m?[0;34m      Did not match:
?[0m?[0;34m         - EmbeddedDataSource spring.datasource.url is set (DataSourceAutoConfiguration.EmbeddedDatabaseCondition)
?[0m?[0;34m
?[0m?[0;34m   DataSourceConfiguration.Dbcp2:
?[0m?[0;34m      Did not match:
?[0m?[0;34m         - @ConditionalOnClass did not find required class 'org.apache.commons.dbcp2.BasicDataSource' (OnClassCondition)
?[0m?[0;34m
?[0m?[0;34m   DataSourceConfiguration.Generic:
?[0m?[0;34m      Did not match:
?[0m?[0;34m         - @ConditionalOnProperty (spring.datasource.type) did not find property 'spring.datasource.type' (OnPropertyCondition)
?[0m?[0;34m
?[0m?[0;34m   DataSourceConfiguration.OracleUcp:
?[0m?[0;34m      Did not match:
?[0m?[0;34m         - @ConditionalOnClass did not find required classes 'oracle.ucp.jdbc.PoolDataSourceImpl', 'oracle.jdbc.OracleConnection' (OnClassCondition)
?[0m?[0;34m
?[0m?[0;34m   DataSourceConfiguration.Tomcat:
?[0m?[0;34m      Did not match:
?[0m?[0;34m         - @ConditionalOnClass did not find required class 'org.apache.tomcat.jdbc.pool.DataSource' (OnClassCondition)
?[0m?[0;34m
?[0m?[0;34m   DataSourceInitializationConfiguration.InitializationSpecificCredentialsDataSourceInitializationConfiguration:
?[0m?[0;34m      Did not match:
?[0m?[0;34m         - AnyNestedCondition 0 matched 2 did not; NestedCondition on DataSourceInitializationConfiguration.InitializationSpecificCredentialsDataSourceInitializationConfiguration.DifferentCredentialsCondition.DataCredentials @ConditionalOnProperty (spring.datasource.data-username) did not find property 'data-username'; NestedCondition on DataSourceInitializationConfiguration.InitializationSpecificCredentialsDataSourceInitializationConfiguration.DifferentCredentialsCondition.SchemaCredentials @ConditionalOnProperty (spring.datasource.schema-username) did not find property 'schema-username' (DataSourceInitializationConfiguration.InitializationSpecificCredentialsDataSourceInitializationConfiguration.DifferentCredentialsCondition)
?[0m?[0;34m
?[0m?[0;34m   DataSourceInitializationConfiguration.SharedCredentialsDataSourceInitializationConfiguration:
?[0m?[0;34m      Did not match:
?[0m?[0;34m         - DataSource Initialization did not find configured properties spring.datasource.data-username, spring.datasource.schema-password, spring.datasource.schema[0], spring.datasource.data[0], spring.datasource.data, spring.datasource.schema-username, spring.datasource.data-password, spring.datasource.initialization-mode, spring.datasource.schema, spring.datasource.sql-script-encoding, spring.datasource.separator, spring.datasource.platform, spring.datasource.continue-on-error (DataSourceInitializationConfiguration.SharedCredentialsDataSourceInitializationConfiguration.DataSourceInitializationCondition)
?[0m?[0;34m
?[0m?[0;34m   DataSourceJmxConfiguration.TomcatDataSourceJmxConfiguration:
?[0m?[0;34m      Did not match:
?[0m?[0;34m         - @ConditionalOnClass did not find required class 'org.apache.tomcat.jdbc.pool.DataSourceProxy' (OnClassCondition)
?[0m?[0;34m
?[0m?[0;34m   DataSourcePoolMetadataProvidersConfiguration.CommonsDbcp2PoolDataSourceMetadataProviderConfiguration:
?[0m?[0;34m      Did not match:
?[0m?[0;34m         - @ConditionalOnClass did not find required class 'org.apache.commons.dbcp2.BasicDataSource' (OnClassCondition)
?[0m?[0;34m
?[0m?[0;34m   DataSourcePoolMetadataProvidersConfiguration.OracleUcpPoolDataSourceMetadataProviderConfiguration:
?[0m?[0;34m      Did not match:
?[0m?[0;34m         - @ConditionalOnClass did not find required classes 'oracle.ucp.jdbc.PoolDataSource', 'oracle.jdbc.OracleConnection' (OnClassCondition)
?[0m?[0;34m
?[0m?[0;34m   DataSourcePoolMetadataProvidersConfiguration.TomcatDataSourcePoolMetadataProviderConfiguration:
?[0m?[0;34m      Did not match:
?[0m?[0;34m         - @ConditionalOnClass did not find required class 'org.apache.tomcat.jdbc.pool.DataSource' (OnClassCondition)
?[0m?[0;34m
?[0m?[0;34m   DataSourceTransactionManagerAutoConfiguration.JdbcTransactionManagerConfiguration#transactionManager:
?[0m?[0;34m      Did not match:
?[0m?[0;34m         - @ConditionalOnMissingBean (types: org.springframework.transaction.TransactionManager; SearchStrategy: all) found beans of type 'org.springframework.transaction.TransactionManager' transactionManager (OnBeanCondition)
?[0m?[0;34m
?[0m?[0;34m   DatadogMetricsExportAutoConfiguration:
?[0m?[0;34m      Did not match:
?[0m?[0;34m         - @ConditionalOnClass did not find required class 'io.micrometer.datadog.DatadogMeterRegistry' (OnClassCondition)
?[0m?[0;34m
?[0m?[0;34m   DispatcherServletAutoConfiguration.DispatcherServletConfiguration#multipartResolver:
?[0m?[0;34m      Did not match:
?[0m?[0;34m         - @ConditionalOnBean (types: org.springframework.web.multipart.MultipartResolver; SearchStrategy: all) did not find any beans of type org.springframework.web.multipart.MultipartResolver (OnBeanCondition)
?[0m?[0;34m
?[0m?[0;34m   DynatraceMetricsExportAutoConfiguration:
?[0m?[0;34m      Did not match:
?[0m?[0;34m         - @ConditionalOnClass did not find required class 'io.micrometer.dynatrace.DynatraceMeterRegistry' (OnClassCondition)
?[0m?[0;34m
?[0m?[0;34m   EhCacheCacheConfiguration:
?[0m?[0;34m      Did not match:
?[0m?[0;34m         - @ConditionalOnClass did not find required class 'net.sf.ehcache.Cache' (OnClassCondition)
?[0m?[0;34m
?[0m?[0;34m   ElasticMetricsExportAutoConfiguration:
?[0m?[0;34m      Did not match:
?[0m?[0;34m         - @ConditionalOnClass did not find required class 'io.micrometer.elastic.ElasticMeterRegistry' (OnClassCondition)
?[0m?[0;34m
?[0m?[0;34m   ElasticSearchReactiveHealthContributorAutoConfiguration:
?[0m?[0;34m      Did not match:
?[0m?[0;34m         - @ConditionalOnClass did not find required class 'reactor.core.publisher.Flux' (OnClassCondition)
?[0m?[0;34m
?[0m?[0;34m   ElasticSearchRestHealthContributorAutoConfiguration:
?[0m?[0;34m      Did not match:
?[0m?[0;34m         - @ConditionalOnClass did not find required class 'org.elasticsearch.client.RestHighLevelClient' (OnClassCondition)
?[0m?[0;34m
?[0m?[0;34m   ElasticsearchDataAutoConfiguration:
?[0m?[0;34m      Did not match:
?[0m?[0;34m         - @ConditionalOnClass did not find required class 'org.springframework.data.elasticsearch.core.ElasticsearchRestTemplate' (OnClassCondition)
?[0m?[0;34m
?[0m?[0;34m   ElasticsearchRepositoriesAutoConfiguration:
?[0m?[0;34m      Did not match:
?[0m?[0;34m         - @ConditionalOnClass did not find required class 'org.elasticsearch.client.Client' (OnClassCondition)
?[0m?[0;34m
?[0m?[0;34m   ElasticsearchRestClientAutoConfiguration:
?[0m?[0;34m      Did not match:
?[0m?[0;34m         - @ConditionalOnClass did not find required class 'org.elasticsearch.client.RestHighLevelClient' (OnClassCondition)
?[0m?[0;34m
?[0m?[0;34m   EmbeddedLdapAutoConfiguration:
?[0m?[0;34m      Did not match:
?[0m?[0;34m         - @ConditionalOnClass did not find required class 'com.unboundid.ldap.listener.InMemoryDirectoryServer' (OnClassCondition)
?[0m?[0;34m
?[0m?[0;34m   EmbeddedMongoAutoConfiguration:
?[0m?[0;34m      Did not match:
?[0m?[0;34m         - @ConditionalOnClass did not find required class 'com.mongodb.MongoClientSettings' (OnClassCondition)
?[0m?[0;34m
?[0m?[0;34m   EmbeddedWebServerFactoryCustomizerAutoConfiguration.JettyWebServerFactoryCustomizerConfiguration:
?[0m?[0;34m      Did not match:
?[0m?[0;34m         - @ConditionalOnClass did not find required classes 'org.eclipse.jetty.server.Server', 'org.eclipse.jetty.util.Loader', 'org.eclipse.jetty.webapp.WebAppContext' (OnClassCondition)
?[0m?[0;34m
?[0m?[0;34m   EmbeddedWebServerFactoryCustomizerAutoConfiguration.NettyWebServerFactoryCustomizerConfiguration:
?[0m?[0;34m      Did not match:
?[0m?[0;34m         - @ConditionalOnClass did not find required class 'reactor.netty.http.server.HttpServer' (OnClassCondition)
?[0m?[0;34m
?[0m?[0;34m   EmbeddedWebServerFactoryCustomizerAutoConfiguration.UndertowWebServerFactoryCustomizerConfiguration:
?[0m?[0;34m      Did not match:
?[0m?[0;34m         - @ConditionalOnClass did not find required classes 'io.undertow.Undertow', 'org.xnio.SslClientAuthMode' (OnClassCondition)
?[0m?[0;34m
?[0m?[0;34m   ErrorWebFluxAutoConfiguration:
?[0m?[0;34m      Did not match:
?[0m?[0;34m         - @ConditionalOnClass did not find required class 'org.springframework.web.reactive.config.WebFluxConfigurer' (OnClassCondition)
?[0m?[0;34m
?[0m?[0;34m   FlywayAutoConfiguration:
?[0m?[0;34m      Did not match:
?[0m?[0;34m         - @ConditionalOnClass did not find required class 'org.flywaydb.core.Flyway' (OnClassCondition)
?[0m?[0;34m
?[0m?[0;34m   FlywayEndpointAutoConfiguration:
?[0m?[0;34m      Did not match:
?[0m?[0;34m         - @ConditionalOnClass did not find required class 'org.flywaydb.core.Flyway' (OnClassCondition)
?[0m?[0;34m
?[0m?[0;34m   FreeMarkerNonWebConfiguration:
?[0m?[0;34m      Did not match:
?[0m?[0;34m         - @ConditionalOnWebApplication found 'session' scope and did not find reactive web application classes (OnWebApplicationCondition)
?[0m?[0;34m
?[0m?[0;34m   FreeMarkerReactiveWebConfiguration:
?[0m?[0;34m      Did not match:
?[0m?[0;34m         - did not find reactive web application classes (OnWebApplicationCondition)
?[0m?[0;34m
?[0m?[0;34m   FreeMarkerServletWebConfiguration#resourceUrlEncodingFilter:
?[0m?[0;34m      Did not match:
?[0m?[0;34m         - @ConditionalOnEnabledResourceChain did not find class org.webjars.WebJarAssetLocator (OnEnabledResourceChainCondition)
?[0m?[0;34m
?[0m?[0;34m   GangliaMetricsExportAutoConfiguration:
?[0m?[0;34m      Did not match:
?[0m?[0;34m         - @ConditionalOnClass did not find required class 'io.micrometer.ganglia.GangliaMeterRegistry' (OnClassCondition)
?[0m?[0;34m
?[0m?[0;34m   GraphiteMetricsExportAutoConfiguration:
?[0m?[0;34m      Did not match:
?[0m?[0;34m         - @ConditionalOnClass did not find required class 'io.micrometer.graphite.GraphiteMeterRegistry' (OnClassCondition)
?[0m?[0;34m
?[0m?[0;34m   GroovyTemplateAutoConfiguration:
?[0m?[0;34m      Did not match:
?[0m?[0;34m         - @ConditionalOnClass did not find required class 'groovy.text.markup.MarkupTemplateEngine' (OnClassCondition)
?[0m?[0;34m
?[0m?[0;34m   GsonHttpMessageConvertersConfiguration.GsonHttpMessageConverterConfiguration:
?[0m?[0;34m      Did not match:
?[0m?[0;34m         - AnyNestedCondition 0 matched 2 did not; NestedCondition on GsonHttpMessageConvertersConfiguration.PreferGsonOrJacksonAndJsonbUnavailableCondition.JacksonJsonbUnavailable NoneNestedConditions 1 matched 1 did not; NestedCondition on GsonHttpMessageConvertersConfiguration.JacksonAndJsonbUnavailableCondition.JsonbPreferred @ConditionalOnProperty (spring.mvc.converters.preferred-json-mapper=jsonb) did not find property 'spring.mvc.converters.preferred-json-mapper'; NestedCondition on GsonHttpMessageConvertersConfiguration.JacksonAndJsonbUnavailableCondition.JacksonAvailable @ConditionalOnBean (types: org.springframework.http.converter.json.MappingJackson2HttpMessageConverter; SearchStrategy: all) found bean 'mappingJackson2HttpMessageConverter'; NestedCondition on GsonHttpMessageConvertersConfiguration.PreferGsonOrJacksonAndJsonbUnavailableCondition.GsonPreferred @ConditionalOnProperty (spring.mvc.converters.preferred-json-mapper=gson) did not find property 'spring.mvc.converters.preferred-json-mapper' (GsonHttpMessageConvertersConfiguration.PreferGsonOrJacksonAndJsonbUnavailableCondition)
?[0m?[0;34m
?[0m?[0;34m   HazelcastAutoConfiguration:
?[0m?[0;34m      Did not match:
?[0m?[0;34m         - @ConditionalOnClass did not find required class 'com.hazelcast.core.HazelcastInstance' (OnClassCondition)
?[0m?[0;34m
?[0m?[0;34m   HazelcastCacheConfiguration:
?[0m?[0;34m      Did not match:
?[0m?[0;34m         - @ConditionalOnClass did not find required class 'com.hazelcast.core.HazelcastInstance' (OnClassCondition)
?[0m?[0;34m
?[0m?[0;34m   HazelcastHealthContributorAutoConfiguration:
?[0m?[0;34m      Did not match:
?[0m?[0;34m         - @ConditionalOnClass did not find required class 'com.hazelcast.core.HazelcastInstance' (OnClassCondition)
?[0m?[0;34m
?[0m?[0;34m   HazelcastJpaDependencyAutoConfiguration:
?[0m?[0;34m      Did not match:
?[0m?[0;34m         - @ConditionalOnClass did not find required class 'com.hazelcast.core.HazelcastInstance' (OnClassCondition)
?[0m?[0;34m
?[0m?[0;34m   HealthEndpointReactiveWebExtensionConfiguration:
?[0m?[0;34m      Did not match:
?[0m?[0;34m         - did not find reactive web application classes (OnWebApplicationCondition)
?[0m?[0;34m
?[0m?[0;34m   HibernateMetricsAutoConfiguration:
?[0m?[0;34m      Did not match:
?[0m?[0;34m         - @ConditionalOnClass did not find required class 'org.hibernate.stat.HibernateMetrics' (OnClassCondition)
?[0m?[0;34m
?[0m?[0;34m   HttpHandlerAutoConfiguration:
?[0m?[0;34m      Did not match:
?[0m?[0;34m         - @ConditionalOnClass did not find required class 'org.springframework.web.reactive.DispatcherHandler' (OnClassCondition)
?[0m?[0;34m
?[0m?[0;34m   HttpTraceAutoConfiguration:
?[0m?[0;34m      Did not match:
?[0m?[0;34m         - @ConditionalOnBean (types: org.springframework.boot.actuate.trace.http.HttpTraceRepository; SearchStrategy: all) did not find any beans of type org.springframework.boot.actuate.trace.http.HttpTraceRepository (OnBeanCondition)
?[0m?[0;34m      Matched:
?[0m?[0;34m         - @ConditionalOnWebApplication (required) found 'session' scope (OnWebApplicationCondition)
?[0m?[0;34m         - @ConditionalOnProperty (management.trace.http.enabled) matched (OnPropertyCondition)
?[0m?[0;34m
?[0m?[0;34m   HttpTraceAutoConfiguration.ReactiveTraceFilterConfiguration:
?[0m?[0;34m      Did not match:
?[0m?[0;34m         - did not find reactive web application classes (OnWebApplicationCondition)
?[0m?[0;34m         - Ancestor org.springframework.boot.actuate.autoconfigure.trace.http.HttpTraceAutoConfiguration did not match (ConditionEvaluationReport.AncestorsMatchedCondition)
?[0m?[0;34m
?[0m?[0;34m   HttpTraceAutoConfiguration.ServletTraceFilterConfiguration:
?[0m?[0;34m      Did not match:
?[0m?[0;34m         - Ancestor org.springframework.boot.actuate.autoconfigure.trace.http.HttpTraceAutoConfiguration did not match (ConditionEvaluationReport.AncestorsMatchedCondition)
?[0m?[0;34m      Matched:
?[0m?[0;34m         - found 'session' scope (OnWebApplicationCondition)
?[0m?[0;34m
?[0m?[0;34m   HttpTraceEndpointAutoConfiguration#httpTraceEndpoint:
?[0m?[0;34m      Did not match:
?[0m?[0;34m         - @ConditionalOnBean (types: org.springframework.boot.actuate.trace.http.HttpTraceRepository; SearchStrategy: all) did not find any beans of type org.springframework.boot.actuate.trace.http.HttpTraceRepository (OnBeanCondition)
?[0m?[0;34m
?[0m?[0;34m   HumioMetricsExportAutoConfiguration:
?[0m?[0;34m      Did not match:
?[0m?[0;34m         - @ConditionalOnClass did not find required class 'io.micrometer.humio.HumioMeterRegistry' (OnClassCondition)
?[0m?[0;34m
?[0m?[0;34m   HypermediaAutoConfiguration:
?[0m?[0;34m      Did not match:
?[0m?[0;34m         - @ConditionalOnClass did not find required class 'org.springframework.hateoas.EntityModel' (OnClassCondition)
?[0m?[0;34m
?[0m?[0;34m   InfinispanCacheConfiguration:
?[0m?[0;34m      Did not match:
?[0m?[0;34m         - @ConditionalOnClass did not find required class 'org.infinispan.spring.embedded.provider.SpringEmbeddedCacheManager' (OnClassCondition)
?[0m?[0;34m
?[0m?[0;34m   InfluxDbAutoConfiguration:
?[0m?[0;34m      Did not match:
?[0m?[0;34m         - @ConditionalOnClass did not find required class 'org.influxdb.InfluxDB' (OnClassCondition)
?[0m?[0;34m
?[0m?[0;34m   InfluxDbHealthContributorAutoConfiguration:
?[0m?[0;34m      Did not match:
?[0m?[0;34m         - @ConditionalOnClass did not find required class 'org.influxdb.InfluxDB' (OnClassCondition)
?[0m?[0;34m
?[0m?[0;34m   InfluxMetricsExportAutoConfiguration:
?[0m?[0;34m      Did not match:
?[0m?[0;34m         - @ConditionalOnClass did not find required class 'io.micrometer.influx.InfluxMeterRegistry' (OnClassCondition)
?[0m?[0;34m
?[0m?[0;34m   InfoContributorAutoConfiguration#buildInfoContributor:
?[0m?[0;34m      Did not match:
?[0m?[0;34m         - @ConditionalOnSingleCandidate (types: org.springframework.boot.info.BuildProperties; SearchStrategy: all) did not find any beans (OnBeanCondition)
?[0m?[0;34m      Matched:
?[0m?[0;34m         - @ConditionalOnEnabledInfoContributor management.info.defaults.enabled is considered true (OnEnabledInfoContributorCondition)
?[0m?[0;34m
?[0m?[0;34m   InfoContributorAutoConfiguration#gitInfoContributor:
?[0m?[0;34m      Did not match:
?[0m?[0;34m         - @ConditionalOnSingleCandidate (types: org.springframework.boot.info.GitProperties; SearchStrategy: all) did not find any beans (OnBeanCondition)
?[0m?[0;34m      Matched:
?[0m?[0;34m         - @ConditionalOnEnabledInfoContributor management.info.defaults.enabled is considered true (OnEnabledInfoContributorCondition)
?[0m?[0;34m
?[0m?[0;34m   IntegrationAutoConfiguration:
?[0m?[0;34m      Did not match:
?[0m?[0;34m         - @ConditionalOnClass did not find required class 'org.springframework.integration.config.EnableIntegration' (OnClassCondition)
?[0m?[0;34m
?[0m?[0;34m   IntegrationGraphEndpointAutoConfiguration:
?[0m?[0;34m      Did not match:
?[0m?[0;34m         - @ConditionalOnClass did not find required class 'org.springframework.integration.graph.IntegrationGraphServer' (OnClassCondition)
?[0m?[0;34m
?[0m?[0;34m   JCacheCacheConfiguration:
?[0m?[0;34m      Did not match:
?[0m?[0;34m         - @ConditionalOnClass did not find required class 'javax.cache.Caching' (OnClassCondition)
?[0m?[0;34m
?[0m?[0;34m   JacksonHttpMessageConvertersConfiguration.MappingJackson2XmlHttpMessageConverterConfiguration:
?[0m?[0;34m      Did not match:
?[0m?[0;34m         - @ConditionalOnClass did not find required class 'com.fasterxml.jackson.dataformat.xml.XmlMapper' (OnClassCondition)
?[0m?[0;34m
?[0m?[0;34m   JdbcRepositoriesAutoConfiguration:
?[0m?[0;34m      Did not match:
?[0m?[0;34m         - @ConditionalOnClass did not find required class 'org.springframework.data.jdbc.repository.config.AbstractJdbcConfiguration' (OnClassCondition)
?[0m?[0;34m
?[0m?[0;34m   JerseyAutoConfiguration:
?[0m?[0;34m      Did not match:
?[0m?[0;34m         - @ConditionalOnClass did not find required class 'org.glassfish.jersey.server.spring.SpringComponentProvider' (OnClassCondition)
?[0m?[0;34m
?[0m?[0;34m   JerseySameManagementContextConfiguration:
?[0m?[0;34m      Did not match:
?[0m?[0;34m         - @ConditionalOnClass did not find required class 'org.glassfish.jersey.server.ResourceConfig' (OnClassCondition)
?[0m?[0;34m
?[0m?[0;34m   JerseyServerMetricsAutoConfiguration:
?[0m?[0;34m      Did not match:
?[0m?[0;34m         - @ConditionalOnClass did not find required class 'io.micrometer.jersey2.server.MetricsApplicationEventListener' (OnClassCondition)
?[0m?[0;34m
?[0m?[0;34m   JerseyWebEndpointManagementContextConfiguration:
?[0m?[0;34m      Did not match:
?[0m?[0;34m         - @ConditionalOnClass did not find required class 'org.glassfish.jersey.server.ResourceConfig' (OnClassCondition)
?[0m?[0;34m
?[0m?[0;34m   JettyMetricsAutoConfiguration:
?[0m?[0;34m      Did not match:
?[0m?[0;34m         - @ConditionalOnClass did not find required class 'org.eclipse.jetty.server.Server' (OnClassCondition)
?[0m?[0;34m
?[0m?[0;34m   JmsAutoConfiguration:
?[0m?[0;34m      Did not match:
?[0m?[0;34m         - @ConditionalOnClass did not find required class 'javax.jms.Message' (OnClassCondition)
?[0m?[0;34m
?[0m?[0;34m   JmsHealthContributorAutoConfiguration:
?[0m?[0;34m      Did not match:
?[0m?[0;34m         - @ConditionalOnClass did not find required class 'javax.jms.ConnectionFactory' (OnClassCondition)
?[0m?[0;34m
?[0m?[0;34m   JmxAutoConfiguration:
?[0m?[0;34m      Did not match:
?[0m?[0;34m         - @ConditionalOnProperty (spring.jmx.enabled=true) did not find property 'enabled' (OnPropertyCondition)
?[0m?[0;34m      Matched:
?[0m?[0;34m         - @ConditionalOnClass found required class 'org.springframework.jmx.export.MBeanExporter' (OnClassCondition)
?[0m?[0;34m
?[0m?[0;34m   JmxEndpointAutoConfiguration:
?[0m?[0;34m      Did not match:
?[0m?[0;34m         - @ConditionalOnProperty (spring.jmx.enabled=true) did not find property 'enabled' (OnPropertyCondition)
?[0m?[0;34m
?[0m?[0;34m   JmxMetricsExportAutoConfiguration:
?[0m?[0;34m      Did not match:
?[0m?[0;34m         - @ConditionalOnClass did not find required class 'io.micrometer.jmx.JmxMeterRegistry' (OnClassCondition)
?[0m?[0;34m
?[0m?[0;34m   JndiConnectionFactoryAutoConfiguration:
?[0m?[0;34m      Did not match:
?[0m?[0;34m         - @ConditionalOnClass did not find required class 'org.springframework.jms.core.JmsTemplate' (OnClassCondition)
?[0m?[0;34m
?[0m?[0;34m   JndiDataSourceAutoConfiguration:
?[0m?[0;34m      Did not match:
?[0m?[0;34m         - @ConditionalOnProperty (spring.datasource.jndi-name) did not find property 'jndi-name' (OnPropertyCondition)
?[0m?[0;34m      Matched:
?[0m?[0;34m         - @ConditionalOnClass found required classes 'javax.sql.DataSource', 'org.springframework.jdbc.datasource.embedded.EmbeddedDatabaseType' (OnClassCondition)
?[0m?[0;34m
?[0m?[0;34m   JndiJtaConfiguration:
?[0m?[0;34m      Did not match:
?[0m?[0;34m         - @ConditionalOnJndi JNDI environment is not available (OnJndiCondition)
?[0m?[0;34m      Matched:
?[0m?[0;34m         - @ConditionalOnClass found required class 'org.springframework.transaction.jta.JtaTransactionManager' (OnClassCondition)
?[0m?[0;34m
?[0m?[0;34m   JolokiaEndpointAutoConfiguration:
?[0m?[0;34m      Did not match:
?[0m?[0;34m         - @ConditionalOnClass did not find required class 'org.jolokia.http.AgentServlet' (OnClassCondition)
?[0m?[0;34m
?[0m?[0;34m   JooqAutoConfiguration:
?[0m?[0;34m      Did not match:
?[0m?[0;34m         - @ConditionalOnClass did not find required class 'org.jooq.DSLContext' (OnClassCondition)
?[0m?[0;34m
?[0m?[0;34m   JpaRepositoriesAutoConfiguration#entityManagerFactoryBootstrapExecutorCustomizer:
?[0m?[0;34m      Did not match:
?[0m?[0;34m         - AnyNestedCondition 0 matched 2 did not; NestedCondition on JpaRepositoriesAutoConfiguration.BootstrapExecutorCondition.LazyBootstrapMode @ConditionalOnProperty (spring.data.jpa.repositories.bootstrap-mode=lazy) did not find property 'bootstrap-mode'; NestedCondition on JpaRepositoriesAutoConfiguration.BootstrapExecutorCondition.DeferredBootstrapMode @ConditionalOnProperty (spring.data.jpa.repositories.bootstrap-mode=deferred) did not find property 'bootstrap-mode' (JpaRepositoriesAutoConfiguration.BootstrapExecutorCondition)
?[0m?[0;34m
?[0m?[0;34m   JsonbAutoConfiguration:
?[0m?[0;34m      Did not match:
?[0m?[0;34m         - @ConditionalOnClass did not find required class 'javax.json.bind.Jsonb' (OnClassCondition)
?[0m?[0;34m
?[0m?[0;34m   JsonbHttpMessageConvertersConfiguration:
?[0m?[0;34m      Did not match:
?[0m?[0;34m         - @ConditionalOnClass did not find required class 'javax.json.bind.Jsonb' (OnClassCondition)
?[0m?[0;34m
?[0m?[0;34m   KafkaAutoConfiguration:
?[0m?[0;34m      Did not match:
?[0m?[0;34m         - @ConditionalOnClass did not find required class 'org.springframework.kafka.core.KafkaTemplate' (OnClassCondition)
?[0m?[0;34m
?[0m?[0;34m   KafkaMetricsAutoConfiguration:
?[0m?[0;34m      Did not match:
?[0m?[0;34m         - @ConditionalOnClass did not find required class 'org.springframework.kafka.core.ProducerFactory' (OnClassCondition)
?[0m?[0;34m
?[0m?[0;34m   KairosMetricsExportAutoConfiguration:
?[0m?[0;34m      Did not match:
?[0m?[0;34m         - @ConditionalOnClass did not find required class 'io.micrometer.kairos.KairosMeterRegistry' (OnClassCondition)
?[0m?[0;34m
?[0m?[0;34m   LdapAutoConfiguration:
?[0m?[0;34m      Did not match:
?[0m?[0;34m         - @ConditionalOnClass did not find required class 'org.springframework.ldap.core.ContextSource' (OnClassCondition)
?[0m?[0;34m
?[0m?[0;34m   LdapHealthContributorAutoConfiguration:
?[0m?[0;34m      Did not match:
?[0m?[0;34m         - @ConditionalOnClass did not find required class 'org.springframework.ldap.core.LdapOperations' (OnClassCondition)
?[0m?[0;34m
?[0m?[0;34m   LdapRepositoriesAutoConfiguration:
?[0m?[0;34m      Did not match:
?[0m?[0;34m         - @ConditionalOnClass did not find required class 'org.springframework.data.ldap.repository.LdapRepository' (OnClassCondition)
?[0m?[0;34m
?[0m?[0;34m   LiquibaseAutoConfiguration:
?[0m?[0;34m      Did not match:
?[0m?[0;34m         - @ConditionalOnClass did not find required class 'liquibase.change.DatabaseChange' (OnClassCondition)
?[0m?[0;34m
?[0m?[0;34m   LiquibaseEndpointAutoConfiguration:
?[0m?[0;34m      Did not match:
?[0m?[0;34m         - @ConditionalOnClass did not find required class 'liquibase.integration.spring.SpringLiquibase' (OnClassCondition)
?[0m?[0;34m
?[0m?[0;34m   Log4J2MetricsAutoConfiguration:
?[0m?[0;34m      Did not match:
?[0m?[0;34m         - @ConditionalOnClass did not find required class 'org.apache.logging.log4j.core.LoggerContext' (OnClassCondition)
?[0m?[0;34m
?[0m?[0;34m   LogFileWebEndpointAutoConfiguration#logFileWebEndpoint:
?[0m?[0;34m      Did not match:
?[0m?[0;34m         - Log File did not find logging file (LogFileWebEndpointAutoConfiguration.LogFileCondition)
?[0m?[0;34m
?[0m?[0;34m   MailHealthContributorAutoConfiguration:
?[0m?[0;34m      Did not match:
?[0m?[0;34m         - @ConditionalOnBean (types: org.springframework.mail.javamail.JavaMailSenderImpl; SearchStrategy: all) did not find any beans of type org.springframework.mail.javamail.JavaMailSenderImpl (OnBeanCondition)
?[0m?[0;34m      Matched:
?[0m?[0;34m         - @ConditionalOnClass found required class 'org.springframework.mail.javamail.JavaMailSenderImpl' (OnClassCondition)
?[0m?[0;34m         - @ConditionalOnEnabledHealthIndicator management.health.defaults.enabled is considered true (OnEnabledHealthIndicatorCondition)
?[0m?[0;34m
?[0m?[0;34m   MailSenderAutoConfiguration:
?[0m?[0;34m      Did not match:
?[0m?[0;34m         - @ConditionalOnClass did not find required class 'javax.mail.internet.MimeMessage' (OnClassCondition)
?[0m?[0;34m
?[0m?[0;34m   MailSenderValidatorAutoConfiguration:
?[0m?[0;34m      Did not match:
?[0m?[0;34m         - @ConditionalOnProperty (spring.mail.test-connection) did not find property 'test-connection' (OnPropertyCondition)
?[0m?[0;34m
?[0m?[0;34m   ManagementContextAutoConfiguration.DifferentManagementContextConfiguration:
?[0m?[0;34m      Did not match:
?[0m?[0;34m         - Management Port actual port type (SAME) did not match required type (DIFFERENT) (OnManagementPortCondition)
?[0m?[0;34m
?[0m?[0;34m   ManagementWebSecurityAutoConfiguration:
?[0m?[0;34m      Did not match:
?[0m?[0;34m         - AllNestedConditions 1 matched 1 did not; NestedCondition on DefaultWebSecurityCondition.Beans @ConditionalOnMissingBean (types: org.springframework.security.config.annotation.web.configuration.WebSecurityConfigurerAdapter,org.springframework.security.web.SecurityFilterChain; SearchStrategy: all) did not find any beans; NestedCondition on DefaultWebSecurityCondition.Classes @ConditionalOnClass did not find required classes 'org.springframework.security.web.SecurityFilterChain', 'org.springframework.security.config.annotation.web.builders.HttpSecurity' (DefaultWebSecurityCondition)
?[0m?[0;34m      Matched:
?[0m?[0;34m         - found 'session' scope (OnWebApplicationCondition)
?[0m?[0;34m
?[0m?[0;34m   MappingsEndpointAutoConfiguration.ReactiveWebConfiguration:
?[0m?[0;34m      Did not match:
?[0m?[0;34m         - @ConditionalOnClass did not find required class 'org.springframework.web.reactive.DispatcherHandler' (OnClassCondition)
?[0m?[0;34m
?[0m?[0;34m   MessageSourceAutoConfiguration:
?[0m?[0;34m      Did not match:
?[0m?[0;34m         - ResourceBundle did not find bundle with basename messages (MessageSourceAutoConfiguration.ResourceBundleCondition)
?[0m?[0;34m
?[0m?[0;34m   MongoAutoConfiguration:
?[0m?[0;34m      Did not match:
?[0m?[0;34m         - @ConditionalOnClass did not find required class 'com.mongodb.client.MongoClient' (OnClassCondition)
?[0m?[0;34m
?[0m?[0;34m   MongoDataAutoConfiguration:
?[0m?[0;34m      Did not match:
?[0m?[0;34m         - @ConditionalOnClass did not find required class 'com.mongodb.client.MongoClient' (OnClassCondition)
?[0m?[0;34m
?[0m?[0;34m   MongoHealthContributorAutoConfiguration:
?[0m?[0;34m      Did not match:
?[0m?[0;34m         - @ConditionalOnClass did not find required class 'org.springframework.data.mongodb.core.MongoTemplate' (OnClassCondition)
?[0m?[0;34m
?[0m?[0;34m   MongoMetricsAutoConfiguration:
?[0m?[0;34m      Did not match:
?[0m?[0;34m         - @ConditionalOnClass did not find required class 'com.mongodb.MongoClientSettings' (OnClassCondition)
?[0m?[0;34m
?[0m?[0;34m   MongoReactiveAutoConfiguration:
?[0m?[0;34m      Did not match:
?[0m?[0;34m         - @ConditionalOnClass did not find required class 'com.mongodb.reactivestreams.client.MongoClient' (OnClassCondition)
?[0m?[0;34m
?[0m?[0;34m   MongoReactiveDataAutoConfiguration:
?[0m?[0;34m      Did not match:
?[0m?[0;34m         - @ConditionalOnClass did not find required class 'com.mongodb.reactivestreams.client.MongoClient' (OnClassCondition)
?[0m?[0;34m
?[0m?[0;34m   MongoReactiveHealthContributorAutoConfiguration:
?[0m?[0;34m      Did not match:
?[0m?[0;34m         - @ConditionalOnClass did not find required class 'reactor.core.publisher.Flux' (OnClassCondition)
?[0m?[0;34m
?[0m?[0;34m   MongoReactiveRepositoriesAutoConfiguration:
?[0m?[0;34m      Did not match:
?[0m?[0;34m         - @ConditionalOnClass did not find required class 'com.mongodb.reactivestreams.client.MongoClient' (OnClassCondition)
?[0m?[0;34m
?[0m?[0;34m   MongoRepositoriesAutoConfiguration:
?[0m?[0;34m      Did not match:
?[0m?[0;34m         - @ConditionalOnClass did not find required class 'com.mongodb.client.MongoClient' (OnClassCondition)
?[0m?[0;34m
?[0m?[0;34m   MustacheAutoConfiguration:
?[0m?[0;34m      Did not match:
?[0m?[0;34m         - @ConditionalOnClass did not find required class 'com.samskivert.mustache.Mustache' (OnClassCondition)
?[0m?[0;34m
?[0m?[0;34m   Neo4jAutoConfiguration:
?[0m?[0;34m      Did not match:
?[0m?[0;34m         - @ConditionalOnClass did not find required class 'org.neo4j.driver.Driver' (OnClassCondition)
?[0m?[0;34m
?[0m?[0;34m   Neo4jDataAutoConfiguration:
?[0m?[0;34m      Did not match:
?[0m?[0;34m         - @ConditionalOnClass did not find required class 'org.neo4j.driver.Driver' (OnClassCondition)
?[0m?[0;34m
?[0m?[0;34m   Neo4jHealthContributorAutoConfiguration:
?[0m?[0;34m      Did not match:
?[0m?[0;34m         - @ConditionalOnClass did not find required class 'org.neo4j.driver.Driver' (OnClassCondition)
?[0m?[0;34m
?[0m?[0;34m   Neo4jReactiveDataAutoConfiguration:
?[0m?[0;34m      Did not match:
?[0m?[0;34m         - @ConditionalOnClass did not find required class 'org.neo4j.driver.Driver' (OnClassCondition)
?[0m?[0;34m
?[0m?[0;34m   Neo4jReactiveRepositoriesAutoConfiguration:
?[0m?[0;34m      Did not match:
?[0m?[0;34m         - @ConditionalOnClass did not find required class 'org.neo4j.driver.Driver' (OnClassCondition)
?[0m?[0;34m
?[0m?[0;34m   Neo4jRepositoriesAutoConfiguration:
?[0m?[0;34m      Did not match:
?[0m?[0;34m         - @ConditionalOnClass did not find required class 'org.neo4j.driver.Driver' (OnClassCondition)
?[0m?[0;34m
?[0m?[0;34m   NettyAutoConfiguration:
?[0m?[0;34m      Did not match:
?[0m?[0;34m         - @ConditionalOnClass did not find required class 'io.netty.util.NettyRuntime' (OnClassCondition)
?[0m?[0;34m
?[0m?[0;34m   NewRelicMetricsExportAutoConfiguration:
?[0m?[0;34m      Did not match:
?[0m?[0;34m         - @ConditionalOnClass did not find required class 'io.micrometer.newrelic.NewRelicMeterRegistry' (OnClassCondition)
?[0m?[0;34m
?[0m?[0;34m   NoOpMeterRegistryConfiguration:
?[0m?[0;34m      Did not match:
?[0m?[0;34m         - @ConditionalOnMissingBean (types: io.micrometer.core.instrument.MeterRegistry; SearchStrategy: all) found beans of type 'io.micrometer.core.instrument.MeterRegistry' simpleMeterRegistry (OnBeanCondition)
?[0m?[0;34m
?[0m?[0;34m   OAuth2ClientAutoConfiguration:
?[0m?[0;34m      Did not match:
?[0m?[0;34m         - @ConditionalOnClass did not find required class 'org.springframework.security.config.annotation.web.configuration.EnableWebSecurity' (OnClassCondition)
?[0m?[0;34m
?[0m?[0;34m   OAuth2ResourceServerAutoConfiguration:
?[0m?[0;34m      Did not match:
?[0m?[0;34m         - @ConditionalOnClass did not find required class 'org.springframework.security.oauth2.server.resource.BearerTokenAuthenticationToken' (OnClassCondition)
?[0m?[0;34m
?[0m?[0;34m   ProjectInfoAutoConfiguration#buildProperties:
?[0m?[0;34m      Did not match:
?[0m?[0;34m         - @ConditionalOnResource did not find resource '${spring.info.build.location:classpath:META-INF/build-info.properties}' (OnResourceCondition)
?[0m?[0;34m
?[0m?[0;34m   ProjectInfoAutoConfiguration#gitProperties:
?[0m?[0;34m      Did not match:
?[0m?[0;34m         - GitResource did not find git info at classpath:git.properties (ProjectInfoAutoConfiguration.GitResourceAvailableCondition)
?[0m?[0;34m
?[0m?[0;34m   PrometheusMetricsExportAutoConfiguration:
?[0m?[0;34m      Did not match:
?[0m?[0;34m         - @ConditionalOnClass did not find required class 'io.micrometer.prometheus.PrometheusMeterRegistry' (OnClassCondition)
?[0m?[0;34m
?[0m?[0;34m   QuartzAutoConfiguration:
?[0m?[0;34m      Did not match:
?[0m?[0;34m         - @ConditionalOnClass did not find required class 'org.quartz.Scheduler' (OnClassCondition)
?[0m?[0;34m
?[0m?[0;34m   QuartzEndpointAutoConfiguration:
?[0m?[0;34m      Did not match:
?[0m?[0;34m         - @ConditionalOnClass did not find required class 'org.quartz.Scheduler' (OnClassCondition)
?[0m?[0;34m
?[0m?[0;34m   R2dbcAutoConfiguration:
?[0m?[0;34m      Did not match:
?[0m?[0;34m         - @ConditionalOnClass did not find required class 'io.r2dbc.spi.ConnectionFactory' (OnClassCondition)
?[0m?[0;34m
?[0m?[0;34m   R2dbcDataAutoConfiguration:
?[0m?[0;34m      Did not match:
?[0m?[0;34m         - @ConditionalOnClass did not find required class 'org.springframework.data.r2dbc.core.R2dbcEntityTemplate' (OnClassCondition)
?[0m?[0;34m
?[0m?[0;34m   R2dbcInitializationConfiguration:
?[0m?[0;34m      Did not match:
?[0m?[0;34m         - @ConditionalOnClass did not find required classes 'io.r2dbc.spi.ConnectionFactory', 'org.springframework.r2dbc.connection.init.DatabasePopulator' (OnClassCondition)
?[0m?[0;34m
?[0m?[0;34m   R2dbcRepositoriesAutoConfiguration:
?[0m?[0;34m      Did not match:
?[0m?[0;34m         - @ConditionalOnClass did not find required class 'io.r2dbc.spi.ConnectionFactory' (OnClassCondition)
?[0m?[0;34m
?[0m?[0;34m   R2dbcTransactionManagerAutoConfiguration:
?[0m?[0;34m      Did not match:
?[0m?[0;34m         - @ConditionalOnClass did not find required class 'org.springframework.r2dbc.connection.R2dbcTransactionManager' (OnClassCondition)
?[0m?[0;34m
?[0m?[0;34m   RSocketMessagingAutoConfiguration:
?[0m?[0;34m      Did not match:
?[0m?[0;34m         - @ConditionalOnClass did not find required class 'io.rsocket.RSocket' (OnClassCondition)
?[0m?[0;34m
?[0m?[0;34m   RSocketRequesterAutoConfiguration:
?[0m?[0;34m      Did not match:
?[0m?[0;34m         - @ConditionalOnClass did not find required class 'io.rsocket.RSocket' (OnClassCondition)
?[0m?[0;34m
?[0m?[0;34m   RSocketSecurityAutoConfiguration:
?[0m?[0;34m      Did not match:
?[0m?[0;34m         - @ConditionalOnClass did not find required class 'org.springframework.security.rsocket.core.SecuritySocketAcceptorInterceptor' (OnClassCondition)
?[0m?[0;34m
?[0m?[0;34m   RSocketServerAutoConfiguration:
?[0m?[0;34m      Did not match:
?[0m?[0;34m         - @ConditionalOnClass did not find required class 'io.rsocket.core.RSocketServer' (OnClassCondition)
?[0m?[0;34m
?[0m?[0;34m   RSocketStrategiesAutoConfiguration:
?[0m?[0;34m      Did not match:
?[0m?[0;34m         - @ConditionalOnClass did not find required class 'io.netty.buffer.PooledByteBufAllocator' (OnClassCondition)
?[0m?[0;34m
?[0m?[0;34m   RabbitAutoConfiguration:
?[0m?[0;34m      Did not match:
?[0m?[0;34m         - @ConditionalOnClass did not find required class 'com.rabbitmq.client.Channel' (OnClassCondition)
?[0m?[0;34m
?[0m?[0;34m   RabbitHealthContributorAutoConfiguration:
?[0m?[0;34m      Did not match:
?[0m?[0;34m         - @ConditionalOnClass did not find required class 'org.springframework.amqp.rabbit.core.RabbitTemplate' (OnClassCondition)
?[0m?[0;34m
?[0m?[0;34m   RabbitMetricsAutoConfiguration:
?[0m?[0;34m      Did not match:
?[0m?[0;34m         - @ConditionalOnClass did not find required class 'com.rabbitmq.client.ConnectionFactory' (OnClassCondition)
?[0m?[0;34m
?[0m?[0;34m   ReactiveCloudFoundryActuatorAutoConfiguration:
?[0m?[0;34m      Did not match:
?[0m?[0;34m         - @ConditionalOnWebApplication did not find reactive web application classes (OnWebApplicationCondition)
?[0m?[0;34m
?[0m?[0;34m   ReactiveElasticsearchRepositoriesAutoConfiguration:
?[0m?[0;34m      Did not match:
?[0m?[0;34m         - @ConditionalOnClass did not find required class 'org.springframework.data.elasticsearch.client.reactive.ReactiveElasticsearchClient' (OnClassCondition)
?[0m?[0;34m
?[0m?[0;34m   ReactiveElasticsearchRestClientAutoConfiguration:
?[0m?[0;34m      Did not match:
?[0m?[0;34m         - @ConditionalOnClass did not find required class 'reactor.netty.http.client.HttpClient' (OnClassCondition)
?[0m?[0;34m
?[0m?[0;34m   ReactiveHealthEndpointConfiguration:
?[0m?[0;34m      Did not match:
?[0m?[0;34m         - @ConditionalOnClass did not find required class 'reactor.core.publisher.Flux' (OnClassCondition)
?[0m?[0;34m
?[0m?[0;34m   ReactiveManagementContextAutoConfiguration:
?[0m?[0;34m      Did not match:
?[0m?[0;34m         - @ConditionalOnClass did not find required class 'reactor.core.publisher.Flux' (OnClassCondition)
?[0m?[0;34m
?[0m?[0;34m   ReactiveManagementWebSecurityAutoConfiguration:
?[0m?[0;34m      Did not match:
?[0m?[0;34m         - @ConditionalOnClass did not find required class 'org.springframework.security.config.annotation.web.reactive.EnableWebFluxSecurity' (OnClassCondition)
?[0m?[0;34m
?[0m?[0;34m   ReactiveOAuth2ClientAutoConfiguration:
?[0m?[0;34m      Did not match:
?[0m?[0;34m         - @ConditionalOnClass did not find required class 'reactor.core.publisher.Flux' (OnClassCondition)
?[0m?[0;34m
?[0m?[0;34m   ReactiveOAuth2ResourceServerAutoConfiguration:
?[0m?[0;34m      Did not match:
?[0m?[0;34m         - @ConditionalOnClass did not find required class 'org.springframework.security.config.annotation.web.reactive.EnableWebFluxSecurity' (OnClassCondition)
?[0m?[0;34m
?[0m?[0;34m   ReactiveSecurityAutoConfiguration:
?[0m?[0;34m      Did not match:
?[0m?[0;34m         - @ConditionalOnClass did not find required class 'reactor.core.publisher.Flux' (OnClassCondition)
?[0m?[0;34m
?[0m?[0;34m   ReactiveUserDetailsServiceAutoConfiguration:
?[0m?[0;34m      Did not match:
?[0m?[0;34m         - @ConditionalOnClass did not find required class 'org.springframework.security.authentication.ReactiveAuthenticationManager' (OnClassCondition)
?[0m?[0;34m
?[0m?[0;34m   ReactiveWebServerFactoryAutoConfiguration:
?[0m?[0;34m      Did not match:
?[0m?[0;34m         - @ConditionalOnWebApplication did not find reactive web application classes (OnWebApplicationCondition)
?[0m?[0;34m
?[0m?[0;34m   RedisAutoConfiguration:
?[0m?[0;34m      Did not match:
?[0m?[0;34m         - @ConditionalOnClass did not find required class 'org.springframework.data.redis.core.RedisOperations' (OnClassCondition)
?[0m?[0;34m
?[0m?[0;34m   RedisCacheConfiguration:
?[0m?[0;34m      Did not match:
?[0m?[0;34m         - @ConditionalOnClass did not find required class 'org.springframework.data.redis.connection.RedisConnectionFactory' (OnClassCondition)
?[0m?[0;34m
?[0m?[0;34m   RedisHealthContributorAutoConfiguration:
?[0m?[0;34m      Did not match:
?[0m?[0;34m         - @ConditionalOnClass did not find required class 'org.springframework.data.redis.connection.RedisConnectionFactory' (OnClassCondition)
?[0m?[0;34m
?[0m?[0;34m   RedisReactiveAutoConfiguration:
?[0m?[0;34m      Did not match:
?[0m?[0;34m         - @ConditionalOnClass did not find required class 'reactor.core.publisher.Flux' (OnClassCondition)
?[0m?[0;34m
?[0m?[0;34m   RedisReactiveHealthContributorAutoConfiguration:
?[0m?[0;34m      Did not match:
?[0m?[0;34m         - @ConditionalOnClass did not find required class 'reactor.core.publisher.Flux' (OnClassCondition)
?[0m?[0;34m
?[0m?[0;34m   RedisRepositoriesAutoConfiguration:
?[0m?[0;34m      Did not match:
?[0m?[0;34m         - @ConditionalOnClass did not find required class 'org.springframework.data.redis.repository.configuration.EnableRedisRepositories' (OnClassCondition)
?[0m?[0;34m
?[0m?[0;34m   RepositoryRestMvcAutoConfiguration:
?[0m?[0;34m      Did not match:
?[0m?[0;34m         - @ConditionalOnClass did not find required class 'org.springframework.data.rest.webmvc.config.RepositoryRestMvcConfiguration' (OnClassCondition)
?[0m?[0;34m
?[0m?[0;34m   Saml2RelyingPartyAutoConfiguration:
?[0m?[0;34m      Did not match:
?[0m?[0;34m         - @ConditionalOnClass did not find required class 'org.springframework.security.saml2.provider.service.registration.RelyingPartyRegistrationRepository' (OnClassCondition)
?[0m?[0;34m
?[0m?[0;34m   SecurityAutoConfiguration:
?[0m?[0;34m      Did not match:
?[0m?[0;34m         - @ConditionalOnClass did not find required class 'org.springframework.security.authentication.DefaultAuthenticationEventPublisher' (OnClassCondition)
?[0m?[0;34m
?[0m?[0;34m   SecurityFilterAutoConfiguration:
?[0m?[0;34m      Did not match:
?[0m?[0;34m         - @ConditionalOnClass did not find required class 'org.springframework.security.config.http.SessionCreationPolicy' (OnClassCondition)
?[0m?[0;34m
?[0m?[0;34m   SecurityRequestMatchersManagementContextConfiguration:
?[0m?[0;34m      Did not match:
?[0m?[0;34m         - @ConditionalOnClass did not find required class 'org.springframework.security.web.util.matcher.RequestMatcher' (OnClassCondition)
?[0m?[0;34m
?[0m?[0;34m   SendGridAutoConfiguration:
?[0m?[0;34m      Did not match:
?[0m?[0;34m         - @ConditionalOnClass did not find required class 'com.sendgrid.SendGrid' (OnClassCondition)
?[0m?[0;34m
?[0m?[0;34m   ServletEndpointManagementContextConfiguration.JerseyServletEndpointManagementContextConfiguration:
?[0m?[0;34m      Did not match:
?[0m?[0;34m         - @ConditionalOnClass did not find required class 'org.glassfish.jersey.server.ResourceConfig' (OnClassCondition)
?[0m?[0;34m
?[0m?[0;34m   ServletManagementContextAutoConfiguration.ApplicationContextFilterConfiguration:
?[0m?[0;34m      Did not match:
?[0m?[0;34m         - @ConditionalOnProperty (management.server.add-application-context-header=true) did not find property 'add-application-context-header' (OnPropertyCondition)
?[0m?[0;34m
?[0m?[0;34m   ServletWebServerFactoryAutoConfiguration#forwardedHeaderFilter:
?[0m?[0;34m      Did not match:
?[0m?[0;34m         - @ConditionalOnProperty (server.forward-headers-strategy=framework) did not find property 'server.forward-headers-strategy' (OnPropertyCondition)
?[0m?[0;34m
?[0m?[0;34m   ServletWebServerFactoryConfiguration.EmbeddedJetty:
?[0m?[0;34m      Did not match:
?[0m?[0;34m         - @ConditionalOnClass did not find required classes 'org.eclipse.jetty.server.Server', 'org.eclipse.jetty.util.Loader', 'org.eclipse.jetty.webapp.WebAppContext' (OnClassCondition)
?[0m?[0;34m
?[0m?[0;34m   ServletWebServerFactoryConfiguration.EmbeddedUndertow:
?[0m?[0;34m      Did not match:
?[0m?[0;34m         - @ConditionalOnClass did not find required classes 'io.undertow.Undertow', 'org.xnio.SslClientAuthMode' (OnClassCondition)
?[0m?[0;34m
?[0m?[0;34m   SessionAutoConfiguration:
?[0m?[0;34m      Did not match:
?[0m?[0;34m         - @ConditionalOnClass did not find required class 'org.springframework.session.Session' (OnClassCondition)
?[0m?[0;34m
?[0m?[0;34m   SessionsEndpointAutoConfiguration:
?[0m?[0;34m      Did not match:
?[0m?[0;34m         - @ConditionalOnClass did not find required class 'org.springframework.session.FindByIndexNameSessionRepository' (OnClassCondition)
?[0m?[0;34m
?[0m?[0;34m   SignalFxMetricsExportAutoConfiguration:
?[0m?[0;34m      Did not match:
?[0m?[0;34m         - @ConditionalOnClass did not find required class 'io.micrometer.signalfx.SignalFxMeterRegistry' (OnClassCondition)
?[0m?[0;34m
?[0m?[0;34m   SolrAutoConfiguration:
?[0m?[0;34m      Did not match:
?[0m?[0;34m         - @ConditionalOnClass did not find required class 'org.apache.solr.client.solrj.impl.CloudSolrClient' (OnClassCondition)
?[0m?[0;34m
?[0m?[0;34m   SolrHealthContributorAutoConfiguration:
?[0m?[0;34m      Did not match:
?[0m?[0;34m         - @ConditionalOnClass did not find required class 'org.apache.solr.client.solrj.SolrClient' (OnClassCondition)
?[0m?[0;34m
?[0m?[0;34m   SpringApplicationAdminJmxAutoConfiguration:
?[0m?[0;34m      Did not match:
?[0m?[0;34m         - @ConditionalOnProperty (spring.application.admin.enabled=true) did not find property 'enabled' (OnPropertyCondition)
?[0m?[0;34m
?[0m?[0;34m   StackdriverMetricsExportAutoConfiguration:
?[0m?[0;34m      Did not match:
?[0m?[0;34m         - @ConditionalOnClass did not find required class 'io.micrometer.stackdriver.StackdriverMeterRegistry' (OnClassCondition)
?[0m?[0;34m
?[0m?[0;34m   StartupEndpointAutoConfiguration:
?[0m?[0;34m      Did not match:
?[0m?[0;34m         - ApplicationStartup configured applicationStartup is of type class org.springframework.core.metrics.DefaultApplicationStartup, expected BufferingApplicationStartup. (StartupEndpointAutoConfiguration.ApplicationStartupCondition)
?[0m?[0;34m
?[0m?[0;34m   StatsdMetricsExportAutoConfiguration:
?[0m?[0;34m      Did not match:
?[0m?[0;34m         - @ConditionalOnClass did not find required class 'io.micrometer.statsd.StatsdMeterRegistry' (OnClassCondition)
?[0m?[0;34m
?[0m?[0;34m   TaskSchedulingAutoConfiguration#taskScheduler:
?[0m?[0;34m      Did not match:
?[0m?[0;34m         - @ConditionalOnBean (names: org.springframework.context.annotation.internalScheduledAnnotationProcessor; SearchStrategy: all) did not find any beans named org.springframework.context.annotation.internalScheduledAnnotationProcessor (OnBeanCondition)
?[0m?[0;34m
?[0m?[0;34m   ThymeleafAutoConfiguration:
?[0m?[0;34m      Did not match:
?[0m?[0;34m         - @ConditionalOnClass did not find required class 'org.thymeleaf.spring5.SpringTemplateEngine' (OnClassCondition)
?[0m?[0;34m
?[0m?[0;34m   TransactionAutoConfiguration#transactionalOperator:
?[0m?[0;34m      Did not match:
?[0m?[0;34m         - @ConditionalOnSingleCandidate (types: org.springframework.transaction.ReactiveTransactionManager; SearchStrategy: all) did not find any beans (OnBeanCondition)
?[0m?[0;34m
?[0m?[0;34m   TransactionAutoConfiguration.EnableTransactionManagementConfiguration.JdkDynamicAutoProxyConfiguration:
?[0m?[0;34m      Did not match:
?[0m?[0;34m         - @ConditionalOnProperty (spring.aop.proxy-target-class=false) did not find property 'proxy-target-class' (OnPropertyCondition)
?[0m?[0;34m
?[0m?[0;34m   UserDetailsServiceAutoConfiguration:
?[0m?[0;34m      Did not match:
?[0m?[0;34m         - @ConditionalOnClass did not find required class 'org.springframework.security.authentication.AuthenticationManager' (OnClassCondition)
?[0m?[0;34m
?[0m?[0;34m   ValidationAutoConfiguration:
?[0m?[0;34m      Did not match:
?[0m?[0;34m         - @ConditionalOnClass did not find required class 'javax.validation.executable.ExecutableValidator' (OnClassCondition)
?[0m?[0;34m
?[0m?[0;34m   WavefrontMetricsExportAutoConfiguration:
?[0m?[0;34m      Did not match:
?[0m?[0;34m         - @ConditionalOnClass did not find required class 'com.wavefront.sdk.common.WavefrontSender' (OnClassCondition)
?[0m?[0;34m
?[0m?[0;34m   WebClientAutoConfiguration:
?[0m?[0;34m      Did not match:
?[0m?[0;34m         - @ConditionalOnClass did not find required class 'org.springframework.web.reactive.function.client.WebClient' (OnClassCondition)
?[0m?[0;34m
?[0m?[0;34m   WebClientMetricsConfiguration:
?[0m?[0;34m      Did not match:
?[0m?[0;34m         - @ConditionalOnClass did not find required class 'org.springframework.web.reactive.function.client.WebClient' (OnClassCondition)
?[0m?[0;34m
?[0m?[0;34m   WebFluxAutoConfiguration:
?[0m?[0;34m      Did not match:
?[0m?[0;34m         - @ConditionalOnClass did not find required class 'org.springframework.web.reactive.config.WebFluxConfigurer' (OnClassCondition)
?[0m?[0;34m
?[0m?[0;34m   WebFluxEndpointManagementContextConfiguration:
?[0m?[0;34m      Did not match:
?[0m?[0;34m         - @ConditionalOnClass did not find required class 'org.springframework.web.reactive.DispatcherHandler' (OnClassCondition)
?[0m?[0;34m
?[0m?[0;34m   WebFluxMetricsAutoConfiguration:
?[0m?[0;34m      Did not match:
?[0m?[0;34m         - @ConditionalOnWebApplication did not find reactive web application classes (OnWebApplicationCondition)
?[0m?[0;34m
?[0m?[0;34m   WebMvcAutoConfiguration#hiddenHttpMethodFilter:
?[0m?[0;34m      Did not match:
?[0m?[0;34m         - @ConditionalOnProperty (spring.mvc.hiddenmethod.filter.enabled) did not find property 'enabled' (OnPropertyCondition)
?[0m?[0;34m
?[0m?[0;34m   WebMvcAutoConfiguration.ResourceChainCustomizerConfiguration:
?[0m?[0;34m      Did not match:
?[0m?[0;34m         - @ConditionalOnEnabledResourceChain did not find class org.webjars.WebJarAssetLocator (OnEnabledResourceChainCondition)
?[0m?[0;34m
?[0m?[0;34m   WebMvcAutoConfiguration.WebMvcAutoConfigurationAdapter#beanNameViewResolver:
?[0m?[0;34m      Did not match:
?[0m?[0;34m         - @ConditionalOnMissingBean (types: org.springframework.web.servlet.view.BeanNameViewResolver; SearchStrategy: all) found beans of type 'org.springframework.web.servlet.view.BeanNameViewResolver' beanNameViewResolver (OnBeanCondition)
?[0m?[0;34m
?[0m?[0;34m   WebServiceTemplateAutoConfiguration:
?[0m?[0;34m      Did not match:
?[0m?[0;34m         - @ConditionalOnClass did not find required class 'org.springframework.oxm.Marshaller' (OnClassCondition)
?[0m?[0;34m
?[0m?[0;34m   WebServicesAutoConfiguration:
?[0m?[0;34m      Did not match:
?[0m?[0;34m         - @ConditionalOnClass did not find required class 'org.springframework.ws.transport.http.MessageDispatcherServlet' (OnClassCondition)
?[0m?[0;34m
?[0m?[0;34m   WebSocketMessagingAutoConfiguration:
?[0m?[0;34m      Did not match:
?[0m?[0;34m         - @ConditionalOnClass did not find required class 'org.springframework.web.socket.config.annotation.WebSocketMessageBrokerConfigurer' (OnClassCondition)
?[0m?[0;34m
?[0m?[0;34m   WebSocketReactiveAutoConfiguration:
?[0m?[0;34m      Did not match:
?[0m?[0;34m         - @ConditionalOnWebApplication did not find reactive web application classes (OnWebApplicationCondition)
?[0m?[0;34m
?[0m?[0;34m   WebSocketServletAutoConfiguration.Jetty10WebSocketConfiguration:
?[0m?[0;34m      Did not match:
?[0m?[0;34m         - @ConditionalOnClass did not find required classes 'org.eclipse.jetty.websocket.javax.server.internal.JavaxWebSocketServerContainer', 'org.eclipse.jetty.websocket.server.JettyWebSocketServerContainer' (OnClassCondition)
?[0m?[0;34m
?[0m?[0;34m   WebSocketServletAutoConfiguration.JettyWebSocketConfiguration:
?[0m?[0;34m      Did not match:
?[0m?[0;34m         - @ConditionalOnClass did not find required class 'org.eclipse.jetty.websocket.jsr356.server.deploy.WebSocketServerContainerInitializer' (OnClassCondition)
?[0m?[0;34m
?[0m?[0;34m   WebSocketServletAutoConfiguration.UndertowWebSocketConfiguration:
?[0m?[0;34m      Did not match:
?[0m?[0;34m         - @ConditionalOnClass did not find required class 'io.undertow.websockets.jsr.Bootstrap' (OnClassCondition)
?[0m?[0;34m
?[0m?[0;34m   XADataSourceAutoConfiguration:
?[0m?[0;34m      Did not match:
?[0m?[0;34m         - @ConditionalOnBean (types: org.springframework.boot.jdbc.XADataSourceWrapper; SearchStrategy: all) did not find any beans of type org.springframework.boot.jdbc.XADataSourceWrapper (OnBeanCondition)
?[0m?[0;34m      Matched:
?[0m?[0;34m         - @ConditionalOnClass found required classes 'javax.sql.DataSource', 'javax.transaction.TransactionManager', 'org.springframework.jdbc.datasource.embedded.EmbeddedDatabaseType' (OnClassCondition)
?[0m?[0;34m
?[0m?[0;34m
?[0m?[0;34mExclusions:
?[0m?[0;34m-----------
?[0m?[0;34m
?[0m?[0;34m    None
?[0m?[0;34m
?[0m?[0;34m
?[0m?[0;34mUnconditional classes:
?[0m?[0;34m----------------------
?[0m?[0;34m
?[0m?[0;34m    org.springframework.boot.autoconfigure.context.ConfigurationPropertiesAutoConfiguration
?[0m?[0;34m
?[0m?[0;34m    org.springframework.boot.actuate.autoconfigure.availability.AvailabilityHealthContributorAutoConfiguration
?[0m?[0;34m
?[0m?[0;34m    org.springframework.boot.actuate.autoconfigure.info.InfoContributorAutoConfiguration
?[0m?[0;34m
?[0m?[0;34m    org.springframework.boot.autoconfigure.context.PropertyPlaceholderAutoConfiguration
?[0m?[0;34m
?[0m?[0;34m    org.springframework.boot.autoconfigure.context.LifecycleAutoConfiguration
?[0m?[0;34m
?[0m?[0;34m    org.springframework.boot.actuate.autoconfigure.health.HealthContributorAutoConfiguration
?[0m?[0;34m
?[0m?[0;34m    org.springframework.boot.actuate.autoconfigure.metrics.integration.IntegrationMetricsAutoConfiguration
?[0m?[0;34m
?[0m?[0;34m    org.springframework.boot.actuate.autoconfigure.endpoint.EndpointAutoConfiguration
?[0m?[0;34m
?[0m?[0;34m    org.springframework.boot.autoconfigure.availability.ApplicationAvailabilityAutoConfiguration
?[0m?[0;34m
?[0m?[0;34m    org.springframework.boot.autoconfigure.info.ProjectInfoAutoConfiguration
?[0m?[0;34m
?[0m?[0;34m    org.springframework.boot.actuate.autoconfigure.web.server.ManagementContextAutoConfiguration
?[0m?[0;34m
?[0m?[0;34m
?[0m?[0;34m
?[0m?[0;34m2023-03-03 00:32:36.835  INFO 11836 --- [    Test worker] platform.CodeSharingPlatform             : Started CodeSharingPlatform in 0.865 seconds (JVM running for 38.372)
?[0m?[0;34m2023-03-03 00:32:36.836 DEBUG 11836 --- [    Test worker] o.s.b.a.ApplicationAvailabilityBean      : Application availability state LivenessState changed to CORRECT
?[0m?[0;34m2023-03-03 00:32:36.837 DEBUG 11836 --- [    Test worker] o.s.b.a.ApplicationAvailabilityBean      : Application availability state ReadinessState changed to ACCEPTING_TRAFFIC
?[0m?[1;31m
Start test 104?[0m
?[1;31m
Start test 105?[0m
?[0;34m2023-03-03 00:32:36.840  INFO 11836 --- [nio-8889-exec-1] o.a.c.c.C.[Tomcat].[localhost].[/]       : Initializing Spring DispatcherServlet 'dispatcherServlet'
?[0m?[0;34m2023-03-03 00:32:36.840  INFO 11836 --- [nio-8889-exec-1] o.s.web.servlet.DispatcherServlet        : Initializing Servlet 'dispatcherServlet'
?[0m?[0;34m2023-03-03 00:32:36.840 DEBUG 11836 --- [nio-8889-exec-1] o.s.web.servlet.DispatcherServlet        : Detected StandardServletMultipartResolver
?[0m?[0;34m2023-03-03 00:32:36.840 DEBUG 11836 --- [nio-8889-exec-1] o.s.web.servlet.DispatcherServlet        : Detected AcceptHeaderLocaleResolver
?[0m?[0;34m2023-03-03 00:32:36.840 DEBUG 11836 --- [nio-8889-exec-1] o.s.web.servlet.DispatcherServlet        : Detected FixedThemeResolver
?[0m?[0;34m2023-03-03 00:32:36.841 DEBUG 11836 --- [nio-8889-exec-1] o.s.web.servlet.DispatcherServlet        : Detected org.springframework.web.servlet.view.DefaultRequestToViewNameTranslator@4c1f4817
?[0m?[0;34m2023-03-03 00:32:36.842 DEBUG 11836 --- [nio-8889-exec-1] o.s.web.servlet.DispatcherServlet        : Detected org.springframework.web.servlet.support.SessionFlashMapManager@28833fff
?[0m?[0;34m2023-03-03 00:32:36.842 DEBUG 11836 --- [nio-8889-exec-1] o.s.web.servlet.DispatcherServlet        : enableLoggingRequestDetails='false': request parameters and headers will be masked to prevent unsafe logging of potentially sensitive data
?[0m?[0;34m2023-03-03 00:32:36.842  INFO 11836 --- [nio-8889-exec-1] o.s.web.servlet.DispatcherServlet        : Completed initialization in 2 ms
?[0m?[0;34m2023-03-03 00:32:36.842 DEBUG 11836 --- [nio-8889-exec-1] o.s.web.servlet.DispatcherServlet        : GET "/api/code/169d2463-83c7-44cf-b6b5-7201f522f7c7", parameters={}
?[0m?[0;34m2023-03-03 00:32:36.843 DEBUG 11836 --- [nio-8889-exec-1] s.w.s.m.m.a.RequestMappingHandlerMapping : Mapped to platform.presentationlayer.APIcspController#getApiEnpoint(String)
?[0m?[0;34m2023-03-03 00:32:36.846 DEBUG 11836 --- [nio-8889-exec-1] org.hibernate.SQL                        : select code0_.id_code as id_code1_0_, code0_.code as code2_0_, code0_.codeuuid as codeuuid3_0_, code0_.formated_date_time as formated4_0_, code0_.date as date5_0_, code0_.remaining_time as remainin6_0_, code0_.remaining_views as remainin7_0_, code0_.restriction_by_date_is_accessible as restrict8_0_, code0_.restriction_by_views_is_accessible as restrict9_0_ from codes code0_ where code0_.codeuuid=?
?[0m?[0;34m2023-03-03 00:32:36.866 DEBUG 11836 --- [nio-8889-exec-1] org.hibernate.SQL                        : update codes set code=?, codeuuid=?, formated_date_time=?, date=?, remaining_time=?, remaining_views=?, restriction_by_date_is_accessible=?, restriction_by_views_is_accessible=? where id_code=?
?[0m?[0;34m83
?[0m?[0;34m2023-03-03T00:32:19.871376
?[0m?[0;34m2023-03-03 00:32:36.872 DEBUG 11836 --- [nio-8889-exec-1] m.m.a.RequestResponseBodyMethodProcessor : Using 'application/json', given [*/*] and supported [application/json, application/*+json, application/json, application/*+json]
?[0m?[0;34m2023-03-03 00:32:36.872 DEBUG 11836 --- [nio-8889-exec-1] m.m.a.RequestResponseBodyMethodProcessor : Writing [platform.businesslayer.Code@482fe9de]
?[0m?[0;34m2023-03-03 00:32:36.873 DEBUG 11836 --- [nio-8889-exec-1] o.s.web.servlet.DispatcherServlet        : Completed 200 OK
?[1;31m
Start test 106?[0m
?[0;34m2023-03-03 00:32:36.878 DEBUG 11836 --- [nio-8889-exec-2] o.s.web.servlet.DispatcherServlet        : GET "/code/169d2463-83c7-44cf-b6b5-7201f522f7c7", parameters={}
?[0m?[0;34m2023-03-03 00:32:36.879 DEBUG 11836 --- [nio-8889-exec-2] s.w.s.m.m.a.RequestMappingHandlerMapping : Mapped to platform.presentationlayer.WEBcpsController#getCodeNewCreationEndPoint2(Model, String)
?[0m?[0;34m2023-03-03 00:32:36.880 DEBUG 11836 --- [nio-8889-exec-2] org.hibernate.SQL                        : select code0_.id_code as id_code1_0_, code0_.code as code2_0_, code0_.codeuuid as codeuuid3_0_, code0_.formated_date_time as formated4_0_, code0_.date as date5_0_, code0_.remaining_time as remainin6_0_, code0_.remaining_views as remainin7_0_, code0_.restriction_by_date_is_accessible as restrict8_0_, code0_.restriction_by_views_is_accessible as restrict9_0_ from codes code0_ where code0_.codeuuid=?
?[0m?[0;34m2023-03-03 00:32:36.882 DEBUG 11836 --- [nio-8889-exec-2] org.hibernate.SQL                        : update codes set code=?, codeuuid=?, formated_date_time=?, date=?, remaining_time=?, remaining_views=?, restriction_by_date_is_accessible=?, restriction_by_views_is_accessible=? where id_code=?
?[0m?[0;34m82
?[0m?[0;34m2023-03-03T00:32:19.871376
?[0m?[0;34m2023-03-03 00:32:36.883 DEBUG 11836 --- [nio-8889-exec-2] o.s.w.servlet.view.BeanNameViewResolver  : Found bean named 'code' but it does not implement View
?[0m?[0;34m2023-03-03 00:32:36.888 DEBUG 11836 --- [nio-8889-exec-2] o.s.w.s.v.ContentNegotiatingViewResolver : Selected 'text/html' given [text/html]
?[0m?[0;34m2023-03-03 00:32:36.888 DEBUG 11836 --- [nio-8889-exec-2] o.s.w.s.view.freemarker.FreeMarkerView   : View name 'code', model {code=platform.businesslayer.Code@d825585, date=03-03-2023 00:32:19, org.springframework.validation.BindingResult.code=org.springframework.validation.BeanPropertyBindingResult: 0 errors}
?[0m?[0;34m2023-03-03 00:32:36.889 DEBUG 11836 --- [nio-8889-exec-2] o.s.w.s.view.freemarker.FreeMarkerView   : Rendering [code.ftlh]
?[0m?[0;34m2023-03-03 00:32:36.895 DEBUG 11836 --- [nio-8889-exec-2] o.s.web.servlet.DispatcherServlet        : Completed 200 OK
?[1;31m
Start test 107?[0m
?[0;34m2023-03-03 00:32:36.907 DEBUG 11836 --- [nio-8889-exec-3] o.s.web.servlet.DispatcherServlet        : GET "/api/code/3ceea478-9f7f-4a94-a757-4ba2560c8bde", parameters={}
?[0m?[0;34m2023-03-03 00:32:36.907 DEBUG 11836 --- [nio-8889-exec-3] s.w.s.m.m.a.RequestMappingHandlerMapping : Mapped to platform.presentationlayer.APIcspController#getApiEnpoint(String)
?[0m?[0;34m2023-03-03 00:32:36.908 DEBUG 11836 --- [nio-8889-exec-3] org.hibernate.SQL                        : select code0_.id_code as id_code1_0_, code0_.code as code2_0_, code0_.codeuuid as codeuuid3_0_, code0_.formated_date_time as formated4_0_, code0_.date as date5_0_, code0_.remaining_time as remainin6_0_, code0_.remaining_views as remainin7_0_, code0_.restriction_by_date_is_accessible as restrict8_0_, code0_.restriction_by_views_is_accessible as restrict9_0_ from codes code0_ where code0_.codeuuid=?
?[0m?[0;34m2023-03-03 00:32:36.910 DEBUG 11836 --- [nio-8889-exec-3] org.hibernate.SQL                        : update codes set code=?, codeuuid=?, formated_date_time=?, date=?, remaining_time=?, remaining_views=?, restriction_by_date_is_accessible=?, restriction_by_views_is_accessible=? where id_code=?
?[0m?[0;34m2023-03-03 00:32:36.912 DEBUG 11836 --- [nio-8889-exec-3] m.m.a.RequestResponseBodyMethodProcessor : Using 'application/json', given [*/*] and supported [application/json, application/*+json, application/json, application/*+json]
?[0m?[0;34m2023-03-03 00:32:36.912 DEBUG 11836 --- [nio-8889-exec-3] m.m.a.RequestResponseBodyMethodProcessor : Writing [platform.businesslayer.Code@1360baff]
?[0m?[0;34m2023-03-03 00:32:36.913 DEBUG 11836 --- [nio-8889-exec-3] o.s.web.servlet.DispatcherServlet        : Completed 200 OK
?[1;31m
Start test 108?[0m
?[0;34m2023-03-03 00:32:36.919 DEBUG 11836 --- [nio-8889-exec-4] o.s.web.servlet.DispatcherServlet        : GET "/code/3ceea478-9f7f-4a94-a757-4ba2560c8bde", parameters={}
?[0m?[0;34m2023-03-03 00:32:36.920 DEBUG 11836 --- [nio-8889-exec-4] s.w.s.m.m.a.RequestMappingHandlerMapping : Mapped to platform.presentationlayer.WEBcpsController#getCodeNewCreationEndPoint2(Model, String)
?[0m?[0;34m2023-03-03 00:32:36.920 DEBUG 11836 --- [nio-8889-exec-4] org.hibernate.SQL                        : select code0_.id_code as id_code1_0_, code0_.code as code2_0_, code0_.codeuuid as codeuuid3_0_, code0_.formated_date_time as formated4_0_, code0_.date as date5_0_, code0_.remaining_time as remainin6_0_, code0_.remaining_views as remainin7_0_, code0_.restriction_by_date_is_accessible as restrict8_0_, code0_.restriction_by_views_is_accessible as restrict9_0_ from codes code0_ where code0_.codeuuid=?
?[0m?[0;34m2023-03-03 00:32:36.922 DEBUG 11836 --- [nio-8889-exec-4] org.hibernate.SQL                        : update codes set code=?, codeuuid=?, formated_date_time=?, date=?, remaining_time=?, remaining_views=?, restriction_by_date_is_accessible=?, restriction_by_views_is_accessible=? where id_code=?
?[0m?[0;34m2023-03-03 00:32:36.923 DEBUG 11836 --- [nio-8889-exec-4] o.s.w.servlet.view.BeanNameViewResolver  : Found bean named 'code' but it does not implement View
?[0m?[0;34m2023-03-03 00:32:36.924 DEBUG 11836 --- [nio-8889-exec-4] o.s.w.s.v.ContentNegotiatingViewResolver : Selected 'text/html' given [text/html]
?[0m?[0;34m2023-03-03 00:32:36.924 DEBUG 11836 --- [nio-8889-exec-4] o.s.w.s.view.freemarker.FreeMarkerView   : View name 'code', model {code=platform.businesslayer.Code@36cb57d0, date=03-03-2023 00:32:19, org.springframework.validation.BindingResult.code=org.springframework.validation.BeanPropertyBindingResult: 0 errors}
?[0m?[0;34m2023-03-03 00:32:36.924 DEBUG 11836 --- [nio-8889-exec-4] o.s.w.s.view.freemarker.FreeMarkerView   : Rendering [code.ftlh]
?[0m?[0;34m2023-03-03 00:32:36.925 DEBUG 11836 --- [nio-8889-exec-4] o.s.web.servlet.DispatcherServlet        : Completed 200 OK
?[1;31m
Start test 109?[0m
?[0;34m2023-03-03 00:32:36.930 DEBUG 11836 --- [nio-8889-exec-5] o.s.web.servlet.DispatcherServlet        : GET "/api/code/7cfffa18-5848-4acd-81a5-c3fd5a5bbdc8", parameters={}
?[0m?[0;34m2023-03-03 00:32:36.931 DEBUG 11836 --- [nio-8889-exec-5] s.w.s.m.m.a.RequestMappingHandlerMapping : Mapped to platform.presentationlayer.APIcspController#getApiEnpoint(String)
?[0m?[0;34m2023-03-03 00:32:36.932 DEBUG 11836 --- [nio-8889-exec-5] org.hibernate.SQL                        : select code0_.id_code as id_code1_0_, code0_.code as code2_0_, code0_.codeuuid as codeuuid3_0_, code0_.formated_date_time as formated4_0_, code0_.date as date5_0_, code0_.remaining_time as remainin6_0_, code0_.remaining_views as remainin7_0_, code0_.restriction_by_date_is_accessible as restrict8_0_, code0_.restriction_by_views_is_accessible as restrict9_0_ from codes code0_ where code0_.codeuuid=?
?[0m?[0;34m2023-03-03 00:32:36.934 DEBUG 11836 --- [nio-8889-exec-5] org.hibernate.SQL                        : select code0_.id_code as id_code1_0_, code0_.code as code2_0_, code0_.codeuuid as codeuuid3_0_, code0_.formated_date_time as formated4_0_, code0_.date as date5_0_, code0_.remaining_time as remainin6_0_, code0_.remaining_views as remainin7_0_, code0_.restriction_by_date_is_accessible as restrict8_0_, code0_.restriction_by_views_is_accessible as restrict9_0_ from codes code0_ where code0_.codeuuid=?
?[0m?[0;34m2023-03-03 00:32:36.941 DEBUG 11836 --- [nio-8889-exec-5] org.hibernate.SQL                        : delete from codes where id_code=?
?[0m?[0;34m2023-03-03 00:32:36.950 DEBUG 11836 --- [nio-8889-exec-5] .w.s.m.a.ResponseStatusExceptionResolver : Resolved [platform.businesslayer.CodeNotFoundException: There is no entry]
?[0m?[0;34m2023-03-03 00:32:36.950 DEBUG 11836 --- [nio-8889-exec-5] o.s.web.servlet.DispatcherServlet        : Completed 404 NOT_FOUND
?[0m?[0;34m2023-03-03 00:32:36.957 DEBUG 11836 --- [nio-8889-exec-5] o.s.web.servlet.DispatcherServlet        : "ERROR" dispatch for GET "/error", parameters={}
?[0m?[0;34m2023-03-03 00:32:36.961 DEBUG 11836 --- [nio-8889-exec-5] s.w.s.m.m.a.RequestMappingHandlerMapping : Mapped to org.springframework.boot.autoconfigure.web.servlet.error.BasicErrorController#error(HttpServletRequest)
?[0m?[0;34m2023-03-03 00:32:36.965 DEBUG 11836 --- [nio-8889-exec-5] o.s.w.s.m.m.a.HttpEntityMethodProcessor  : Using 'application/json', given [*/*] and supported [application/json, application/*+json, application/json, application/*+json]
?[0m?[0;34m2023-03-03 00:32:36.965 DEBUG 11836 --- [nio-8889-exec-5] o.s.w.s.m.m.a.HttpEntityMethodProcessor  : Writing [{timestamp=Fri Mar 03 00:32:36 EET 2023, status=404, error=Not Found, path=/api/code/7cfffa18-5848-4 (truncated)...]
?[0m?[0;34m2023-03-03 00:32:36.970 DEBUG 11836 --- [nio-8889-exec-5] o.s.web.servlet.DispatcherServlet        : Exiting from "ERROR" dispatch, status 404
?[1;31m
Start test 110?[0m
?[0;34m2023-03-03 00:32:36.975 DEBUG 11836 --- [nio-8889-exec-6] o.s.web.servlet.DispatcherServlet        : GET "/code/7cfffa18-5848-4acd-81a5-c3fd5a5bbdc8", parameters={}
?[0m?[0;34m2023-03-03 00:32:36.975 DEBUG 11836 --- [nio-8889-exec-6] s.w.s.m.m.a.RequestMappingHandlerMapping : Mapped to platform.presentationlayer.WEBcpsController#getCodeNewCreationEndPoint2(Model, String)
?[0m?[0;34m2023-03-03 00:32:36.976 DEBUG 11836 --- [nio-8889-exec-6] org.hibernate.SQL                        : select code0_.id_code as id_code1_0_, code0_.code as code2_0_, code0_.codeuuid as codeuuid3_0_, code0_.formated_date_time as formated4_0_, code0_.date as date5_0_, code0_.remaining_time as remainin6_0_, code0_.remaining_views as remainin7_0_, code0_.restriction_by_date_is_accessible as restrict8_0_, code0_.restriction_by_views_is_accessible as restrict9_0_ from codes code0_ where code0_.codeuuid=?
?[0m?[0;34m2023-03-03 00:32:36.978 DEBUG 11836 --- [nio-8889-exec-6] .w.s.m.a.ResponseStatusExceptionResolver : Resolved [platform.businesslayer.CodeNotFoundException: There is no entry]
?[0m?[0;34m2023-03-03 00:32:36.978 DEBUG 11836 --- [nio-8889-exec-6] o.s.web.servlet.DispatcherServlet        : Completed 404 NOT_FOUND
?[0m?[0;34m2023-03-03 00:32:36.979 DEBUG 11836 --- [nio-8889-exec-6] o.s.web.servlet.DispatcherServlet        : "ERROR" dispatch for GET "/error", parameters={}
?[0m?[0;34m2023-03-03 00:32:36.979 DEBUG 11836 --- [nio-8889-exec-6] s.w.s.m.m.a.RequestMappingHandlerMapping : Mapped to org.springframework.boot.autoconfigure.web.servlet.error.BasicErrorController#error(HttpServletRequest)
?[0m?[0;34m2023-03-03 00:32:36.980 DEBUG 11836 --- [nio-8889-exec-6] o.s.w.s.m.m.a.HttpEntityMethodProcessor  : Using 'application/json', given [*/*] and supported [application/json, application/*+json, application/json, application/*+json]
?[0m?[0;34m2023-03-03 00:32:36.980 DEBUG 11836 --- [nio-8889-exec-6] o.s.w.s.m.m.a.HttpEntityMethodProcessor  : Writing [{timestamp=Fri Mar 03 00:32:36 EET 2023, status=404, error=Not Found, path=/code/7cfffa18-5848-4acd- (truncated)...]
?[0m?[0;34m2023-03-03 00:32:36.981 DEBUG 11836 --- [nio-8889-exec-6] o.s.web.servlet.DispatcherServlet        : Exiting from "ERROR" dispatch, status 404
?[1;31m
Start test 111?[0m
?[0;34m2023-03-03 00:32:36.986 DEBUG 11836 --- [nio-8889-exec-7] o.s.web.servlet.DispatcherServlet        : GET "/api/code/d9b5cab9-fce7-4a1f-bfea-d6d7029433ed", parameters={}
?[0m?[0;34m2023-03-03 00:32:36.986 DEBUG 11836 --- [nio-8889-exec-7] s.w.s.m.m.a.RequestMappingHandlerMapping : Mapped to platform.presentationlayer.APIcspController#getApiEnpoint(String)
?[0m?[0;34m2023-03-03 00:32:36.987 DEBUG 11836 --- [nio-8889-exec-7] org.hibernate.SQL                        : select code0_.id_code as id_code1_0_, code0_.code as code2_0_, code0_.codeuuid as codeuuid3_0_, code0_.formated_date_time as formated4_0_, code0_.date as date5_0_, code0_.remaining_time as remainin6_0_, code0_.remaining_views as remainin7_0_, code0_.restriction_by_date_is_accessible as restrict8_0_, code0_.restriction_by_views_is_accessible as restrict9_0_ from codes code0_ where code0_.codeuuid=?
?[0m?[0;34m12
?[0m?[0;34m2023-03-03T00:32:19.923236
?[0m?[0;34m2023-03-03 00:32:36.989 DEBUG 11836 --- [nio-8889-exec-7] m.m.a.RequestResponseBodyMethodProcessor : Using 'application/json', given [*/*] and supported [application/json, application/*+json, application/json, application/*+json]
?[0m?[0;34m2023-03-03 00:32:36.989 DEBUG 11836 --- [nio-8889-exec-7] m.m.a.RequestResponseBodyMethodProcessor : Writing [platform.businesslayer.Code@4addb4f0]
?[0m?[0;34m2023-03-03 00:32:36.989 DEBUG 11836 --- [nio-8889-exec-7] o.s.web.servlet.DispatcherServlet        : Completed 200 OK
?[1;31m
Start test 112?[0m
?[0;34m2023-03-03 00:32:36.994 DEBUG 11836 --- [nio-8889-exec-8] o.s.web.servlet.DispatcherServlet        : GET "/code/d9b5cab9-fce7-4a1f-bfea-d6d7029433ed", parameters={}
?[0m?[0;34m2023-03-03 00:32:36.995 DEBUG 11836 --- [nio-8889-exec-8] s.w.s.m.m.a.RequestMappingHandlerMapping : Mapped to platform.presentationlayer.WEBcpsController#getCodeNewCreationEndPoint2(Model, String)
?[0m?[0;34m2023-03-03 00:32:36.995 DEBUG 11836 --- [nio-8889-exec-8] org.hibernate.SQL                        : select code0_.id_code as id_code1_0_, code0_.code as code2_0_, code0_.codeuuid as codeuuid3_0_, code0_.formated_date_time as formated4_0_, code0_.date as date5_0_, code0_.remaining_time as remainin6_0_, code0_.remaining_views as remainin7_0_, code0_.restriction_by_date_is_accessible as restrict8_0_, code0_.restriction_by_views_is_accessible as restrict9_0_ from codes code0_ where code0_.codeuuid=?
?[0m?[0;34m12
?[0m?[0;34m2023-03-03T00:32:19.923236
?[0m?[0;34m2023-03-03 00:32:36.997 DEBUG 11836 --- [nio-8889-exec-8] o.s.w.servlet.view.BeanNameViewResolver  : Found bean named 'code' but it does not implement View
?[0m?[0;34m2023-03-03 00:32:36.998 DEBUG 11836 --- [nio-8889-exec-8] o.s.w.s.v.ContentNegotiatingViewResolver : Selected 'text/html' given [text/html]
?[0m?[0;34m2023-03-03 00:32:36.998 DEBUG 11836 --- [nio-8889-exec-8] o.s.w.s.view.freemarker.FreeMarkerView   : View name 'code', model {code=platform.businesslayer.Code@8d44e84, date=03-03-2023 00:32:19, org.springframework.validation.BindingResult.code=org.springframework.validation.BeanPropertyBindingResult: 0 errors}
?[0m?[0;34m2023-03-03 00:32:36.998 DEBUG 11836 --- [nio-8889-exec-8] o.s.w.s.view.freemarker.FreeMarkerView   : Rendering [code.ftlh]
?[0m?[0;34m2023-03-03 00:32:36.998 DEBUG 11836 --- [nio-8889-exec-8] o.s.web.servlet.DispatcherServlet        : Completed 200 OK
?[1;31m
Start test 113?[0m
?[0;34m2023-03-03 00:32:37.004 DEBUG 11836 --- [nio-8889-exec-9] o.s.web.servlet.DispatcherServlet        : GET "/api/code/latest", parameters={}
?[0m?[0;34m2023-03-03 00:32:37.005 DEBUG 11836 --- [nio-8889-exec-9] s.w.s.m.m.a.RequestMappingHandlerMapping : Mapped to platform.presentationlayer.APIcspController#getApiEnpoint2()
?[0m?[0;34m2023-03-03 00:32:37.006 DEBUG 11836 --- [nio-8889-exec-9] org.hibernate.SQL                        : SELECT * FROM CODES WHERE REMAINING_TIME = 0 AND REMAINING_VIEWS = 0 ORDER BY DATE DESC LIMIT 10
?[0m?[0;34m2023-03-03 00:32:37.008 DEBUG 11836 --- [nio-8889-exec-9] m.m.a.RequestResponseBodyMethodProcessor : Using 'application/json', given [*/*] and supported [application/json, application/*+json, application/json, application/*+json]
?[0m?[0;34m2023-03-03 00:32:37.008 DEBUG 11836 --- [nio-8889-exec-9] m.m.a.RequestResponseBodyMethodProcessor : Writing [[platform.businesslayer.Code@6aa57b8c, platform.businesslayer.Code@3378895f, platform.businesslayer. (truncated)...]
?[0m?[0;34m2023-03-03 00:32:37.009 DEBUG 11836 --- [nio-8889-exec-9] o.s.web.servlet.DispatcherServlet        : Completed 200 OK
?[1;31m
Start test 114?[0m
?[0;34m2023-03-03 00:32:37.015 DEBUG 11836 --- [io-8889-exec-10] o.s.web.servlet.DispatcherServlet        : GET "/code/latest", parameters={}
?[0m?[0;34m2023-03-03 00:32:37.015 DEBUG 11836 --- [io-8889-exec-10] s.w.s.m.m.a.RequestMappingHandlerMapping : Mapped to platform.presentationlayer.WEBcpsController#getWebLastTen(Model)
?[0m?[0;34m2023-03-03 00:32:37.016 DEBUG 11836 --- [io-8889-exec-10] org.hibernate.SQL                        : SELECT * FROM CODES WHERE REMAINING_TIME = 0 AND REMAINING_VIEWS = 0 ORDER BY DATE DESC LIMIT 10
?[0m?[0;34m2023-03-03 00:32:37.022 DEBUG 11836 --- [io-8889-exec-10] o.s.w.s.v.ContentNegotiatingViewResolver : Selected '*/*' given [*/*]
?[0m?[0;34m2023-03-03 00:32:37.022 DEBUG 11836 --- [io-8889-exec-10] o.s.w.s.view.freemarker.FreeMarkerView   : View name 'returnLastTen', model {snippets=[platform.businesslayer.Code@34949888, platform.businesslayer.Code@7196007e, platform.businesslayer.Code@283cde87, platform.businesslayer.Code@402d10e7, platform.businesslayer.Code@506d90b2, platform.businesslayer.Code@11b9ff31, platform.businesslayer.Code@5f3fd367, platform.businesslayer.Code@77bd5a4f, platform.businesslayer.Code@4b69bc0a, platform.businesslayer.Code@15f78221]}
?[0m?[0;34m2023-03-03 00:32:37.023 DEBUG 11836 --- [io-8889-exec-10] o.s.w.s.view.freemarker.FreeMarkerView   : Rendering [returnLastTen.ftlh]
?[0m?[0;34m2023-03-03 00:32:37.023 DEBUG 11836 --- [io-8889-exec-10] o.s.web.servlet.DispatcherServlet        : Completed 200 OK
?[1;31m
Start test 115?[0m
?[0m?[0;34m2023-03-03 00:32:37.029 DEBUG 11836 --- [nio-8889-exec-1] o.s.web.servlet.DispatcherServlet        : GET "/api/code/3ceea478-9f7f-4a94-a757-4ba2560c8bde", parameters={}
?[0m?[0;34m2023-03-03 00:32:37.029 DEBUG 11836 --- [nio-8889-exec-1] s.w.s.m.m.a.RequestMappingHandlerMapping : Mapped to platform.presentationlayer.APIcspController#getApiEnpoint(String)
?[0m?[0;34m2023-03-03 00:32:37.030 DEBUG 11836 --- [nio-8889-exec-1] org.hibernate.SQL                        : select code0_.id_code as id_code1_0_, code0_.code as code2_0_, code0_.codeuuid as codeuuid3_0_, code0_.formated_date_time as formated4_0_, code0_.date as date5_0_, code0_.remaining_time as remainin6_0_, code0_.remaining_views as remainin7_0_, code0_.restriction_by_date_is_accessible as restrict8_0_, code0_.restriction_by_views_is_accessible as restrict9_0_ from codes code0_ where code0_.codeuuid=?
?[0m?[0;34m2023-03-03 00:32:37.031 DEBUG 11836 --- [nio-8889-exec-1] org.hibernate.SQL                        : update codes set code=?, codeuuid=?, formated_date_time=?, date=?, remaining_time=?, remaining_views=?, restriction_by_date_is_accessible=?, restriction_by_views_is_accessible=? where id_code=?
?[0m?[0;34m2023-03-03 00:32:37.032 DEBUG 11836 --- [nio-8889-exec-1] m.m.a.RequestResponseBodyMethodProcessor : Using 'application/json', given [*/*] and supported [application/json, application/*+json, application/json, application/*+json]
?[0m?[0;34m2023-03-03 00:32:37.033 DEBUG 11836 --- [nio-8889-exec-1] m.m.a.RequestResponseBodyMethodProcessor : Writing [platform.businesslayer.Code@a42ed73]
?[0m?[0;34m2023-03-03 00:32:37.033 DEBUG 11836 --- [nio-8889-exec-1] o.s.web.servlet.DispatcherServlet        : Completed 200 OK
?[1;31m
Start test 116?[0m
?[0m?[0;34m2023-03-03 00:32:37.038 DEBUG 11836 --- [nio-8889-exec-2] o.s.web.servlet.DispatcherServlet        : GET "/api/code/3ceea478-9f7f-4a94-a757-4ba2560c8bde", parameters={}
?[0m?[0;34m2023-03-03 00:32:37.038 DEBUG 11836 --- [nio-8889-exec-2] s.w.s.m.m.a.RequestMappingHandlerMapping : Mapped to platform.presentationlayer.APIcspController#getApiEnpoint(String)
?[0m?[0;34m2023-03-03 00:32:37.039 DEBUG 11836 --- [nio-8889-exec-2] org.hibernate.SQL                        : select code0_.id_code as id_code1_0_, code0_.code as code2_0_, code0_.codeuuid as codeuuid3_0_, code0_.formated_date_time as formated4_0_, code0_.date as date5_0_, code0_.remaining_time as remainin6_0_, code0_.remaining_views as remainin7_0_, code0_.restriction_by_date_is_accessible as restrict8_0_, code0_.restriction_by_views_is_accessible as restrict9_0_ from codes code0_ where code0_.codeuuid=?
?[0m?[0;34m2023-03-03 00:32:37.040 DEBUG 11836 --- [nio-8889-exec-2] org.hibernate.SQL                        : update codes set code=?, codeuuid=?, formated_date_time=?, date=?, remaining_time=?, remaining_views=?, restriction_by_date_is_accessible=?, restriction_by_views_is_accessible=? where id_code=?
?[0m?[0;34m2023-03-03 00:32:37.041 DEBUG 11836 --- [nio-8889-exec-2] m.m.a.RequestResponseBodyMethodProcessor : Using 'application/json', given [*/*] and supported [application/json, application/*+json, application/json, application/*+json]
?[0m?[0;34m2023-03-03 00:32:37.042 DEBUG 11836 --- [nio-8889-exec-2] m.m.a.RequestResponseBodyMethodProcessor : Writing [platform.businesslayer.Code@1d7cb131]
?[0m?[0;34m2023-03-03 00:32:37.042 DEBUG 11836 --- [nio-8889-exec-2] o.s.web.servlet.DispatcherServlet        : Completed 200 OK
?[1;31m
Start test 117?[0m
?[0m?[0;34m2023-03-03 00:32:37.047 DEBUG 11836 --- [nio-8889-exec-3] o.s.web.servlet.DispatcherServlet        : GET "/code/3ceea478-9f7f-4a94-a757-4ba2560c8bde", parameters={}
?[0m?[0;34m2023-03-03 00:32:37.047 DEBUG 11836 --- [nio-8889-exec-3] s.w.s.m.m.a.RequestMappingHandlerMapping : Mapped to platform.presentationlayer.WEBcpsController#getCodeNewCreationEndPoint2(Model, String)
?[0m?[0;34m2023-03-03 00:32:37.048 DEBUG 11836 --- [nio-8889-exec-3] org.hibernate.SQL                        : select code0_.id_code as id_code1_0_, code0_.code as code2_0_, code0_.codeuuid as codeuuid3_0_, code0_.formated_date_time as formated4_0_, code0_.date as date5_0_, code0_.remaining_time as remainin6_0_, code0_.remaining_views as remainin7_0_, code0_.restriction_by_date_is_accessible as restrict8_0_, code0_.restriction_by_views_is_accessible as restrict9_0_ from codes code0_ where code0_.codeuuid=?
?[0m?[0;34m2023-03-03 00:32:37.049 DEBUG 11836 --- [nio-8889-exec-3] org.hibernate.SQL                        : update codes set code=?, codeuuid=?, formated_date_time=?, date=?, remaining_time=?, remaining_views=?, restriction_by_date_is_accessible=?, restriction_by_views_is_accessible=? where id_code=?
?[0m?[0;34m2023-03-03 00:32:37.050 DEBUG 11836 --- [nio-8889-exec-3] o.s.w.servlet.view.BeanNameViewResolver  : Found bean named 'code' but it does not implement View
?[0m?[0;34m2023-03-03 00:32:37.051 DEBUG 11836 --- [nio-8889-exec-3] o.s.w.s.v.ContentNegotiatingViewResolver : Selected 'text/html' given [text/html]
?[0m?[0;34m2023-03-03 00:32:37.051 DEBUG 11836 --- [nio-8889-exec-3] o.s.w.s.view.freemarker.FreeMarkerView   : View name 'code', model {code=platform.businesslayer.Code@71df8cfa, date=03-03-2023 00:32:19, org.springframework.validation.BindingResult.code=org.springframework.validation.BeanPropertyBindingResult: 0 errors}
?[0m?[0;34m2023-03-03 00:32:37.051 DEBUG 11836 --- [nio-8889-exec-3] o.s.w.s.view.freemarker.FreeMarkerView   : Rendering [code.ftlh]
?[0m?[0;34m2023-03-03 00:32:37.052 DEBUG 11836 --- [nio-8889-exec-3] o.s.web.servlet.DispatcherServlet        : Completed 200 OK
?[1;31m
Start test 118?[0m
?[0m?[0;34m2023-03-03 00:32:37.057 DEBUG 11836 --- [nio-8889-exec-4] o.s.web.servlet.DispatcherServlet        : GET "/api/code/3ceea478-9f7f-4a94-a757-4ba2560c8bde", parameters={}
?[0m?[0;34m2023-03-03 00:32:37.057 DEBUG 11836 --- [nio-8889-exec-4] s.w.s.m.m.a.RequestMappingHandlerMapping : Mapped to platform.presentationlayer.APIcspController#getApiEnpoint(String)
?[0m?[0;34m2023-03-03 00:32:37.058 DEBUG 11836 --- [nio-8889-exec-4] org.hibernate.SQL                        : select code0_.id_code as id_code1_0_, code0_.code as code2_0_, code0_.codeuuid as codeuuid3_0_, code0_.formated_date_time as formated4_0_, code0_.date as date5_0_, code0_.remaining_time as remainin6_0_, code0_.remaining_views as remainin7_0_, code0_.restriction_by_date_is_accessible as restrict8_0_, code0_.restriction_by_views_is_accessible as restrict9_0_ from codes code0_ where code0_.codeuuid=?
?[0m?[0;34m2023-03-03 00:32:37.059 DEBUG 11836 --- [nio-8889-exec-4] org.hibernate.SQL                        : select code0_.id_code as id_code1_0_, code0_.code as code2_0_, code0_.codeuuid as codeuuid3_0_, code0_.formated_date_time as formated4_0_, code0_.date as date5_0_, code0_.remaining_time as remainin6_0_, code0_.remaining_views as remainin7_0_, code0_.restriction_by_date_is_accessible as restrict8_0_, code0_.restriction_by_views_is_accessible as restrict9_0_ from codes code0_ where code0_.codeuuid=?
?[0m?[0;34m2023-03-03 00:32:37.060 DEBUG 11836 --- [nio-8889-exec-4] org.hibernate.SQL                        : delete from codes where id_code=?
?[0m?[0;34m2023-03-03 00:32:37.061 DEBUG 11836 --- [nio-8889-exec-4] .w.s.m.a.ResponseStatusExceptionResolver : Resolved [platform.businesslayer.CodeNotFoundException: There is no entry]
?[0m?[0;34m2023-03-03 00:32:37.062 DEBUG 11836 --- [nio-8889-exec-4] o.s.web.servlet.DispatcherServlet        : Completed 404 NOT_FOUND
?[0m?[0;34m2023-03-03 00:32:37.062 DEBUG 11836 --- [nio-8889-exec-4] o.s.web.servlet.DispatcherServlet        : "ERROR" dispatch for GET "/error", parameters={}
?[0m?[0;34m2023-03-03 00:32:37.063 DEBUG 11836 --- [nio-8889-exec-4] s.w.s.m.m.a.RequestMappingHandlerMapping : Mapped to org.springframework.boot.autoconfigure.web.servlet.error.BasicErrorController#error(HttpServletRequest)
?[0m?[0;34m2023-03-03 00:32:37.063 DEBUG 11836 --- [nio-8889-exec-4] o.s.w.s.m.m.a.HttpEntityMethodProcessor  : Using 'application/json', given [*/*] and supported [application/json, application/*+json, application/json, application/*+json]
?[0m?[0;34m2023-03-03 00:32:37.063 DEBUG 11836 --- [nio-8889-exec-4] o.s.w.s.m.m.a.HttpEntityMethodProcessor  : Writing [{timestamp=Fri Mar 03 00:32:37 EET 2023, status=404, error=Not Found, path=/api/code/3ceea478-9f7f-4 (truncated)...]
?[0m?[0;34m2023-03-03 00:32:37.064 DEBUG 11836 --- [nio-8889-exec-4] o.s.web.servlet.DispatcherServlet        : Exiting from "ERROR" dispatch, status 404
?[1;31m
Start test 119?[0m
?[0m?[0;34m2023-03-03 00:32:37.068 DEBUG 11836 --- [nio-8889-exec-5] o.s.web.servlet.DispatcherServlet        : GET "/code/3ceea478-9f7f-4a94-a757-4ba2560c8bde", parameters={}
?[0m?[0;34m2023-03-03 00:32:37.069 DEBUG 11836 --- [nio-8889-exec-5] s.w.s.m.m.a.RequestMappingHandlerMapping : Mapped to platform.presentationlayer.WEBcpsController#getCodeNewCreationEndPoint2(Model, String)
?[0m?[0;34m2023-03-03 00:32:37.070 DEBUG 11836 --- [nio-8889-exec-5] org.hibernate.SQL                        : select code0_.id_code as id_code1_0_, code0_.code as code2_0_, code0_.codeuuid as codeuuid3_0_, code0_.formated_date_time as formated4_0_, code0_.date as date5_0_, code0_.remaining_time as remainin6_0_, code0_.remaining_views as remainin7_0_, code0_.restriction_by_date_is_accessible as restrict8_0_, code0_.restriction_by_views_is_accessible as restrict9_0_ from codes code0_ where code0_.codeuuid=?
?[0m?[0;34m2023-03-03 00:32:37.071 DEBUG 11836 --- [nio-8889-exec-5] .w.s.m.a.ResponseStatusExceptionResolver : Resolved [platform.businesslayer.CodeNotFoundException: There is no entry]
?[0m?[0;34m2023-03-03 00:32:37.071 DEBUG 11836 --- [nio-8889-exec-5] o.s.web.servlet.DispatcherServlet        : Completed 404 NOT_FOUND
?[0m?[0;34m2023-03-03 00:32:37.071 DEBUG 11836 --- [nio-8889-exec-5] o.s.web.servlet.DispatcherServlet        : "ERROR" dispatch for GET "/error", parameters={}
?[0m?[0;34m2023-03-03 00:32:37.072 DEBUG 11836 --- [nio-8889-exec-5] s.w.s.m.m.a.RequestMappingHandlerMapping : Mapped to org.springframework.boot.autoconfigure.web.servlet.error.BasicErrorController#error(HttpServletRequest)
?[0m?[0;34m2023-03-03 00:32:37.072 DEBUG 11836 --- [nio-8889-exec-5] o.s.w.s.m.m.a.HttpEntityMethodProcessor  : Using 'application/json', given [*/*] and supported [application/json, application/*+json, application/json, application/*+json]
?[0m?[0;34m2023-03-03 00:32:37.073 DEBUG 11836 --- [nio-8889-exec-5] o.s.w.s.m.m.a.HttpEntityMethodProcessor  : Writing [{timestamp=Fri Mar 03 00:32:37 EET 2023, status=404, error=Not Found, path=/code/3ceea478-9f7f-4a94- (truncated)...]
?[0m?[0;34m2023-03-03 00:32:37.073 DEBUG 11836 --- [nio-8889-exec-5] o.s.web.servlet.DispatcherServlet        : Exiting from "ERROR" dispatch, status 404
?[0m2023-03-03 00:32:37.078 DEBUG 11836 --- [nio-8889-exec-6] o.s.web.servlet.DispatcherServlet        : POST "/actuator/shutdown", parameters={}
2023-03-03 00:32:37.078 DEBUG 11836 --- [nio-8889-exec-6] s.b.a.e.w.s.WebMvcEndpointHandlerMapping : Mapped to Actuator web endpoint 'shutdown'
2023-03-03 00:32:37.079 DEBUG 11836 --- [nio-8889-exec-6] m.m.a.RequestResponseBodyMethodProcessor : Read "application/json;charset=UTF-8" to []
2023-03-03 00:32:37.080 DEBUG 11836 --- [nio-8889-exec-6] m.m.a.RequestResponseBodyMethodProcessor : Using 'application/vnd.spring-boot.actuator.v3+json', given [*/*] and supported [application/vnd.spring-boot.actuator.v3+json, application/vnd.spring-boot.actuator.v2+json, application/json]
2023-03-03 00:32:37.080 DEBUG 11836 --- [nio-8889-exec-6] m.m.a.RequestResponseBodyMethodProcessor : Writing [{message=Shutting down, bye...}]
2023-03-03 00:32:37.080 DEBUG 11836 --- [nio-8889-exec-6] o.s.web.servlet.DispatcherServlet        : Completed 200 OK
]]></system-out>
  <system-err><![CDATA[]]></system-err>
</testsuite>
